3.936713933944702,22960
6.121880769729614,22957
10.443170070648193,22955
12.641323804855347,22954
16.90359139442444,22952
19.06613039970398,22951
23.44699740409851,22949
27.636141061782837,22946
31.96093225479126,22945
34.19118690490723,22943
36.32286596298218,22941
40.6438729763031,22939
44.87336039543152,22938
47.02854633331299,22936
49.25942635536194,22934
53.68556046485901,22933
55.9660005569458,22932
58.132391929626465,22931
60.2741334438324,22928
64.47285103797913,22927
66.64787817001343,22926
68.7796483039856,22923
75.13609457015991,22921
77.34978485107422,22918
81.62856364250183,22917
83.76073336601257,22915
88.1012282371521,22914
90.24144148826599,22913
92.4016010761261,22911
96.71575212478638,22910
98.90924310684204,22909
101.1532621383667,22908
105.46981358528137,22905
107.63153576850891,22903
111.83676552772522,22902
114.00522780418396,22901
116.11723446846008,22899
120.37006402015686,22898
122.58927297592163,22897
124.70561194419861,22896
126.82898712158203,22895
128.95369505882263,22892
133.34507727622986,22890
137.63873767852783,22889
139.81993985176086,22887
144.054771900177,22883
146.21580624580383,22882
150.51922130584717,22880
154.82691025733948,22878
156.9662525653839,22877
159.06339716911316,22875
163.1816143989563,22874
165.34574270248413,22873
167.46017146110535,22872
169.59532380104065,22870
171.71633172035217,22869
178.2610411643982,22867
182.5307171344757,22865
184.69652318954468,22863
188.92754936218262,22862
191.0259256362915,22861
193.27031135559082,22860
195.41598677635193,22858
197.66239714622498,22857
199.72032165527344,22854
206.12358450889587,22852
210.5163824558258,22849
216.86996173858643,22848
219.06340837478638,22846
223.29979538917542,22843
229.78750085830688,22842
231.89537739753723,22840
236.09966373443604,22839
238.25919771194458,22838
240.34644889831543,22837
244.58563899993896,22834
248.84411573410034,22832
253.07485628128052,22831
255.27424025535583,22829
257.43281722068787,22828
261.7543001174927,22827
263.9528806209564,22825
268.1349699497223,22823
272.3361978530884,22821
274.44317865371704,22820
276.5047447681427,22819
280.74520611763,22818
282.88942217826843,22817
284.9988811016083,22816
287.08561635017395,22815
289.2661054134369,22814
291.35182785987854,22813
293.4409739971161,22812
295.61770939826965,22809
297.79736065864563,22807
304.10447359085083,22805
306.2216682434082,22804
310.4334156513214,22802
312.4753317832947,22801
318.85114908218384,22800
321.0795602798462,22797
327.4498381614685,22795
329.6218750476837,22792
333.87020230293274,22790
336.02639174461365,22788
340.3244397640228,22787
342.4566025733948,22786
346.710572719574,22784
353.10470390319824,22782
355.35625100135803,22781
359.65530490875244,22780
361.74955582618713,22777
365.9502236843109,22775
370.2538888454437,22774
372.4549765586853,22773
374.5632948875427,22772
378.8250277042389,22770
382.99943709373474,22768
385.1350440979004,22766
393.8789436817169,22765
396.1191189289093,22763
398.4242935180664,22762
405.0988919734955,22758
411.4048352241516,22757
413.61625719070435,22756
415.7060260772705,22755
417.8894393444061,22754
422.17842197418213,22753
424.282345533371,22752
428.51437878608704,22750
430.70037937164307,22746
441.4375352859497,22745
443.49089765548706,22744
445.74170756340027,22742
450.2255952358246,22740
454.938188791275,22738
457.10844683647156,22736
459.24483013153076,22734
463.54221415519714,22733
465.70952439308167,22731
467.84205961227417,22728
469.9660050868988,22727
476.35512042045593,22725
480.56277871131897,22724
482.69100642204285,22723
486.9837203025818,22722
489.0978376865387,22721
491.18490862846375,22720
493.3337433338165,22719
497.62790751457214,22717
499.7263300418854,22716
501.75869035720825,22715
505.99473905563354,22714
508.2132170200348,22713
510.3422553539276,22712
512.4364829063416,22711
516.6295952796936,22709
520.8745608329773,22706
522.9927616119385,22705
527.3190698623657,22703
531.6634602546692,22701
535.8786852359772,22700
538.0993630886078,22699
540.2107152938843,22698
542.3957846164703,22696
546.7049596309662,22695
548.8920030593872,22693
550.9491682052612,22692
553.0557773113251,22691
555.2148525714874,22689
557.3494095802307,22687
563.7027547359467,22686
565.8105022907257,22685
568.0228397846222,22684
572.3182911872864,22683
574.4706573486328,22681
576.5070860385895,22679
580.8180639743805,22678
582.9554345607758,22677
585.0884194374084,22675
589.3911035060883,22674
593.5189385414124,22671
597.766580581665,22670
599.90343,22670