3.9815375804901123,3323
3.9910123348236084,3323
4.498562574386597,3322
5.8474297523498535,3321
6.315930604934692,3320
6.441256046295166,3319
6.850346088409424,3318
6.9086315631866455,3317
6.943137884140015,3316
7.246548652648926,3315
7.650571346282959,3314
8.298510074615479,3313
10.847020149230957,3312
11.423283100128174,3311
12.033738374710083,3310
15.43839979171753,3309
19.160125255584717,3308
22.270785570144653,3307
22.362170696258545,3306
24.158827781677246,3305
31.3774893283844,3304
38.98754024505615,3303
