3.9785923957824707,22957
5.951364994049072,22956
12.133910894393921,22953
16.26277756690979,22952
18.38346004486084,22950
22.676398515701294,22948
24.81877899169922,22947
26.91222381591797,22946
29.040695428848267,22945
31.154675483703613,22943
35.32755970954895,22941
37.40210008621216,22939
41.642348766326904,22938
43.77026343345642,22936
47.95727300643921,22935
50.057652711868286,22932
54.249406576156616,22930
58.528844118118286,22927
66.86212277412415,22924
70.9028148651123,22923
72.99030041694641,22918
77.25175619125366,22917
79.43405604362488,22914
83.62247681617737,22913
85.71912431716919,22911
87.88375878334045,22910
92.08592915534973,22908
96.30011773109436,22906
98.445077419281,22905
100.54282069206238,22904
102.62542080879211,22903
104.76378273963928,22900
106.8171820640564,22899
110.95480060577393,22895
115.09240293502808,22894
117.15697622299194,22891
119.34632015228271,22890
125.69122004508972,22888
127.69827508926392,22887
131.8858985900879,22885
134.07496333122253,22884
136.13787317276,22883
138.24518203735352,22882
140.3571755886078,22878
144.55031633377075,22876
150.84353709220886,22873
155.04199028015137,22872
157.06329107284546,22870
159.15449333190918,22868
163.40152788162231,22866
165.51652693748474,22864
167.5567216873169,22863
171.78128504753113,22862
173.8970823287964,22858
178.22404599189758,22856
182.51788139343262,22855
184.51560354232788,22854
186.6357226371765,22852
190.75214767456055,22851
192.79415822029114,22850
197.03005933761597,22849
199.1385006904602,22847
201.2422215938568,22846
203.34673500061035,22845
207.55712246894836,22843
211.7542142868042,22841
215.9022617340088,22840
218.01819825172424,22838
222.0749351978302,22837
224.18727946281433,22836
226.26467490196228,22835
228.3480098247528,22832
232.6398684978485,22830
238.97999668121338,22828
241.09752821922302,22827
245.2327320575714,22825
247.4333508014679,22823
251.76792407035828,22822
256.0026524066925,22821
258.1652030944824,22820
260.2239627838135,22817
266.51065015792847,22815
268.61718463897705,22813
270.75176525115967,22811
274.88784193992615,22810
276.97018361091614,22809
279.11799240112305,22807
281.3518068790436,22806
287.79953622817993,22802
298.0717077255249,22801
300.24863839149475,22799
302.3505337238312,22797
304.4457001686096,22796
310.69479608535767,22794
312.6898171901703,22793
314.7704062461853,22792
318.9733850955963,22791
321.1106598377228,22790
323.12776279449463,22788
325.15182876586914,22787
329.4270224571228,22784
331.5080986022949,22783
335.8146302700043,22782
337.8840789794922,22781
342.043053150177,22780
346.2490451335907,22778
350.4067392349243,22777
352.5353617668152,22774
358.8820712566376,22772
363.08111095428467,22770
365.16511702537537,22769
367.20454263687134,22767
371.4230263233185,22766
375.64725708961487,22765
377.7618019580841,22764
379.895138502121,22760
386.1692171096802,22759
388.3568994998932,22758
390.4712417125702,22757
392.56309509277344,22756
394.74089431762695,22755
398.9054980278015,22752
401.03951025009155,22749
407.2900035381317,22748
409.44650435447693,22747
411.6374673843384,22744
417.8693959712982,22742
422.04259037971497,22740
426.26452016830444,22739
428.3463077545166,22738
430.55493211746216,22737
434.70699739456177,22734
438.8783347606659,22733
440.93829369544983,22732
443.0685393810272,22731
445.15518260002136,22729
451.5217776298523,22728
453.54406452178955,22727
455.54910135269165,22726
457.6453311443329,22723
459.73558807373047,22722
463.96316504478455,22721
466.06414818763733,22720
468.15699315071106,22719
470.29019260406494,22717
474.5492453575134,22716
476.7079646587372,22715
478.8254625797272,22713
481.06674122810364,22712
483.16342425346375,22711
487.3258101940155,22709
489.46671438217163,22708
493.652969121933,22706
497.8156614303589,22703
502.01003432273865,22701
506.12001395225525,22700
508.24234437942505,22699
510.3394343852997,22697
514.4860582351685,22696
518.6754901409149,22695
520.7483413219452,22694
522.8449065685272,22693
527.0270335674286,22692
529.0786492824554,22691
531.224803686142,22690
533.4303307533264,22689
535.5715222358704,22685
539.7137272357941,22682
543.8839809894562,22681
546.1034419536591,22680
550.4002795219421,22678
552.4949300289154,22675
554.6915345191956,22673
558.9241585731506,22672
563.1755423545837,22671
567.4038596153259,22666
571.7192091941833,22664
576.0048542022705,22662
578.1099174022675,22657
584.4727272987366,22655
586.5877697467804,22654
590.7129833698273,22653
592.808568239212,22652
597.0298295021057,22650
599.0447783470154,22649
599.05317,22649