3.9839394092559814,3323
3.993461847305298,3323
4.390140533447266,3322
4.435379981994629,3321
4.956033229827881,3320
5.231904029846191,3319
5.23253607749939,3318
5.907079458236694,3317
6.688695430755615,3316
6.913735866546631,3315
8.09287405014038,3314
8.798537254333496,3313
8.93656587600708,3312
10.37687635421753,3311
11.0857093334198,3310
11.718469381332397,3309
13.048816204071045,3308
13.796550512313843,3307
14.939269781112671,3306
21.645503997802734,3305
23.41890811920166,3304
26.123371601104736,3303
