3.9853768348693848,3323
3.9950971603393555,3323
4.926478385925293,3322
4.955735921859741,3321
5.249300003051758,3320
5.678083419799805,3319
5.831787586212158,3318
8.715905904769897,3317
9.046643018722534,3316
9.998724937438965,3315
10.274356842041016,3314
10.828805923461914,3313
10.854217529296875,3312
11.45327877998352,3311
12.347867727279663,3310
14.922530174255371,3309
15.121105432510376,3308
15.567641258239746,3307
16.067043781280518,3306
16.34069061279297,3305
19.63864016532898,3304
25.79279327392578,3303
