3.985562324523926,3323
3.995002508163452,3323
4.3436596393585205,3322
5.0094993114471436,3321
5.271427631378174,3320
6.264732599258423,3319
7.075841665267944,3318
7.4916887283325195,3317
7.872467994689941,3316
8.503349781036377,3315
9.362851858139038,3314
9.599100112915039,3313
11.204151153564453,3312
11.656396865844727,3311
11.682218790054321,3310
11.711488962173462,3309
11.902763843536377,3308
12.620957374572754,3307
15.044935941696167,3306
15.917879581451416,3305
16.125126600265503,3304
16.20578360557556,3303
