4.008237361907959,3323
4.0178892612457275,3323
4.8991804122924805,3322
5.031102657318115,3321
5.528352499008179,3320
6.094575643539429,3319
6.28459358215332,3318
6.827103137969971,3317
6.8484580516815186,3316
7.641458034515381,3315
7.756351709365845,3314
8.67114543914795,3313
10.330324411392212,3312
11.910213708877563,3311
11.910898923873901,3310
14.319320678710938,3309
15.691060066223145,3308
17.72554326057434,3307
19.004746675491333,3306
22.040944576263428,3305
27.796263933181763,3304
60.029598236083984,3303
