3.9869532585144043,3323
3.9966721534729004,3323
4.455115795135498,3322
5.848062753677368,3321
6.6930108070373535,3320
6.853758811950684,3319
7.9724280834198,3318
8.746796369552612,3317
9.362173795700073,3316
10.178969621658325,3315
11.019221305847168,3314
11.252951622009277,3313
11.96073865890503,3312
13.271280527114868,3311
13.446683883666992,3310
13.499006032943726,3309
16.93315863609314,3308
19.818859100341797,3307
23.498050928115845,3306
26.79863977432251,3305
27.326151847839355,3304
31.14948296546936,3303
