3.9907114505767822,3323
4.000181674957275,3323
4.804889440536499,3322
4.821295261383057,3321
5.969607353210449,3320
6.098441123962402,3319
6.273505449295044,3318
6.35705828666687,3317
6.38404107093811,3316
6.463265657424927,3315
7.014876842498779,3314
7.613293409347534,3313
8.27420711517334,3312
10.066801071166992,3311
11.051170825958252,3310
11.422286748886108,3309
11.504701137542725,3308
12.262733936309814,3307
12.434321403503418,3306
14.483707904815674,3305
33.42195653915405,3304
34.72068977355957,3303
