3.9870405197143555,22959
8.199151039123535,22957
10.256813049316406,22956
12.414433479309082,22955
14.536010503768921,22954
16.573398113250732,22952
18.661906719207764,22951
20.759254455566406,22949
24.983797311782837,22948
31.16754651069641,22946
33.22807002067566,22944
39.51874852180481,22943
41.62064290046692,22939
47.9227249622345,22938
50.01078224182129,22937
52.09648323059082,22936
56.4156813621521,22933
60.68203806877136,22932
62.80310559272766,22930
67.01885032653809,22929
71.1589744091034,22927
73.282301902771,22926
77.49558568000793,22925
79.63343477249146,22924
81.80393147468567,22923
83.9348247051239,22920
86.1159987449646,22919
90.21427702903748,22916
94.45673847198486,22915
98.75117826461792,22913
100.7161340713501,22912
105.05616116523743,22909
107.17571353912354,22907
111.49249601364136,22905
113.61267757415771,22903
115.7876353263855,22902
119.9857726097107,22900
122.10717391967773,22899
124.29839968681335,22898
126.44135999679565,22897
130.67305254936218,22895
134.79124665260315,22891
139.11834979057312,22890
141.2319679260254,22888
145.39313292503357,22886
149.6237518787384,22885
151.68054842948914,22884
153.7581000328064,22883
155.89642024040222,22881
160.08285069465637,22879
162.21197199821472,22878
164.21358156204224,22877
166.26745748519897,22876
168.29619908332825,22875
170.31239676475525,22873
174.37921476364136,22872
176.54358506202698,22869
180.76528811454773,22868
182.82520985603333,22867
184.85385274887085,22866
186.95712900161743,22865
191.2055106163025,22863
193.31421661376953,22861
195.34022045135498,22860
197.42343854904175,22857
201.54832935333252,22855
205.72499585151672,22854
207.8115198612213,22852
209.95034003257751,22851
212.03654432296753,22849
218.3823480606079,22847
220.50386333465576,22845
222.6340765953064,22843
228.91829872131348,22840
233.21013712882996,22839
235.27262139320374,22837
237.3978374004364,22836
241.44620871543884,22835
243.62056303024292,22833
245.83184623718262,22832
250.04506397247314,22831
254.34689092636108,22829
258.46109318733215,22828
260.5091555118561,22827
264.63946747779846,22825
266.76810121536255,22824
268.9015693664551,22823
273.15666246414185,22821
275.21972942352295,22819
279.47154116630554,22818
281.6184632778168,22816
285.7438099384308,22814
289.9815983772278,22813
294.1089370250702,22812
296.1770169734955,22810
300.4404683113098,22808
302.58946323394775,22807
304.7091736793518,22805
308.91186356544495,22804
311.0143201351166,22803
313.1450927257538,22802
317.3446829319,22799
319.40456986427307,22798
323.79316544532776,22796
330.09624314308167,22793
336.3734676837921,22790
340.6904673576355,22786
344.8632388114929,22784
349.0581545829773,22783
351.2263262271881,22782
355.41559386253357,22781
357.6313774585724,22779
361.88431453704834,22778
366.10190200805664,22777
368.2120506763458,22776
370.27721333503723,22773
374.50075459480286,22772
376.5806040763855,22771
380.7754647731781,22766
385.03210163116455,22764
389.2765357494354,22761
393.41728019714355,22760
397.6407504081726,22759
399.70644879341125,22758
401.82706093788147,22757
403.85323691368103,22754
408.11680912971497,22752
410.2994885444641,22751
412.39418268203735,22750
414.5114188194275,22748
418.7747390270233,22747
420.89495968818665,22746
426.98577547073364,22744
429.0900709629059,22743
431.12939405441284,22742
433.265460729599,22741
437.39813208580017,22738
443.8035340309143,22736
445.95538902282715,22735
448.1525812149048,22734
450.26350808143616,22732
456.6283814907074,22731
458.76551938056946,22730
460.87068939208984,22729
462.9985673427582,22728
465.1049520969391,22727
467.20710158348083,22726
469.32216000556946,22724
471.48158597946167,22723
475.67151498794556,22721
479.9284899234772,22719
482.0788037776947,22718
484.1629991531372,22716
490.4821226596832,22714
492.5858747959137,22711
498.8429386615753,22708
505.2344093322754,22706
507.3013870716095,22705
509.34649634361267,22703
511.4445161819458,22701
515.7832629680634,22698
524.4460742473602,22695
528.5549046993256,22693
532.6966986656189,22691
534.7902183532715,22689
538.913076877594,22686
543.1021595001221,22685
545.211963891983,22684
547.4194989204407,22681
553.8868355751038,22680
555.9466152191162,22679
560.1286954879761,22676
562.2382485866547,22675
564.3556020259857,22674
566.5214533805847,22673
570.8216845989227,22672
572.9227042198181,22671
575.0937042236328,22666
585.7389388084412,22663
594.1922748088837,22662
596.3104176521301,22660
598.49717,22660