4.008037805557251,22956
10.429830312728882,22955
14.659106016159058,22953
16.887206554412842,22951
18.98028802871704,22947
21.093241214752197,22946
29.68716859817505,22945
31.734493494033813,22943
33.78725624084473,22940
35.980053424835205,22937
42.31505107879639,22936
46.65420699119568,22934
48.93195080757141,22933
51.05433630943298,22932
57.493226766586304,22929
59.60462808609009,22928
61.79923176765442,22927
65.88460612297058,22926
68.02906441688538,22925
72.23195385932922,22922
74.33372068405151,22920
80.62075138092041,22917
84.9713659286499,22915
89.2634391784668,22913
95.70294690132141,22912
97.83542251586914,22911
99.91717767715454,22909
104.34543991088867,22907
106.38575172424316,22906
110.5767765045166,22905
112.72266244888306,22903
114.89575862884521,22902
119.04719519615173,22900
121.0932629108429,22899
125.26549434661865,22898
127.42456889152527,22897
129.5483739376068,22896
131.63592839241028,22895
133.7102768421173,22894
137.9582393169403,22893
140.03922653198242,22892
142.21738409996033,22888
148.63829040527344,22887
150.75065517425537,22886
154.88136172294617,22884
161.37707209587097,22882
165.79901146888733,22880
170.46047687530518,22877
174.95324039459229,22873
179.58314728736877,22872
181.89408826828003,22871
184.02731943130493,22870
186.10930967330933,22868
188.1919858455658,22866
190.27778911590576,22865
196.6877510547638,22864
198.82922911643982,22862
203.0034019947052,22860
207.21739959716797,22859
211.3688006401062,22858
213.48864078521729,22855
217.76768517494202,22853
221.93722558021545,22852
224.06275510787964,22850
228.26870250701904,22849
230.41194343566895,22846
234.50657892227173,22845
238.62221837043762,22844
240.73919653892517,22842
245.0050916671753,22839
253.53541827201843,22836
261.8863031864166,22834
264.0247383117676,22833
268.2389123439789,22831
270.36387062072754,22830
274.6478199958801,22829
276.80446314811707,22827
281.2134954929352,22824
287.67113399505615,22822
291.90785813331604,22821
294.0296325683594,22819
296.18614888191223,22818
298.2547194957733,22817
304.6428084373474,22815
306.79574275016785,22812
308.9240140914917,22811
313.17722606658936,22808
319.38733744621277,22805
323.65266966819763,22803
325.7378509044647,22802
329.9985089302063,22801
334.1240222454071,22797
336.12779927253723,22796
342.60900044441223,22793
348.9846534729004,22791
351.12305998802185,22790
357.35895705223083,22789
359.5486271381378,22787
361.62513995170593,22785
363.7567572593689,22783
368.0548348426819,22781
372.20778012275696,22780
376.474098443985,22778
378.58850932121277,22776
382.8153443336487,22774
387.0226423740387,22773
389.01021218299866,22771
391.1185221672058,22770
395.33162784576416,22767
399.548969745636,22765
403.82438254356384,22764
406.0230202674866,22760
410.23885440826416,22759
414.3468737602234,22757
418.61786794662476,22755
420.7045600414276,22754
422.85270285606384,22753
425.0307321548462,22751
427.1874713897705,22750
431.509494304657,22749
433.6700692176819,22747
435.8070909976959,22746
437.96807503700256,22744
444.35003900527954,22741
448.5294210910797,22740
450.6408591270447,22739
454.9773488044739,22738
457.0475308895111,22736
459.32610297203064,22734
463.6273899078369,22732
467.9195337295532,22731
469.9610102176666,22729
476.259788274765,22727
478.3447525501251,22724
482.5793800354004,22723
484.7698040008545,22719
486.8301019668579,22716
488.9982542991638,22715
491.14860224723816,22714
493.19543647766113,22713
495.26351714134216,22712
501.58815002441406,22710
503.71689438819885,22709
505.82457304000854,22707
510.0748658180237,22706
512.2032804489136,22705
516.4053423404694,22702
518.4732253551483,22701
520.7018313407898,22699
527.0227942466736,22697
531.2388727664948,22696
533.3591632843018,22693
539.5759034156799,22691
541.6086158752441,22689
543.8222832679749,22688
545.922878742218,22687
550.2092292308807,22685
552.3360705375671,22684
556.5870544910431,22683
558.6389527320862,22681
560.7769031524658,22680
562.8572492599487,22679
565.0801002979279,22678
567.1971881389618,22677
569.3233983516693,22676
571.4611530303955,22674
573.6150348186493,22673
575.7296748161316,22671
580.0246298313141,22670
582.2472324371338,22669
584.3906989097595,22668
586.5064051151276,22666
590.8029470443726,22665
592.9105803966522,22664
595.0206351280212,22662
597.2035717964172,22660
599.3561465740204,22658
599.36474,22658