3.916323661804199,22958
6.067295789718628,22956
10.349571466445923,22955
14.588752746582031,22954
16.79969334602356,22953
23.153894424438477,22950
27.4581036567688,22949
29.56592869758606,22948
33.84289765357971,22946
38.08780765533447,22943
40.27350974082947,22942
46.4409875869751,22941
48.62135124206543,22939
52.85765886306763,22938
54.948057651519775,22936
57.07240176200867,22934
63.456470251083374,22929
71.86901712417603,22926
74.02101969718933,22923
78.34664011001587,22922
82.49356985092163,22921
84.63428282737732,22920
86.76487827301025,22919
88.86444520950317,22917
93.1886682510376,22916
95.2800555229187,22914
99.56691813468933,22913
101.68107414245605,22912
103.75593733787537,22911
105.80229020118713,22909
107.91252899169922,22908
112.10561919212341,22906
116.3963794708252,22904
118.54178500175476,22902
122.7560613155365,22901
124.93697118759155,22900
127.07032537460327,22899
129.18293642997742,22897
133.46025443077087,22893
139.79983925819397,22892
141.90443634986877,22891
144.00529551506042,22889
146.1837637424469,22888
148.2520570755005,22887
152.51665830612183,22886
154.62222623825073,22884
158.91056036949158,22883
161.01751947402954,22881
163.16727995872498,22879
167.38079404830933,22878
169.40417218208313,22877
173.56084418296814,22875
177.7802495956421,22871
179.81738805770874,22870
181.95451259613037,22867
186.08615231513977,22866
192.53164052963257,22863
194.7492105960846,22862
198.90219902992249,22860
203.16646599769592,22856
209.54697060585022,22854
213.75823044776917,22853
215.97579407691956,22852
222.21036529541016,22850
224.29476976394653,22849
228.59522914886475,22847
230.7048532962799,22844
237.00353479385376,22841
241.26357674598694,22839
245.43990421295166,22838
247.52705216407776,22834
254.08548736572266,22832
256.1830129623413,22831
258.29348397254944,22828
264.5632426738739,22827
266.69364190101624,22826
268.83679604530334,22824
273.06363916397095,22823
277.2971773147583,22822
279.4449806213379,22821
281.63789224624634,22820
283.8192434310913,22819
288.0449655056,22818
290.16025829315186,22816
292.2885458469391,22814
294.3949046134949,22813
298.7229492664337,22811
300.7549340724945,22808
304.96991181373596,22806
309.2250199317932,22805
311.3730278015137,22802
317.64593601226807,22800
319.77374291419983,22797
323.9213619232178,22794
326.0217206478119,22793
332.23988151550293,22791
336.53307247161865,22789
340.85219621658325,22787
345.11211824417114,22785
349.50296235084534,22783
353.6905927658081,22779
357.96128392219543,22776
364.16081643104553,22774
366.29421830177307,22772
372.6098413467407,22771
374.6872556209564,22768
380.92214584350586,22767
383.0150408744812,22766
385.08179998397827,22763
389.32674860954285,22762
391.53963899612427,22761
393.6215524673462,22757
399.893785238266,22756
404.1744050979614,22754
406.2092065811157,22752
410.4187686443329,22751
412.5367329120636,22750
414.6167085170746,22749
416.7390055656433,22747
418.87202286720276,22745
420.92343521118164,22744
427.30546498298645,22741
431.5406587123871,22740
433.64251589775085,22738
437.9152867794037,22736
440.04831886291504,22734
442.19574213027954,22733
446.42002153396606,22730
452.8081076145172,22729
454.9100935459137,22727
461.3251943588257,22725
463.4569432735443,22724
469.6866874694824,22721
475.97382521629333,22720
478.04428601264954,22718
480.18483114242554,22717
486.5297291278839,22716
490.84833002090454,22714
492.9588985443115,22713
495.05989623069763,22712
497.2713289260864,22711
499.4152081012726,22710
501.4499065876007,22709
503.5750341415405,22707
509.8731551170349,22705
512.0052478313446,22704
514.0140099525452,22703
518.1746258735657,22700
522.3689322471619,22699
524.4749734401703,22696
530.7587122917175,22693
532.8802437782288,22692
537.0926702022552,22689
541.2064499855042,22688
545.414880990982,22687
549.6882147789001,22684
551.8584914207458,22683
558.2914950847626,22681
560.4766829013824,22680
562.590695142746,22678
568.9819247722626,22676
571.0789012908936,22675
573.1088693141937,22674
575.2122313976288,22673
577.3346388339996,22672
579.4079697132111,22671
581.5376703739166,22670
585.782074213028,22668
587.9122922420502,22665
592.1858932971954,22664
594.3753683567047,22663
598.5364682674408,22661
598.54603,22661