3.9837000370025635,3323
3.9931347370147705,3323
4.526685953140259,3322
4.934609651565552,3321
5.228464841842651,3320
6.176199197769165,3319
6.8978517055511475,3318
7.7173497676849365,3317
7.8121497631073,3316
8.722373723983765,3315
8.99359917640686,3314
9.007466554641724,3313
9.771357774734497,3312
9.912533044815063,3311
10.618031740188599,3310
12.253045797348022,3309
14.688968181610107,3308
14.738992929458618,3307
20.953486680984497,3306
21.2750186920166,3305
31.35857129096985,3304
44.85605835914612,3303
