3.9775562286376953,3323
3.9870283603668213,3323
4.325896501541138,3322
5.085655927658081,3321
5.385996580123901,3320
7.5423712730407715,3319
7.646239519119263,3318
7.877298593521118,3317
8.381313800811768,3316
8.924623489379883,3315
9.602333068847656,3314
9.60990047454834,3313
10.69588041305542,3312
11.364322185516357,3311
12.94214940071106,3310
15.111355066299438,3309
17.15918278694153,3308
17.402348518371582,3307
18.90647315979004,3306
20.024466276168823,3305
28.695180416107178,3304
55.14400625228882,3303
