3.9151480197906494,22959
6.001701354980469,22957
8.109106063842773,22956
12.305719375610352,22955
14.390214443206787,22954
18.453874111175537,22952
22.530547857284546,22950
24.64127492904663,22949
28.909573316574097,22947
33.130998611450195,22946
35.23587894439697,22943
37.29348158836365,22942
41.54310870170593,22940
45.75725340843201,22939
49.984307050704956,22936
52.09714412689209,22935
54.150272607803345,22934
58.292587757110596,22932
60.423733711242676,22931
64.61745572090149,22930
66.76373624801636,22928
68.81131958961487,22926
70.96637082099915,22925
75.11323547363281,22923
79.2032561302185,22921
83.32574772834778,22919
85.46877908706665,22918
87.50036358833313,22916
93.70122170448303,22914
95.83032584190369,22913
99.94630074501038,22910
104.02431035041809,22908
106.15313386917114,22907
108.23391246795654,22906
112.38833093643188,22904
114.48102474212646,22903
116.51312899589539,22902
118.5832507610321,22901
120.61400032043457,22899
122.72719693183899,22898
124.85022759437561,22896
131.17869782447815,22895
135.2867558002472,22893
137.33485627174377,22891
141.5563099384308,22888
149.82997512817383,22886
154.04143834114075,22883
156.01939225196838,22881
160.21021914482117,22879
164.3288290500641,22878
166.37722420692444,22876
168.38096833229065,22874
170.52052474021912,22870
178.91914534568787,22866
185.1638147830963,22864
189.27346205711365,22862
191.30810570716858,22861
195.49316263198853,22860
197.5608389377594,22859
201.58933091163635,22856
205.71408700942993,22854
209.7741093635559,22852
214.04068875312805,22851
216.09594440460205,22850
218.17999410629272,22849
220.24752116203308,22847
224.404394865036,22846
228.51298236846924,22845
230.67466521263123,22843
232.73470783233643,22842
234.77217435836792,22839
238.92808938026428,22838
240.9828450679779,22836
245.16098618507385,22834
249.37255787849426,22833
253.63292503356934,22830
257.9103946685791,22829
259.9779944419861,22827
264.1021885871887,22826
268.2603735923767,22823
272.50047278404236,22822
274.5744369029999,22820
276.6309139728546,22819
278.6861848831177,22818
280.70876717567444,22817
282.7818982601166,22816
284.87252140045166,22815
289.04302072525024,22814
293.24352073669434,22812
295.30905413627625,22810
297.4138412475586,22809
299.5194070339203,22806
303.68783712387085,22804
307.8399918079376,22802
311.99542260169983,22801
314.07693433761597,22798
318.22301030158997,22797
320.3092749118805,22795
322.3987011909485,22793
324.5371792316437,22791
328.69661045074463,22790
330.68972754478455,22788
334.88373947143555,22786
343.20990228652954,22783
349.39993476867676,22782
351.4410717487335,22781
353.49066376686096,22780
357.64124512672424,22779
359.72760128974915,22778
361.8022587299347,22775
365.89325761795044,22774
367.9994535446167,22772
372.2634129524231,22771
374.40588641166687,22769
376.4780592918396,22768
378.5681402683258,22766
380.7722179889679,22765
382.84821677207947,22764
384.96425890922546,22763
387.0750970840454,22762
389.13688683509827,22758
395.36718249320984,22757
397.4729833602905,22754
401.48961448669434,22753
403.56269001960754,22752
405.5844786167145,22750
411.73176074028015,22748
413.81482791900635,22747
415.8713901042938,22746
417.9040288925171,22745
419.9537377357483,22744
424.0640001296997,22743
426.1733636856079,22742
430.39311051368713,22740
434.43737292289734,22737
436.549147605896,22736
438.63034772872925,22734
440.7949950695038,22731
444.9890670776367,22727
451.1720883846283,22726
453.2856171131134,22724
455.2656707763672,22722
459.3382668495178,22720
463.46902680397034,22717
465.50941348075867,22715
467.5080122947693,22714
469.5638520717621,22713
473.75157165527344,22711
479.7951099872589,22710
481.84424686431885,22707
486.0214738845825,22706
488.1499693393707,22705
490.31074237823486,22704
492.37043738365173,22702
496.65161085128784,22698
498.858106136322,22696
500.86472392082214,22694
507.03562808036804,22692
509.20785999298096,22691
511.2267882823944,22688
517.5029020309448,22686
519.6266577243805,22684
521.7562990188599,22683
523.8466711044312,22682
526.0198602676392,22680
530.2206180095673,22676
536.5415554046631,22675
538.5855460166931,22673
542.6531159877777,22668
548.7881426811218,22667
550.8586592674255,22666
553.0466980934143,22665
557.1583392620087,22661
563.3260116577148,22660
565.470703125,22656
571.7623975276947,22655
573.8372025489807,22654
577.9296519756317,22651
580.0617954730988,22648
584.3105885982513,22646
588.4576740264893,22645
592.6059682369232,22643
596.8615555763245,22639
598.863124370575,22638
598.87244,22638