3.826368808746338,22960
5.850824594497681,22959
7.995940208435059,22957
10.021494150161743,22956
14.226410627365112,22955
16.22607421875,22952
22.465181589126587,22948
26.654428958892822,22946
30.827675342559814,22944
37.00227975845337,22941
39.14477014541626,22940
43.23409843444824,22938
47.471078634262085,22935
49.60010004043579,22933
53.831722021102905,22931
55.94426941871643,22929
60.106746196746826,22928
62.21255588531494,22926
64.28120994567871,22925
66.34384655952454,22924
70.56228065490723,22923
72.64444041252136,22922
74.64689993858337,22921
76.8124475479126,22919
78.8494803905487,22918
80.88231420516968,22917
82.94381785392761,22914
89.23677372932434,22913
91.33120489120483,22911
95.42505717277527,22910
99.75184726715088,22908
101.8715169429779,22905
105.99996161460876,22902
108.06678223609924,22900
114.31094574928284,22898
118.48833703994751,22897
120.52284932136536,22894
126.86274647712708,22892
128.90452814102173,22890
133.07233691215515,22889
135.1250820159912,22888
137.19558668136597,22886
139.33071613311768,22885
143.56838870048523,22881
147.69871377944946,22879
151.80806136131287,22876
158.0922372341156,22875
160.13753747940063,22873
162.17008686065674,22872
164.22509002685547,22871
168.41304874420166,22869
170.5402410030365,22868
176.8990535736084,22866
179.04224729537964,22864
183.237286567688,22862
185.291827917099,22861
187.44490146636963,22859
189.52828526496887,22858
191.6430218219757,22857
193.73953700065613,22856
195.8607485294342,22855
197.9367232322693,22854
199.93476939201355,22853
202.07654929161072,22851
204.08460092544556,22850
210.49217915534973,22846
212.50898241996765,22845
214.5811460018158,22843
220.80909085273743,22840
224.8717908859253,22839
226.9853527545929,22838
229.00053238868713,22837
233.22719049453735,22835
235.3357584476471,22834
239.45394468307495,22833
241.47457027435303,22831
245.70688128471375,22829
249.89736247062683,22826
254.0599925518036,22825
256.07450103759766,22824
258.20701146125793,22822
262.4515645503998,22821
266.6450753211975,22819
270.88926577568054,22815
277.05076026916504,22814
279.15061950683594,22812
283.28008127212524,22810
287.4426429271698,22808
289.54625630378723,22806
293.675265789032,22804
299.88909339904785,22799
306.00486397743225,22797
310.2468092441559,22795
314.53856015205383,22794
316.6072061061859,22792
320.6436998844147,22790
324.7884347438812,22789
328.82171988487244,22788
330.8982026576996,22787
333.06638979911804,22786
335.111465215683,22783
341.2938480377197,22782
343.3101763725281,22779
347.4437487125397,22777
349.60929679870605,22776
351.74684596061707,22775
353.90488362312317,22774
355.9930827617645,22773
358.03848910331726,22771
360.13693737983704,22770
366.4270746707916,22768
368.5469686985016,22766
370.6233446598053,22765
374.8390612602234,22763
376.9188141822815,22761
380.9534664154053,22759
387.29886865615845,22757
389.3925678730011,22755
393.48449754714966,22754
397.69165802001953,22752
401.90294456481934,22751
406.039023399353,22748
408.1331593990326,22747
410.2371029853821,22745
416.43812227249146,22744
418.58143067359924,22741
424.8241136074066,22740
426.9132618904114,22737
430.98993468284607,22735
435.114458322525,22734
437.1694886684418,22733
439.2408983707428,22732
441.3424959182739,22731
443.46273589134216,22730
445.53231978416443,22728
449.7686870098114,22727
451.87483072280884,22725
453.9924829006195,22723
460.2259032726288,22721
464.3239104747772,22719
468.38915491104126,22717
470.5027906894684,22716
472.63466906547546,22714
476.66904520988464,22713
478.81883120536804,22711
485.0193212032318,22709
491.14942836761475,22707
497.3502428531647,22706
499.4023914337158,22704
503.54393887519836,22701
507.7521538734436,22700
509.87433338165283,22699
513.972706079483,22698
516.0273349285126,22696
520.1001369953156,22693
526.3176212310791,22691
528.3628363609314,22690
530.4975488185883,22688
532.5904557704926,22687
536.7131443023682,22685
538.7236835956573,22684
545.0226366519928,22683
547.1128792762756,22681
551.2258005142212,22679
553.293354511261,22678
555.3350524902344,22676
559.4768130779266,22675
561.590571641922,22674
563.6489260196686,22673
567.7741107940674,22672
569.8908166885376,22669
576.1360149383545,22667
578.1695184707642,22666
580.2260684967041,22664
584.3338003158569,22659
588.5972590446472,22657
596.8555760383606,22656
598.9246938228607,22654
598.93446,22654