3.9831953048706055,3323
3.9929800033569336,3323
4.219443321228027,3322
4.66088604927063,3321
5.581189155578613,3320
5.601751327514648,3319
5.695171117782593,3318
6.161863565444946,3317
7.502669095993042,3316
9.628637075424194,3315
9.952580213546753,3314
12.969955921173096,3313
17.49119782447815,3312
17.54190683364868,3311
18.485341787338257,3310
19.293429374694824,3309
20.03271484375,3308
20.132158994674683,3307
24.57615852355957,3306
24.688236236572266,3305
32.14001750946045,3304
46.40892267227173,3303
