0.18157172203063965,1019
0.2762470245361328,1018
0.5643398761749268,1016
0.7546384334564209,1014
0.8495581150054932,1013
0.9473445415496826,1011
1.2330472469329834,1010
1.4233248233795166,1009
1.5205621719360352,1008
1.6182904243469238,1006
1.9087960720062256,1005
2.0017647743225098,1004
2.193803310394287,1002
2.288860559463501,1000
2.388695240020752,998
2.680185079574585,996
2.7754719257354736,995
2.8708932399749756,994
3.0601015090942383,993
3.1590611934661865,992
3.352109909057617,991
3.6368305683135986,988
3.9207327365875244,986
4.019237995147705,985
4.302894353866577,982
4.495763301849365,980
4.593213081359863,978
4.884799480438232,977
4.980280160903931,976
5.176851987838745,975
5.369642972946167,974
5.466257810592651,972
5.560992002487183,970
5.848084211349487,969
5.945655345916748,968
6.137893915176392,967
6.331530570983887,965
6.715970754623413,963
6.811715602874756,962
7.120452165603638,961
7.214624881744385,960
7.308999061584473,959
7.408055543899536,958
7.504727125167847,957
7.602160692214966,956
7.795741319656372,954
8.083258152008057,953
8.182040452957153,952
8.278164863586426,951
8.37662959098816,950
8.472480535507202,949
8.764060497283936,947
8.861013174057007,945
9.243069648742676,944
9.434350728988647,943
9.624245643615723,942
9.81681203842163,941
9.91220211982727,939
10.291663885116577,938
10.587347745895386,937
10.7811439037323,935
11.071488380432129,934
11.26611065864563,932
11.363928318023682,931
11.55268931388855,930
11.844618797302246,929
12.043404579162598,927
12.423600435256958,925
12.806555271148682,924
13.095085620880127,922
13.382248640060425,921
13.476885318756104,919
13.855976104736328,918
14.145231485366821,917
14.242109298706055,916
14.626466751098633,914
14.915590763092041,913
15.10992956161499,912
15.30391263961792,911
15.401858568191528,910
15.602114915847778,909
16.185718536376953,908
16.28129529953003,906
16.377891063690186,904
16.95076036453247,902
17.432085752487183,901
17.716864824295044,900
17.909802198410034,899
18.098541975021362,898
18.48079538345337,897
19.049616813659668,896
19.243415355682373,895
19.531872272491455,894
19.72701096534729,893
19.821535110473633,892
20.10691809654236,891
20.38949465751648,890
20.579518795013428,889
20.96693778038025,888
21.16137671470642,887
21.260921716690063,885
21.64537262916565,884
21.838982343673706,883
22.224438905715942,882
22.703315019607544,881
22.89642572402954,880
23.088386058807373,879
23.400818824768066,877
23.499614238739014,876
23.986705780029297,875
24.280813217163086,874
24.568812131881714,873
24.763731956481934,872
25.146980047225952,870
25.63070797920227,869
25.82169771194458,868
26.015811443328857,867
26.212854385375977,866
26.412161111831665,865
26.703495025634766,864
26.994378805160522,863
27.479626417160034,862
27.577669143676758,861
27.77321767807007,860
28.06485891342163,859
28.351368188858032,857
28.840064764022827,856
29.128271102905273,855
29.707997798919678,854
29.90023899078369,853
29.99937081336975,852
30.39130139350891,850
31.46274709701538,849
31.845124006271362,848
31.946681261062622,847
32.52694535255432,846
32.62601327896118,845
33.20209002494812,844
33.77890920639038,843
33.97512865066528,842
34.166827917099,841
34.74556922912598,840
35.32203459739685,839
35.91428327560425,838
36.409074783325195,837
36.79976987838745,836
36.897826194763184,834
37.473182678222656,832
37.961540937423706,831
38.25368857383728,830
38.542847871780396,829
38.92530298233032,828
39.31522750854492,827
40.59084153175354,826
41.00958776473999,825
42.09212613105774,824
42.6715292930603,823
42.96248435974121,822
43.1568660736084,821
43.74630546569824,820
44.42882299423218,819
45.393603801727295,818
45.88253092765808,817
46.276045083999634,816
46.85075283050537,815
47.53078103065491,814
48.11807918548584,813
48.89362645149231,812
49.4766206741333,811
49.863280296325684,810
50.353362798690796,809
51.04272794723511,808
51.71600365638733,807
52.49228382110596,806
52.9834144115448,805
53.76840591430664,804
54.35012483596802,803
54.92498278617859,802
55.60837435722351,801
56.337918758392334,800
57.304787158966064,799
57.791545391082764,798
59.162567377090454,797
60.030808448791504,796
60.70674657821655,795
61.39620852470398,794
62.440152645111084,793
64.39034366607666,792
65.64988827705383,791
67.38917469978333,790
69.54381346702576,789
70.51798224449158,788
71.29311347007751,787
71.97513604164124,786
73.02740573883057,785
73.80661964416504,784
76.82619333267212,783
79.75972104072571,782
80.54276013374329,781
81.2335422039032,780
84.34593439102173,779
86.56586408615112,778
89.07605409622192,777
94.51871919631958,776
95.5937488079071,775
97.15254,775