0.17943644523620605,1021
0.278167724609375,1020
0.3723907470703125,1018
0.567021369934082,1017
0.6620347499847412,1015
0.7576491832733154,1011
0.9511380195617676,1010
1.0497989654541016,1009
1.1472220420837402,1008
1.2454726696014404,1007
1.3428637981414795,1006
1.434403896331787,1005
1.623227596282959,1003
1.7193844318389893,1002
1.814176082611084,1001
2.0063555240631104,1000
2.2007391452789307,997
2.295042037963867,995
2.58550763130188,993
2.678459882736206,991
2.874824047088623,989
3.1578078269958496,986
3.442654848098755,985
3.635941982269287,984
3.731382131576538,982
3.925119638442993,981
4.020251989364624,980
4.116408586502075,979
4.403803586959839,978
4.5011913776397705,975
4.891346216201782,973
5.081578969955444,970
5.471823215484619,969
5.566074371337891,967
5.8620524406433105,966
5.960471153259277,964
6.341561555862427,962
6.441896677017212,961
6.536339998245239,960
6.634663343429565,959
6.828065872192383,958
7.140622138977051,956
7.431159973144531,955
7.5248353481292725,954
7.618118524551392,953
7.911703586578369,951
8.202665328979492,949
8.493244886398315,947
8.782165050506592,946
9.074565410614014,945
9.174347639083862,944
9.268627166748047,943
9.465790510177612,942
9.760267972946167,941
9.856175184249878,940
10.143024682998657,939
10.438722610473633,938
10.633076429367065,937
10.824830293655396,936
11.013392686843872,935
11.108494281768799,933
11.496983766555786,932
11.692121982574463,931
11.792132139205933,930
11.984462261199951,929
12.176820755004883,927
12.572953939437866,926
12.668777465820312,925
12.96507477760315,924
13.250823974609375,923
13.347958087921143,921
13.542537927627563,920
13.7365243434906,918
14.128687143325806,916
14.321733713150024,915
14.508639812469482,914
14.699392080307007,913
14.992126941680908,912
15.089507102966309,910
15.282401323318481,909
15.665802001953125,908
15.86050271987915,906
16.343971252441406,905
16.536325454711914,904
16.730774402618408,903
17.028191089630127,902
17.217095136642456,901
17.605772256851196,900
17.70254397392273,899
17.989894151687622,897
18.184223651885986,895
18.476067543029785,894
18.57315731048584,893
18.867947101593018,892
19.06171751022339,891
19.35824203491211,890
19.549209356307983,889
19.740747451782227,888
19.930602550506592,887
20.22560715675354,886
20.416199684143066,885
20.90410876274109,884
21.19875192642212,883
21.387979745864868,882
21.67914581298828,880
22.261296033859253,879
22.355430841445923,877
22.849817752838135,875
23.231523990631104,874
23.548704624176025,873
24.035613298416138,871
24.328319311141968,870
24.71342658996582,869
25.094291925430298,868
25.190864086151123,867
25.38020896911621,866
25.66746950149536,864
26.253566026687622,862
26.640414237976074,861
26.838624477386475,860
27.039884567260742,859
27.522260904312134,858
27.714515924453735,857
27.813104152679443,856
28.39732837677002,855
28.784461498260498,854
29.176709175109863,853
29.663675546646118,852
29.950783252716064,851
30.145002365112305,850
30.242307901382446,849
30.725531339645386,848
31.400052309036255,847
31.890624046325684,846
32.18422818183899,844
32.47457480430603,843
33.25863552093506,841
33.552043199539185,840
33.843154430389404,839
34.041505575180054,838
34.533045291900635,837
34.92152261734009,835
35.2099769115448,834
35.6904239654541,833
35.78885817527771,832
36.17608094215393,831
36.75751829147339,830
37.34120798110962,829
37.63394594192505,827
38.11528921127319,826
38.49800205230713,825
39.17027473449707,824
39.752121686935425,823
40.35844874382019,822
40.850120544433594,821
41.33847665786743,820
41.825687885284424,819
42.020811319351196,818
42.509782791137695,817
43.183523654937744,816
43.671350955963135,815
44.25523614883423,814
45.333919048309326,813
45.821850538253784,812
46.408149003982544,811
47.19136428833008,810
48.26621174812317,809
48.7617769241333,808
49.1439905166626,807
49.62869071960449,806
50.02484178543091,805
50.417858362197876,804
51.08696484565735,803
51.37711310386658,802
51.571667194366455,801
51.96379590034485,800
53.11846733093262,799
53.97333002090454,798
54.94514179229736,797
55.63288760185242,796
56.60643482208252,795
57.19512581825256,794
58.101157426834106,793
58.88380479812622,792
59.56765365600586,791
60.34413242340088,790
60.73412847518921,789
61.21714735031128,788
61.79680800437927,787
62.971867084503174,786
64.04092741012573,785
65.10242223739624,784
65.78717184066772,783
66.76167917251587,782
67.34326028823853,781
67.91413903236389,780
68.87931108474731,779
70.15430092811584,778
71.63067889213562,777
71.72848081588745,776
72.20993995666504,775
73.86684036254883,774
75.85876441001892,773
76.63806533813477,772
82.94580030441284,771
84.023850440979,770
86.35289454460144,769
89.27056097984314,768
91.89284753799438,767
95.0474271774292,766
97.39697,766