0.04406452178955078,746
0.04436039924621582,746
0.06248331069946289,745
0.069000244140625,744
0.08699941635131836,743
0.0930945873260498,742
0.10058760643005371,741
0.10379457473754883,740
0.11215877532958984,739
0.11306548118591309,738
0.13896417617797852,737
0.1503000259399414,736
0.1630401611328125,735
0.1670076847076416,734
0.17692875862121582,733
0.19212722778320312,732
0.2086498737335205,731
0.21324658393859863,730
0.21585607528686523,729
0.25540828704833984,728
0.29628896713256836,727
0.31299757957458496,726
0.3574390411376953,725
0.3608872890472412,724
0.3744654655456543,723
0.4675328731536865,722
0.46978235244750977,721
0.5088117122650146,720
0.7217299938201904,719
0.8620824813842773,718
0.9169938564300537,717
0.9382460117340088,716
0.978590726852417,715
1.1212928295135498,714
1.4543845653533936,713
1.906477689743042,712
2.3964481353759766,711
2.4886844158172607,710
2.729919195175171,709
2.8722903728485107,708
3.3609514236450195,707
3.6307995319366455,706
9.38819169998169,705
28.81855607032776,704
