0.04463553428649902,746
0.044925689697265625,746
0.059056758880615234,745
0.06306290626525879,744
0.09230160713195801,743
0.09432697296142578,742
0.09481000900268555,741
0.09527158737182617,740
0.09850645065307617,739
0.10396575927734375,738
0.11145162582397461,737
0.13026666641235352,736
0.1386418342590332,735
0.16902494430541992,734
0.18860149383544922,733
0.1890733242034912,732
0.19335055351257324,731
0.19855046272277832,730
0.22649765014648438,729
0.24625921249389648,728
0.3107116222381592,727
0.3190155029296875,726
0.43466734886169434,725
0.4486243724822998,724
0.4588353633880615,723
0.5510034561157227,722
0.603449821472168,721
0.6629559993743896,720
0.7291736602783203,719
0.8182933330535889,718
0.8519134521484375,717
0.9366922378540039,716
0.9712803363800049,715
1.022066593170166,714
1.0691735744476318,713
1.1433730125427246,712
1.2930197715759277,711
1.3604300022125244,710
2.0111753940582275,709
3.7597134113311768,708
7.3934547901153564,707
7.635145425796509,706
13.607501745223999,705
26.721293687820435,704
