0.04434823989868164,746
0.0446469783782959,746
0.05935406684875488,745
0.06834149360656738,744
0.06897330284118652,743
0.07535934448242188,742
0.07817697525024414,741
0.0782923698425293,740
0.08925342559814453,739
0.09690523147583008,738
0.12790298461914062,737
0.14877867698669434,736
0.16275811195373535,735
0.24358105659484863,734
0.24387717247009277,733
0.26934814453125,732
0.29029250144958496,731
0.3057534694671631,730
0.3807530403137207,729
0.43136167526245117,728
0.500086784362793,727
0.5027964115142822,726
0.5652320384979248,725
0.6109519004821777,724
0.6518337726593018,723
0.6749382019042969,722
0.7839994430541992,721
0.9013571739196777,720
0.9111762046813965,719
0.9459967613220215,718
1.0000288486480713,717
1.1072049140930176,716
1.209829568862915,715
1.2269809246063232,714
1.6614277362823486,713
1.8806076049804688,712
2.1083362102508545,711
2.3053083419799805,710
2.390050172805786,709
2.402327060699463,708
3.0435469150543213,707
14.417402505874634,706
20.26432156562805,705
62.94907331466675,704
129.39254927635193,703
