0.04441666603088379,746
0.04470491409301758,746
0.05753159523010254,745
0.07734322547912598,744
0.08924531936645508,743
0.09789681434631348,742
0.1033468246459961,741
0.10951423645019531,740
0.1273508071899414,739
0.13888883590698242,738
0.1667635440826416,737
0.1825120449066162,736
0.18434429168701172,735
0.2023780345916748,734
0.21599936485290527,733
0.22816801071166992,732
0.24624037742614746,731
0.25613856315612793,730
0.266324520111084,729
0.27281808853149414,728
0.346362829208374,727
0.40116047859191895,726
0.4056868553161621,725
0.4495570659637451,724
0.549396276473999,723
0.54974365234375,722
0.6346468925476074,721
0.8265407085418701,720
1.1289186477661133,719
1.1736164093017578,718
1.3255558013916016,717
1.3901383876800537,716
1.4226117134094238,715
1.4235916137695312,714
1.7997894287109375,713
1.9005284309387207,712
2.0927677154541016,711
2.1458613872528076,710
2.530780076980591,709
2.6913249492645264,708
3.3274412155151367,707
3.7070703506469727,706
8.051984310150146,705
137.60987424850464,704
158.01597142219543,703
