0.04439735412597656,746
0.04468822479248047,746
0.07524347305297852,745
0.07964324951171875,744
0.08685922622680664,743
0.09854912757873535,742
0.11663532257080078,741
0.1246795654296875,740
0.12602829933166504,739
0.14472126960754395,738
0.1847248077392578,737
0.2241528034210205,736
0.2257692813873291,735
0.2518043518066406,734
0.26491379737854004,733
0.28440284729003906,732
0.28467345237731934,731
0.3044586181640625,730
0.3446381092071533,729
0.3634023666381836,728
0.4474480152130127,727
0.46755242347717285,726
0.497727632522583,725
0.5265293121337891,724
0.5367527008056641,723
0.6081945896148682,722
0.6312503814697266,721
0.6624128818511963,720
0.6820456981658936,719
0.6930029392242432,718
0.7294104099273682,717
0.7707128524780273,716
0.8641316890716553,715
0.886174201965332,714
1.1936144828796387,713
1.4143693447113037,712
1.6481144428253174,711
1.6989660263061523,710
2.0167770385742188,709
2.87738299369812,708
3.104912281036377,707
4.52332329750061,706
4.696642875671387,705
22.153871774673462,704
