0.18715476989746094,1020
0.2821462154388428,1018
0.4745981693267822,1015
0.7702305316925049,1013
0.9626479148864746,1011
1.061539649963379,1010
1.1595592498779297,1008
1.3544206619262695,1007
1.4548161029815674,1005
1.5523982048034668,1004
1.7425272464752197,1003
1.9368674755096436,999
2.322207450866699,998
2.4191012382507324,997
2.614063262939453,995
2.899233341217041,994
3.092186212539673,993
3.1902682781219482,991
3.291260242462158,990
3.482050657272339,988
3.58121395111084,987
3.776737689971924,986
3.968687057495117,985
4.063954591751099,984
4.164050817489624,983
4.261433362960815,982
4.358511686325073,981
4.551678419113159,978
4.747506856918335,977
4.944802522659302,976
5.1395423412323,975
5.34069561958313,973
5.438936710357666,970
5.7333080768585205,969
5.931029319763184,968
6.121894598007202,967
6.217909336090088,966
6.411059617996216,965
6.608154058456421,962
6.898938894271851,961
6.9977452754974365,960
7.216682434082031,959
7.413665056228638,957
7.510360956192017,956
7.609914779663086,955
7.801737070083618,954
8.090232372283936,953
8.1880624294281,952
8.381848096847534,951
8.671002626419067,950
8.771586656570435,948
8.961245775222778,947
9.251097202301025,946
9.442795038223267,944
9.731204509735107,943
9.829574584960938,942
10.1154944896698,940
10.310796737670898,939
10.597299814224243,937
10.888206958770752,936
10.987410545349121,935
11.283608198165894,934
11.470920324325562,933
11.567041873931885,932
11.761021852493286,931
11.860302209854126,930
12.052100896835327,928
12.446528911590576,927
12.541964769363403,925
12.73595380783081,924
12.830794095993042,923
13.123579263687134,922
13.320426940917969,921
13.617650270462036,920
13.714891195297241,918
14.101573944091797,917
14.203054904937744,915
14.593712329864502,914
14.792126178741455,913
14.892605781555176,911
15.176414251327515,910
15.374425172805786,909
15.571766376495361,908
15.860886096954346,907
16.05580186843872,906
16.341171503067017,905
16.440125703811646,904
16.73216962814331,903
17.123044729232788,902
17.320993423461914,901
17.41749596595764,900
17.61627507209778,898
17.905382871627808,897
18.099571466445923,896
18.29581594467163,895
18.68541431427002,894
18.88122057914734,892
19.36415195465088,891
19.751410484313965,890
20.144501209259033,889
20.432913064956665,888
20.628912687301636,887
20.823589086532593,886
21.121004343032837,884
21.414796352386475,883
21.796984672546387,881
22.282236576080322,880
22.47631525993347,879
22.672777891159058,878
23.0741765499115,877
23.47644805908203,875
23.796448707580566,874
24.09395956993103,872
25.06403136253357,871
25.160712480545044,870
25.64198327064514,869
25.73799467086792,868
26.1308434009552,867
26.523475170135498,866
27.011707067489624,865
27.20868158340454,864
27.49923348426819,863
27.792208194732666,862
28.272602796554565,861
28.66029453277588,860
28.759426832199097,859
29.338520526885986,858
29.636988878250122,857
29.737008333206177,856
30.129940509796143,855
30.32351517677307,854
30.899261951446533,853
31.378861904144287,852
31.7734055519104,851
32.15999221801758,850
32.45619869232178,849
32.846410036087036,848
33.1376690864563,846
33.72727656364441,845
33.8311607837677,844
34.222376346588135,843
34.41646218299866,842
34.71140646934509,841
35.19060778617859,840
35.684975385665894,839
36.07167840003967,838
36.472227334976196,836
36.85822582244873,835
37.44206190109253,833
38.03377723693848,832
38.43092942237854,831
38.818203926086426,830
39.210031032562256,829
39.507376194000244,828
40.28844094276428,826
40.88280510902405,825
41.3920156955719,824
42.07597851753235,823
42.95312833786011,822
43.4459707736969,821
43.7424590587616,820
44.32866811752319,819
44.82057428359985,818
45.01647686958313,817
45.61090898513794,816
46.094327449798584,815
46.585787296295166,814
47.07316827774048,813
47.75084924697876,812
48.23952102661133,811
48.92280173301697,810
49.51109051704407,809
50.49734663963318,808
51.28727197647095,807
51.77810621261597,806
51.96849203109741,805
52.46367526054382,804
53.249186515808105,803
54.02607703208923,802
54.9072380065918,801
55.492493629455566,800
55.791595458984375,799
56.576955795288086,798
58.63837385177612,797
59.345359563827515,796
59.83226799964905,795
61.106457471847534,794
62.38125777244568,793
63.06577706336975,792
64.23924493789673,791
65.21882390975952,790
65.80020499229431,789
66.48321604728699,788
67.4699604511261,787
68.34714818000793,786
69.12321853637695,785
70.2090163230896,784
70.89370393753052,783
72.06648325920105,782
76.48220825195312,781
77.09327411651611,780
77.49061846733093,779
88.17358446121216,778
94.57694005966187,777
96.23640251159668,776
97.99024,776