0.1811668872833252,1021
0.27750492095947266,1020
0.37387871742248535,1019
0.47338438034057617,1017
0.5687856674194336,1015
0.6626441478729248,1014
0.7581074237823486,1012
0.8523464202880859,1011
0.9471361637115479,1010
1.0430619716644287,1009
1.2402009963989258,1008
1.3379461765289307,1007
1.525710105895996,1006
1.6262638568878174,1004
1.7214791774749756,1003
1.919431447982788,1002
2.0116019248962402,1001
2.2015604972839355,999
2.2975895404815674,998
2.4876937866210938,997
2.5871479511260986,993
2.874516248703003,991
3.1607131958007812,988
3.354377269744873,986
3.646439552307129,983
4.031226396560669,981
4.12780499458313,979
4.32370662689209,976
4.609860897064209,975
4.896719694137573,974
4.99036431312561,973
5.088002443313599,972
5.282407760620117,970
5.377756118774414,969
5.568938493728638,967
5.855401039123535,966
5.956740140914917,965
6.153565883636475,963
6.245835781097412,961
6.718877553939819,958
6.8161256313323975,957
7.221940040588379,956
7.317194700241089,955
7.606821775436401,954
7.707192897796631,953
7.897777080535889,951
8.086830139160156,950
8.18331789970398,948
8.376781702041626,947
8.56873083114624,946
8.667946815490723,945
8.949544906616211,944
9.042003393173218,943
9.137685537338257,942
9.523707866668701,940
9.812355041503906,938
10.00074577331543,937
10.19169020652771,936
10.288043737411499,935
10.576132774353027,934
10.76672911643982,933
10.861942291259766,932
11.058562755584717,931
11.247434139251709,929
11.433260679244995,928
11.723245859146118,926
11.819714307785034,925
12.015498876571655,924
12.497176170349121,923
12.592801332473755,922
12.688963890075684,921
12.982044219970703,919
13.363190174102783,918
13.463223934173584,917
13.751856565475464,915
13.94399094581604,914
14.234325885772705,913
14.429320573806763,912
14.71170687675476,908
15.000308990478516,907
15.38807201385498,906
15.486748456954956,905
15.867825031280518,903
16.06514048576355,902
16.26173496246338,900
16.649789094924927,899
16.9398934841156,898
17.22715449333191,897
17.71667242050171,896
17.81445002555847,895
17.91257095336914,894
18.393741130828857,893
18.68934917449951,892
18.783483028411865,891
19.071415185928345,889
19.358104705810547,887
19.64754033088684,886
19.844371795654297,885
20.326815128326416,884
20.42383885383606,883
20.70751929283142,882
21.000417709350586,881
21.294731855392456,879
21.58763551712036,878
21.683104038238525,877
22.06547236442566,876
22.550410747528076,875
22.84408688545227,874
23.35003089904785,873
23.646055698394775,871
23.838716983795166,870
24.224153757095337,868
24.61440634727478,867
24.89595317840576,866
25.275275230407715,865
25.568002462387085,864
25.952269315719604,863
26.05388855934143,862
26.630282878875732,860
27.306976556777954,859
27.595962047576904,858
28.06866693496704,856
28.552247524261475,855
28.84365940093994,854
29.22473955154419,853
29.611737489700317,852
29.900739431381226,850
30.57911705970764,849
31.053401470184326,848
31.53738832473755,847
31.732608318328857,846
32.11523199081421,845
32.70123767852783,844
32.7975652217865,843
33.1800320148468,842
33.7531201839447,841
34.135971546173096,840
34.72635054588318,839
35.21004915237427,838
35.70425295829773,837
36.09537386894226,836
36.19231820106506,835
36.87075161933899,834
37.260409355163574,833
37.73723649978638,832
38.02383542060852,831
38.310851097106934,830
38.98099207878113,828
39.56090307235718,827
39.8491153717041,826
40.434367179870605,825
40.92880702018738,824
41.22136306762695,823
41.70609736442566,822
41.99824547767639,821
42.38264012336731,820
42.76605248451233,819
43.44149136543274,818
43.73754644393921,817
44.41876673698425,816
45.10099768638611,815
45.29608726501465,814
45.88045930862427,813
46.17313504219055,812
46.74782609939575,811
47.43209147453308,810
48.110310554504395,809
48.59074831008911,808
48.88320302963257,807
49.36753511428833,805
50.247610330581665,804
51.12666916847229,803
52.1019721031189,802
53.65684390068054,801
55.01534843444824,800
55.5875358581543,799
55.78222298622131,798
56.17302370071411,797
56.660964012145996,796
57.53661060333252,795
57.926474809646606,794
58.214176654815674,793
59.69165921211243,792
60.37715792655945,791
60.96621084213257,790
63.280022382736206,789
63.6801438331604,788
64.35486459732056,787
65.61418843269348,786
66.66797971725464,785
67.64058566093445,784
68.2284164428711,783
70.35171222686768,782
71.98667550086975,781
73.51190257072449,780
78.4750657081604,779
79.84151911735535,778
80.81978440284729,777
89.0546007156372,776
92.92447137832642,775
94.48237204551697,774
96.89465,774