0.17975759506225586,1020
0.3672914505004883,1019
0.46614813804626465,1017
0.5607161521911621,1016
0.6565465927124023,1015
0.8502919673919678,1013
0.949967622756958,1012
1.0479185581207275,1008
1.4335541725158691,1007
1.532597303390503,1005
1.7273027896881104,1003
1.9191091060638428,1002
2.013989210128784,1001
2.1080124378204346,1000
2.3970577716827393,998
2.5843911170959473,994
2.778502941131592,993
2.9660418033599854,992
3.0619657039642334,991
3.1610288619995117,990
3.352201223373413,987
3.546433210372925,984
3.7386465072631836,983
3.9311676025390625,981
4.027308702468872,979
4.318974733352661,977
4.507612943649292,975
4.700247049331665,974
4.982677221298218,973
5.07719874382019,969
5.26811957359314,968
5.459660053253174,966
5.648627758026123,965
5.83552885055542,964
6.027655363082886,962
6.407428026199341,961
6.596363067626953,958
6.78587007522583,957
6.884480714797974,956
7.09876823425293,955
7.296244859695435,954
7.581134796142578,952
7.862932920455933,951
7.956758737564087,949
8.148892402648926,948
8.343418836593628,946
8.637506246566772,945
8.731152534484863,943
8.924188137054443,942
9.115918636322021,941
9.31141448020935,940
9.506122350692749,938
9.796302318572998,936
9.986534833908081,935
10.269063711166382,933
10.462411403656006,932
10.750184535980225,929
10.945208311080933,928
11.137433767318726,927
11.328704595565796,926
11.518758058547974,924
11.803896188735962,923
12.183243751525879,922
12.476288557052612,920
12.955776453018188,919
13.050456762313843,918
13.342380046844482,917
13.529911279678345,916
13.625134706497192,915
13.718786478042603,914
14.195263862609863,912
14.387637615203857,911
14.574812650680542,909
14.86520767211914,908
15.060149908065796,906
15.44609785079956,905
15.542401790618896,904
15.840706825256348,902
16.22223401069641,901
16.325008153915405,900
16.418810606002808,899
16.713241577148438,898
17.09110403060913,897
17.480281352996826,896
17.577975034713745,895
17.861629724502563,894
18.15005922317505,893
18.535544633865356,892
19.01139235496521,890
19.299067735671997,888
19.395541191101074,887
19.867173433303833,886
19.965337991714478,885
20.447194576263428,884
20.635431051254272,883
21.02082657814026,882
21.120893239974976,881
21.598708391189575,879
21.796198844909668,878
22.17807388305664,877
22.56337547302246,876
22.85084080696106,873
23.14008903503418,872
23.262434720993042,871
23.837361335754395,870
24.228266954421997,869
24.612671613693237,868
25.18438959121704,866
25.66668391227722,865
26.049123764038086,864
26.338637113571167,863
26.531548976898193,862
26.724425792694092,861
27.0135178565979,860
27.109270572662354,859
27.590375185012817,857
27.974613666534424,856
28.070361375808716,855
28.738031148910522,853
29.79895853996277,852
29.98986291885376,850
30.470733404159546,849
30.85419011116028,848
31.33718991279602,847
31.8192036151886,846
32.31017017364502,845
32.50482511520386,844
32.69715595245361,843
33.08613061904907,842
33.56964588165283,841
34.24153423309326,839
35.002084255218506,838
35.58172059059143,837
36.05578684806824,836
36.64254188537598,835
37.02270150184631,834
37.119834899902344,833
37.59358811378479,832
37.97608971595764,831
38.35878086090088,830
38.74822497367859,829
39.321714878082275,828
39.89631414413452,827
40.37098288536072,826
40.68783760070801,825
41.260013580322266,824
41.85002303123474,823
42.141603231430054,822
42.43191361427307,821
42.814021587371826,820
43.4880645275116,819
43.87506437301636,818
44.45722508430481,817
44.94564723968506,816
45.32934021949768,815
45.615747690200806,814
46.1028356552124,812
46.59323215484619,811
46.88513970375061,810
47.56000590324402,808
48.137866735458374,807
49.00028085708618,806
49.48202109336853,805
50.156089782714844,804
50.63804745674133,803
51.11660027503967,802
51.50563931465149,801
52.08070111274719,800
52.66432428359985,799
53.14776396751404,798
53.734267234802246,797
54.21104550361633,796
54.70100545883179,795
56.33604669570923,793
58.201887369155884,792
59.25469517707825,791
59.64290761947632,790
60.31891083717346,789
60.997880697250366,788
61.67604970932007,787
62.6359224319458,786
63.80735397338867,785
64.47474932670593,784
66.30631446838379,783
66.89415669441223,782
67.37220406532288,781
68.55679440498352,780
69.42512583732605,779
71.06217813491821,778
75.02696466445923,777
76.02635359764099,776
78.82885432243347,775
80.19361710548401,774
85.51747679710388,773
86.85862326622009,772
88.59131693840027,771
96.59485,771