0.18132352828979492,1021
0.2762181758880615,1020
0.3764803409576416,1019
0.4765625,1018
0.6674466133117676,1017
0.763624906539917,1014
0.9572038650512695,1013
1.054180383682251,1011
1.2443618774414062,1009
1.4345202445983887,1005
1.7234492301940918,1004
1.920529842376709,1000
2.015270233154297,999
2.1123316287994385,997
2.4009392261505127,995
2.500123977661133,993
2.69064998626709,991
2.8820416927337646,989
3.075012445449829,988
3.1743764877319336,986
3.55405330657959,984
3.650085210800171,983
3.842430353164673,982
3.9390475749969482,981
4.130370855331421,980
4.335207223892212,979
4.4338812828063965,978
4.5277180671691895,977
4.626606225967407,976
4.916462659835815,974
5.10967755317688,973
5.205370664596558,969
5.500422477722168,968
5.596367359161377,967
5.788615942001343,965
6.0805439949035645,964
6.178330183029175,962
6.367889881134033,961
6.47006893157959,960
6.5665342807769775,959
6.752816677093506,958
6.849372625350952,955
7.253139495849609,954
7.348775625228882,953
7.538074970245361,952
7.827291250228882,949
8.215972900390625,948
8.411883115768433,945
8.702487468719482,944
8.895835638046265,942
9.188066244125366,940
9.383037328720093,939
9.577397346496582,938
9.864544868469238,937
9.957525730133057,936
10.053446292877197,935
10.148690938949585,934
10.446627140045166,933
10.546144723892212,932
10.925348281860352,931
11.218393325805664,929
11.411921501159668,928
11.799839973449707,926
12.182685136795044,925
12.468483209609985,924
12.660322189331055,923
12.760758399963379,922
13.051615715026855,921
13.440839290618896,920
13.640598773956299,919
13.740689516067505,918
14.132804870605469,917
14.330739974975586,915
14.4261155128479,914
14.617465257644653,913
15.005461692810059,912
15.297201871871948,909
15.789661645889282,907
16.076192617416382,906
16.276586532592773,905
16.476947784423828,904
16.870627403259277,903
17.060986280441284,902
17.357149600982666,901
17.74906325340271,900
18.0344820022583,899
18.22719168663025,898
18.70890736579895,897
18.80490279197693,896
18.999525547027588,895
19.29395866394043,894
19.39123845100403,893
19.486809253692627,892
19.776317596435547,891
19.96892547607422,890
20.360245943069458,889
20.745755195617676,887
20.84420132637024,885
21.037938117980957,883
21.715940475463867,882
21.905884265899658,881
22.298324823379517,880
22.49478793144226,879
22.785339832305908,878
23.26645040512085,877
23.584052562713623,876
23.68087410926819,875
23.876728057861328,873
24.070849180221558,872
24.464720726013184,871
24.564680576324463,870
24.861857175827026,869
25.351229667663574,867
25.738529205322266,866
26.322762966156006,865
26.4227077960968,864
26.81122851371765,863
27.291829586029053,860
27.780629873275757,859
28.173348903656006,858
28.26983952522278,857
28.650731086730957,856
28.8437979221344,855
29.127092123031616,854
29.514262914657593,853
29.813008308410645,851
30.299285888671875,850
30.39309048652649,849
31.36305809020996,848
32.05776596069336,846
32.44468355178833,844
33.12981820106506,843
33.520119428634644,842
34.10952877998352,841
34.489314556121826,840
34.977391481399536,839
35.07442569732666,838
35.36409854888916,837
35.9531683921814,836
36.048033475875854,834
36.24122476577759,833
37.014373779296875,832
37.501654863357544,831
37.98464250564575,830
38.755781412124634,829
39.139307498931885,828
39.81876182556152,827
40.136430740356445,826
40.810221672058105,825
41.29518365859985,824
41.68140745162964,823
42.07071828842163,822
42.6570360660553,821
43.143014907836914,820
43.53275489807129,819
44.41099834442139,818
45.19542622566223,817
45.778990507125854,816
46.36918640136719,814
47.64183044433594,813
48.219167947769165,812
48.70764875411987,811
49.498157262802124,810
49.695430278778076,809
50.27927899360657,808
50.85441732406616,807
51.42933225631714,806
52.41092252731323,805
52.80275058746338,804
53.092384576797485,803
54.45234942436218,802
55.22648763656616,801
55.71540570259094,800
56.59819197654724,799
57.8061101436615,798
58.200265884399414,797
58.97244358062744,796
59.7515709400177,795
62.08770799636841,794
63.85112118721008,793
64.92371773719788,792
69.67801284790039,791
70.25866532325745,790
73.06936502456665,789
75.81144976615906,788
76.4881739616394,787
77.93969440460205,786
79.39307236671448,785
80.46131873130798,784
82.00713181495667,783
83.27136778831482,782
83.8494381904602,781
90.48657155036926,780
97.4445,780