0.18419337272644043,1020
0.27747130393981934,1015
0.6696863174438477,1013
0.7675352096557617,1012
0.9644439220428467,1011
1.0617632865905762,1009
1.3581907749176025,1008
1.5445938110351562,1004
1.8297114372253418,1003
1.9280433654785156,1002
2.0247151851654053,1001
2.1198108196258545,1000
2.2145323753356934,997
2.604668617248535,996
2.700181007385254,995
2.797839403152466,992
3.0870466232299805,987
3.3802363872528076,985
3.672910213470459,983
3.8677902221679688,981
3.9650702476501465,980
4.159342288970947,979
4.258261203765869,978
4.450165510177612,977
4.548842430114746,976
4.647794246673584,975
4.744145631790161,974
4.839065074920654,973
5.034740686416626,971
5.226316928863525,970
5.3201868534088135,968
5.5158655643463135,967
5.610422611236572,965
5.908267021179199,964
6.006932497024536,960
6.389781951904297,959
6.678095817565918,957
6.772513151168823,956
7.089438199996948,954
7.381221055984497,953
7.672471761703491,952
7.866987228393555,951
7.962373971939087,950
8.251070737838745,949
8.445912599563599,948
8.737224578857422,947
8.835177183151245,946
9.02901315689087,945
9.220922231674194,943
9.5134117603302,941
9.80907678604126,939
10.097778797149658,938
10.486597061157227,936
10.68248176574707,935
11.071164846420288,934
11.167338132858276,933
11.561922073364258,931
11.956970691680908,930
12.054796934127808,929
12.245938777923584,928
12.628639698028564,927
12.913225650787354,926
13.112141609191895,924
13.302505493164062,923
13.783132076263428,922
13.88275671005249,921
14.075832605361938,919
14.366697072982788,918
14.466161012649536,917
14.758118867874146,916
14.853052854537964,915
15.153574705123901,914
15.351792335510254,913
15.642394542694092,912
15.741200923919678,910
16.03492283821106,909
16.230634450912476,908
16.42669916152954,907
16.62476873397827,906
16.914485216140747,905
17.213200092315674,904
17.60895872116089,902
18.09506607055664,901
18.290822982788086,900
18.588387727737427,898
18.981501579284668,897
19.1754310131073,895
19.46879768371582,893
19.760990858078003,892
20.053637266159058,891
20.452078819274902,890
20.945116758346558,889
21.339295148849487,887
21.62890315055847,886
22.014338970184326,885
22.212863206863403,884
22.600340366363525,883
22.89014506340027,882
22.990180730819702,880
23.287323236465454,879
23.383339166641235,878
23.700318813323975,877
23.893166542053223,876
24.3754940032959,875
24.67073631286621,874
24.8673312664032,873
24.967445373535156,872
25.162769556045532,871
25.358718872070312,870
25.84619402885437,869
26.338868379592896,867
26.829094409942627,866
27.41335940361023,865
27.806925296783447,863
28.583927392959595,862
29.16853427886963,861
29.650330305099487,860
29.846834182739258,859
30.23321795463562,858
30.72530245780945,857
30.921684503555298,856
31.410492420196533,854
31.806299209594727,853
31.90325903892517,852
32.49012494087219,851
32.97272753715515,850
33.267473220825195,849
33.94167399406433,848
34.236833810806274,847
34.71905016899109,846
35.30558443069458,845
35.981499433517456,844
36.67361402511597,843
36.86489701271057,842
37.44947528839111,841
37.84606051445007,840
38.426615476608276,839
39.00509691238403,838
39.39393329620361,837
39.779263973236084,836
40.19401001930237,835
40.580666303634644,834
40.975714921951294,833
41.55564475059509,832
41.943087100982666,830
42.43613576889038,829
42.93065857887268,828
43.420245885849,827
44.10151982307434,826
44.78623628616333,825
45.081647872924805,824
45.571322441101074,823
45.968517780303955,822
46.55691051483154,820
47.0411593914032,819
47.71811628341675,818
48.01255178451538,817
48.20695638656616,816
48.88279056549072,815
49.36389636993408,814
49.75066423416138,813
50.151559352874756,812
50.82686424255371,811
51.30675292015076,810
51.79432654380798,809
52.47766184806824,808
53.074440479278564,807
54.144766092300415,806
55.02380013465881,805
55.412633180618286,804
56.19147992134094,803
56.681318283081055,802
57.07072615623474,801
57.657609701156616,799
58.267000913619995,798
59.44909477233887,797
60.12642240524292,796
61.497936725616455,795
61.99158501625061,794
62.38650035858154,793
63.36340308189392,792
63.7576847076416,791
64.43866491317749,790
64.92802906036377,789
65.81735801696777,788
67.56618285179138,787
68.15995907783508,786
69.33940553665161,785
70.3229660987854,784
71.01018571853638,783
74.23511743545532,782
76.50086450576782,781
77.38756465911865,780
78.37095475196838,779
78.66856694221497,778
81.41321325302124,777
82.78795099258423,776
84.24843907356262,775
86.38445162773132,774
91.5692789554596,773
93.13591194152832,772
94.61810660362244,771
95.19402694702148,770
97.83433,770