0.04453635215759277,746
0.044834136962890625,746
0.06004738807678223,745
0.06073498725891113,744
0.06363272666931152,743
0.06437182426452637,742
0.0859231948852539,741
0.09225273132324219,740
0.11035394668579102,739
0.11833691596984863,738
0.1830127239227295,737
0.1888132095336914,736
0.21643424034118652,735
0.2244579792022705,734
0.2375626564025879,733
0.2927563190460205,732
0.31998705863952637,731
0.35616350173950195,730
0.36144185066223145,729
0.39101624488830566,728
0.4460935592651367,727
0.47882771492004395,726
0.4852893352508545,725
0.5232012271881104,724
0.6129069328308105,723
0.6663901805877686,722
0.6848835945129395,721
0.6953024864196777,720
0.725567102432251,719
0.7274553775787354,718
0.7683610916137695,717
0.7975976467132568,716
0.8485400676727295,715
1.1108345985412598,714
1.152777910232544,713
1.207118272781372,712
1.6566228866577148,711
1.7420635223388672,710
2.276308059692383,709
2.4622011184692383,708
4.1429383754730225,707
4.227651596069336,706
4.790873289108276,705
7.427856206893921,704
180.5378077030182,703
