0.0443425178527832,746
0.0446319580078125,746
0.06473445892333984,745
0.07142400741577148,744
0.07161927223205566,743
0.08220267295837402,742
0.08665871620178223,741
0.08769631385803223,740
0.11252307891845703,739
0.11273717880249023,738
0.12362170219421387,737
0.14136576652526855,736
0.204209566116333,735
0.20717811584472656,734
0.22609853744506836,733
0.2693345546722412,732
0.2959880828857422,731
0.3095672130584717,730
0.3437671661376953,729
0.4076681137084961,728
0.41164565086364746,727
0.44943666458129883,726
0.5218236446380615,725
0.5782325267791748,724
0.600820779800415,723
0.6873698234558105,722
0.7233152389526367,721
0.7716975212097168,720
1.0220212936401367,719
1.043416976928711,718
1.0796141624450684,717
1.0914900302886963,716
1.135772466659546,715
1.339902639389038,714
1.5052952766418457,713
1.551891565322876,712
1.7032921314239502,711
2.3002946376800537,710
3.658407688140869,709
4.721858501434326,708
4.735893487930298,707
5.983415842056274,706
14.319700002670288,705
25.032522678375244,704
135.68811106681824,703
