0.04462122917175293,746
0.04491376876831055,746
0.05858969688415527,745
0.06689643859863281,744
0.07630014419555664,743
0.08599138259887695,742
0.09096956253051758,741
0.09804987907409668,740
0.09808182716369629,739
0.11345648765563965,738
0.1281754970550537,737
0.12845492362976074,736
0.14634251594543457,735
0.1590728759765625,734
0.1716599464416504,733
0.2043156623840332,732
0.22285962104797363,731
0.22351884841918945,730
0.22897815704345703,729
0.25090885162353516,728
0.30861496925354004,727
0.33140993118286133,726
0.33920812606811523,725
0.45470309257507324,724
0.4737880229949951,723
0.4769139289855957,722
0.5573732852935791,721
0.603980302810669,720
0.6409173011779785,719
0.7249610424041748,718
0.7272191047668457,717
0.7809016704559326,716
0.8407015800476074,715
0.8490040302276611,714
0.9130940437316895,713
1.0827610492706299,712
1.1631977558135986,711
1.2286391258239746,710
1.5695233345031738,709
1.789752721786499,708
6.072225093841553,707
8.471334457397461,706
15.874600410461426,705
25.367501735687256,704
73.87664008140564,703
