0.04449057579040527,746
0.044783830642700195,746
0.06594181060791016,745
0.07457137107849121,744
0.08242034912109375,743
0.08542442321777344,742
0.0987088680267334,741
0.10121321678161621,740
0.10655713081359863,739
0.11246800422668457,738
0.1296384334564209,737
0.15346813201904297,736
0.15707778930664062,735
0.1694638729095459,734
0.17065930366516113,733
0.20567679405212402,732
0.21079397201538086,731
0.23473501205444336,730
0.23833060264587402,729
0.2517735958099365,728
0.2612912654876709,727
0.3102531433105469,726
0.325817346572876,725
0.3933594226837158,724
0.41280508041381836,723
0.5280840396881104,722
0.7252388000488281,721
0.7297441959381104,720
0.7474560737609863,719
0.8181247711181641,718
0.8261423110961914,717
0.8785333633422852,716
1.1983108520507812,715
1.4800386428833008,714
1.5249767303466797,713
1.8295023441314697,712
1.9995543956756592,711
2.05667781829834,710
2.2962214946746826,709
4.957071542739868,708
5.102320432662964,707
6.4722373485565186,706
17.251949310302734,705
17.44543695449829,704
52.84824085235596,703
