0.18137145042419434,1020
0.2770419120788574,1019
0.3760089874267578,1018
0.47440028190612793,1015
0.6634557247161865,1013
0.7621495723724365,1011
0.9546411037445068,1010
1.153289794921875,1007
1.3501405715942383,1006
1.4488887786865234,1003
1.6431057453155518,1002
1.740323543548584,1000
2.033871650695801,998
2.234515428543091,996
2.530352830886841,994
2.6307713985443115,993
2.72884464263916,992
3.0170912742614746,990
3.1150097846984863,989
3.4078736305236816,988
3.5054149627685547,986
3.702646493911743,985
3.7989795207977295,983
3.998098373413086,982
4.195546865463257,980
4.486313104629517,979
4.583587646484375,977
4.7797698974609375,973
5.071070194244385,972
5.267362356185913,970
5.561154127120972,968
5.854827165603638,966
6.149257659912109,963
6.348227262496948,962
6.643869876861572,961
6.742534875869751,960
6.841322898864746,959
7.258738279342651,957
7.361706495285034,956
7.559969186782837,955
7.851604700088501,954
7.94893217086792,953
8.342830181121826,951
8.738624572753906,950
8.836206912994385,949
9.032227516174316,948
9.334173202514648,947
9.531407356262207,946
9.626074075698853,945
9.823976039886475,943
10.223901271820068,941
10.51831316947937,939
10.61985969543457,938
10.920868635177612,937
11.214340448379517,936
11.410804510116577,935
11.50711989402771,934
11.802444696426392,933
11.997069835662842,932
12.191260814666748,930
12.584973096847534,929
12.777794122695923,928
12.880242347717285,927
13.271556615829468,926
13.37251329421997,925
13.762735843658447,923
14.060971975326538,922
14.157221555709839,921
14.450585842132568,920
14.744583368301392,919
15.033787488937378,917
15.324463844299316,916
15.717739820480347,914
15.9082190990448,913
16.007928133010864,912
16.20486545562744,911
16.406469106674194,910
16.698793649673462,908
17.09645700454712,907
17.2928946018219,905
17.68268394470215,904
17.979368686676025,901
18.676583766937256,898
18.867389678955078,897
19.44880700111389,895
19.748077392578125,894
19.94736123085022,893
20.439138412475586,890
20.93266487121582,889
21.43334698677063,888
21.633479595184326,887
21.836371183395386,886
22.03429388999939,885
22.231331825256348,884
22.43344235420227,883
23.119600534439087,882
23.40932536125183,881
23.607237577438354,880
23.92624855041504,879
24.217814207077026,878
24.515655994415283,877
24.80316996574402,876
24.90262508392334,875
25.200190782546997,874
25.495042324066162,871
26.184891939163208,870
26.386120080947876,869
26.770614624023438,868
27.16490912437439,867
27.65813398361206,866
28.050086736679077,865
28.148382663726807,864
28.44559407234192,863
28.837375164031982,862
29.132555723190308,861
29.327425718307495,860
29.614225387573242,859
30.001932621002197,858
30.100822687149048,857
30.687114715576172,856
31.082583904266357,855
31.284300088882446,854
31.674822568893433,853
32.55838871002197,852
32.95878577232361,851
33.45996165275574,850
33.66098237037659,849
34.05215859413147,848
34.34412217140198,847
34.73028492927551,846
35.0263466835022,844
35.41399669647217,843
35.905972719192505,842
36.89632034301758,841
37.19662022590637,840
37.794169425964355,839
38.19384503364563,837
38.68905758857727,836
39.08275270462036,835
39.48207402229309,834
39.868151903152466,833
40.357285022735596,832
40.85791063308716,831
41.339009284973145,830
41.76190686225891,829
42.16018509864807,828
42.85214161872864,827
43.049935817718506,826
43.933098554611206,825
44.330968379974365,824
44.72678256034851,823
45.01757025718689,822
45.314053535461426,821
45.71314716339111,820
46.405168294906616,819
46.8968391418457,818
47.48934459686279,817
48.3811891078949,816
48.86402082443237,815
49.55813121795654,814
50.35086464881897,812
50.645360231399536,811
51.23343229293823,810
51.825886487960815,809
52.31825852394104,808
52.905136585235596,807
53.30080246925354,806
53.79388499259949,805
54.472193479537964,804
55.0727744102478,803
55.559953689575195,802
56.05234980583191,801
56.94469928741455,800
57.44139838218689,799
58.144304275512695,798
60.15057611465454,797
60.73911762237549,796
63.30617141723633,795
64.08883619308472,794
66.2970118522644,793
67.18655204772949,792
68.17165732383728,791
69.16204404830933,790
70.4633481502533,789
71.65836882591248,788
73.33377051353455,787
75.8076651096344,786
77.2821319103241,785
78.78548383712769,784
81.05811190605164,783
84.1191258430481,782
85.39270615577698,781
87.17029786109924,780
89.4445743560791,779
91.61409735679626,778
97.64829754829407,777
98.82798,777