0.18135476112365723,1020
0.372544527053833,1019
0.46819067001342773,1017
0.664553165435791,1016
0.763016939163208,1015
0.8590066432952881,1012
1.1374194622039795,1011
1.3242285251617432,1010
1.419978380203247,1009
1.613396167755127,1006
1.7125320434570312,1004
1.906996726989746,1003
2.0994701385498047,1002
2.196571111679077,1001
2.294468879699707,1000
2.4889464378356934,998
2.5886948108673096,996
2.784769296646118,994
3.068455696105957,993
3.1654138565063477,992
3.3604633808135986,989
3.650256633758545,987
3.8439526557922363,986
3.9432754516601562,984
4.128430366516113,983
4.226345062255859,982
4.323446035385132,981
4.419329643249512,978
4.617100715637207,976
4.714248895645142,975
5.003155469894409,974
5.192793607711792,972
5.389019727706909,971
5.582989931106567,968
5.968734264373779,967
6.253312587738037,966
6.3500120639801025,964
6.538060903549194,963
6.727956295013428,961
6.918478727340698,960
7.135768175125122,958
7.328939199447632,957
7.521149635314941,955
7.715931177139282,954
7.910243034362793,953
8.10422396659851,952
8.399487733840942,948
8.782082796096802,946
9.062067031860352,945
9.160432815551758,944
9.54709506034851,943
9.643471717834473,941
9.932638168334961,940
10.126034498214722,939
10.323925256729126,938
10.512676477432251,937
10.60710096359253,936
10.998440504074097,935
11.095178842544556,934
11.289571523666382,932
11.578829288482666,929
11.868337869644165,928
11.964864492416382,927
12.154672145843506,926
12.346481800079346,925
12.534339189529419,924
12.730419397354126,922
12.925359010696411,921
13.321091413497925,920
13.60637092590332,919
13.70449948310852,918
13.901397228240967,916
14.193434715270996,915
14.392881870269775,913
14.78167724609375,911
14.976170539855957,910
15.264329671859741,908
15.648655414581299,907
16.04028034210205,906
16.235636949539185,905
16.521196365356445,902
16.905012130737305,901
17.09835958480835,900
17.1993465423584,899
17.594149827957153,897
18.178531408309937,896
18.277412176132202,895
18.467161893844604,894
18.56757402420044,893
18.6668484210968,892
18.959999322891235,891
19.060890436172485,889
19.347752809524536,888
19.548823595046997,887
19.74579167366028,886
19.842541933059692,885
20.23129367828369,884
20.52081274986267,883
20.619548797607422,881
21.108367681503296,880
21.401510000228882,879
21.693663597106934,878
21.887003421783447,877
22.080459117889404,876
22.281174659729004,875
22.378818035125732,874
22.474388360977173,873
22.95379066467285,872
23.337493181228638,871
23.652853965759277,870
23.942827224731445,869
24.238205671310425,868
24.53967523574829,867
25.117516040802002,866
25.405858993530273,865
25.697596073150635,864
25.99242401123047,863
26.381937503814697,862
26.475480794906616,861
26.767745971679688,860
27.35126233100891,859
27.641879558563232,858
27.742185592651367,857
28.136056661605835,856
28.725156545639038,855
29.21219563484192,853
29.60222578048706,851
30.382097482681274,850
30.579482078552246,849
31.1559579372406,848
31.641690492630005,847
32.03126525878906,846
32.221776723861694,845
32.804866552352905,844
33.1991126537323,842
33.58865761756897,841
33.98093295097351,840
34.27487778663635,839
34.76003313064575,838
35.158820152282715,837
35.44641900062561,836
35.83144736289978,835
36.313920736312866,834
36.69575095176697,833
36.988341093063354,832
37.47613000869751,831
37.76876211166382,830
38.24930262565613,829
38.83547496795654,828
39.41436195373535,827
40.123189210891724,826
40.40786004066467,825
40.98776292800903,824
41.47751522064209,823
42.35696601867676,822
43.32730746269226,821
44.103140115737915,820
44.9813494682312,819
45.36705207824707,818
46.243388652801514,817
46.72623252868652,816
47.49403667449951,815
48.172393560409546,813
48.84718465805054,812
49.541348457336426,811
50.41413426399231,809
52.84861373901367,808
53.33760094642639,806
54.03371334075928,805
54.52464509010315,804
54.92017436027527,803
55.7929151058197,802
56.37453508377075,801
57.36479926109314,800
57.77749848365784,799
58.6504225730896,798
59.13409948348999,797
60.88562083244324,796
61.26576042175293,795
61.65058898925781,794
62.330827713012695,793
62.623454570770264,792
63.59364891052246,791
64.66478753089905,790
65.54012370109558,789
66.81295251846313,788
67.39475297927856,787
69.14622569084167,786
69.73551177978516,785
71.79076385498047,784
72.4794921875,783
73.06166744232178,782
75.1107656955719,781
75.90718460083008,780
76.3943190574646,779
78.42993831634521,778
79.40128993988037,777
81.46209239959717,776
81.95138645172119,775
93.69357657432556,774
97.50453,774