0.04424738883972168,746
0.0445408821105957,746
0.056223154067993164,745
0.06430196762084961,744
0.06859612464904785,743
0.06874537467956543,742
0.07668519020080566,741
0.08480453491210938,740
0.11085367202758789,739
0.1244814395904541,738
0.14167070388793945,737
0.1502377986907959,736
0.15299367904663086,735
0.15974831581115723,734
0.21383142471313477,733
0.21577739715576172,732
0.2350010871887207,731
0.24218392372131348,730
0.24557018280029297,729
0.27303385734558105,728
0.28806090354919434,727
0.3000640869140625,726
0.36069416999816895,725
0.3643302917480469,724
0.4148573875427246,723
0.4400644302368164,722
0.4859023094177246,721
0.506134033203125,720
0.5520474910736084,719
0.5795581340789795,718
0.6384983062744141,717
0.6427459716796875,716
0.6936566829681396,715
0.6972832679748535,714
0.6988883018493652,713
1.1632905006408691,712
1.2086172103881836,711
1.4862706661224365,710
1.595618486404419,709
1.8322350978851318,708
2.301287889480591,707
2.399202585220337,706
7.428990364074707,705
73.82356309890747,704
