0.2282707691192627,1130
0.3397707939147949,1129
0.4521026611328125,1124
0.6629524230957031,1123
0.8749942779541016,1122
0.9883627891540527,1121
1.2041895389556885,1120
1.308638572692871,1119
1.4168329238891602,1118
1.5257318019866943,1117
1.640526533126831,1116
1.7473843097686768,1115
1.9752800464630127,1113
2.1979546546936035,1111
2.4177186489105225,1110
2.535449981689453,1108
2.6435439586639404,1106
2.867830753326416,1104
3.0937790870666504,1103
3.202148199081421,1102
3.312868595123291,1101
3.528676986694336,1100
3.6385700702667236,1099
3.8670849800109863,1098
3.9793848991394043,1097
4.086481094360352,1093
4.421274185180664,1091
4.535460472106934,1090
4.9834065437316895,1089
5.204674243927002,1088
5.321120500564575,1084
5.433511734008789,1083
5.768887281417847,1082
5.990024566650391,1081
6.102185964584351,1080
6.219668388366699,1078
6.549171209335327,1076
6.773122787475586,1075
6.884547233581543,1074
6.99392294883728,1073
7.325237512588501,1072
7.435962438583374,1071
7.54956316947937,1070
7.90414571762085,1068
8.125492095947266,1067
8.340003490447998,1066
8.564175367355347,1064
8.790994882583618,1063
9.018800258636475,1062
9.129466533660889,1061
9.457864761352539,1059
9.570527791976929,1058
9.789626598358154,1057
9.903522253036499,1056
10.122083902359009,1055
10.347120523452759,1054
10.684594631195068,1053
10.794405460357666,1052
10.904590129852295,1051
11.12817096710205,1050
11.238340854644775,1049
11.681328773498535,1048
11.898444652557373,1046
12.114411354064941,1045
12.33683180809021,1043
12.562381029129028,1042
12.669852018356323,1041
12.884772300720215,1040
13.213035106658936,1039
13.326069116592407,1038
13.43317723274231,1037
13.657237768173218,1035
13.765625238418579,1034
13.984207391738892,1033
14.201795101165771,1032
14.316302299499512,1031
14.540919542312622,1029
14.764347314834595,1028
14.877726316452026,1026
15.312418699264526,1025
15.420360565185547,1024
15.64549994468689,1023
15.760873079299927,1021
15.878260135650635,1020
16.20542597770691,1019
16.52698588371277,1018
16.748061656951904,1017
16.86033272743225,1016
17.191937923431396,1015
17.413567543029785,1014
17.52263879776001,1012
18.078493118286133,1011
18.1901593208313,1010
18.516817569732666,1008
18.94782328605652,1005
19.39509081840515,1003
19.62047266960144,1002
19.73796248435974,1001
19.85818386077881,1000
20.07753872871399,999
20.408294200897217,997
20.85588574409485,996
20.966782093048096,995
21.397695302963257,994
21.513617515563965,993
21.839341402053833,990
22.063233852386475,989
22.28746271133423,987
22.51143217086792,986
22.73096466064453,985
23.170820236206055,984
23.28524374961853,983
23.624619007110596,981
23.844419717788696,980
24.18045425415039,979
24.51106858253479,978
24.625181674957275,977
24.84674072265625,976
25.072540760040283,974
25.51675844192505,973
25.62680745124817,971
26.06443953514099,969
26.52754807472229,968
26.640689849853516,967
27.07822847366333,966
27.180680513381958,964
27.289641618728638,963
27.50743079185486,962
27.73006510734558,961
28.062888383865356,960
28.172630786895752,959
28.50473976135254,958
28.959227323532104,957
29.173996210098267,956
29.512552499771118,955
29.624358654022217,954
29.83523988723755,953
30.28384566307068,952
30.71758484840393,951
30.82460117340088,949
31.27018117904663,948
31.38001251220703,947
31.608247756958008,946
31.831591844558716,945
32.37877058982849,943
32.59932589530945,942
32.934189796447754,941
33.04273557662964,940
33.15717315673828,939
33.70931601524353,938
34.04913258552551,937
34.28160548210144,936
34.73282980918884,935
34.844605684280396,934
35.39500975608826,933
35.510613441467285,932
35.619531869888306,931
35.95612835884094,930
36.29209065437317,928
36.62883806228638,927
36.85397410392761,926
37.40608859062195,925
37.85075569152832,924
38.29072189331055,922
38.74416422843933,921
39.07820796966553,920
39.41249346733093,919
39.52506971359253,918
39.861348390579224,917
40.304601430892944,916
40.74803328514099,915
41.087416887283325,914
41.41449046134949,913
41.74765372276306,912
42.090675830841064,911
42.426618814468384,910
42.87033247947693,908
43.556018114089966,906
44.117040157318115,905
44.22641611099243,904
44.888062715530396,902
45.10899353027344,901
45.248003244400024,900
45.81069278717041,899
46.02730870246887,898
46.47236227989197,897
47.03081703186035,896
47.1443145275116,895
47.59104609489441,893
47.81109952926636,892
47.924927949905396,891
48.37660574913025,889
48.707863330841064,888
48.92983365058899,887
49.37810039520264,886
49.938276529312134,885
50.266159534454346,884
50.60253071784973,883
51.15351319313049,881
51.59496331214905,880
51.707494020462036,879
51.81968593597412,878
52.38250136375427,877
52.83451724052429,876
53.38850021362305,875
53.50123405456543,874
53.838993549346924,873
54.502366065979004,872
54.82801628112793,871
55.2736120223999,870
55.83173108100891,869
56.16507077217102,868
56.617324352264404,867
56.839604139328,866
57.29597854614258,865
57.74346852302551,864
57.859238147735596,863
58.63023614883423,862
59.0773549079895,861
59.41248965263367,860
59.520830154418945,859
59.854963541030884,858
60.29993152618408,857
60.529975175857544,856
60.86631202697754,855
60.98132348060608,854
61.649455308914185,853
62.31044626235962,852
62.74822497367859,851
63.08757662773132,850
63.64682960510254,849
64.19721508026123,846
64.63997769355774,845
65.08446860313416,843
65.19798493385315,842
65.4470202922821,841
65.78752398490906,840
66.23614716529846,839
67.00495862960815,838
67.22347235679626,837
67.66801619529724,836
67.8938045501709,835
68.23002457618713,834
68.79475402832031,833
68.90794038772583,832
69.36163973808289,831
69.4742865562439,830
70.0246684551239,829
70.13909888267517,828
70.36844778060913,827
71.04709649085999,826
71.38411402702332,825
71.71504426002502,824
72.26999592781067,823
72.71981692314148,822
73.04454708099365,821
73.5992157459259,820
73.71555471420288,819
74.28652167320251,818
74.50435066223145,817
75.27996683120728,816
75.85806369781494,815
75.96409249305725,814
76.40722751617432,813
77.28635883331299,812
77.85181069374084,811
77.96460795402527,810
78.2985737323761,808
78.85693144798279,806
79.42087602615356,805
79.52818131446838,804
79.86682200431824,803
80.7555980682373,802
81.4097535610199,801
81.7479875087738,800
82.42500257492065,798
83.65272188186646,797
83.98176193237305,796
84.76333379745483,794
85.20945906639099,793
85.54641437530518,792
86.11915969848633,791
86.69216418266296,790
87.14112448692322,789
87.58568787574768,788
87.69728255271912,787
88.91465067863464,786
89.36895442008972,785
89.82957601547241,784
90.48007225990295,783
91.25199937820435,782
91.59018540382385,781
92.14932107925415,780
92.37241268157959,779
92.82629990577698,777
93.71758604049683,776
94.17689299583435,775
94.62600016593933,774
95.17199325561523,773
95.49799990653992,772
95.72100138664246,771
96.0566759109497,770
96.62830305099487,769
97.09205150604248,767
97.41522073745728,766
98.20227813720703,765
98.64855408668518,764
98.99357557296753,762
99.77034878730774,761
100.4437747001648,760
100.77163791656494,759
101.53531789779663,758
101.97983264923096,757
102.20092630386353,756
102.65184593200684,755
102.86967778205872,754
103.65370559692383,753
104.09352016448975,752
104.43790245056152,751
105.11812496185303,750
105.79238653182983,749
106.37057590484619,748
107.14355707168579,747
107.91663599014282,746
109.03843665122986,745
109.83044004440308,744
110.70614361763,743
111.38712525367737,742
111.60614,742