0.05766749382019043,614
0.05799436569213867,614
0.06862115859985352,613
0.07455945014953613,612
0.08444786071777344,611
0.09793567657470703,610
0.1034996509552002,609
0.10579681396484375,608
0.11416387557983398,607
0.1328592300415039,606
0.1524357795715332,605
0.17836546897888184,604
0.18843865394592285,603
0.23673486709594727,602
0.29497671127319336,601
0.37948107719421387,600
0.4633951187133789,599
0.5341479778289795,598
0.5639593601226807,597
0.6934382915496826,596
0.7423827648162842,595
1.3024418354034424,594
