0.056916236877441406,614
0.057238101959228516,614
0.08858084678649902,613
0.0905144214630127,612
0.0918123722076416,611
0.10357785224914551,610
0.1506659984588623,609
0.17229127883911133,608
0.2256925106048584,607
0.2347092628479004,606
0.2622246742248535,605
0.27384114265441895,604
0.2853872776031494,603
0.2994377613067627,602
0.35988521575927734,601
0.39461565017700195,600
0.42278456687927246,599
0.6762475967407227,598
0.8201513290405273,597
0.8556573390960693,596
0.8768951892852783,595
2.058986186981201,594
