0.22898650169372559,1128
0.34276652336120605,1127
0.45322084426879883,1126
0.5613880157470703,1125
0.7825899124145508,1123
0.8926002979278564,1122
1.0029914379119873,1120
1.3293044567108154,1119
1.4392962455749512,1117
1.658998727798462,1116
1.874871015548706,1113
2.0901939868927,1111
2.3237409591674805,1110
2.438710927963257,1109
2.5500993728637695,1108
2.982760429382324,1106
3.093029260635376,1104
3.2054760456085205,1103
3.3215370178222656,1101
3.535940408706665,1100
3.6466541290283203,1099
3.7544312477111816,1098
4.087796688079834,1096
4.418837070465088,1095
4.536347389221191,1093
4.751291513442993,1092
4.97100830078125,1091
5.084678649902344,1090
5.309745788574219,1089
5.420638084411621,1088
5.641671419143677,1087
5.749701261520386,1084
6.1867876052856445,1083
6.401906251907349,1081
6.513066053390503,1079
6.837408065795898,1078
6.945927858352661,1076
7.274127721786499,1074
7.494048357009888,1070
7.740506887435913,1068
7.956651210784912,1067
8.064887762069702,1066
8.395160436630249,1065
8.608393907546997,1064
8.723244667053223,1063
8.94946026802063,1062
9.162898302078247,1061
9.38045358657837,1059
9.824603080749512,1058
9.935661554336548,1056
10.154762744903564,1055
10.591532468795776,1054
10.70118522644043,1053
11.02370834350586,1051
11.23871111869812,1049
11.575736284255981,1048
11.791845798492432,1046
12.121526956558228,1045
12.227593660354614,1043
12.561310052871704,1041
12.775572538375854,1040
12.88953709602356,1038
13.332677364349365,1037
13.447598695755005,1036
13.789034605026245,1035
14.002845764160156,1034
14.114815711975098,1033
14.23043155670166,1032
14.448934078216553,1031
14.66518759727478,1029
14.88239073753357,1028
15.220121622085571,1027
15.333497285842896,1026
15.447077751159668,1025
15.660168170928955,1024
15.88586139678955,1022
16.321176528930664,1021
16.534085035324097,1019
16.86849069595337,1017
17.094090700149536,1015
17.65057897567749,1014
17.762149572372437,1013
18.313188791275024,1011
18.64431142807007,1010
18.973468542099,1009
19.195218801498413,1008
19.41835618019104,1006
19.755619287490845,1005
19.974074363708496,1004
20.192224740982056,1003
20.52813172340393,1002
20.741363525390625,1001
20.959884643554688,999
21.069548845291138,998
21.50986385345459,997
21.615306854248047,995
22.057818174362183,993
22.391422986984253,991
22.61608576774597,988
23.167545795440674,987
23.285111665725708,986
23.731144666671753,985
23.954618453979492,984
24.39842677116394,981
24.94175410270691,979
25.378630876541138,978
25.488932371139526,977
25.603367567062378,976
25.827991008758545,975
26.049397468566895,974
26.16169810295105,972
26.51614212989807,971
26.850276708602905,969
27.30455732345581,967
27.749401330947876,966
27.969676971435547,964
28.18896770477295,963
28.518248558044434,962
28.73473334312439,961
28.958064079284668,960
29.06840205192566,959
29.39802360534668,958
29.51091456413269,956
29.83981418609619,955
29.952380180358887,954
30.28399157524109,953
30.39801263809204,952
30.95462131500244,951
31.175092220306396,950
31.29023790359497,948
31.949061632156372,946
32.62229108810425,945
32.959882974624634,944
33.291663646698,942
33.83722448348999,941
33.94535946846008,940
34.172401905059814,939
34.602673292160034,938
34.7136504650116,937
35.2700629234314,936
35.49920058250427,935
35.840912103652954,934
35.94667315483093,932
36.279181480407715,930
36.61517095565796,929
36.95085024833679,928
37.27772283554077,926
37.49730134010315,925
37.60912537574768,924
37.837055921554565,923
38.276912212371826,922
38.72008681297302,921
38.83428168296814,920
39.49238657951355,919
39.95111966133118,918
40.28349947929382,917
40.629586696624756,916
40.74165415763855,915
40.972227334976196,913
41.4136278629303,912
41.63242030143738,910
41.95952391624451,909
42.18456816673279,908
42.61461424827576,907
42.83191180229187,906
43.27076840400696,905
43.595858097076416,904
43.820040225982666,902
44.155882120132446,901
44.484508752822876,900
44.70137810707092,898
45.36601972579956,897
45.48169684410095,896
45.70491862297058,895
46.24623489379883,894
46.59939503669739,893
47.05177354812622,892
47.171095848083496,891
47.73033690452576,890
48.1705105304718,889
48.72046613693237,888
48.828712701797485,887
49.38496208190918,886
49.49405527114868,885
49.830312967300415,884
50.48724699020386,883
50.930410623550415,882
51.14732217788696,881
51.60280728340149,879
52.0458619594574,876
52.26474976539612,875
52.3778018951416,874
52.82727813720703,873
52.9433958530426,872
53.05203866958618,871
53.49796462059021,869
54.15524506568909,867
54.715984582901,866
54.82367920875549,865
55.59538149833679,864
55.81572151184082,863
56.154855728149414,862
56.49118185043335,861
56.937779664993286,859
57.269060373306274,858
57.70930790901184,857
57.937371492385864,856
58.3768789768219,855
58.81763672828674,854
59.160117626190186,853
59.49710130691528,852
60.061466693878174,851
60.62190341949463,850
60.8465850353241,849
61.39867424964905,848
61.62451767921448,847
62.067506313323975,846
62.40539026260376,845
63.06437087059021,844
63.602529764175415,843
64.0490710735321,842
64.70759391784668,840
65.50185060501099,839
65.72671246528625,838
66.05256962776184,837
66.84629273414612,836
67.29995369911194,835
67.63980746269226,834
67.97655057907104,833
68.5282154083252,832
68.9710865020752,831
69.52307939529419,829
70.18709540367126,828
70.52855396270752,827
70.86989259719849,826
71.4230740070343,824
71.98332071304321,822
72.32141256332397,820
72.97865724563599,819
73.08718013763428,818
73.52775287628174,817
73.96220135688782,816
74.40848302841187,815
74.73974919319153,814
74.96363115310669,813
75.9562656879425,812
76.18245577812195,811
76.85655665397644,810
77.19512152671814,809
77.74644923210144,807
78.18163514137268,806
78.62583661079407,805
78.84408664703369,804
79.0658872127533,803
79.61606740951538,802
80.06075859069824,801
80.62308621406555,800
80.95274662971497,799
81.95510673522949,798
82.39444494247437,797
82.7262499332428,796
83.26372122764587,795
83.7045955657959,794
84.1432945728302,793
84.47458028793335,792
85.01986742019653,791
86.14182424545288,790
86.72778105735779,789
87.29294800758362,788
87.51417779922485,787
87.95610189437866,786
88.6149411201477,785
89.61695957183838,784
90.06151700019836,783
90.62473773956299,782
91.07576608657837,781
91.63216710090637,780
92.08610463142395,779
92.63408088684082,778
93.40834927558899,777
93.51761054992676,776
94.3466248512268,775
94.79113936424255,774
95.58494687080383,773
95.9224636554718,772
96.36103987693787,771
96.92986702919006,770
97.5860424041748,769
98.35445070266724,768
99.12366390228271,767
99.78329110145569,766
100.0047173500061,765
100.77609705924988,764
101.22032308578491,763
101.77560663223267,762
102.33067393302917,761
102.77098393440247,760
103.88245725631714,759
104.88797736167908,758
105.33359456062317,757
105.88860964775085,755
106.44177579879761,754
107.46783566474915,753
108.13448071479797,752
108.78630352020264,751
109.2419376373291,750
109.46210956573486,749
109.91349267959595,748
110.36083722114563,747
110.80112934112549,746
111.13099,746