0.05923581123352051,614
0.0595700740814209,614
0.07005119323730469,613
0.09390783309936523,612
0.0957188606262207,611
0.10322046279907227,610
0.10328102111816406,609
0.12789249420166016,608
0.1606433391571045,607
0.16418790817260742,606
0.16696763038635254,605
0.21474623680114746,604
0.33542633056640625,603
0.35648393630981445,602
0.40412187576293945,601
0.5197854042053223,600
0.6783642768859863,599
0.7603664398193359,598
0.932391881942749,597
1.2239046096801758,596
1.684021234512329,595
1.9966976642608643,594
