0.05742788314819336,614
0.057761192321777344,614
0.0597689151763916,613
0.11763548851013184,612
0.13549351692199707,611
0.13782262802124023,610
0.14163923263549805,609
0.14351940155029297,608
0.18497872352600098,607
0.19718503952026367,606
0.22383570671081543,605
0.24314093589782715,604
0.26381802558898926,603
0.32092928886413574,602
0.3797323703765869,601
0.404024600982666,600
0.41155409812927246,599
0.4760868549346924,598
0.5933837890625,597
1.0289349555969238,596
1.0698068141937256,595
1.141162395477295,594
