0.05705595016479492,614
0.05738520622253418,614
0.06407761573791504,613
0.06778097152709961,612
0.0851297378540039,611
0.09586715698242188,610
0.11028409004211426,609
0.12459945678710938,608
0.1715700626373291,607
0.17158770561218262,606
0.18334603309631348,605
0.19826126098632812,604
0.21462273597717285,603
0.23065447807312012,602
0.24658417701721191,601
0.28176307678222656,600
0.32189393043518066,599
0.32904934883117676,598
0.3307178020477295,597
0.6559023857116699,596
0.7131748199462891,595
7.226963043212891,594
