0.0574648380279541,614
0.05779457092285156,614
0.06826400756835938,613
0.09290266036987305,612
0.10074281692504883,611
0.1337745189666748,610
0.13522648811340332,609
0.13612914085388184,608
0.1584181785583496,607
0.1609635353088379,606
0.1612989902496338,605
0.1616497039794922,604
0.18193912506103516,603
0.1999986171722412,602
0.2274947166442871,601
0.287121057510376,600
0.3491671085357666,599
0.5773046016693115,598
0.7663025856018066,597
1.0128164291381836,596
3.8050129413604736,595
5.705809831619263,594
