0.05709099769592285,614
0.05742454528808594,614
0.08355164527893066,613
0.10088348388671875,612
0.12162327766418457,611
0.1434004306793213,610
0.1491386890411377,609
0.1649332046508789,608
0.17151761054992676,607
0.23392176628112793,606
0.23422598838806152,605
0.4177238941192627,604
0.4467942714691162,603
0.48674917221069336,602
0.5755329132080078,601
0.5997188091278076,600
0.6234197616577148,599
0.6560797691345215,598
0.686396598815918,597
0.7165796756744385,596
0.8648686408996582,595
3.779269218444824,594
