0.0569913387298584,614
0.05732107162475586,614
0.06842947006225586,613
0.08486127853393555,612
0.0927426815032959,611
0.1266927719116211,610
0.13852715492248535,609
0.14416193962097168,608
0.1960463523864746,607
0.20021295547485352,606
0.20307493209838867,605
0.28649401664733887,604
0.30419492721557617,603
0.3158845901489258,602
0.3621826171875,601
0.3805582523345947,600
0.4084606170654297,599
0.5454719066619873,598
0.553593635559082,597
0.7957990169525146,596
0.8286809921264648,595
5.589859247207642,594
