0.22910404205322266,1129
0.3394472599029541,1128
0.5569891929626465,1126
0.6744682788848877,1125
0.7843976020812988,1124
0.891761064529419,1121
1.222581148147583,1120
1.4371089935302734,1118
1.5513005256652832,1117
1.6619741916656494,1116
1.9904506206512451,1115
2.211981773376465,1114
2.323385715484619,1110
2.875664710998535,1109
2.988318681716919,1108
3.209519147872925,1107
3.317582845687866,1106
3.5363214015960693,1105
3.6492979526519775,1102
3.9819958209991455,1101
4.1996331214904785,1100
4.311874151229858,1098
4.647433042526245,1096
4.758970499038696,1095
5.1954851150512695,1094
5.304665803909302,1093
5.526285648345947,1092
5.7413551807403564,1090
6.0698418617248535,1088
6.17803955078125,1087
6.49912428855896,1084
6.611976385116577,1082
6.936685800552368,1080
7.158838748931885,1079
7.50463080406189,1077
7.747743129730225,1076
7.859495639801025,1075
8.085158586502075,1074
8.194530010223389,1073
8.52905535697937,1072
8.642768383026123,1071
8.760315895080566,1069
9.093513488769531,1067
9.423768997192383,1066
9.642454385757446,1065
9.752487897872925,1064
9.968867540359497,1063
10.184581756591797,1061
10.406003713607788,1060
10.63402533531189,1059
10.74603796005249,1057
10.965112209320068,1056
11.077171564102173,1055
11.405328512191772,1054
11.631634950637817,1053
11.96414852142334,1051
12.074622869491577,1050
12.408817291259766,1049
12.747061729431152,1048
12.86024522781372,1047
13.186573266983032,1046
13.41182804107666,1045
13.634573459625244,1044
13.849035739898682,1043
13.96200180053711,1042
14.298002243041992,1041
14.4060218334198,1040
14.633351802825928,1039
14.961911678314209,1038
15.077093124389648,1037
15.29417109489441,1034
15.853924989700317,1032
16.29463028907776,1031
16.41026282310486,1030
16.742247104644775,1029
17.066709518432617,1028
17.184014558792114,1027
17.526548147201538,1025
17.975266218185425,1024
18.084841012954712,1023
18.43639850616455,1022
18.656047821044922,1021
18.763070583343506,1020
19.200150966644287,1018
19.537074327468872,1017
19.64843201637268,1016
20.089447736740112,1015
20.31131410598755,1014
20.53355312347412,1013
20.76000952720642,1011
20.98022961616516,1010
21.42011523246765,1009
21.63462471961975,1008
21.747538805007935,1007
22.07785677909851,1006
22.190836429595947,1002
22.63617753982544,1001
22.85203218460083,1000
23.07182478904724,999
23.18324041366577,998
23.63108205795288,997
23.742046117782593,996
23.962637901306152,995
24.18972396850586,993
24.52691626548767,992
24.746076107025146,991
24.972615480422974,990
25.082794427871704,989
25.41527485847473,988
25.640304803848267,986
26.087533712387085,984
26.550559282302856,983
26.77769947052002,982
26.997761011123657,980
27.790481328964233,979
28.011919021606445,978
28.451688051223755,976
29.00777792930603,975
29.448765516281128,972
29.774962425231934,971
30.102412939071655,969
30.54199743270874,968
30.659093141555786,967
30.994279384613037,966
31.106443643569946,964
31.37127685546875,963
31.825398683547974,962
31.93581461906433,961
32.603901386260986,959
33.15582633018494,958
33.26569700241089,957
33.72441291809082,956
33.95302200317383,955
34.063706398010254,954
34.50845789909363,953
34.72808480262756,952
34.948896646499634,951
35.17202281951904,950
35.39026665687561,948
35.4969961643219,947
35.72433352470398,946
35.833813428878784,945
36.17115092277527,944
36.50204515457153,943
36.84081411361694,942
37.06748938560486,941
37.28769779205322,940
37.73346710205078,937
38.06060814857483,936
38.17149806022644,935
38.50616931915283,934
38.93388557434082,931
39.49022197723389,930
40.04567909240723,928
40.37532901763916,927
40.82416749000549,926
40.93334150314331,925
41.26863408088684,924
41.494433641433716,923
41.719300985336304,922
42.38768172264099,921
42.50068020820618,920
43.17192101478577,919
43.28524088859558,918
43.83859133720398,917
44.28001594543457,916
44.39274764060974,915
44.726075649261475,914
44.94385504722595,913
45.1746461391449,912
45.309571266174316,911
45.86815619468689,910
46.20143413543701,909
46.31295990943909,905
46.64758825302124,904
47.18224096298218,903
47.51949620246887,901
48.39618444442749,900
48.509385108947754,899
49.17301344871521,898
49.28678917884827,897
49.84588932991028,896
50.06679344177246,895
50.39860224723816,894
50.844842195510864,893
51.40619230270386,892
51.845707416534424,891
52.183473348617554,889
52.84861516952515,888
52.961164474487305,887
53.29927968978882,886
53.628618240356445,885
53.953726291656494,884
54.399937868118286,883
54.512879848480225,882
54.962279081344604,880
55.18752336502075,879
55.4087495803833,878
55.633634090423584,877
56.07716751098633,876
56.73222064971924,875
57.17695713043213,874
57.73898363113403,873
58.41460919380188,871
58.968465089797974,870
59.52534008026123,869
59.96628141403198,868
60.18652892112732,867
60.618231773376465,866
60.953333139419556,865
61.514811515808105,864
61.96301245689392,863
62.40689659118652,862
62.74754619598389,860
63.08702802658081,859
63.75783729553223,858
64.11658525466919,856
64.55393624305725,855
65.33562636375427,854
65.44981694221497,852
65.7897469997406,851
66.23589563369751,850
66.79349422454834,849
67.3598370552063,848
67.68897914886475,847
68.24345922470093,846
68.46261072158813,845
69.02700233459473,844
69.46318054199219,843
69.91579055786133,842
70.36288523674011,841
70.80665707588196,840
70.916668176651,839
71.47283935546875,838
71.92430210113525,837
72.59719347953796,836
73.15590786933899,835
73.5891854763031,834
73.91949248313904,833
74.47738718986511,832
74.80652499198914,831
74.9240608215332,830
75.37226510047913,829
75.71454930305481,828
76.2824923992157,827
76.72042036056519,826
77.05147790908813,825
77.16678357124329,824
78.17088651657104,823
78.50448679924011,822
78.94701480865479,821
79.16754841804504,820
79.73039364814758,819
80.72478175163269,818
81.50121927261353,817
81.72400331497192,816
82.29093432426453,815
82.7464485168457,814
82.96977138519287,813
83.52711200714111,812
83.75674486160278,811
84.44119834899902,810
85.45882797241211,809
86.23170447349548,808
86.45138192176819,807
87.0166654586792,805
87.90244936943054,804
88.46721720695496,803
89.02444767951965,802
89.69611549377441,801
90.03038096427917,800
90.81367993354797,799
91.26795721054077,798
91.82487058639526,797
92.49728465080261,796
92.95395088195801,795
93.40122866630554,794
93.8427197933197,793
94.1833918094635,792
94.74310803413391,791
95.0700671672821,790
95.9471971988678,789
96.40355181694031,788
96.73161911964417,787
97.28283405303955,786
97.73242115974426,785
98.06216239929199,784
98.95363759994507,783
99.5176510810852,782
99.8454384803772,781
100.28073692321777,780
101.06784653663635,779
101.39864826202393,778
101.72511315345764,777
101.95169997215271,776
102.61293435096741,775
102.94756937026978,774
103.39435768127441,773
103.95095896720886,772
104.65544319152832,771
105.09499907493591,770
106.21266984939575,769
106.4355354309082,768
107.6697256565094,767
108.45673894882202,766
109.01490020751953,765
109.89113092422485,764
110.32809925079346,763
111.23102807998657,762
111.56141,762