0.0572352409362793,614
0.05756521224975586,614
0.0905768871307373,613
0.09175896644592285,612
0.09713149070739746,611
0.1086122989654541,610
0.13933920860290527,609
0.1475815773010254,608
0.16720223426818848,607
0.1853199005126953,606
0.190629243850708,605
0.2461707592010498,604
0.267087459564209,603
0.2759411334991455,602
0.292525053024292,601
0.30770063400268555,600
0.3790855407714844,599
0.5517170429229736,598
0.6488051414489746,597
0.9106109142303467,596
1.2253475189208984,595
6.693343639373779,594
