0.22902679443359375,1129
0.44601964950561523,1126
0.7787561416625977,1125
1.0017335414886475,1123
1.1124963760375977,1122
1.2218596935272217,1118
1.5483827590942383,1117
1.7672324180603027,1116
1.8729305267333984,1113
2.0966084003448486,1112
2.4336562156677246,1111
2.546212911605835,1109
2.6572060585021973,1108
2.880411148071289,1107
2.9971745014190674,1105
3.103642463684082,1104
3.2120518684387207,1103
3.431586980819702,1101
3.656803607940674,1100
3.877171754837036,1098
3.989098072052002,1097
4.206447124481201,1094
4.5331761837005615,1092
4.972473859786987,1090
5.1928040981292725,1089
5.411581516265869,1088
5.629733085632324,1087
5.741964340209961,1086
5.851541757583618,1085
5.966393709182739,1083
6.1909918785095215,1081
6.633150100708008,1079
6.849807977676392,1078
7.077749013900757,1076
7.306488990783691,1075
7.419174909591675,1074
7.774242401123047,1073
7.88538122177124,1072
8.109015703201294,1070
8.656977891921997,1068
8.770947217941284,1067
8.881812572479248,1066
9.109822988510132,1065
9.218664646148682,1064
9.327184915542603,1063
9.437306880950928,1062
9.657786846160889,1061
9.984011888504028,1059
10.209158658981323,1058
10.434765815734863,1057
10.546885967254639,1056
10.76451301574707,1054
10.879823446273804,1053
10.994338035583496,1051
11.219223022460938,1050
11.657362222671509,1049
11.993287801742554,1048
12.09909963607788,1047
12.209478855133057,1046
12.42280650138855,1044
12.537453651428223,1043
12.868395566940308,1042
12.980133056640625,1040
13.199510097503662,1039
13.524464130401611,1038
13.637511491775513,1037
13.744516134262085,1035
14.07884430885315,1034
14.297318935394287,1032
14.630589008331299,1031
14.851926326751709,1030
15.182925701141357,1029
15.404382467269897,1027
15.849381685256958,1026
15.962894201278687,1025
16.07170057296753,1023
16.610718250274658,1022
16.933526039123535,1021
17.15621304512024,1020
17.26581621170044,1019
17.488563060760498,1018
17.598509073257446,1017
18.034738779067993,1014
18.37432050704956,1013
18.705720901489258,1012
18.81523036956787,1010
19.04066228866577,1009
19.2634699344635,1008
19.485069274902344,1007
19.595470428466797,1006
19.93476128578186,1004
20.26630425453186,1003
20.60918426513672,1000
21.165172338485718,999
21.48946714401245,998
21.71251916885376,997
21.93905735015869,996
22.385537147521973,994
22.829426050186157,991
23.16227912902832,990
23.59493327140808,987
24.039494514465332,985
24.380892753601074,984
24.60196352005005,983
24.819499254226685,982
24.930819034576416,981
25.263758659362793,980
25.490307807922363,979
25.71320390701294,978
25.929176092147827,977
26.25691866874695,976
26.618117332458496,975
27.071640491485596,973
27.184741973876953,972
27.522461652755737,971
27.740107536315918,970
28.178058385849,969
28.506652116775513,968
28.616248846054077,967
29.06618881225586,966
29.623919010162354,964
29.83914542198181,963
30.065902948379517,962
30.515567779541016,961
30.74252200126648,960
30.962132453918457,958
31.522297382354736,957
31.746034383773804,956
31.85658049583435,955
31.968870878219604,954
32.29363536834717,953
32.52502989768982,952
32.63890767097473,951
32.96997570991516,950
33.42172169685364,948
33.75528693199158,947
33.862889528274536,946
33.97944951057434,945
34.091312408447266,944
34.31468081474304,943
34.99286198616028,941
35.43121862411499,938
35.54327940940857,936
35.88505673408508,934
36.32657837867737,933
36.54693055152893,932
36.883344411849976,931
37.215566635131836,930
37.55197262763977,929
37.7811484336853,928
37.890559911727905,927
38.00058889389038,926
38.33238697052002,925
38.67288255691528,924
38.78796982765198,923
39.33951258659363,922
39.5621075630188,921
39.89377236366272,920
40.329848527908325,919
40.444326400756836,917
40.5592782497406,916
41.01174211502075,914
41.346946716308594,913
42.0178108215332,911
42.24531412124634,910
42.79482913017273,908
43.12713098526001,907
43.577898263931274,906
43.689271450042725,905
44.13254451751709,903
44.5774130821228,902
45.019484996795654,901
45.26378297805786,900
45.70799660682678,899
45.822699308395386,898
46.15079188346863,897
46.6100652217865,896
47.05651140213013,895
47.83291983604431,893
48.26917743682861,891
48.49037194252014,890
48.825676679611206,889
48.9373996257782,888
49.04785633087158,887
49.614076375961304,885
49.94283437728882,884
50.386510610580444,882
50.93881607055664,881
51.16723442077637,880
51.280089378356934,879
51.83121585845947,878
52.059383153915405,877
52.61275029182434,876
52.94282364845276,874
53.703503131866455,873
54.03738331794739,872
54.377768754959106,871
54.60527682304382,870
55.04668188095093,869
55.16192865371704,868
55.607847690582275,867
55.823195934295654,866
56.48851537704468,865
57.14596629142761,864
57.593650817871094,863
58.0422043800354,862
58.26926779747009,860
58.82996892929077,859
59.048853158950806,858
59.711528301239014,857
59.82627463340759,856
60.37350845336914,855
60.603050231933594,854
60.71291542053223,853
60.93674087524414,852
61.160592555999756,851
61.60054969787598,850
62.04403376579285,849
62.263484954833984,848
62.81299948692322,847
63.14608073234558,846
63.47818374633789,845
63.82054328918457,844
64.26514768600464,843
64.70368337631226,842
64.8140606880188,841
65.40434718132019,839
66.28202295303345,838
66.73995971679688,837
67.07415819168091,836
67.51591277122498,835
68.08077764511108,834
68.6361153125763,833
68.86439037322998,832
69.08377480506897,831
69.52636289596558,830
70.08595204353333,829
70.75421643257141,828
70.86484622955322,827
71.41591930389404,826
71.86718845367432,825
72.09056758880615,824
72.43452978134155,823
72.54944181442261,822
73.10489892959595,821
73.43325734138489,819
73.88723111152649,817
74.56580090522766,816
74.89348840713501,814
75.45074772834778,812
76.11258959770203,811
77.11138820648193,810
78.22100353240967,809
78.66278123855591,808
79.34980535507202,807
79.69208073616028,805
80.34507656097412,804
80.56628799438477,803
81.33759331703186,802
81.6740493774414,801
82.23602795600891,800
82.90692567825317,799
83.44673609733582,797
83.78103971481323,795
84.55657052993774,794
85.00660586357117,793
85.58819556236267,792
86.02481436729431,790
86.57662320137024,789
86.8031415939331,788
87.25176548957825,787
87.80725479125977,786
88.25193810462952,784
89.03966355323792,783
89.92843294143677,782
90.26910948753357,781
90.38142108917236,780
90.94338631629944,779
91.49412059783936,778
91.71695876121521,777
92.38286280632019,776
93.04899311065674,775
93.49324774742126,774
94.15601444244385,773
94.93469762802124,772
95.15684843063354,771
96.16731262207031,770
97.05523228645325,769
97.17080163955688,768
98.18265533447266,767
98.85216689109802,766
99.52809357643127,765
100.41684913635254,764
101.08858799934387,763
101.74236154556274,761
102.8575849533081,759
103.63444304466248,758
104.18823790550232,757
104.8628478050232,756
105.30019664764404,755
105.99067807197571,754
106.5501537322998,753
107.00257802009583,752
107.5625684261322,751
108.66960334777832,750
109.00861525535583,748
109.79430294036865,747
110.57289910316467,746
110.90454387664795,745
111.4663610458374,743
111.46688,743