0.05725574493408203,614
0.05757904052734375,614
0.10158658027648926,613
0.11731243133544922,612
0.12558603286743164,611
0.13446903228759766,610
0.15098214149475098,609
0.15308523178100586,608
0.1757335662841797,607
0.17786407470703125,606
0.19832372665405273,605
0.2193772792816162,604
0.22200274467468262,603
0.23321914672851562,602
0.26679396629333496,601
0.42002201080322266,600
0.48337841033935547,599
0.5782537460327148,598
0.7094471454620361,597
1.3001182079315186,596
1.5134856700897217,595
1.6466937065124512,594
