1.2463569641113281,7605
3.320714235305786,7603
4.679052829742432,7602
5.369765996932983,7600
6.060304880142212,7599
7.420554876327515,7597
8.127701997756958,7596
8.81655216217041,7594
10.834203958511353,7592
11.541440963745117,7590
12.23036789894104,7588
14.299553871154785,7585
14.986640214920044,7584
16.36479616165161,7582
17.752300024032593,7581
18.454368114471436,7579
19.863694190979004,7578
20.5458984375,7577
21.223052740097046,7576
21.904601097106934,7575
23.27050495147705,7573
24.635465621948242,7571
25.328314065933228,7569
26.71918511390686,7567
27.408487796783447,7565
28.80506157875061,7563
29.517274856567383,7561
30.90145182609558,7559
31.59193778038025,7558
32.265830755233765,7557
33.6802122592926,7556
34.371875286102295,7554
35.748018741607666,7553
36.45778727531433,7551
37.86583065986633,7550
38.568284034729004,7549
39.26112675666809,7548
39.947120904922485,7547
40.65654706954956,7546
41.35399627685547,7544
42.03416919708252,7542
42.75386166572571,7540
44.87286305427551,7537
45.56504821777344,7535
46.945276737213135,7534
47.60969305038452,7533
48.289530754089355,7532
48.955684661865234,7531
49.63211798667908,7530
50.30238962173462,7529
50.97980451583862,7527
51.68481206893921,7526
53.06790614128113,7525
53.749189615249634,7524
54.44202971458435,7523
55.87911820411682,7521
56.590309858322144,7520
57.9600670337677,7517
59.34187960624695,7516
60.03672385215759,7515
61.38275384902954,7514
63.505762815475464,7513
64.20232629776001,7510
65.58377194404602,7509
66.97468423843384,7507
67.68034958839417,7505
69.7641384601593,7504
71.17802429199219,7503
71.86123085021973,7502
72.57602286338806,7500
73.29962158203125,7499
73.97868943214417,7498
74.66778683662415,7496
76.08804035186768,7495
77.44453072547913,7494
78.16740202903748,7491
79.5718948841095,7488
80.98340320587158,7487
82.34702754020691,7485
83.73800230026245,7484
84.42854690551758,7481
85.82735896110535,7477
86.50688409805298,7476
87.19825387001038,7475
87.9047040939331,7473
89.30050563812256,7471
90.70103812217712,7470
91.39348721504211,7469
92.08338356018066,7465
93.45427250862122,7464
94.86657929420471,7462
96.28456783294678,7461
96.99127292633057,7460
98.34402227401733,7459
99.05408000946045,7457
100.42038202285767,7455
102.54144096374512,7454
103.22101593017578,7453
103.91016626358032,7451
104.64252066612244,7450
105.35377860069275,7449
106.76473116874695,7446
108.15228867530823,7445
108.84750843048096,7444
110.22346329689026,7443
110.90568947792053,7442
111.61059546470642,7441
112.29926013946533,7440
113.67125296592712,7438
115.05600500106812,7436
116.44126415252686,7435
117.16297793388367,7434
117.86520004272461,7433
119.26238536834717,7431
120.61022615432739,7429
122.03118538856506,7427
122.71210217475891,7426
124.13323044776917,7425
125.53931522369385,7423
126.92672228813171,7422
128.3100926876068,7420
129.0224962234497,7419
130.40706276893616,7417
131.11992478370667,7414
132.52748107910156,7412
134.61217069625854,7411
136.01046466827393,7409
137.42077207565308,7408
138.7879765033722,7405
140.14713191986084,7403
141.53778386116028,7401
142.93717074394226,7400
144.3326244354248,7398
145.0404498577118,7396
147.8506042957306,7393
148.53184151649475,7390
149.92708444595337,7387
150.62173056602478,7385
152.78530287742615,7384
153.46983361244202,7382
155.52393651008606,7381
156.21357369422913,7379
156.92362523078918,7378
157.6363570690155,7377
159.0451636314392,7376
160.44817900657654,7374
161.83576107025146,7373
162.52029371261597,7372
163.21634101867676,7370
164.565096616745,7369
165.24769830703735,7367
166.65060186386108,7364
168.0227243900299,7361
169.41439962387085,7360
170.79527044296265,7359
172.14366602897644,7357
174.23376512527466,7355
175.65274715423584,7352
177.75061464309692,7351
178.44189643859863,7349
179.1284441947937,7348
179.81325912475586,7346
181.86001920700073,7345
182.5592336654663,7344
183.24666285514832,7342
184.64881372451782,7338
188.1376440525055,7336
190.21462106704712,7334
190.88788032531738,7333
191.56605696678162,7332
192.9569492340088,7331
193.64706134796143,7330
194.37461113929749,7329
195.78755044937134,7328
196.48304319381714,7327
197.1784906387329,7326
197.87695837020874,7325
198.57857704162598,7324
199.9677963256836,7321
202.0667986869812,7320
202.79748392105103,7318
203.50459003448486,7316
205.59609174728394,7315
206.96020102500916,7313
208.33378982543945,7310
211.75406694412231,7308
212.45083737373352,7306
213.12113618850708,7304
213.79093670845032,7303
215.1785328388214,7301
216.60094451904297,7300
217.32611918449402,7298
218.75624585151672,7297
220.12817907333374,7296
220.82500982284546,7294
222.23493814468384,7291
223.599618434906,7289
224.9623782634735,7288
226.35419464111328,7287
227.03992342948914,7285
228.4270794391632,7284
229.80929350852966,7283
230.5342025756836,7281
231.25474905967712,7280
231.95277094841003,7279
233.36401534080505,7277
234.77826237678528,7276
236.1593587398529,7274
236.86593008041382,7273
238.27857303619385,7271
239.67855858802795,7269
241.0193543434143,7268
241.68119168281555,7267
243.11897540092468,7265
244.52838468551636,7264
245.92442274093628,7262
248.00254464149475,7259
248.70213270187378,7257
250.72828936576843,7256
251.41678524017334,7255
252.8100664615631,7252
253.5129873752594,7251
254.89065217971802,7250
256.9360101222992,7247
258.31494760513306,7245
259.69488048553467,7243
261.10538959503174,7242
261.8116044998169,7241
263.1794512271881,7238
265.2272279262543,7236
267.2954738140106,7234
267.9716374874115,7231
269.403870344162,7229
270.11385130882263,7228
271.4915351867676,7225
273.58408546447754,7223
275.64789867401123,7220
276.3685619831085,7219
277.05309438705444,7218
279.14376974105835,7216
281.1722912788391,7214
281.87810754776,7213
283.2662134170532,7211
284.6265664100647,7210
285.32154726982117,7209
286.02677750587463,7208
286.6874928474426,7207
287.370805978775,7206
288.05491304397583,7205
289.45468759536743,7204
290.1443338394165,7203
291.535085439682,7202
292.2431888580322,7201
292.941832780838,7199
294.34206676483154,7197
295.0199673175812,7196
297.09822273254395,7194
298.5020709037781,7193
299.9043538570404,7192
300.6004726886749,7191
301.30328249931335,7190
301.98575234413147,7189
302.6898105144501,7188
303.41084456443787,7187
305.51447319984436,7185
306.21037697792053,7184
306.9241874217987,7183
309.0586271286011,7180
309.7424819469452,7178
311.1118223667145,7175
313.96559476852417,7173
315.40292978286743,7172
316.10508370399475,7171
317.46274995803833,7170
318.15146231651306,7169
318.8467757701874,7168
320.9608507156372,7166
322.3366255760193,7164
323.7787067890167,7163
325.21235489845276,7162
326.612544298172,7161
328.0111951828003,7159
330.08821272850037,7156
330.7994318008423,7154
332.84785079956055,7153
333.52392840385437,7151
334.8872241973877,7150
335.5862674713135,7149
336.9598979949951,7148
337.6447012424469,7145
339.7464873790741,7143
341.1276397705078,7141
343.22171425819397,7138
344.622008562088,7137
345.32089924812317,7136
346.0345344543457,7135
348.0823826789856,7133
348.77146434783936,7132
349.46279883384705,7131
350.16912746429443,7130
351.5546963214874,7129
352.2563931941986,7128
353.67144417762756,7126
355.0557470321655,7124
356.4850800037384,7123
357.86297583580017,7122
358.56763887405396,7121
359.9281122684479,7120
360.5960555076599,7117
362.01394867897034,7116
363.39261627197266,7115
364.0939509868622,7114
365.5165841579437,7113
366.91089725494385,7112
367.61203241348267,7110
369.68533873558044,7108
371.8251919746399,7106
372.5151858329773,7105
373.9134614467621,7104
375.3301420211792,7102
376.00683426856995,7099
378.0879862308502,7097
379.4726676940918,7096
380.15535259246826,7095
381.5604212284088,7094
382.2625422477722,7093
382.9528458118439,7091
383.6396429538727,7090
385.04606318473816,7088
387.8001780509949,7086
388.5121510028839,7085
389.9127342700958,7083
391.32157731056213,7082
392.044207572937,7080
394.7669599056244,7078
396.82618951797485,7075
398.20439076423645,7074
399.60673689842224,7073
401.7027280330658,7072
403.04273533821106,7070
404.43871665000916,7068
406.4921500682831,7067
407.1939494609833,7066
407.89396142959595,7063
410.622190952301,7061
412.0037772655487,7060
414.02862334251404,7057
415.3812415599823,7056
416.08323860168457,7054
418.20504093170166,7053
418.9097669124603,7052
419.58671975135803,7051
421.0088756084442,7049
422.33734703063965,7048
423.0241861343384,7047
424.4512963294983,7046
425.1307282447815,7045
426.5301775932312,7044
427.89195704460144,7043
428.6054198741913,7042
429.296183347702,7041
431.3798882961273,7040
432.08937907218933,7038
432.79773783683777,7037
434.16319489479065,7035
436.27300238609314,7032
438.3272042274475,7031
439.6732563972473,7030
440.373113155365,7029
441.77101397514343,7028
443.1851179599762,7026
444.53341364860535,7025
446.5842127799988,7024
447.2802212238312,7023
448.6573078632355,7022
450.03318643569946,7020
450.73511028289795,7018
451.4121642112732,7017
452.8031792640686,7015
454.2543034553528,7013
455.63052773475647,7012
456.3279871940613,7010
457.02170586586,7009
458.40343260765076,7008
459.7704770565033,7006
461.139554977417,7005
462.5292401313782,7004
463.21694231033325,7001
464.5652241706848,7000
465.26533102989197,6998
466.62938141822815,6996
468.7151288986206,6995
470.09826397895813,6994
470.79807233810425,6993
472.90212297439575,6991
473.59516167640686,6990
475.69132828712463,6989
477.06969356536865,6988
477.7566068172455,6987
479.1575491428375,6985
479.8522033691406,6984
480.5827941894531,6983
482.6332166194916,6982
483.30610394477844,6981
484.0076479911804,6979
484.7229390144348,6978
486.84420228004456,6977
487.5330762863159,6976
488.2377588748932,6975
488.9296407699585,6974
489.60627007484436,6973
491.02613615989685,6971
493.0892291069031,6969
494.4564220905304,6968
495.84265518188477,6967
497.21733140945435,6966
499.30677819252014,6963
501.3786280155182,6961
502.7509994506836,6959
504.8309464454651,6957
506.22902607917786,6956
507.6292886734009,6954
510.4008483886719,6952
511.80445313453674,6950
513.8869032859802,6948
515.2463519573212,6947
515.9299857616425,6946
516.6097662448883,6945
517.3131403923035,6944
518.7218737602234,6943
520.1240513324738,6942
520.815759897232,6941
521.5278754234314,6940
522.9042520523071,6938
524.282799243927,6937
525.6522073745728,6936
526.3164412975311,6935
526.99027967453,6934
527.6885330677032,6933
528.3830177783966,6932
529.0866918563843,6931
530.4613058567047,6930
531.854828119278,6929
532.5526907444,6928
535.2928392887115,6927
535.9876835346222,6926
536.6791718006134,6923
537.3705279827118,6922
539.4529311656952,6920
540.1534283161163,6919
542.2268447875977,6917
542.9162011146545,6916
543.6341516971588,6915
544.3901073932648,6914
545.0871260166168,6913
546.5270137786865,6911
547.9378817081451,6909
549.3001222610474,6907
550.6622836589813,6906
552.0601148605347,6905
552.7694537639618,6904
553.4673430919647,6903
554.1582131385803,6902
554.8617579936981,6900
556.2471091747284,6899
557.6410746574402,6898
559.7044725418091,6896
561.0799791812897,6895
562.4750061035156,6894
563.8796637058258,6892
565.2466008663177,6891
566.6476650238037,6890
567.342497587204,6888
569.4408330917358,6887
570.1517162322998,6886
572.2165999412537,6884
573.6093072891235,6883
575.7107110023499,6881
576.4216303825378,6880
577.115668296814,6879
578.517872095108,6878
582.0023810863495,6877
582.6945984363556,6876
584.0939662456512,6875
585.4921526908875,6873
586.886712551117,6872
587.6162099838257,6871
589.0366308689117,6870
590.4387426376343,6869
591.1258435249329,6868
592.486810207367,6867
593.1930565834045,6863
596.0285947322845,6862
597.433155298233,6861
598.1561183929443,6860
598.159,6860