1.2520790100097656,7607
1.9779415130615234,7605
2.66951847076416,7603
4.06330132484436,7600
4.754786968231201,7598
6.120505332946777,7597
6.793842554092407,7595
8.202775478363037,7593
9.59853196144104,7592
10.97567367553711,7591
11.676191568374634,7589
13.748993396759033,7585
14.429958581924438,7584
15.126303672790527,7583
17.166808605194092,7581
18.55915117263794,7578
19.933987140655518,7575
21.306155920028687,7574
22.008209943771362,7572
23.397229433059692,7571
24.067196130752563,7570
24.788623809814453,7569
25.481664896011353,7566
26.15550398826599,7564
28.249447345733643,7561
29.61585569381714,7560
30.99905276298523,7558
31.708451986312866,7556
33.77538061141968,7553
34.4662230014801,7552
36.546061754226685,7549
39.27952241897583,7546
40.677648305892944,7544
42.91829586029053,7542
44.3941125869751,7541
45.91245079040527,7538
46.64924335479736,7537
47.44738459587097,7535
49.725367307662964,7533
50.45566010475159,7532
51.93923592567444,7530
53.36600875854492,7529
54.038501024246216,7528
54.72359299659729,7527
55.42282772064209,7526
56.12157917022705,7524
58.19792890548706,7522
58.91056942939758,7521
60.27112555503845,7520
60.96856331825256,7518
62.37047863006592,7517
63.76181960105896,7515
65.13361620903015,7514
66.49200201034546,7513
67.18930101394653,7510
69.31625556945801,7509
69.9972608089447,7507
70.70120286941528,7505
71.42673873901367,7504
72.85034728050232,7503
73.55052495002747,7502
74.24682950973511,7501
75.6261715888977,7498
76.30308032035828,7495
77.68596124649048,7493
79.07184052467346,7491
80.44394874572754,7490
81.14883351325989,7488
82.54910159111023,7487
83.25100755691528,7486
83.97988200187683,7484
85.37541365623474,7483
86.06616735458374,7482
86.75702142715454,7480
88.1460645198822,7479
88.83361148834229,7478
90.25330424308777,7475
91.64088869094849,7474
92.34948658943176,7473
93.72630572319031,7469
94.4424397945404,7468
95.84219670295715,7466
96.52504110336304,7464
97.92491745948792,7463
98.64448809623718,7461
100.06612491607666,7460
100.77115106582642,7458
102.16638016700745,7457
102.86068344116211,7456
103.55010294914246,7455
104.27161002159119,7454
104.95277667045593,7453
105.66996717453003,7452
106.36475205421448,7450
107.72046732902527,7449
108.40422797203064,7448
109.08974957466125,7447
109.80095171928406,7446
110.50933599472046,7445
111.8825376033783,7444
112.57255411148071,7443
113.2652575969696,7442
113.96435928344727,7440
115.33129453659058,7439
116.0393693447113,7438
118.1120069026947,7436
118.82395362854004,7434
119.50469160079956,7433
120.91942644119263,7431
122.29466199874878,7430
122.98329782485962,7428
123.69589900970459,7427
125.10656380653381,7425
125.80738234519958,7423
127.2068989276886,7422
127.89908933639526,7419
129.95022535324097,7418
130.6688425540924,7415
132.77481341362,7413
133.46197414398193,7411
134.8678469657898,7408
136.97220277786255,7407
137.67954659461975,7405
139.1057484149933,7404
139.78746891021729,7403
140.50012254714966,7401
141.90796494483948,7400
142.59562015533447,7399
143.95487236976624,7397
145.3287410736084,7395
146.01921582221985,7393
148.09505653381348,7392
148.7922878265381,7390
150.17935729026794,7389
150.86697053909302,7388
151.56505799293518,7387
152.96054649353027,7386
154.40186405181885,7383
155.7635235786438,7382
157.16023206710815,7381
157.8755648136139,7378
160.02054905891418,7377
161.40874862670898,7375
162.12751579284668,7374
162.78999757766724,7373
164.13907623291016,7371
165.50004601478577,7370
166.19127583503723,7369
166.88755989074707,7366
168.2773118019104,7365
169.64484429359436,7364
170.34914326667786,7362
171.7228193283081,7360
172.38796305656433,7358
174.54921579360962,7357
175.2431263923645,7355
177.31970977783203,7353
178.03885746002197,7352
178.7470428943634,7350
180.13397026062012,7349
180.82154369354248,7348
181.5237135887146,7346
182.19754600524902,7345
182.91588020324707,7344
183.62799167633057,7342
185.70328092575073,7339
186.40531587600708,7338
188.47309708595276,7336
189.17847418785095,7334
189.89471244812012,7333
192.03122186660767,7331
192.7211742401123,7330
193.42609477043152,7329
194.1410732269287,7327
195.51556730270386,7326
196.21730208396912,7325
196.93141055107117,7324
197.61303782463074,7323
198.31069803237915,7322
199.00898814201355,7321
199.68720412254333,7319
201.67147731781006,7316
202.3693277835846,7312
203.78082847595215,7309
206.49166297912598,7308
207.17712354660034,7306
207.86617422103882,7305
209.9327597618103,7304
210.63124346733093,7303
211.33007884025574,7300
212.72735977172852,7298
213.42099976539612,7296
214.83974289894104,7294
217.59076261520386,7292
218.2785141468048,7290
219.65885496139526,7288
221.05321049690247,7287
221.76288318634033,7286
223.1523082256317,7285
223.8572473526001,7282
225.93873858451843,7281
227.3022015094757,7280
227.98949313163757,7278
228.68541646003723,7277
230.07843828201294,7275
230.76198744773865,7274
231.45837569236755,7273
233.54187417030334,7272
234.2357053756714,7270
236.34165501594543,7267
237.75608944892883,7266
238.47259998321533,7265
239.1662359237671,7264
240.54947638511658,7262
241.90535497665405,7261
242.62638092041016,7260
243.3337047100067,7259
244.00137090682983,7258
244.67530751228333,7257
245.39054584503174,7256
246.08910417556763,7255
246.80876398086548,7254
248.20878720283508,7253
249.57881212234497,7251
251.67033672332764,7250
253.05061292648315,7248
253.76114058494568,7246
254.44609093666077,7245
255.14979219436646,7244
255.8467915058136,7243
256.5397644042969,7242
257.9366674423218,7241
258.62763381004333,7240
260.0101833343506,7238
261.4144232273102,7237
262.1105411052704,7236
263.4930284023285,7235
264.18085956573486,7233
265.5665934085846,7230
266.9610667228699,7228
268.3218021392822,7226
269.0280694961548,7223
271.86891508102417,7218
273.2568678855896,7217
275.3757429122925,7214
276.7289354801178,7213
278.8133194446564,7212
279.49887466430664,7209
281.59160113334656,7207
282.27178978919983,7206
284.383935213089,7205
285.736289024353,7204
286.4350759983063,7202
287.12028765678406,7201
288.4777567386627,7200
289.84892773628235,7197
290.55994486808777,7194
293.2957012653351,7190
293.97427201271057,7188
295.38840889930725,7186
296.7694025039673,7185
298.1502001285553,7184
298.8582139015198,7183
299.5688350200653,7182
301.6002857685089,7181
302.30409717559814,7180
303.00101828575134,7178
304.43550157546997,7177
305.1417727470398,7176
306.5496940612793,7175
308.60330176353455,7174
309.96728777885437,7173
310.65945863723755,7172
311.34393668174744,7171
312.76970314979553,7169
314.14509439468384,7168
316.2225036621094,7164
317.5973222255707,7162
319.69861912727356,7161
320.4034249782562,7160
321.0884356498718,7158
323.1924304962158,7157
323.8766770362854,7156
324.5512704849243,7155
325.9103753566742,7154
327.29996609687805,7153
328.01404452323914,7150
328.71068024635315,7149
330.8150677680969,7148
331.48766446113586,7146
332.9022991657257,7144
335.01494312286377,7142
335.69344305992126,7141
337.06100487709045,7139
338.48454570770264,7137
340.5420434474945,7135
341.9419982433319,7134
342.64521765708923,7133
343.3439738750458,7132
344.07527017593384,7131
345.45358324050903,7129
346.1722033023834,7128
347.5709025859833,7125
348.9877257347107,7123
350.39508175849915,7122
351.7818715572357,7120
354.4895610809326,7118
355.1701967716217,7117
356.53980779647827,7114
357.24732851982117,7112
359.3426468372345,7111
360.0297155380249,7110
360.69317054748535,7108
362.0808210372925,7107
362.7922124862671,7106
364.215548992157,7103
366.27309012413025,7101
367.6677598953247,7100
368.3699598312378,7098
369.7564947605133,7097
371.141827583313,7095
373.91549468040466,7094
375.32064604759216,7092
376.7018120288849,7090
379.4754469394684,7089
380.1583800315857,7086
382.8676471710205,7084
384.25854229927063,7083
385.65435338020325,7082
386.3350007534027,7081
387.03336215019226,7080
389.0848937034607,7077
391.18889474868774,7074
392.5571756362915,7073
393.8954997062683,7072
395.2743196487427,7071
395.98251724243164,7069
398.0503120422363,7068
399.4217948913574,7067
400.7913646697998,7066
401.4683883190155,7064
402.8755507469177,7063
403.5645287036896,7061
405.7211112976074,7059
407.7817962169647,7057
408.46442127227783,7056
409.14585757255554,7055
409.8387179374695,7053
411.9019842147827,7051
413.2667303085327,7050
413.9703640937805,7048
415.37598156929016,7047
416.7630817890167,7046
418.1655855178833,7044
419.577023267746,7043
420.26933574676514,7042
421.6382734775543,7039
422.99218702316284,7037
424.3791558742523,7034
427.2139105796814,7033
427.89933681488037,7031
430.65528416633606,7028
432.73457050323486,7027
434.1044383049011,7026
434.8037176132202,7025
435.46824312210083,7024
436.1776056289673,7023
438.29113149642944,7022
438.97545337677,7020
441.07608914375305,7017
443.8754231929779,7016
445.93794655799866,7014
447.3187675476074,7013
448.69475984573364,7012
449.39483976364136,7011
450.075608253479,7010
451.4603714942932,7007
454.27045941352844,7003
455.67553782463074,7000
457.77531123161316,6999
458.4608097076416,6998
459.15716671943665,6997
459.85603189468384,6996
460.56460094451904,6995
461.9418840408325,6993
463.98203897476196,6990
466.0686333179474,6987
466.7498052120209,6986
468.11954712867737,6984
469.5188970565796,6983
470.19442558288574,6982
471.5904586315155,6980
473.71605467796326,6979
475.0907037258148,6976
477.8348762989044,6975
479.92188906669617,6974
480.62370562553406,6972
481.30880856513977,6971
482.6586215496063,6970
484.7376046180725,6968
485.46659231185913,6967
486.8251619338989,6966
487.52505326271057,6965
488.93476605415344,6964
489.6263315677643,6963
490.31369733810425,6961
492.3817253112793,6959
493.766948223114,6957
494.44089674949646,6956
497.2279591560364,6955
497.9223871231079,6954
498.64633202552795,6953
499.99549317359924,6951
500.6800820827484,6949
503.4329743385315,6947
504.85320496559143,6946
506.2534399032593,6944
507.66523456573486,6943
509.77068543434143,6942
511.1759121417999,6940
513.2689392566681,6939
513.9701130390167,6938
515.3140563964844,6937
516.0102970600128,6936
517.3705148696899,6934
518.7928564548492,6930
520.9071588516235,6929
522.2865176200867,6928
523.6938016414642,6925
525.085750579834,6924
527.1666598320007,6921
528.5716774463654,6920
529.9749128818512,6919
531.386855840683,6918
532.7808332443237,6917
534.8158578872681,6916
535.505401134491,6915
536.2024269104004,6914
536.9146642684937,6913
538.3453288078308,6912
539.7408022880554,6911
540.4844641685486,6910
541.1700797080994,6909
542.5611958503723,6907
545.3327159881592,6904
546.7656486034393,6903
548.1270470619202,6902
548.838461637497,6901
550.873247385025,6899
551.5892570018768,6898
554.3819952011108,6896
555.1197233200073,6895
555.8081591129303,6894
557.1980209350586,6893
557.9001519680023,6892
559.2848641872406,6888
560.6868035793304,6887
562.7392148971558,6886
563.4637022018433,6884
564.1455185413361,6883
564.8480889797211,6882
566.2112982273102,6881
566.9291689395905,6880
569.0042517185211,6879
569.7053740024567,6878
571.082911491394,6877
571.8038494586945,6876
573.8857052326202,6875
574.599113702774,6874
575.9763026237488,6873
577.3731520175934,6871
579.4644167423248,6870
580.1918289661407,6869
580.8828947544098,6868
582.2903952598572,6867
582.9919850826263,6865
584.411030292511,6864
585.1063418388367,6863
586.4922420978546,6859
589.2608163356781,6857
590.6652228832245,6854
594.1082515716553,6852
595.4974548816681,6850
598.2443335056305,6848
598.24768,6848