1.2560079097747803,7606
1.9631364345550537,7605
2.6474039554595947,7604
3.34493088722229,7603
4.028635740280151,7602
5.419080495834351,7601
6.113612174987793,7598
6.8309876918792725,7597
7.535032749176025,7596
8.248735189437866,7595
9.603472709655762,7594
10.306401014328003,7593
10.990015268325806,7591
11.704030752182007,7588
13.105123043060303,7587
13.797642469406128,7585
14.469436883926392,7584
16.61617159843445,7580
18.009425163269043,7579
18.72172975540161,7578
19.415549278259277,7577
20.116181135177612,7576
21.48331308364868,7575
22.162342309951782,7573
22.846386671066284,7572
24.206134557724,7571
24.90472149848938,7567
26.335204362869263,7565
27.744797229766846,7563
28.434330224990845,7561
29.840813159942627,7560
31.215977907180786,7558
32.673019886016846,7556
34.05083155632019,7553
35.484782457351685,7550
36.16206383705139,7549
37.56149649620056,7548
38.2657151222229,7547
38.96749687194824,7544
40.339595079422,7543
41.02029800415039,7541
41.69248986244202,7540
43.09502100944519,7539
44.47596883773804,7537
45.84537696838379,7536
46.543527603149414,7535
47.247910261154175,7533
48.60259413719177,7532
49.30065131187439,7530
49.97537326812744,7529
50.6810188293457,7527
51.36283826828003,7525
53.44708847999573,7524
54.129812240600586,7523
54.8241400718689,7521
56.22357797622681,7519
58.31944561004639,7517
59.002665996551514,7516
59.70868158340454,7513
61.796188831329346,7512
62.48932123184204,7510
63.17989158630371,7509
63.88394594192505,7508
64.59688806533813,7506
66.69754719734192,7504
68.08929443359375,7503
69.50178694725037,7501
70.82961416244507,7499
71.5117175579071,7497
72.20939040184021,7496
73.58641386032104,7495
74.27254915237427,7494
74.97092890739441,7493
75.6690411567688,7492
76.35335969924927,7490
77.0395736694336,7489
77.70362758636475,7487
78.39403438568115,7486
79.77415585517883,7484
80.48047828674316,7482
81.82585000991821,7480
83.89815950393677,7478
85.96175217628479,7476
86.62087368965149,7474
87.30112648010254,7473
87.99739837646484,7471
88.6955509185791,7470
90.06188559532166,7469
91.42921781539917,7467
92.12310433387756,7466
93.4882972240448,7465
94.16906332969666,7464
95.54082703590393,7462
96.92704629898071,7460
98.98140478134155,7459
99.67979550361633,7455
102.46972990036011,7452
103.20304751396179,7451
104.58007740974426,7450
105.27802205085754,7446
107.31799960136414,7445
108.0167248249054,7443
108.71910977363586,7441
109.41693925857544,7439
112.16461038589478,7437
112.87292528152466,7435
114.92121481895447,7432
117.01929092407227,7431
117.75213098526001,7430
118.44698333740234,7429
119.15773916244507,7428
120.55256128311157,7427
121.2213728427887,7425
121.89272952079773,7420
125.31514406204224,7416
127.34674501419067,7415
128.06237077713013,7414
128.7337143421173,7412
130.09215092658997,7411
132.12522554397583,7410
133.50215983390808,7407
134.21832180023193,7406
136.27588391304016,7404
137.64744520187378,7403
138.35417890548706,7401
139.75589680671692,7398
141.16062092781067,7397
142.57997250556946,7396
143.28558683395386,7395
143.98038864135742,7394
145.35821080207825,7393
146.06575727462769,7391
148.10470294952393,7390
148.80820035934448,7388
149.4687385559082,7387
150.17398476600647,7385
151.54944252967834,7383
153.62895107269287,7381
154.3326551914215,7380
156.43378806114197,7379
157.83285236358643,7378
158.51712560653687,7376
159.19896984100342,7375
161.29386234283447,7373
161.9896023273468,7372
162.6980640888214,7371
164.06684374809265,7370
164.74265694618225,7368
166.1247775554657,7367
167.49601554870605,7366
168.86634826660156,7364
170.2592875957489,7362
171.64844250679016,7361
172.3267800807953,7360
173.02968502044678,7359
173.73202681541443,7357
175.12587714195251,7356
175.8097620010376,7355
176.50796151161194,7353
177.9179883003235,7351
179.3025929927826,7350
180.00231003761292,7349
181.37879419326782,7348
182.7706344127655,7347
183.4471197128296,7345
184.822922706604,7344
185.52318739891052,7341
188.272536277771,7340
188.9569857120514,7338
189.64086031913757,7337
190.3570544719696,7336
192.40970540046692,7335
193.8129551410675,7332
195.20570611953735,7331
195.89489555358887,7326
197.27942538261414,7325
199.35873222351074,7323
200.05571031570435,7322
201.45052814483643,7320
202.84727883338928,7319
203.52489638328552,7318
204.9209005832672,7316
206.33242535591125,7315
207.02144718170166,7314
208.42350363731384,7313
209.13128805160522,7312
210.5186264514923,7310
211.22611498832703,7309
211.92005133628845,7308
212.61333656311035,7307
213.31064367294312,7306
214.00495076179504,7302
216.7484107017517,7301
217.405832529068,7300
218.09975624084473,7299
218.78259110450745,7297
220.12753343582153,7295
221.53430199623108,7293
223.5966694355011,7291
224.276109457016,7290
225.69187664985657,7289
226.39801740646362,7287
228.50268125534058,7285
229.87656784057617,7283
230.5694718360901,7282
231.97248649597168,7279
234.06901836395264,7276
236.82246947288513,7275
238.17419338226318,7272
238.8444700241089,7271
240.20081043243408,7270
241.61400055885315,7267
243.0503797531128,7264
243.78544664382935,7261
244.45622992515564,7259
245.14229559898376,7258
247.2390956878662,7256
248.60857677459717,7255
249.30884838104248,7254
249.9919776916504,7251
251.35780096054077,7250
252.04519200325012,7249
254.1006097793579,7247
254.80133771896362,7245
256.853018283844,7244
257.5559368133545,7243
258.24329233169556,7240
258.951544046402,7239
260.39170384407043,7236
262.50146293640137,7234
263.18813824653625,7233
264.54812026023865,7231
265.2510483264923,7230
265.9355001449585,7229
266.61178612709045,7228
267.3060140609741,7226
268.67388463020325,7224
269.3484938144684,7223
271.4318206310272,7221
272.11704540252686,7219
274.85158681869507,7218
275.5372245311737,7217
276.240597486496,7216
276.9366137981415,7214
278.33868384361267,7213
281.0686180591583,7211
282.4250738620758,7209
283.8395299911499,7208
284.5320484638214,7207
285.9182424545288,7206
287.27625823020935,7205
287.9826271533966,7203
288.67523646354675,7202
290.0858702659607,7201
292.81352829933167,7199
294.21143889427185,7197
296.2719347476959,7195
296.95465755462646,7193
298.3530185222626,7191
299.05791306495667,7189
299.7512445449829,7188
301.81591987609863,7187
302.54360032081604,7185
303.9570882320404,7184
305.31974625587463,7182
306.02893590927124,7181
308.08421206474304,7180
308.7903137207031,7179
310.1808638572693,7176
312.2456340789795,7174
313.6423478126526,7172
314.32536458969116,7171
317.07514667510986,7169
317.76617336273193,7168
319.16337990760803,7167
319.8360378742218,7166
320.5334327220917,7165
322.64948868751526,7162
324.74139523506165,7160
325.4295756816864,7158
326.1238851547241,7155
327.508483171463,7150
329.55648970603943,7149
330.2311041355133,7148
331.6198935508728,7147
332.3063051700592,7146
333.69416308403015,7144
335.07496404647827,7143
335.7782576084137,7142
336.48974680900574,7141
338.55805921554565,7140
339.25752544403076,7139
339.9586398601532,7138
342.06131172180176,7136
343.4433505535126,7135
344.1265730857849,7134
344.80260372161865,7132
346.8556978702545,7131
347.57287311553955,7129
348.9778833389282,7127
351.04679131507874,7125
351.7424101829529,7123
353.12364768981934,7122
355.2110815048218,7120
356.6107749938965,7119
357.3017716407776,7118
357.9996426105499,7117
360.1094129085541,7113
362.2277503013611,7112
362.9572489261627,7111
363.64914417266846,7110
364.3546290397644,7109
365.0444676876068,7106
366.43857741355896,7105
367.1269645690918,7104
367.8183970451355,7103
369.23384380340576,7102
369.94083046913147,7100
371.3649961948395,7099
372.0699315071106,7097
374.1570374965668,7096
374.8342387676239,7095
375.5383207798004,7094
376.9102535247803,7093
378.3152480125427,7092
379.6854000091553,7091
380.3977177143097,7090
381.1143047809601,7089
381.78335094451904,7088
383.18094754219055,7086
385.25903511047363,7085
385.9699296951294,7084
386.66927766799927,7083
387.35087966918945,7082
388.04919362068176,7080
389.4040925502777,7079
390.80106925964355,7078
391.5211889743805,7077
392.214558839798,7076
393.62116861343384,7074
394.3177456855774,7072
395.67868852615356,7069
397.02678084373474,7068
398.41470670700073,7066
400.5240340232849,7063
401.20996260643005,7062
403.3063385486603,7061
403.98598313331604,7060
404.6757957935333,7059
406.063330411911,7058
406.7608609199524,7057
407.4459345340729,7056
408.1275477409363,7055
408.8474464416504,7054
410.2200348377228,7052
411.60117173194885,7051
412.2891263961792,7050
413.005601644516,7049
413.7019181251526,7048
415.099000453949,7047
415.78943276405334,7046
417.1926007270813,7045
417.881676197052,7044
419.261855840683,7042
422.03040981292725,7038
423.42767214775085,7037
424.8001182079315,7034
427.5818622112274,7033
428.2630000114441,7032
429.585786819458,7029
431.66711497306824,7027
432.350665807724,7025
433.71713423728943,7024
435.0819206237793,7023
435.7588732242584,7021
437.1646580696106,7020
438.5325400829315,7018
439.89150977134705,7016
440.57752776145935,7015
442.6545898914337,7013
443.34343910217285,7012
445.4612469673157,7011
446.82407546043396,7010
447.5209217071533,7009
448.93800592422485,7008
449.64766097068787,7007
451.0332281589508,7004
452.43777990341187,7002
453.87968587875366,7001
454.5435061454773,7000
455.96791553497314,6998
456.6416873931885,6997
458.04922556877136,6996
458.7281813621521,6994
460.1384599208832,6992
461.5568833351135,6991
462.94515013694763,6990
463.6278667449951,6989
464.34537267684937,6988
465.02774024009705,6987
467.07943320274353,6984
469.163800239563,6983
469.853901386261,6981
470.5465793609619,6980
472.6412787437439,6978
473.31998586654663,6976
476.0598120689392,6974
477.48478174209595,6972
479.55552887916565,6970
480.24429178237915,6969
481.63998770713806,6967
483.01816964149475,6965
483.6891484260559,6964
485.0605628490448,6963
486.4850859642029,6962
487.9104657173157,6961
489.27955889701843,6960
490.68240571022034,6958
492.0876519680023,6955
493.5139739513397,6954
496.2401614189148,6953
496.9425480365753,6952
497.65329217910767,6950
499.73098945617676,6948
501.115109205246,6947
502.4635136127472,6946
503.1571969985962,6945
503.8442130088806,6943
504.53025126457214,6942
506.5858325958252,6940
507.28169083595276,6939
508.68255639076233,6938
510.0610074996948,6934
512.8651642799377,6932
513.5560636520386,6931
515.6066942214966,6928
519.0867986679077,6926
519.7882227897644,6925
521.1564843654633,6924
522.5492506027222,6922
523.9165737628937,6921
526.0149276256561,6920
526.719740152359,6918
528.15043592453,6916
528.8310596942902,6915
530.20663022995,6914
530.884202003479,6913
531.6209194660187,6912
532.3166208267212,6910
533.7180500030518,6909
535.8169069290161,6908
536.5220320224762,6907
537.2123620510101,6906
537.9321293830872,6901
540.6465375423431,6900
542.6982386112213,6899
545.4647462368011,6896
546.160266160965,6894
548.9206850528717,6893
549.6279814243317,6892
550.3287832736969,6891
551.0353715419769,6889
553.1138339042664,6888
553.7882461547852,6887
554.4893743991852,6886
557.2608978748322,6885
557.9880557060242,6884
559.3711180686951,6883
560.769145488739,6881
562.1478683948517,6880
564.2043182849884,6879
564.8921892642975,6878
565.5921137332916,6877
566.9604051113129,6874
569.0719404220581,6873
569.7568004131317,6871
571.1692304611206,6869
571.8630871772766,6868
574.6003878116608,6865
576.7036318778992,6863
578.1132373809814,6862
580.8245828151703,6859
582.2207188606262,6858
583.6512498855591,6857
584.3354547023773,6856
585.0697252750397,6855
587.1742939949036,6854
588.5289790630341,6852
590.627614736557,6851
591.3170709609985,6849
592.721410036087,6847
594.1212341785431,6846
594.8367595672607,6844
598.220043182373,6842
598.22341,6842