1.2529489994049072,7606
2.0170018672943115,7605
2.7059123516082764,7604
3.400057077407837,7600
4.7714784145355225,7599
6.1668314933776855,7596
8.259227275848389,7595
8.926394701004028,7594
10.323117971420288,7591
12.393046617507935,7589
13.075160264968872,7588
13.778346538543701,7587
15.161094188690186,7585
15.84934401512146,7584
16.55903148651123,7582
17.242078065872192,7580
17.92609429359436,7579
18.631999254226685,7577
19.99248719215393,7575
20.684282541275024,7574
22.755717515945435,7573
23.450188159942627,7571
24.14146089553833,7566
25.515210151672363,7564
26.90935206413269,7563
27.601012706756592,7561
28.95877170562744,7560
29.651392221450806,7559
30.353529691696167,7557
31.071274042129517,7554
31.77164936065674,7553
33.18496131896973,7552
33.870614528656006,7551
35.28384304046631,7548
36.6777229309082,7545
37.365105390548706,7542
38.76103711128235,7541
39.47183084487915,7539
40.155720949172974,7537
40.86275815963745,7536
42.2422411441803,7535
42.95480680465698,7534
43.6419403553009,7533
44.33345866203308,7532
45.00637364387512,7531
46.38035225868225,7528
47.76137614250183,7527
48.455294609069824,7526
49.85055637359619,7524
50.5328483581543,7521
51.93444085121155,7520
52.63856267929077,7518
54.70594024658203,7514
56.06951713562012,7513
57.41157579421997,7509
58.16402268409729,7507
60.25001358985901,7506
61.63844180107117,7503
62.34232234954834,7502
64.45770144462585,7500
65.14612174034119,7497
66.59369659423828,7496
67.28757929801941,7495
68.67276549339294,7493
69.35631775856018,7491
70.76689529418945,7490
71.43919634819031,7487
73.53530597686768,7483
74.21650385856628,7482
74.92943811416626,7481
76.32433581352234,7480
78.37153053283691,7477
79.05180978775024,7476
80.43966865539551,7473
82.49659872055054,7471
83.17372584342957,7469
83.87520146369934,7468
85.24202680587769,7466
86.5980954170227,7465
88.00088787078857,7463
88.72512149810791,7462
89.45385360717773,7461
90.15875792503357,7460
91.56059741973877,7455
95.03767514228821,7454
95.71572232246399,7453
97.12333154678345,7452
97.83539414405823,7451
98.53126525878906,7450
99.23572587966919,7448
101.29654479026794,7446
102.00790572166443,7444
102.69723606109619,7443
104.08192849159241,7442
104.78787589073181,7440
105.48058295249939,7438
107.55476236343384,7435
108.97298264503479,7434
109.66780710220337,7433
111.04993176460266,7432
111.7626793384552,7431
112.45408129692078,7427
115.26585960388184,7426
115.97712969779968,7425
116.68215584754944,7424
117.37563371658325,7423
118.76643061637878,7422
120.16307282447815,7420
120.86903285980225,7419
121.56160140037537,7418
122.27390027046204,7417
122.97946786880493,7416
124.34402966499329,7413
126.41092681884766,7410
127.12115216255188,7408
127.84596276283264,7407
129.22619557380676,7406
129.92405533790588,7404
132.0094244480133,7403
133.413724899292,7401
134.1045434474945,7400
134.78108310699463,7399
136.1815242767334,7397
138.25566029548645,7395
138.97124314308167,7393
139.6982660293579,7391
142.47495484352112,7389
143.85308241844177,7387
144.55992579460144,7383
145.9689953327179,7382
146.6449875831604,7381
148.00389790534973,7380
148.71730089187622,7379
150.0958616733551,7377
150.79852628707886,7376
151.50755429267883,7375
152.24066042900085,7373
154.33824110031128,7372
155.0143027305603,7371
155.7192771434784,7369
156.40540051460266,7367
159.22664999961853,7364
160.6000621318817,7363
161.28753113746643,7362
162.64734363555908,7361
163.3380925655365,7360
164.7514317035675,7359
165.44206190109253,7358
166.10570573806763,7356
167.4824516773224,7355
168.19952535629272,7353
169.59093403816223,7350
171.04127383232117,7349
171.75733399391174,7347
172.46447491645813,7346
173.82751893997192,7343
174.5246639251709,7341
175.94101929664612,7338
178.7098104953766,7336
180.07464146614075,7334
180.74544978141785,7333
181.42844152450562,7331
182.80877804756165,7330
184.18947529792786,7328
185.5717475414276,7327
186.28502655029297,7324
188.34568810462952,7322
189.7202160358429,7320
190.39052724838257,7319
191.8005006313324,7317
193.87856149673462,7315
194.59780955314636,7313
196.70396780967712,7312
198.06171298027039,7311
198.75737977027893,7310
199.44752860069275,7307
200.12059998512268,7306
202.17865443229675,7305
202.8861162662506,7304
203.57256889343262,7303
204.2578604221344,7302
204.96584248542786,7301
205.66401433944702,7300
206.3908076286316,7299
207.79427289962769,7298
209.17995429039001,7296
209.87118673324585,7295
210.58729434013367,7293
211.2955560684204,7291
212.6878228187561,7289
213.36625027656555,7288
214.7929515838623,7286
216.20733332633972,7284
216.90352416038513,7283
218.2989513874054,7281
219.67421770095825,7280
221.0892083644867,7279
221.8083016872406,7277
223.91796684265137,7274
225.29729866981506,7272
225.98621726036072,7271
226.70716547966003,7269
228.7813422679901,7268
230.12916564941406,7267
230.8280918598175,7264
231.5382056236267,7263
232.2042818069458,7261
233.61905193328857,7260
235.0283977985382,7259
235.7382915019989,7256
237.1492247581482,7255
237.848304271698,7252
239.21397471427917,7251
240.57462525367737,7246
244.08620929718018,7245
244.7942135334015,7244
245.49282026290894,7243
247.54317784309387,7241
248.24603629112244,7240
251.04173588752747,7238
252.39863443374634,7236
253.11724972724915,7234
255.22945475578308,7232
256.5809826850891,7231
258.0071530342102,7229
260.0690920352936,7228
262.1872229576111,7227
262.8881015777588,7226
263.6048240661621,7225
264.27230501174927,7224
264.9538321495056,7223
265.6530292034149,7222
266.3355507850647,7221
267.7184307575226,7219
268.421893119812,7218
269.84070324897766,7217
271.22163939476013,7216
271.9289219379425,7214
273.31134939193726,7213
274.03110790252686,7212
275.4299945831299,7210
276.1286985874176,7209
276.81883001327515,7208
277.50741362571716,7206
278.2278892993927,7205
278.90482783317566,7203
280.94297528266907,7200
283.08721446990967,7199
283.7917947769165,7198
284.4952187538147,7197
286.5842442512512,7193
287.9722008705139,7191
290.04075384140015,7190
290.76114773750305,7189
291.43263149261475,7188
292.8344442844391,7185
294.22702407836914,7184
297.03805136680603,7178
299.1591866016388,7176
299.8783142566681,7174
300.5864462852478,7173
301.28279423713684,7171
302.67199540138245,7170
303.35331320762634,7169
304.75922179222107,7167
306.14985489845276,7166
308.2677798271179,7164
311.0212335586548,7162
312.4381904602051,7160
313.1364767551422,7159
314.54154658317566,7157
315.9389762878418,7156
318.6866714954376,7153
320.07412242889404,7151
320.76759815216064,7150
323.5589122772217,7149
324.24889039993286,7148
324.93913984298706,7147
326.3329300880432,7143
329.81468868255615,7142
331.18579745292664,7140
331.90495324134827,7139
333.30894947052,7138
334.69732785224915,7137
335.4086899757385,7134
338.2074382305145,7132
340.9686789512634,7129
342.34853625297546,7127
343.75357031822205,7125
345.1739549636841,7124
346.5901036262512,7123
347.31691312789917,7122
348.01875281333923,7120
350.8419678211212,7118
352.2258117198944,7117
353.6354525089264,7116
355.0482454299927,7115
356.4206645488739,7114
357.10190057754517,7112
359.9279499053955,7110
361.3050365447998,7109
362.7446246147156,7105
366.20608925819397,7104
366.90722823143005,7103
367.5985734462738,7102
368.3107349872589,7101
369.02050971984863,7100
371.18176913261414,7097
373.28475165367126,7096
374.00640201568604,7094
375.3938419818878,7093
376.74511909484863,7091
378.843923330307,7090
379.540118932724,7088
381.65365743637085,7086
384.4660904407501,7084
385.85057640075684,7082
387.23934984207153,7080
387.9173631668091,7079
389.2998597621918,7078
389.98133397102356,7077
390.6732814311981,7076
392.0785663127899,7075
394.1796028614044,7073
396.24396896362305,7072
396.95690965652466,7071
397.64370799064636,7070
398.3564717769623,7069
399.7139620780945,7067
401.8107981681824,7065
402.49424505233765,7064
403.2025234699249,7063
405.2823295593262,7059
405.9973495006561,7058
407.3819706439972,7056
408.79150223731995,7055
410.1755881309509,7052
412.2335057258606,7050
413.6355731487274,7049
414.3646364212036,7047
416.43271470069885,7045
418.52397871017456,7041
421.29590678215027,7038
422.66691398620605,7036
424.05558609962463,7035
426.15165638923645,7034
427.53820061683655,7033
428.94850850105286,7031
431.0543894767761,7030
431.75654339790344,7028
433.8929305076599,7027
434.5724346637726,7026
436.6463506221771,7025
437.35563611984253,7024
438.7616593837738,7020
440.8525311946869,7019
442.22542786598206,7018
442.92984437942505,7016
444.31908679008484,7014
446.4392547607422,7012
448.52340173721313,7010
449.86326336860657,7009
451.91624116897583,7007
453.3086121082306,7006
454.6837031841278,7004
456.796169757843,7003
457.48618483543396,7001
458.8836169242859,6999
460.2736473083496,6998
460.9596836566925,6997
462.3300607204437,6996
463.0215394496918,6995
463.72611260414124,6994
464.4295217990875,6993
466.50729990005493,6991
467.8936595916748,6990
468.5740373134613,6989
469.27752161026,6988
470.68855118751526,6987
471.3688700199127,6986
472.0709638595581,6984
473.4425368309021,6981
476.22469186782837,6979
477.5930287837982,6978
478.9828839302063,6977
479.67428374290466,6975
480.36890745162964,6974
482.44463634490967,6973
483.1250388622284,6971
485.24673867225647,6970
487.3604407310486,6968
488.0503776073456,6967
490.14789295196533,6966
492.22570300102234,6964
493.6318461894989,6963
494.3385052680969,6961
495.73554730415344,6960
497.12399411201477,6958
498.5226058959961,6957
499.213018655777,6956
500.6035010814667,6955
501.9859297275543,6953
504.0173399448395,6952
504.7112629413605,6951
506.78794741630554,6950
508.17754197120667,6947
509.6026589870453,6946
510.2906413078308,6945
511.69845843315125,6944
512.4029204845428,6943
513.8261539936066,6942
515.8857522010803,6941
516.5793898105621,6940
517.9490501880646,6938
520.0379953384399,6936
521.4226870536804,6935
523.5487496852875,6934
524.2296676635742,6932
526.3155515193939,6930
527.0247490406036,6929
527.7702419757843,6928
529.8715298175812,6927
530.5719337463379,6926
532.6533281803131,6924
534.7758681774139,6922
536.1747772693634,6921
536.8642282485962,6920
538.2497432231903,6919
538.9415595531464,6918
540.3190264701843,6916
543.0766515731812,6914
544.4862480163574,6913
546.65318608284,6912
547.377336025238,6911
548.053279876709,6910
550.186888217926,6908
551.5786566734314,6905
553.6477007865906,6904
555.756621837616,6903
557.1153752803802,6902
558.4912786483765,6901
559.1949195861816,6900
560.6310186386108,6899
561.3280260562897,6898
562.6856808662415,6897
564.122885465622,6893
566.2022466659546,6892
567.591178894043,6890
569.0238089561462,6888
571.1184470653534,6886
571.8121945858002,6885
573.205664396286,6884
573.8860049247742,6883
575.2514533996582,6881
576.6330180168152,6880
578.0167169570923,6879
580.1330735683441,6877
580.8253901004791,6876
581.5233225822449,6875
583.5951449871063,6873
584.9933907985687,6872
585.6895351409912,6871
587.0871498584747,6870
587.7898926734924,6869
588.4791505336761,6867
591.2343649864197,6866
591.9411065578461,6865
592.6360487937927,6863
595.3894605636597,6861
596.7772598266602,6858
598.19508,6858