1.2335832118988037,7605
2.672528028488159,7604
3.378953218460083,7603
4.09307336807251,7601
4.7809882164001465,7599
6.849574565887451,7596
7.555505752563477,7595
8.258071184158325,7594
8.944138765335083,7590
9.642452478408813,7589
11.746408700942993,7585
13.113340139389038,7584
13.813626289367676,7582
14.511863470077515,7581
15.208662748336792,7579
15.95374345779419,7578
16.673635005950928,7577
17.34364676475525,7576
18.704658269882202,7575
19.403254985809326,7573
20.799384832382202,7570
22.16031503677368,7567
24.915144443511963,7566
25.615853309631348,7564
26.30189538002014,7561
27.66416096687317,7559
28.352105140686035,7558
29.7511043548584,7557
31.16412615776062,7555
31.866878271102905,7554
32.54521918296814,7552
34.6595413684845,7551
35.37197756767273,7548
37.40892505645752,7546
38.782066345214844,7544
39.48150277137756,7543
40.146634578704834,7542
40.85726070404053,7540
42.25395679473877,7539
42.96336317062378,7537
44.382002115249634,7536
45.11144948005676,7535
45.78487730026245,7534
46.47256064414978,7533
47.165995597839355,7531
47.85969567298889,7530
48.55364537239075,7529
49.93092107772827,7528
51.3150269985199,7526
52.67702007293701,7523
54.067386627197266,7522
54.77359962463379,7520
55.48625898361206,7518
56.16103792190552,7517
57.514527797698975,7515
58.886759519577026,7512
60.26880669593811,7511
61.63249588012695,7508
63.702457904815674,7507
64.38760089874268,7504
65.76504111289978,7503
66.43429350852966,7502
67.15381574630737,7500
68.53157687187195,7498
69.22450542449951,7497
70.5541124343872,7495
71.2397472858429,7493
71.93881726264954,7492
73.97168350219727,7489
74.64472675323486,7488
75.35294342041016,7485
76.7157723903656,7484
78.08684825897217,7481
80.76118445396423,7479
81.4158525466919,7477
82.80192375183105,7475
84.21810817718506,7474
85.62081122398376,7473
86.29920244216919,7472
86.98856496810913,7469
88.35974144935608,7465
91.18530201911926,7464
91.88148045539856,7461
93.2627112865448,7458
94.63936996459961,7457
96.6968903541565,7455
97.40919947624207,7453
99.4523675441742,7452
100.14340543746948,7448
100.83669877052307,7447
101.52694654464722,7446
103.61130690574646,7444
104.96529197692871,7443
105.66976833343506,7441
106.35914349555969,7440
108.40574979782104,7438
109.78207230567932,7436
111.1698784828186,7435
111.86404800415039,7433
113.28105854988098,7430
113.97578978538513,7428
116.71560382843018,7427
117.3803858757019,7426
118.0784204006195,7425
119.45605897903442,7424
120.16707921028137,7423
120.88363432884216,7422
121.59907960891724,7421
122.99009776115417,7420
123.6811785697937,7418
125.75459837913513,7417
126.44311022758484,7415
127.1238706111908,7414
127.82835626602173,7413
129.21060299873352,7412
130.5697340965271,7410
131.25202322006226,7409
132.60684466362,7408
133.32451128959656,7407
134.70781707763672,7405
136.09497022628784,7404
136.7786841392517,7403
137.45645380020142,7401
138.83953428268433,7400
139.54851388931274,7399
140.91785502433777,7396
143.02133107185364,7394
143.72919845581055,7393
144.4278039932251,7392
145.10789561271667,7390
147.19862365722656,7388
147.89365553855896,7387
149.93911385536194,7384
152.033873796463,7383
153.38662195205688,7381
154.74781918525696,7377
155.4614236354828,7376
156.83660864830017,7375
158.9198226928711,7374
159.6171727180481,7373
160.32779455184937,7370
161.69984340667725,7369
162.3882155418396,7368
163.0795295238495,7366
163.79189491271973,7365
164.49409008026123,7364
166.57816338539124,7363
167.26866579055786,7362
167.94398593902588,7360
168.63133573532104,7357
169.32461047172546,7356
170.7390444278717,7354
171.41740465164185,7353
172.11970567703247,7352
173.4556667804718,7350
175.516499042511,7349
176.22178077697754,7348
177.61414074897766,7347
178.3116569519043,7345
180.34750151634216,7343
182.43948554992676,7342
183.80094504356384,7339
186.55487966537476,7336
189.30411386489868,7334
190.69698190689087,7332
191.3765003681183,7331
192.0333604812622,7329
192.73972725868225,7327
193.43936228752136,7326
194.80680131912231,7325
196.25458931922913,7324
196.94333839416504,7323
197.64622116088867,7322
198.34926843643188,7319
200.37227296829224,7318
201.0508692264557,7317
201.74792218208313,7316
203.16149234771729,7314
204.5940089225769,7313
205.28172254562378,7312
206.71715140342712,7310
207.39699172973633,7309
208.09822607040405,7307
208.7894058227539,7305
210.85173845291138,7301
213.61220955848694,7298
215.68182945251465,7297
216.3533387184143,7295
217.04534339904785,7294
219.12947416305542,7292
220.45567178726196,7291
221.17291927337646,7290
221.86304569244385,7289
222.5741901397705,7287
223.25043153762817,7286
225.31360793113708,7285
226.01710176467896,7284
226.72960472106934,7283
227.4437026977539,7281
228.12141275405884,7280
228.82469987869263,7279
230.24678134918213,7275
231.61740970611572,7274
232.28175854682922,7273
233.6827301979065,7272
234.37472987174988,7271
235.080721616745,7270
235.7613663673401,7269
237.13682436943054,7268
238.53859686851501,7267
239.22526788711548,7265
239.91332745552063,7263
242.01634693145752,7262
242.7244839668274,7260
244.09682965278625,7256
246.16897749900818,7254
247.55385947227478,7252
249.59437108039856,7248
250.97362542152405,7246
253.7286286354065,7245
254.41561770439148,7242
255.81792163848877,7241
256.50370264053345,7240
257.85927844047546,7237
259.9113872051239,7235
261.93951416015625,7232
263.95553398132324,7230
264.66360211372375,7229
266.0109279155731,7227
268.108460187912,7226
268.82027101516724,7225
269.5148570537567,7224
270.1984496116638,7222
271.57000207901,7221
272.2658896446228,7219
273.63942980766296,7218
275.03187346458435,7216
276.4710445404053,7211
278.5063886642456,7210
279.9028568267822,7209
281.28771567344666,7207
282.6611876487732,7206
283.312730550766,7204
286.04696345329285,7203
286.72033619880676,7200
288.0788176059723,7199
289.43807196617126,7197
290.14085245132446,7196
293.5806794166565,7195
294.2692356109619,7194
295.67151045799255,7193
297.0845458507538,7191
297.7967448234558,7190
299.204936504364,7189
299.87804913520813,7188
300.55399465560913,7186
302.5941536426544,7184
303.9881217479706,7183
305.35641384124756,7181
306.7588791847229,7180
307.44824838638306,7179
308.159827709198,7177
309.5224554538727,7175
310.2145175933838,7174
311.55681586265564,7171
313.6415379047394,7169
314.32270097732544,7167
315.7015528678894,7164
317.0483458042145,7163
318.44081115722656,7161
319.8178753852844,7160
321.1938965320587,7158
322.58131551742554,7157
323.9349613189697,7154
325.97080636024475,7153
327.3395628929138,7152
328.03056740760803,7151
328.7325656414032,7149
330.10749912261963,7148
332.1621627807617,7146
332.8527045249939,7145
334.22520661354065,7143
335.6393549442291,7142
337.0176043510437,7141
337.74515676498413,7139
338.43963265419006,7136
339.8135812282562,7135
340.5248193740845,7132
342.5974164009094,7130
344.01887941360474,7128
344.7374439239502,7127
347.5264096260071,7125
348.20854592323303,7124
348.9023792743683,7123
349.57409048080444,7122
350.26292872428894,7120
353.06609058380127,7118
353.7520663738251,7117
355.1075086593628,7115
356.49189162254333,7113
357.18479657173157,7110
359.2448215484619,7109
360.6242287158966,7107
361.30387353897095,7106
362.70687913894653,7105
363.38956570625305,7103
364.0949156284332,7102
366.1463212966919,7099
370.9647002220154,7098
372.3345379829407,7097
373.0390157699585,7096
374.4445536136627,7095
375.830872297287,7094
377.1721761226654,7091
378.5372428894043,7090
379.9042456150055,7085
380.5934839248657,7084
381.9705183506012,7083
383.35547399520874,7080
385.41879534721375,7077
386.7935838699341,7076
387.47485399246216,7075
389.5419132709503,7074
390.2433376312256,7072
391.6357653141022,7071
392.3212537765503,7070
393.76283955574036,7069
395.1178150177002,7068
395.838504076004,7067
396.54299998283386,7066
397.21800780296326,7065
398.6395490169525,7064
400.02273535728455,7062
400.6758699417114,7061
402.7658452987671,7058
404.80612325668335,7057
405.5056879520416,7055
406.8780539035797,7052
408.24985456466675,7051
408.9623374938965,7050
410.32635045051575,7047
411.7286822795868,7046
413.1117813587189,7045
415.1671977043152,7044
415.8646171092987,7041
418.59449672698975,7040
419.2882103919983,7038
419.9680554866791,7037
421.31453585624695,7036
422.69067883491516,7034
424.75321650505066,7033
425.44830346107483,7031
426.8302586078644,7028
428.2004323005676,7027
428.8885314464569,7026
429.5755913257599,7025
430.96687865257263,7022
433.7133023738861,7020
435.7358195781708,7019
436.4382758140564,7018
437.1165466308594,7017
437.78382778167725,7016
439.1212565898895,7014
440.4790737628937,7013
441.1749336719513,7012
441.8647618293762,7011
443.23639583587646,7010
443.92753171920776,7009
444.62568068504333,7008
446.00366854667664,7007
447.3949930667877,7005
448.7659378051758,7001
451.5478322505951,6998
452.23868703842163,6997
453.59707474708557,6996
454.28735518455505,6995
454.9748890399933,6994
455.66759157180786,6993
457.03578424453735,6992
458.421648979187,6991
459.0899703502655,6990
459.77935814857483,6989
461.1656002998352,6986
464.60731649398804,6984
466.62079191207886,6983
467.29530668258667,6982
468.0043046474457,6981
469.41712403297424,6980
470.1048069000244,6979
471.47996401786804,6978
472.1481137275696,6976
473.5477526187897,6975
474.23659086227417,6974
474.9270610809326,6972
476.3542242050171,6971
478.46255230903625,6970
479.1714234352112,6968
480.5276379585266,6967
481.8898618221283,6966
482.57352018356323,6963
483.92721033096313,6962
484.6494686603546,6960
486.76442646980286,6959
488.14500546455383,6957
490.2236816883087,6955
492.2561881542206,6953
494.296879529953,6952
495.01263070106506,6949
497.77855134010315,6948
498.4845325946808,6947
500.56984400749207,6944
502.6542446613312,6941
505.45441222190857,6940
506.1706278324127,6938
507.5276370048523,6937
508.2296121120453,6936
508.9286332130432,6935
510.35009956359863,6934
511.7214322090149,6933
512.4132690429688,6931
513.8251042366028,6930
516.5515642166138,6929
517.2412552833557,6928
517.9551432132721,6927
518.655743598938,6926
520.0677852630615,6925
520.7793231010437,6924
522.8167686462402,6923
523.5181033611298,6922
524.1889290809631,6919
526.94766497612,6918
528.3039026260376,6917
528.988787651062,6916
530.3791837692261,6915
531.0745718479156,6913
533.2037637233734,6911
534.6059708595276,6908
535.9753856658936,6907
538.0759243965149,6906
538.7585496902466,6904
539.4540143013,6903
541.531435251236,6901
543.5840446949005,6900
544.2655873298645,6899
546.301751613617,6898
547.6607353687286,6897
548.3524005413055,6896
549.757285118103,6895
550.4481158256531,6894
551.8194935321808,6892
553.2062847614288,6891
554.5894742012024,6890
555.9853546619415,6889
556.6918864250183,6888
558.0746583938599,6887
559.4369113445282,6886
560.1405129432678,6885
560.8285548686981,6883
563.6568703651428,6882
565.0224194526672,6880
565.7427532672882,6879
567.0999290943146,6878
568.5020129680634,6877
569.1865956783295,6876
571.9109282493591,6872
572.5845746994019,6871
575.2962622642517,6869
576.6957252025604,6868
577.3699340820312,6867
578.0778925418854,6866
578.7803356647491,6865
580.1429758071899,6864
580.837563753128,6863
582.2329778671265,6862
583.623387336731,6859
585.6911220550537,6858
587.0562407970428,6857
587.7635476589203,6855
588.4712595939636,6854
590.5635151863098,6853
591.2474524974823,6852
591.9554533958435,6851
592.6502187252045,6850
594.0488564968109,6849
594.7686018943787,6848
595.4611945152283,6847
596.8404715061188,6846
598.2337074279785,6845
598.23696,6845