1.2613961696624756,7606
2.689394235610962,7603
4.761905908584595,7601
6.137794733047485,7600
6.847693920135498,7599
7.544929504394531,7596
8.903619766235352,7595
10.314809799194336,7594
11.007778644561768,7593
11.713140726089478,7592
12.411804437637329,7587
14.442716121673584,7585
15.838775157928467,7583
17.94516682624817,7580
18.682499885559082,7579
19.378356456756592,7578
20.765159130096436,7576
21.45972967147827,7575
22.165623426437378,7573
22.85700821876526,7571
24.224245071411133,7569
25.609928607940674,7568
26.2920401096344,7567
26.990189790725708,7564
28.379268169403076,7561
30.483872175216675,7560
31.168588399887085,7556
31.88491654396057,7554
32.583730697631836,7553
33.26710247993469,7552
33.95547294616699,7550
34.63976263999939,7549
36.03169536590576,7548
36.77977776527405,7547
38.16291904449463,7541
40.23037338256836,7538
41.600300550460815,7536
42.97685742378235,7535
43.69677662849426,7533
45.81866526603699,7530
46.519713401794434,7529
47.21398949623108,7527
47.92455053329468,7526
49.999571084976196,7524
50.699408769607544,7521
51.388588428497314,7520
52.77156853675842,7519
53.4727725982666,7517
55.60828399658203,7514
57.722683906555176,7511
59.79977011680603,7509
61.18035316467285,7507
62.57081866264343,7504
63.92584586143494,7503
64.6394407749176,7500
65.32507920265198,7499
66.01460266113281,7498
67.40615153312683,7496
68.82441639900208,7494
70.21968579292297,7491
70.90713906288147,7487
74.34510517120361,7485
75.00843811035156,7484
75.70378923416138,7482
77.04206991195679,7480
78.42579102516174,7478
80.49118375778198,7477
81.19180154800415,7475
81.88831758499146,7474
82.55729675292969,7473
83.23546099662781,7472
83.9020483493805,7471
85.30329036712646,7470
85.99026799201965,7469
86.67875719070435,7468
87.36335611343384,7467
88.72713947296143,7464
90.13070797920227,7462
90.83685755729675,7460
92.92286515235901,7458
94.26944994926453,7457
95.67319822311401,7455
97.06075739860535,7454
97.76050662994385,7453
99.16813945770264,7451
101.23254656791687,7448
103.32730197906494,7446
104.73535180091858,7444
105.43080830574036,7442
106.11767315864563,7440
107.52173185348511,7439
108.21158933639526,7437
110.31459617614746,7434
111.02712273597717,7432
112.43560600280762,7431
113.17502069473267,7430
114.55862474441528,7428
115.25897145271301,7427
116.65329790115356,7425
118.03671312332153,7423
119.48350167274475,7422
120.85496163368225,7421
121.5409722328186,7419
122.93706727027893,7417
124.3085994720459,7416
124.99947619438171,7414
127.07608580589294,7413
127.78948640823364,7411
129.19598722457886,7410
129.8784658908844,7407
131.2664933204651,7405
131.9787871837616,7403
132.67693972587585,7402
134.04927587509155,7400
134.77616596221924,7399
135.47315192222595,7398
136.822167634964,7397
137.5029022693634,7396
139.55774307250977,7394
140.27836084365845,7393
140.9731147289276,7392
141.69507360458374,7390
143.07898950576782,7388
144.48581409454346,7386
145.18604493141174,7384
147.2573299407959,7379
149.33002519607544,7377
150.7071132659912,7375
151.4175202846527,7374
152.80951309204102,7373
153.48365235328674,7371
154.1832504272461,7370
154.86097192764282,7369
156.25161123275757,7366
157.63180446624756,7363
160.4075837135315,7361
161.79449725151062,7358
163.17875218391418,7357
164.60050058364868,7355
165.96162962913513,7354
166.6507203578949,7353
168.05607175827026,7350
168.75549173355103,7349
169.46469807624817,7347
170.85615420341492,7345
172.23007321357727,7343
173.6330373287201,7340
174.32621121406555,7339
175.75005555152893,7338
176.45109486579895,7337
178.53373861312866,7335
179.2465808391571,7334
179.95093822479248,7332
181.33317494392395,7331
182.0347547531128,7330
182.71056628227234,7327
184.80127906799316,7326
186.20783829689026,7324
186.9409008026123,7323
189.03611946105957,7320
190.40200185775757,7319
191.0896499156952,7318
191.79355096817017,7314
193.81232023239136,7313
194.52297830581665,7310
195.89591336250305,7309
196.59088921546936,7307
198.00631761550903,7305
199.40488624572754,7303
201.52922868728638,7300
202.94393157958984,7299
203.6589479446411,7298
205.042174577713,7297
205.73701548576355,7296
206.4578309059143,7295
207.16246485710144,7293
207.87577772140503,7292
208.58586168289185,7290
210.00202131271362,7287
212.82682728767395,7285
213.50440549850464,7284
214.1798815727234,7282
214.87939548492432,7281
216.2715744972229,7279
217.66931438446045,7277
219.7662103176117,7274
220.47023224830627,7273
221.17481970787048,7272
221.85151648521423,7270
222.54838681221008,7269
224.64593195915222,7268
225.33945488929749,7267
226.051429271698,7265
226.7470462322235,7264
228.81535387039185,7262
231.56731295585632,7260
232.27646112442017,7259
233.6692898273468,7255
236.44186902046204,7252
239.196937084198,7251
239.88328647613525,7249
241.29825806617737,7248
241.98214983940125,7247
242.697092294693,7246
243.37842774391174,7245
244.0766839981079,7244
244.7724153995514,7243
246.8834035396576,7242
247.58445501327515,7241
248.2852087020874,7238
249.00772094726562,7236
251.74777388572693,7235
253.10847330093384,7231
255.15112161636353,7229
255.86395597457886,7228
256.5689582824707,7227
257.9702453613281,7226
258.65536165237427,7225
259.3523256778717,7224
260.0294306278229,7223
262.08012294769287,7220
263.45664048194885,7219
264.8667311668396,7218
265.54861092567444,7216
268.27484798431396,7214
269.6607463359833,7212
271.0339889526367,7211
271.7325277328491,7210
272.448180437088,7207
273.16125893592834,7206
274.56432032585144,7205
275.89977741241455,7204
276.6187963485718,7203
277.3323299884796,7202
278.71688890457153,7200
280.76630783081055,7199
281.4162497520447,7198
282.1086747646332,7197
283.49609184265137,7195
284.2028012275696,7194
285.5973174571991,7192
287.00510239601135,7190
287.71367168426514,7189
289.0614640712738,7188
289.7445025444031,7187
290.4481692314148,7186
291.8261971473694,7182
293.2030756473541,7180
294.5733959674835,7177
295.98122572898865,7176
297.3818621635437,7175
298.07491302490234,7174
299.4577181339264,7172
300.1458113193512,7171
300.8532121181488,7170
301.5406713485718,7169
302.93797421455383,7168
303.66023564338684,7167
305.05602264404297,7166
305.7807812690735,7165
307.88767075538635,7163
308.5853199958801,7162
310.67373037338257,7158
312.8118257522583,7157
314.90617966651917,7155
316.28086948394775,7154
316.9992802143097,7152
318.37992429733276,7151
319.05139088630676,7150
319.7454309463501,7149
321.1128406524658,7147
322.5292353630066,7146
323.9103569984436,7144
324.5969502925873,7143
325.99308371543884,7142
326.68176770210266,7141
327.368022441864,7140
330.1658368110657,7138
331.53628039360046,7136
332.2298424243927,7134
333.6046369075775,7131
335.6793134212494,7130
336.3928098678589,7129
337.0724799633026,7128
338.4958486557007,7127
339.8851866722107,7125
340.58751130104065,7123
342.7297947406769,7122
344.10864663124084,7120
344.76210379600525,7119
346.88326048851013,7118
348.2770640850067,7117
348.9865999221802,7115
349.67238569259644,7114
351.08971333503723,7112
353.14741945266724,7110
354.5364120006561,7109
355.9555721282959,7108
357.333482503891,7106
358.02243161201477,7105
358.7263083457947,7104
359.4205973148346,7101
362.1802167892456,7099
363.56822323799133,7098
364.98551988601685,7096
365.66711926460266,7094
367.0334074497223,7091
368.3986601829529,7089
369.7732801437378,7087
371.8538861274719,7083
372.52429389953613,7082
373.93665409088135,7080
375.30996012687683,7079
375.9858868122101,7078
378.04388213157654,7076
378.7327456474304,7074
380.8260486125946,7073
381.5314197540283,7071
383.582558631897,7070
384.2579219341278,7069
385.6621584892273,7068
386.3385109901428,7066
388.44379115104675,7063
391.29486060142517,7060
393.3725414276123,7059
394.06790804862976,7057
394.7569348812103,7053
396.8056535720825,7050
398.8922414779663,7049
400.27205443382263,7047
401.6617228984833,7046
402.3496136665344,7045
404.39820671081543,7044
405.09400606155396,7043
405.79732966423035,7042
407.2201135158539,7041
408.6160728931427,7040
409.2945303916931,7038
409.98454689979553,7037
410.67034220695496,7036
412.0673248767853,7035
413.47383999824524,7034
414.1766061782837,7033
414.872935295105,7030
415.5727319717407,7029
418.3381595611572,7027
419.7019326686859,7026
421.1172606945038,7025
422.49567341804504,7023
424.5544502735138,7022
425.2929344177246,7021
425.9792926311493,7020
428.0529890060425,7018
428.7599244117737,7017
429.4316210746765,7016
431.5436851978302,7015
432.9079759120941,7012
434.96310591697693,7011
435.6399416923523,7010
436.33011174201965,7009
437.0447025299072,7008
439.1195511817932,7005
440.49366879463196,7004
441.8665728569031,7003
442.5616681575775,7002
443.2601146697998,7000
446.0665626525879,6998
446.75836157798767,6997
447.4690971374512,6996
448.1935935020447,6995
448.87990856170654,6993
450.29844546318054,6992
452.40158677101135,6990
453.08702063560486,6988
454.51312279701233,6987
455.8758080005646,6985
456.5952150821686,6984
459.4174771308899,6983
460.10216307640076,6982
461.4939980506897,6981
462.19119119644165,6978
465.0244746208191,6977
465.7062175273895,6975
467.7549111843109,6972
470.5501389503479,6971
471.9193196296692,6970
473.30665588378906,6969
474.0183608531952,6968
474.7244849205017,6966
476.7694330215454,6964
478.91503858566284,6962
479.6317849159241,6961
481.0034689903259,6960
482.3662405014038,6957
485.1106412410736,6956
485.79250931739807,6955
487.23055481910706,6954
487.9673295021057,6953
489.37295508384705,6951
490.77308082580566,6949
492.12691140174866,6946
492.83716011047363,6942
494.95534801483154,6940
496.3434226512909,6939
497.73933577537537,6938
499.83139395713806,6936
501.9470520019531,6934
503.9856321811676,6931
506.1389653682709,6930
506.8392188549042,6929
508.21337056159973,6928
510.29590034484863,6926
511.7114305496216,6925
513.1159620285034,6924
513.8122937679291,6922
516.6226224899292,6921
517.3057579994202,6920
518.6821591854095,6919
520.089203119278,6917
521.4805476665497,6915
522.1930463314056,6913
524.2418398857117,6912
524.9446997642517,6911
525.6330070495605,6910
527.7462434768677,6909
528.4498975276947,6907
529.8367094993591,6906
531.2343554496765,6905
531.908043384552,6904
532.6046533584595,6903
533.2690713405609,6902
534.6414089202881,6901
535.3785543441772,6900
536.1042835712433,6897
539.5531914234161,6895
541.6088492870331,6893
543.6736767292023,6892
544.3751630783081,6891
545.7941064834595,6890
547.2194423675537,6889
547.9204823970795,6888
549.3165555000305,6887
550.7064962387085,6886
552.7748072147369,6883
554.1691718101501,6881
555.563312292099,6878
556.9415113925934,6877
558.3015251159668,6876
558.9965686798096,6875
560.4158887863159,6873
562.4928650856018,6872
564.5947234630585,6871
565.3152792453766,6869
566.7290353775024,6868
568.8459978103638,6867
569.5465228557587,6866
570.2537257671356,6864
572.3775718212128,6863
573.7754924297333,6862
575.1864421367645,6861
576.6139252185822,6860
577.3201396465302,6859
579.3979482650757,6858
580.1016788482666,6857
580.8156132698059,6855
581.4790105819702,6853
583.5945258140564,6852
585.6893022060394,6850
586.3983776569366,6849
587.8523819446564,6847
589.9459085464478,6846
590.671914100647,6845
592.08651471138,6842
594.8375060558319,6841
596.2103407382965,6840
596.9011189937592,6839
597.5993950366974,6836
598.3117,6836