0.06554102897644043,194
0.08963871002197266,193
0.11580991744995117,192
0.13861584663391113,191
0.23101353645324707,189
0.3058812618255615,188
0.35637569427490234,187
0.40520381927490234,186
0.42791152000427246,185
0.4516935348510742,184
0.5452065467834473,183
0.6189064979553223,181
0.7352232933044434,180
0.8328487873077393,179
0.8815898895263672,178
1.0031111240386963,177
1.1499803066253662,176
1.248905897140503,175
1.3723883628845215,174
1.4448459148406982,173
1.5395474433898926,172
1.6405072212219238,171
1.763364315032959,170
1.859424114227295,169
1.9559295177459717,168
2.078887939453125,167
2.473684787750244,166
2.594869375228882,165
2.789863109588623,164
3.279094934463501,163
5.201256275177002,162
24.63216,162