0.06871652603149414,195
0.09291577339172363,194
0.14748311042785645,193
0.19737768173217773,192
0.22015786170959473,191
0.3168973922729492,190
0.3898158073425293,189
0.416705846786499,188
0.491713285446167,187
0.5644259452819824,186
0.662064790725708,185
0.7117540836334229,183
0.8355050086975098,182
0.9093735218048096,181
0.98307204246521,180
1.0574169158935547,179
1.2321012020111084,178
1.2575995922088623,177
1.4299943447113037,176
1.5036323070526123,175
1.7450618743896484,174
1.866370439529419,173
1.9888687133789062,172
2.087346315383911,171
2.1387903690338135,170
2.362173557281494,169
2.6105000972747803,168
2.860830545425415,167
3.007493257522583,166
3.503746747970581,165
5.720653295516968,164
18.835939407348633,163
25.16946,163