0.06553149223327637,194
0.09009981155395508,193
0.14159131050109863,192
0.21305203437805176,191
0.28715038299560547,190
0.3114645481109619,189
0.4078032970428467,188
0.48409128189086914,185
0.5331125259399414,184
0.5809335708618164,183
0.6064105033874512,182
0.7327418327331543,181
0.87874436378479,180
0.9792037010192871,179
1.0041823387145996,178
1.0767698287963867,177
1.1233441829681396,176
1.2705943584442139,175
1.4159131050109863,174
1.5151371955871582,173
1.6343588829040527,172
1.6578738689422607,171
1.9751195907592773,170
2.217872142791748,169
2.4464402198791504,168
2.7180335521698,167
2.86796498298645,166
3.09090256690979,165
3.2601876258850098,164
3.456892728805542,163
4.890447378158569,162
24.84575,162