0.06840205192565918,195
0.09397149085998535,194
0.1695849895477295,193
0.19321393966674805,192
0.24294710159301758,191
0.26815319061279297,190
0.3424818515777588,189
0.3893277645111084,188
0.43918466567993164,187
0.5359439849853516,186
0.5850112438201904,185
0.68328857421875,184
0.73299241065979,183
0.8314528465270996,182
0.8568401336669922,181
0.9562478065490723,179
1.0777668952941895,178
1.1728401184082031,177
1.3452911376953125,176
1.4678618907928467,175
1.5661134719848633,174
1.6903743743896484,173
1.9132945537567139,172
2.0589354038238525,171
2.308485746383667,170
2.4799442291259766,169
2.699639320373535,168
6.742729425430298,167
6.990600109100342,166
12.830506801605225,165
13.106155157089233,164
24.85985,164