0.0682671070098877,193
0.14758968353271484,192
0.17200207710266113,191
0.22031927108764648,190
0.2948882579803467,189
0.41580724716186523,188
0.49026060104370117,187
0.5407586097717285,186
0.6684770584106445,185
0.7427752017974854,184
0.9386448860168457,183
1.060755729675293,182
1.1847150325775146,181
1.2840619087219238,180
1.3094913959503174,179
1.4620509147644043,178
1.535245656967163,177
1.6657276153564453,176
1.7409651279449463,175
1.865781545639038,174
2.06766414642334,173
2.378387928009033,172
2.55407452583313,171
2.898904323577881,170
3.724597215652466,169
4.148739337921143,168
4.947759628295898,167
5.269720554351807,166
14.224573373794556,165
14.700037240982056,164
14.923603057861328,163
25.20072,163