0.231980562210083,1458
0.4971473217010498,1457
0.7522153854370117,1454
0.8853917121887207,1453
1.0186347961425781,1450
1.4149425029754639,1449
1.5500502586364746,1447
1.8117480278015137,1446
1.9415428638458252,1443
2.2131755352020264,1442
2.347165822982788,1440
2.483017683029175,1439
2.6170692443847656,1438
2.749483823776245,1436
3.0123441219329834,1435
3.144643783569336,1434
3.2776601314544678,1432
3.4107625484466553,1431
3.541978597640991,1428
3.808321714401245,1426
3.9384477138519287,1425
4.070894479751587,1424
4.335903167724609,1423
4.465090751647949,1422
4.600972890853882,1421
4.732048273086548,1420
4.863950967788696,1419
4.99365234375,1418
5.259730815887451,1416
5.530503511428833,1414
5.937741279602051,1413
6.070646047592163,1410
6.2045629024505615,1409
6.476230621337891,1406
6.607486248016357,1404
7.004538297653198,1403
7.136707067489624,1402
7.2733800411224365,1401
7.537574291229248,1400
7.6736955642700195,1399
7.807982921600342,1398
7.968241453170776,1397
8.230682134628296,1396
8.497103452682495,1395
8.635329484939575,1394
8.899751424789429,1392
9.164571046829224,1390
9.573041677474976,1389
9.707863092422485,1387
10.10792064666748,1385
10.369711637496948,1384
10.76573133468628,1382
10.905214071273804,1381
11.038617134094238,1380
11.169788360595703,1378
11.706721067428589,1375
12.100295305252075,1372
12.233473300933838,1371
12.368952512741089,1370
12.501008033752441,1369
12.775327205657959,1366
13.173329591751099,1365
13.307568788528442,1364
13.437701940536499,1363
13.70487642288208,1361
14.110705852508545,1358
14.508042335510254,1357
14.77564525604248,1353
15.165786027908325,1352
15.298221111297607,1351
15.427497148513794,1350
15.695664405822754,1349
15.960712909698486,1346
16.23485827445984,1345
16.503701210021973,1344
16.900746822357178,1343
17.03108024597168,1342
17.433610439300537,1341
17.571052312850952,1340
17.705185890197754,1338
18.099509954452515,1336
18.36936926841736,1334
18.896666765213013,1332
19.02690100669861,1331
19.29702639579773,1329
19.431272506713867,1328
19.69595456123352,1327
19.95614194869995,1325
20.217097520828247,1324
20.48255753517151,1323
20.616912126541138,1322
20.752838611602783,1321
21.01701807975769,1319
21.41895890235901,1317
21.67846179008484,1316
21.945270776748657,1314
22.34118962287903,1313
22.472679376602173,1311
22.86776614189148,1310
23.000805854797363,1309
23.13414192199707,1308
23.534867763519287,1306
23.800333738327026,1304
24.477625370025635,1303
24.61126971244812,1302
24.880016088485718,1301
25.00896692276001,1300
25.14156723022461,1299
25.27285122871399,1298
25.683855295181274,1297
26.08446717262268,1295
26.489621877670288,1294
26.62434220314026,1292
27.0215106010437,1291
27.425718784332275,1290
27.829071044921875,1289
28.10175895690918,1286
28.49904751777649,1284
28.63181161880493,1283
28.765721321105957,1282
29.02994656562805,1281
29.434741497039795,1280
29.567326068878174,1279
29.827075481414795,1278
30.09495711326599,1277
30.225382566452026,1276
30.62994909286499,1275
30.89599609375,1273
31.29387903213501,1272
31.429431200027466,1270
31.833702564239502,1269
32.253453731536865,1268
32.38657522201538,1267
32.65541887283325,1266
33.04645371437073,1264
33.30818176269531,1263
33.57877445220947,1262
34.10862421989441,1259
34.24241232872009,1258
34.64309597015381,1256
35.16914772987366,1255
35.305514335632324,1254
35.440139055252075,1253
35.83047032356262,1252
35.96195864677429,1251
36.09502148628235,1250
36.4928936958313,1249
36.62928915023804,1247
37.15683555603027,1246
37.290770053863525,1245
37.687628984451294,1244
37.82096004486084,1243
38.225136518478394,1240
38.76517724990845,1239
38.89772152900696,1237
39.43087029457092,1236
39.69446516036987,1235
39.96148180961609,1234
40.23493504524231,1233
40.765220165252686,1232
40.89717245101929,1231
41.16344594955444,1230
41.43329882621765,1228
41.96653890609741,1226
42.49224281311035,1225
42.62831115722656,1223
43.01852011680603,1222
43.548511266708374,1221
43.678401947021484,1220
44.07201647758484,1219
44.33744764328003,1218
44.60455584526062,1216
45.0029981136322,1215
45.12898349761963,1214
45.39570140838623,1212
46.31911373138428,1211
46.45169639587402,1210
46.58405303955078,1209
46.985106229782104,1207
47.37975740432739,1205
47.91646075248718,1203
48.320923805236816,1202
48.58667302131653,1201
48.99418306350708,1200
49.1239492893219,1199
49.386780738830566,1198
49.921430349349976,1197
50.05597686767578,1193
50.58993339538574,1191
50.98063087463379,1190
51.38652443885803,1189
51.653257608413696,1188
52.18388628959656,1186
52.44297242164612,1184
52.97129034996033,1182
53.50011467933655,1181
53.76398706436157,1180
54.03180003166199,1179
54.16567349433899,1178
54.69436740875244,1177
54.9597806930542,1175
55.491031885147095,1173
55.88446521759033,1172
56.305720806121826,1171
56.43914008140564,1170
56.572322607040405,1169
56.971765756607056,1168
57.503710985183716,1167
58.031521797180176,1166
58.55036449432373,1165
58.687191009521484,1164
59.09609246253967,1162
59.364914655685425,1161
59.76726174354553,1160
60.29853320121765,1159
60.55899119377136,1157
60.824562072753906,1156
61.356837034225464,1154
61.88965153694153,1153
62.96685981750488,1152
63.37685465812683,1151
63.77659368515015,1149
64.43693232536316,1148
64.70644998550415,1147
65.10100197792053,1146
65.64276957511902,1145
65.91790437698364,1144
66.31559991836548,1143
66.5844361782074,1142
66.71776270866394,1141
67.25051188468933,1140
67.5211968421936,1139
67.91428065299988,1138
68.1766607761383,1137
68.70880842208862,1136
69.11159420013428,1135
69.24481391906738,1134
69.5134027004242,1133
70.17218208312988,1132
70.30560064315796,1131
70.83167719841003,1130
71.22830510139465,1129
71.62223148345947,1128
72.02549362182617,1127
72.5602376461029,1126
73.48702955245972,1124
73.76222681999207,1123
74.28939723968506,1122
74.95481562614441,1119
75.49306631088257,1118
76.27602243423462,1117
77.06779646873474,1116
77.32961678504944,1115
77.46027374267578,1114
78.26764178276062,1113
78.80717873573303,1111
79.07363724708557,1109
79.86346578598022,1108
80.42089056968689,1107
80.94704151153564,1106
81.07758378982544,1105
81.61011743545532,1104
82.13227963447571,1103
82.78795313835144,1102
83.31626892089844,1101
83.85754060745239,1100
84.12467813491821,1099
84.65196561813354,1097
85.0559766292572,1096
85.59121680259705,1095
86.12549638748169,1094
86.52440309524536,1093
86.66637921333313,1091
87.19200372695923,1090
87.59496450424194,1088
88.39033794403076,1087
89.04627394676208,1086
89.44924521446228,1085
90.24822354316711,1084
90.51431131362915,1083
91.17027616500854,1082
91.71371912956238,1081
92.36874270439148,1080
92.89884328842163,1079
93.03438663482666,1078
93.69377708435059,1077
94.49430346488953,1076
94.6366925239563,1075
95.28970694541931,1074
95.68734574317932,1073
96.20832252502441,1072
96.61391377449036,1071
97.41379499435425,1070
97.54526424407959,1069
98.21219253540039,1068
98.74331426620483,1067
99.00364995002747,1066
99.8049705028534,1064
100.45741152763367,1063
100.99408078193665,1062
101.92635917663574,1061
102.59242367744446,1060
103.52275109291077,1059
103.93066501617432,1058
104.47879004478455,1056
105.40467834472656,1055
106.07037234306335,1054
106.47021484375,1053
107.13211917877197,1052
107.53487157821655,1051
107.80590033531189,1050
108.2006938457489,1049
108.46405076980591,1048
108.86476445198059,1047
109.52808141708374,1046
109.92608451843262,1045
110.72565245628357,1044
111.40085291862488,1043
111.93780732154846,1042
112.72087550163269,1041
113.52671194076538,1039
114.86789321899414,1038
115.8077187538147,1037
116.60919141769409,1036
117.41492056846619,1035
117.80923104286194,1034
118.59919667243958,1033
119.26184368133545,1032
119.53125858306885,1031
120.20003890991211,1030
120.60219979286194,1029
121.27081370353699,1028
121.93278813362122,1027
122.72655200958252,1026
123.65960168838501,1025
124.9912040233612,1024
125.64868927001953,1023
126.44526672363281,1022
127.11105155944824,1021
127.91241121292114,1020
128.73043823242188,1019
129.39864897727966,1018
129.92783665657043,1016
131.11953449249268,1015
131.78894329071045,1014
132.18553495407104,1013
133.24720883369446,1012
133.24781,1012