0.23095154762268066,1457
0.3615407943725586,1456
0.6298155784606934,1455
0.7679641246795654,1452
0.9081811904907227,1451
1.1793382167816162,1448
1.4506680965423584,1447
1.5846436023712158,1445
1.7220070362091064,1443
2.1143977642059326,1441
2.246868371963501,1440
2.513017177581787,1437
2.7818713188171387,1436
2.9131081104278564,1435
3.0512022972106934,1434
3.183488130569458,1432
3.321545124053955,1431
3.4558165073394775,1429
3.7204253673553467,1427
4.120409727096558,1425
4.392290115356445,1424
4.522311210632324,1423
4.658535718917847,1422
4.795784950256348,1421
4.930577754974365,1419
5.192739248275757,1418
5.323953628540039,1417
5.458198308944702,1414
5.860560417175293,1413
5.993264198303223,1411
6.261009454727173,1406
6.660013198852539,1405
6.794332027435303,1404
6.927298307418823,1402
7.195373773574829,1401
7.460550785064697,1399
7.594073295593262,1398
7.733268737792969,1397
7.866994619369507,1396
8.028613328933716,1394
8.435956954956055,1392
8.570556640625,1391
8.835988998413086,1390
8.966199159622192,1389
9.241080045700073,1388
9.511336326599121,1387
9.638665437698364,1386
9.773102760314941,1385
9.912312507629395,1384
10.048843145370483,1383
10.317816495895386,1382
10.453684091567993,1379
10.858083009719849,1378
10.992429494857788,1377
11.12405776977539,1376
11.394420385360718,1374
11.79495906829834,1373
11.924524068832397,1371
12.33130693435669,1370
12.598049879074097,1368
12.729588747024536,1366
12.998988151550293,1364
13.393560886383057,1363
13.53093695640564,1361
13.801901817321777,1360
13.938450574874878,1359
14.070949792861938,1357
14.342576265335083,1355
14.743970394134521,1354
14.879626989364624,1352
15.144088745117188,1351
15.280333280563354,1350
15.554927349090576,1349
15.820944786071777,1347
16.088523387908936,1346
16.222139358520508,1345
16.496891021728516,1343
16.900559902191162,1342
17.035364151000977,1341
17.43285369873047,1340
17.701934814453125,1338
18.108542680740356,1337
18.241398572921753,1334
18.377288579940796,1333
18.915162324905396,1331
19.454802989959717,1330
19.5915424823761,1328
20.121241807937622,1327
20.258031368255615,1325
20.655571699142456,1324
20.92760133743286,1323
21.059290170669556,1322
21.194334983825684,1321
21.594528436660767,1319
21.861619472503662,1318
21.996634483337402,1317
22.26412582397461,1316
22.664992332458496,1315
22.92906141281128,1314
23.066231727600098,1313
23.60547161102295,1311
24.009286880493164,1310
24.140808820724487,1309
24.41665005683899,1307
24.55165195465088,1306
25.08320903778076,1305
25.490134239196777,1303
25.89362645149231,1301
26.028558254241943,1300
26.161861181259155,1299
26.295347452163696,1298
26.557798624038696,1297
26.6904616355896,1296
27.22131633758545,1294
27.354829788208008,1293
27.6231632232666,1292
27.89235758781433,1291
28.025878429412842,1290
28.292823314666748,1289
28.69111967086792,1288
28.827543258666992,1286
29.501696586608887,1284
30.034229516983032,1283
30.3015079498291,1281
30.440319061279297,1280
30.701263666152954,1279
31.099276065826416,1277
31.631291151046753,1275
32.03229856491089,1272
32.327800035476685,1271
32.73061013221741,1270
33.1262104511261,1268
33.66228222846985,1266
33.93768501281738,1265
34.20506548881531,1264
34.341938972473145,1262
34.74721932411194,1260
35.017356634140015,1259
35.28713274002075,1257
35.6928448677063,1253
36.09109568595886,1252
36.22454261779785,1251
36.769304037094116,1250
36.908194065093994,1249
37.174996852874756,1248
37.442903995513916,1247
37.70889663696289,1245
37.846487045288086,1244
38.38499045372009,1243
38.52028226852417,1242
39.321977376937866,1240
39.45525312423706,1239
39.99289870262146,1238
40.26316022872925,1237
40.53614854812622,1236
40.80114245414734,1235
41.07145929336548,1233
41.610214948654175,1232
41.7433648109436,1231
41.87770748138428,1230
42.15276765823364,1229
42.55948209762573,1228
42.822975397109985,1226
43.09049034118652,1225
43.48702645301819,1224
43.620006799697876,1223
44.27946615219116,1221
44.826733112335205,1219
44.96265935897827,1218
45.366766929626465,1217
45.90661597251892,1216
46.17163014411926,1215
46.44177055358887,1214
46.97949838638306,1213
47.112812757492065,1211
47.515562534332275,1210
47.912232637405396,1209
48.44651651382446,1208
48.71339392662048,1207
49.11558485031128,1206
49.38243865966797,1205
49.52339243888855,1204
49.92183828353882,1203
50.33335018157959,1202
50.732990026474,1200
51.13908004760742,1199
51.671907901763916,1198
51.80590581893921,1197
52.07561230659485,1196
52.20664620399475,1195
52.47457814216614,1194
52.872884035110474,1193
53.13507342338562,1191
53.407249450683594,1190
53.54094386100769,1189
53.94081163406372,1188
54.47934603691101,1186
55.01631450653076,1185
55.28203225135803,1184
55.55725121498108,1183
55.82521295547485,1181
56.08863615989685,1180
56.49379515647888,1179
56.9202835559845,1178
57.33245396614075,1177
57.465978145599365,1175
58.13798689842224,1174
58.674245834350586,1173
59.20454120635986,1172
59.33794450759888,1171
59.603111743927,1170
60.01237368583679,1169
60.547046184539795,1166
60.94814991950989,1164
61.349035024642944,1163
61.74496078491211,1162
61.88286375999451,1161
62.418121337890625,1160
63.089205265045166,1159
63.35362410545349,1158
63.75187635421753,1157
64.29086208343506,1156
64.55742692947388,1154
65.35642504692078,1153
65.48576617240906,1152
66.42905569076538,1150
67.09724140167236,1148
67.23580574989319,1147
67.77435564994812,1146
68.30826687812805,1144
68.98222613334656,1143
69.38612818717957,1142
69.92566061019897,1140
70.19640922546387,1139
70.73352861404419,1138
70.87019538879395,1137
71.54687929153442,1135
71.9526469707489,1134
72.22635126113892,1133
72.3632423877716,1132
72.76391649246216,1130
73.17428374290466,1129
73.44095230102539,1128
73.84204363822937,1127
74.25101256370544,1126
74.91526651382446,1125
75.31726121902466,1124
75.44859027862549,1123
76.1088798046112,1122
76.38298225402832,1121
76.78852915763855,1120
77.32719945907593,1118
77.72949051856995,1117
78.39741659164429,1116
79.06864261627197,1114
80.26286220550537,1113
80.39420557022095,1112
80.78961944580078,1110
82.27265477180481,1109
82.67735505104065,1108
83.07632327079773,1106
83.61719632148743,1105
83.75169491767883,1104
84.15718865394592,1103
84.42648363113403,1102
84.69115209579468,1101
85.23644375801086,1100
85.63840126991272,1099
85.77476096153259,1097
86.58083128929138,1096
87.24693727493286,1095
87.78562951087952,1094
87.92010188102722,1093
88.19160652160645,1092
88.85636496543884,1091
89.26158785820007,1090
89.80962944030762,1089
90.07501864433289,1088
90.47789907455444,1087
91.42681312561035,1086
91.56025242805481,1085
91.8316593170166,1084
92.50153875350952,1083
92.77534079551697,1082
93.31256127357483,1081
93.58000779151917,1080
94.52422761917114,1079
95.06891107559204,1078
95.60214352607727,1077
96.27349615097046,1076
96.81701850891113,1074
97.22218704223633,1073
98.03022813796997,1072
98.70831179618835,1071
99.2499451637268,1070
99.78019595146179,1069
100.59760689735413,1067
101.40385150909424,1066
102.07391858100891,1065
102.74889492988586,1064
103.54695010185242,1063
104.07823133468628,1062
104.75562644004822,1061
105.31576132774353,1059
106.93236589431763,1058
107.33643078804016,1057
107.86518907546997,1056
108.53748750686646,1054
109.07937574386597,1053
109.60467910766602,1051
110.26849818229675,1050
110.80499982833862,1049
111.59907746315002,1048
112.13425922393799,1047
112.53940057754517,1046
113.07029581069946,1045
114.150395154953,1044
115.08900833129883,1043
116.16488480567932,1042
117.22794938087463,1041
117.76664471626282,1040
118.16387605667114,1039
118.82772374153137,1038
118.96456289291382,1037
119.77335834503174,1036
120.03769731521606,1035
120.97911810874939,1034
121.91376090049744,1033
123.1093201637268,1032
123.76785635948181,1031
124.29963493347168,1030
124.70086479187012,1029
125.50267791748047,1028
125.89919662475586,1027
126.9729106426239,1026
127.381019115448,1024
128.05382299423218,1023
129.1275224685669,1022
129.96310830116272,1020
130.37212800979614,1018
131.45896935462952,1017
132.40358567237854,1016
133.62210178375244,1015
134.42317,1015