0.23733758926391602,1458
0.37409400939941406,1457
0.6405737400054932,1455
0.9088213443756104,1454
1.040928602218628,1453
1.3107600212097168,1451
1.5835740566253662,1448
1.7173032760620117,1447
1.983762264251709,1446
2.1145331859588623,1445
2.2516260147094727,1443
2.3832545280456543,1441
2.638712167739868,1440
2.771915912628174,1436
2.9058332443237305,1434
3.180331230163574,1433
3.449796199798584,1431
3.583950996398926,1430
3.854205369949341,1427
4.250918626785278,1426
4.385582447052002,1425
4.522676706314087,1424
4.6597371101379395,1423
4.791717052459717,1422
4.926462173461914,1421
5.058671712875366,1418
5.33366847038269,1416
5.737891435623169,1413
5.870209217071533,1412
6.278266668319702,1408
6.8169262409210205,1407
6.950639247894287,1405
7.212783098220825,1404
7.489261150360107,1403
7.62175726890564,1402
7.756386756896973,1401
7.894057035446167,1399
8.050488948822021,1398
8.315029859542847,1397
8.446358919143677,1396
8.577335357666016,1395
8.852693319320679,1393
9.122375965118408,1391
9.384686708450317,1390
9.787686586380005,1387
10.055948257446289,1385
10.460281372070312,1383
10.595914125442505,1382
11.005678415298462,1381
11.143310070037842,1380
11.549610614776611,1378
11.811301231384277,1377
12.085823774337769,1375
12.35215163230896,1372
12.755597352981567,1370
13.02527141571045,1369
13.297002792358398,1366
13.57274317741394,1365
13.703540563583374,1363
13.974365472793579,1361
14.374902486801147,1360
14.507188320159912,1359
14.770806550979614,1358
15.03924012184143,1357
15.174116611480713,1356
15.440483331680298,1355
15.575453042984009,1354
15.846336603164673,1353
15.979652881622314,1352
16.247441053390503,1351
16.385709524154663,1350
16.522550344467163,1348
16.65327477455139,1347
16.92422103881836,1346
17.1926486492157,1344
17.325225353240967,1343
17.588048696517944,1342
17.720266819000244,1341
17.852837324142456,1340
17.99266815185547,1339
18.26027226448059,1338
18.39483380317688,1337
18.669230461120605,1336
18.803052186965942,1335
19.07010006904602,1334
19.33986186981201,1333
19.4735746383667,1332
19.8768208026886,1331
20.142581701278687,1329
20.411315441131592,1328
20.542515754699707,1327
20.67495369911194,1326
20.949758291244507,1325
21.219979286193848,1324
21.756335496902466,1323
21.889116525650024,1322
22.155033826828003,1321
22.700448989868164,1319
22.83911657333374,1318
23.10922622680664,1316
23.382776975631714,1313
23.920777797698975,1312
24.330994844436646,1310
24.73218870162964,1309
25.137866973876953,1308
25.273963451385498,1307
25.54214835166931,1306
25.679299116134644,1305
26.090787172317505,1302
26.353200435638428,1301
26.486740350723267,1300
26.61737370491028,1299
26.88711380958557,1297
27.026029586791992,1295
27.432462215423584,1294
27.567098379135132,1293
27.97794532775879,1291
28.248397827148438,1289
28.645853757858276,1288
29.046684503555298,1286
29.315338850021362,1285
29.58407950401306,1283
29.716119289398193,1282
29.98613667488098,1281
30.390886783599854,1279
30.801228284835815,1278
30.934924125671387,1277
31.330997228622437,1276
31.464951276779175,1274
31.73603844642639,1273
32.14180612564087,1272
32.28079414367676,1271
32.57315921783447,1270
32.84561824798584,1269
32.98328495025635,1268
33.11630058288574,1267
33.38307785987854,1265
33.9190468788147,1264
34.19385266304016,1262
34.863020181655884,1261
35.12981104850769,1260
35.26368808746338,1259
35.66934108734131,1258
35.81004858016968,1257
36.21530890464783,1256
36.35037422180176,1255
36.76115584373474,1252
37.306519508361816,1251
37.441569328308105,1250
37.850460052490234,1249
37.98772668838501,1248
38.390615940093994,1247
38.653963565826416,1246
38.92224621772766,1245
39.1869432926178,1244
39.596834897994995,1243
39.99516320228577,1242
40.27197241783142,1241
40.806278705596924,1239
40.944319009780884,1238
41.34498953819275,1236
41.889562368392944,1234
42.301950216293335,1232
42.568153858184814,1231
42.842090129852295,1230
43.242308139801025,1229
43.644949197769165,1228
43.77986264228821,1226
44.5801796913147,1225
44.98335576057434,1224
45.250847578048706,1223
45.64990186691284,1221
45.784773111343384,1220
46.05573797225952,1218
46.60508632659912,1215
46.87220764160156,1214
47.421780586242676,1212
47.82406234741211,1211
47.96041941642761,1210
48.4929301738739,1209
48.75823783874512,1208
49.29929304122925,1207
49.568185567855835,1206
49.840208768844604,1205
50.23945498466492,1204
50.638609409332275,1201
50.90493893623352,1200
51.17714214324951,1199
51.84569454193115,1198
51.98476195335388,1197
52.52644324302673,1196
52.66151833534241,1195
52.7951545715332,1194
53.59910297393799,1192
53.7357714176178,1191
54.134624004364014,1189
54.790942668914795,1188
54.92371869087219,1187
55.20163822174072,1186
55.47060561180115,1185
55.749011754989624,1184
55.887933015823364,1183
56.41948914527893,1182
56.555179595947266,1180
57.2536735534668,1178
57.92430138587952,1177
58.329047441482544,1175
58.733269691467285,1174
59.26493000984192,1173
59.53622770309448,1172
59.80747079849243,1171
59.94105768203735,1170
60.48612022399902,1169
60.76080942153931,1167
61.16026163101196,1166
61.71245622634888,1165
62.11704397201538,1164
62.65627837181091,1163
63.18679356575012,1162
63.326797008514404,1161
64.01114892959595,1160
64.28088903427124,1159
64.6814694404602,1158
64.82151770591736,1157
65.50429248809814,1156
65.77404379844666,1155
66.03996753692627,1154
66.5774359703064,1153
66.71241664886475,1152
66.98135423660278,1151
67.38433837890625,1150
67.92001175880432,1149
68.05589151382446,1148
68.45846438407898,1146
68.72852301597595,1145
68.86869764328003,1144
69.28073978424072,1142
69.6838264465332,1141
70.22379922866821,1140
70.4965569972992,1138
71.04075336456299,1137
71.1770122051239,1136
71.71628260612488,1135
72.65239214897156,1134
73.18854641914368,1133
73.45949459075928,1131
74.13863062858582,1130
74.54475498199463,1128
75.08039331436157,1127
75.21614599227905,1126
75.74972081184387,1124
76.15748929977417,1123
76.29307746887207,1122
76.55980110168457,1121
77.2292251586914,1120
77.63674926757812,1119
78.44956588745117,1118
79.1253297328949,1117
79.26234197616577,1116
79.67158627510071,1115
80.7574234008789,1114
81.15859484672546,1113
81.31781601905823,1112
81.71523571014404,1110
82.399729013443,1109
82.53441429138184,1108
83.34804439544678,1107
83.48182082176208,1106
84.41275763511658,1105
84.54932236671448,1104
84.82086825370789,1103
85.22405052185059,1101
85.89136123657227,1100
86.43041777610779,1099
87.09912395477295,1098
87.2332489490509,1097
88.3064317703247,1095
88.84881782531738,1094
89.24774169921875,1093
89.52261996269226,1092
90.46673321723938,1091
90.7350263595581,1090
91.67867088317871,1089
92.34668493270874,1088
93.0216658115387,1087
93.68525767326355,1086
94.22544026374817,1085
94.88366723060608,1084
95.68717670440674,1082
96.22932696342468,1081
96.36494898796082,1080
96.90660691261292,1079
97.31180143356323,1078
97.98555207252502,1077
98.53033328056335,1076
99.19767117500305,1075
99.46956753730774,1074
100.1518919467926,1072
100.8169310092926,1071
101.079350233078,1070
101.74872303009033,1068
102.42504549026489,1067
102.96265172958374,1065
103.63821005821228,1064
104.97839117050171,1063
105.24551510810852,1062
106.07353782653809,1061
106.21095061302185,1060
107.03045797348022,1059
107.56298041343689,1058
107.83897066116333,1057
108.65553665161133,1056
109.0634069442749,1055
109.73746466636658,1054
110.14275002479553,1053
110.81062269210815,1052
111.35681676864624,1050
111.6353030204773,1048
112.45501232147217,1046
113.6776475906372,1044
114.08302664756775,1043
114.89354658126831,1042
115.3016631603241,1041
116.10777425765991,1040
116.37887787818909,1039
117.17693400382996,1038
117.98740124702454,1036
119.19956517219543,1035
120.14436841011047,1034
120.68560910224915,1033
121.22974014282227,1032
122.17993545532227,1031
122.58870506286621,1030
123.25513052940369,1029
123.92124271392822,1027
124.73092103004456,1026
125.40443110466003,1025
126.21126937866211,1024
126.61560773849487,1023
127.14806914329529,1022
128.0883162021637,1021
128.75900197029114,1020
129.56610250473022,1019
130.13081455230713,1018
130.81238770484924,1017
131.74928617477417,1016
134.03377294540405,1015
134.98826,1015