0.23018813133239746,1456
0.5014452934265137,1455
0.6373281478881836,1454
0.7769358158111572,1453
1.037954330444336,1451
1.1745080947875977,1449
1.5740065574645996,1446
1.8387553691864014,1444
2.112553358078003,1442
2.2494778633117676,1441
2.6474015712738037,1439
2.7840168476104736,1438
2.9165666103363037,1437
3.056029796600342,1434
3.332111358642578,1433
3.463407039642334,1432
3.5991897583007812,1431
3.7325730323791504,1430
4.001500368118286,1428
4.405177116394043,1427
4.538963556289673,1425
4.6725263595581055,1423
5.078697919845581,1422
5.213630437850952,1419
5.61748194694519,1418
5.751680374145508,1415
6.0222015380859375,1414
6.1594836711883545,1412
6.432165861129761,1410
6.7060770988464355,1409
6.84234094619751,1408
6.974794387817383,1407
7.109226226806641,1406
7.243905305862427,1405
7.376816987991333,1404
7.651353359222412,1403
7.784616947174072,1402
8.07810378074646,1400
8.351940870285034,1399
8.486665725708008,1398
8.621457815170288,1396
8.890970468521118,1394
9.028446435928345,1392
9.428958654403687,1391
9.702509641647339,1390
9.836968660354614,1389
9.973504543304443,1388
10.24681282043457,1386
10.384197235107422,1384
10.787781715393066,1383
10.919275999069214,1381
11.19213056564331,1379
11.467288255691528,1378
11.736418008804321,1377
12.008288860321045,1375
12.276899814605713,1373
12.687143802642822,1371
12.821496963500977,1369
13.233371019363403,1367
13.496200323104858,1364
13.633337020874023,1363
14.03322148323059,1362
14.169380187988281,1359
14.437972068786621,1358
14.707083225250244,1356
14.839787721633911,1355
15.384696006774902,1354
15.651555299758911,1353
15.783256530761719,1351
15.911191701889038,1350
16.052021503448486,1349
16.190508127212524,1348
16.59182834625244,1347
16.724157333374023,1346
16.993032693862915,1345
17.131323099136353,1344
17.39892077445984,1342
17.797344207763672,1340
18.069122076034546,1339
18.343724012374878,1338
18.479011058807373,1337
18.614409685134888,1335
18.88080859184265,1334
19.15701174736023,1333
19.55668020248413,1331
19.693213939666748,1330
19.962490558624268,1329
20.0993492603302,1328
20.632034063339233,1327
20.768229722976685,1325
21.30204963684082,1323
21.704296588897705,1322
21.84144926071167,1320
22.104315280914307,1317
22.78472900390625,1314
23.19412922859192,1312
23.72891879081726,1310
24.004794359207153,1307
24.54913592338562,1305
24.947752952575684,1302
25.482097148895264,1300
25.746391773223877,1299
26.151206731796265,1297
26.428309679031372,1296
26.561940670013428,1295
26.697663068771362,1294
26.96406102180481,1293
27.3778874874115,1291
27.79055142402649,1290
28.18787121772766,1289
28.46048069000244,1287
28.860544443130493,1286
28.993495225906372,1285
29.530495405197144,1283
30.065216541290283,1282
30.202828407287598,1281
30.338053464889526,1280
30.47588872909546,1278
30.882546424865723,1276
31.418678522109985,1275
31.554447412490845,1274
31.68777346611023,1273
31.824059009552002,1272
32.09277629852295,1271
32.37037992477417,1268
32.799394607543945,1267
33.07251715660095,1266
33.47664427757263,1264
33.88032007217407,1263
34.15276885032654,1262
34.295557260513306,1261
34.56644296646118,1260
34.842493534088135,1259
34.977460861206055,1258
35.38271141052246,1257
35.51814150810242,1256
35.798447370529175,1254
36.20413684844971,1252
36.75295329093933,1251
37.023969888687134,1250
37.158427476882935,1249
37.42765927314758,1246
37.69906663894653,1245
37.8320369720459,1244
38.24684166908264,1241
38.38727378845215,1240
38.65122127532959,1239
38.924317836761475,1238
39.3241913318634,1237
39.86685371398926,1236
40.1368465423584,1235
40.27129006385803,1234
40.40669274330139,1233
40.95647192001343,1232
41.09042930603027,1231
41.62818956375122,1228
41.897863149642944,1227
42.15956139564514,1226
42.2939350605011,1225
42.42561316490173,1224
42.966628074645996,1223
43.358336448669434,1222
43.4941520690918,1221
43.89562368392944,1220
44.03352737426758,1219
44.43228602409363,1218
44.69359064102173,1217
45.22135949134827,1215
45.35485363006592,1214
45.6238796710968,1213
45.89487433433533,1212
46.29376745223999,1210
46.56370425224304,1208
46.960747480392456,1207
47.49693965911865,1205
47.89744305610657,1204
48.300987005233765,1203
48.84594130516052,1202
48.9844388961792,1201
49.250160694122314,1200
49.652225732803345,1199
49.79284596443176,1198
49.925761461257935,1197
50.33167052268982,1196
50.60539102554321,1195
50.743112325668335,1193
51.13979721069336,1192
51.543363094329834,1191
51.812538623809814,1190
52.35064339637756,1189
52.88590979576111,1187
53.29239344596863,1185
53.83490252494812,1184
54.51619076728821,1182
55.05998516082764,1180
55.593289852142334,1179
55.98832058906555,1178
56.52915978431702,1176
56.797457218170166,1175
57.480879068374634,1174
57.617624282836914,1173
58.28115487098694,1172
58.67681360244751,1171
59.087831258773804,1170
59.48916172981262,1169
60.15109467506409,1166
60.81501007080078,1165
61.08319973945618,1164
61.491267681121826,1162
62.03187131881714,1160
62.30149698257446,1159
62.977890491485596,1158
63.24956274032593,1157
63.65048885345459,1156
63.91647791862488,1155
64.05329251289368,1154
64.60064625740051,1153
64.7360098361969,1151
65.15083694458008,1149
65.83051681518555,1148
66.37505793571472,1147
66.78285932540894,1145
67.18516540527344,1144
67.71649670600891,1143
68.38810181617737,1141
68.7867112159729,1140
68.92264533042908,1139
69.32778835296631,1138
70.00815153121948,1137
70.41716504096985,1136
70.68929672241211,1135
71.23985266685486,1134
71.78383588790894,1133
72.19078922271729,1132
72.3289806842804,1131
72.99908208847046,1130
73.66342520713806,1129
73.8020248413086,1128
74.47073698043823,1127
74.87406969070435,1125
75.54083299636841,1124
75.94278502464294,1123
76.75006747245789,1122
77.01005029678345,1121
77.55504631996155,1120
77.82181668281555,1119
78.35803508758545,1118
79.02566909790039,1116
79.5670154094696,1115
79.70229911804199,1114
80.5023090839386,1113
80.64111733436584,1111
81.32814598083496,1110
81.60168218612671,1108
82.53299403190613,1107
83.20569920539856,1106
83.47292280197144,1105
84.01125717163086,1103
84.14463877677917,1102
84.68279385566711,1101
85.21698594093323,1100
85.88746237754822,1099
86.56633877754211,1097
87.23922753334045,1096
87.36433482170105,1095
88.17190146446228,1094
88.30397129058838,1093
88.70448851585388,1092
89.1057596206665,1091
89.78540849685669,1090
90.05674648284912,1089
90.59202480316162,1088
91.13210964202881,1086
91.93095707893372,1084
92.06923270225525,1083
92.74987578392029,1082
93.83969736099243,1081
94.11584186553955,1080
94.51817202568054,1079
95.18602299690247,1078
95.59121417999268,1076
96.54022359848022,1075
96.94211506843567,1074
97.34178590774536,1073
98.14863896369934,1072
98.5484631061554,1071
98.95813798904419,1070
99.64046382904053,1068
100.57314467430115,1066
101.50777888298035,1065
102.05241012573242,1064
102.18507885932922,1063
103.12275719642639,1062
103.790043592453,1061
104.06547093391418,1060
104.72736716270447,1059
105.39133930206299,1058
106.08662843704224,1057
106.62245488166809,1055
107.4127905368805,1054
108.22429513931274,1053
108.49661374092102,1052
109.17046523094177,1051
109.58069610595703,1050
110.66090250015259,1048
111.60901236534119,1047
112.14469933509827,1046
113.22748255729675,1045
113.77123761177063,1044
114.84838247299194,1042
115.39105010032654,1041
116.6040050983429,1040
116.87860417366028,1039
117.41125988960266,1038
118.20820999145508,1037
118.61261415481567,1036
119.01537799835205,1035
119.56084513664246,1034
120.371652841568,1033
121.05375075340271,1032
121.5953962802887,1031
122.53987956047058,1030
123.35349702835083,1029
124.03071284294128,1028
124.56862497329712,1027
125.10375499725342,1026
125.77513861656189,1025
126.57592058181763,1023
127.65164351463318,1022
128.59877061843872,1021
128.7352364063263,1020
128.86689639091492,1019
129.4047567844391,1018
130.10064101219177,1017
130.90323662757874,1016
132.24405074119568,1015
133.1879961490631,1014
134.00374627113342,1013
134.81601452827454,1012
134.9474,1012