0.22887015342712402,1456
0.4961061477661133,1455
0.6318750381469727,1454
0.9003763198852539,1452
1.1748874187469482,1450
1.5776782035827637,1447
1.8425276279449463,1445
1.978764533996582,1444
2.247511386871338,1443
2.3777058124542236,1442
2.512218713760376,1440
2.7794697284698486,1439
3.0566837787628174,1437
3.192781448364258,1436
3.326763153076172,1434
3.7397079467773438,1432
4.0065598487854,1431
4.141414165496826,1429
4.410302639007568,1427
4.545969724655151,1425
4.957617998123169,1421
5.223232746124268,1420
5.358978271484375,1419
5.630725145339966,1418
5.767641305923462,1416
5.9068779945373535,1415
6.3117499351501465,1413
6.710650205612183,1411
6.847298622131348,1410
7.116127252578735,1408
7.389445781707764,1407
7.790733575820923,1405
8.08269476890564,1404
8.215107202529907,1402
8.479613780975342,1400
8.749750137329102,1399
8.885740280151367,1398
9.022041082382202,1397
9.153588056564331,1396
9.42147970199585,1393
9.693177938461304,1392
9.82484769821167,1391
9.957118034362793,1390
10.090655088424683,1388
10.491074085235596,1386
10.75316333770752,1383
11.022161722183228,1382
11.423312902450562,1377
11.70017385482788,1374
12.109894752502441,1371
12.791709423065186,1369
12.93032717704773,1367
13.200553894042969,1366
13.334452629089355,1365
13.46480679512024,1364
13.742875337600708,1363
13.876219034194946,1361
14.013544797897339,1360
14.285256147384644,1358
14.555973291397095,1357
14.821198225021362,1356
15.090567111968994,1355
15.351009130477905,1353
15.483278512954712,1352
15.753736019134521,1351
15.888862371444702,1349
16.02107572555542,1347
16.566786766052246,1345
16.698676109313965,1344
16.83388090133667,1343
17.108171224594116,1342
17.239884614944458,1340
17.510390520095825,1339
17.7827091217041,1338
17.91765546798706,1336
18.192315816879272,1335
18.328694343566895,1334
18.467965602874756,1332
18.6072096824646,1330
19.008980989456177,1329
19.14274525642395,1327
19.53771162033081,1326
19.670365810394287,1325
19.939374685287476,1324
20.0749614238739,1322
20.60985565185547,1318
21.150931119918823,1315
21.558939218521118,1312
22.087596893310547,1311
22.220678091049194,1310
22.494146823883057,1309
22.63178563117981,1307
22.765511989593506,1306
23.03727698326111,1305
23.17042899131775,1303
23.708222150802612,1301
24.11741590499878,1299
24.646647214889526,1297
24.782001972198486,1296
25.050056219100952,1293
25.582524299621582,1292
25.854735612869263,1291
26.121013641357422,1288
26.6527898311615,1286
27.195016622543335,1284
27.60195016860962,1283
27.870253086090088,1282
28.006703853607178,1281
28.27148413658142,1280
28.53933310508728,1279
28.807812929153442,1278
29.07714295387268,1277
29.340410232543945,1276
29.476596355438232,1275
29.61542272567749,1274
29.882526636123657,1273
30.42244267463684,1272
30.556357383728027,1271
30.6986722946167,1269
30.994138956069946,1268
31.126160621643066,1267
31.263127326965332,1265
31.803730726242065,1263
32.19972348213196,1261
32.33425712585449,1260
32.739184856414795,1259
32.873263120651245,1258
33.14400005340576,1255
33.280019760131836,1254
33.66933751106262,1253
33.80882453918457,1251
34.080430030822754,1248
34.750239849090576,1247
34.87969183921814,1246
35.15237593650818,1245
35.2883505821228,1244
35.698744773864746,1242
35.965752601623535,1241
36.50421333312988,1240
36.775240421295166,1239
36.908512115478516,1238
37.038166999816895,1237
37.309263944625854,1236
37.577641248703,1235
37.707889795303345,1234
38.12096405029297,1233
38.388469219207764,1232
38.78240370750427,1231
39.05556273460388,1230
39.19278407096863,1229
39.46678304672241,1228
39.59821677207947,1227
40.13828206062317,1226
40.26930904388428,1224
40.804112911224365,1222
41.34139442443848,1221
42.00741982460022,1220
42.13824725151062,1219
42.68393540382385,1218
42.949944734573364,1217
43.35832118988037,1216
43.62391996383667,1214
44.025341749191284,1212
44.54690361022949,1211
44.81005334854126,1210
45.08033752441406,1209
45.48237895965576,1208
45.75084900856018,1205
46.83784317970276,1204
47.23249363899231,1203
47.5031681060791,1202
48.176936864852905,1200
48.71037173271179,1199
49.24590063095093,1198
49.515464544296265,1197
50.060221910476685,1196
50.196995973587036,1195
50.47053551673889,1193
50.87150597572327,1192
51.13447427749634,1191
51.2719841003418,1190
51.67741632461548,1189
51.94113111495972,1188
52.33718967437744,1187
52.47270941734314,1186
53.01602840423584,1185
53.15064239501953,1183
53.568608045578,1182
53.96807837486267,1180
54.78199481964111,1178
55.345829486846924,1176
56.006747007369995,1175
56.144086599349976,1174
56.67592668533325,1173
56.94656467437744,1172
57.34248089790344,1171
57.7445023059845,1169
58.41361618041992,1168
58.68383717536926,1167
59.0944926738739,1166
59.64071822166443,1165
60.04401516914368,1164
60.176695346832275,1163
60.98890686035156,1162
61.12366819381714,1161
61.66838192939758,1159
62.06940317153931,1158
62.86864900588989,1156
63.27175331115723,1155
63.80931615829468,1154
63.944724559783936,1153
64.34212684631348,1152
64.60888075828552,1151
65.01283478736877,1150
65.41515851020813,1149
65.81478238105774,1148
66.21367645263672,1147
66.61708688735962,1146
67.0184371471405,1145
67.1564109325409,1144
67.55790948867798,1143
67.96011781692505,1142
68.3583402633667,1141
68.7594563961029,1140
69.03315472602844,1139
69.5710380077362,1137
69.84219574928284,1136
70.38238644599915,1135
70.91585397720337,1134
71.31484651565552,1131
71.98611879348755,1129
72.12489438056946,1128
72.53144526481628,1127
73.19427847862244,1126
73.46665358543396,1125
74.13692688941956,1124
74.80930709838867,1123
75.20623707771301,1122
75.87629652023315,1121
76.28029870986938,1120
76.68406319618225,1119
77.2227475643158,1118
77.48820853233337,1117
77.62308645248413,1116
78.28740668296814,1114
78.42067813873291,1113
78.96138739585876,1112
79.09597039222717,1111
79.66385507583618,1110
80.06954622268677,1109
80.2045533657074,1108
80.33566999435425,1107
80.87533116340637,1105
81.00446319580078,1104
81.67710614204407,1103
81.94567275047302,1102
82.61409568786621,1101
83.01376867294312,1100
83.6896104812622,1099
83.95229268074036,1097
84.7485556602478,1096
85.29414772987366,1095
85.5644953250885,1094
86.23950529098511,1093
86.77357149124146,1092
87.18151235580444,1091
87.99195170402527,1089
88.6658444404602,1088
88.79974746704102,1087
89.73793983459473,1086
90.27639126777649,1085
90.6773452758789,1084
91.0785665512085,1083
91.7436752319336,1082
92.00876593589783,1081
92.67860865592957,1080
93.072420835495,1079
93.74149465560913,1078
94.1402645111084,1077
94.86100482940674,1076
95.53776860237122,1074
96.48318076133728,1073
97.01262545585632,1072
97.55287384986877,1071
98.23062491416931,1070
98.89283275604248,1069
99.16183972358704,1068
99.9677803516388,1067
101.03823804855347,1066
101.84096574783325,1064
102.38071632385254,1063
103.0454831123352,1062
103.44806218147278,1061
104.0050528049469,1060
104.66700339317322,1059
105.34436774253845,1058
105.73834872245789,1057
106.67992234230042,1056
107.21192812919617,1055
107.48237347602844,1054
108.28905940055847,1053
109.0938332080841,1051
109.50165438652039,1050
109.77993774414062,1049
110.45925426483154,1048
110.59434199333191,1047
111.13298559188843,1046
111.40714716911316,1045
112.07508444786072,1044
113.01850509643555,1043
113.28873753547668,1042
113.82082319259644,1041
114.22101664543152,1040
114.74690985679626,1039
115.67368936538696,1038
116.34994268417358,1037
116.75783252716064,1036
117.01944708824158,1035
118.10107898712158,1034
119.70155787467957,1033
120.37268233299255,1032
120.50393486022949,1031
121.03911018371582,1030
121.44387578964233,1029
122.11649870872498,1027
123.2005136013031,1026
123.73756122589111,1025
124.01169800758362,1024
124.82909321784973,1023
124.96493148803711,1022
126.31227159500122,1021
127.52216291427612,1020
128.48228287696838,1019
128.61987376213074,1018
129.69843554496765,1017
130.90948748588562,1016
131.97820258140564,1015
132.37744975090027,1014
132.9164400100708,1013
133.71798372268677,1012
134.5237100124359,1011
134.65894,1011