0.23166942596435547,1457
0.4956514835357666,1456
0.7617287635803223,1455
1.0287954807281494,1453
1.1626884937286377,1451
1.2963500022888184,1450
1.5628738403320312,1448
1.833177089691162,1446
2.372077703475952,1444
2.5028247833251953,1443
2.634769916534424,1440
2.898444175720215,1437
3.1669256687164307,1436
3.3011715412139893,1435
3.4334797859191895,1434
3.6975815296173096,1432
3.833779811859131,1431
3.967186450958252,1430
4.2289040088653564,1429
4.36344313621521,1427
4.632272720336914,1426
4.763070106506348,1425
4.896685361862183,1424
5.031637668609619,1423
5.163435220718384,1422
5.559864044189453,1420
5.690527439117432,1419
5.95574164390564,1418
6.221905708312988,1416
6.488545179367065,1415
6.622403383255005,1414
6.89156174659729,1413
7.024359941482544,1411
7.1579508781433105,1410
7.558592796325684,1408
7.6883628368377686,1407
7.825546026229858,1406
8.118421792984009,1404
8.250823259353638,1400
8.386013984680176,1398
8.647474527359009,1397
8.914741277694702,1396
9.04504942893982,1393
9.179408073425293,1391
9.579900741577148,1390
9.713254690170288,1389
10.107584476470947,1387
10.376307964324951,1385
10.775015830993652,1383
11.172339916229248,1382
11.303758382797241,1381
11.57197380065918,1380
11.699873685836792,1378
11.961113691329956,1375
12.36061716079712,1373
12.629526615142822,1371
12.900607109069824,1370
13.036957740783691,1369
13.174066066741943,1367
13.697773456573486,1365
13.963282108306885,1364
14.093193531036377,1363
14.227651596069336,1362
14.634302139282227,1359
15.036704301834106,1357
15.440754652023315,1356
15.577497243881226,1355
15.97865629196167,1353
16.379393815994263,1351
16.64875316619873,1350
16.781524419784546,1349
16.913817644119263,1347
17.180466175079346,1345
17.71467876434326,1343
18.115229606628418,1341
18.245343446731567,1340
18.51461625099182,1338
18.64650535583496,1336
19.045694589614868,1335
19.311163187026978,1334
19.57707929611206,1332
19.708329677581787,1331
20.154738187789917,1329
20.288275718688965,1328
20.692017793655396,1327
20.95380735397339,1326
21.085753440856934,1325
21.476007223129272,1324
21.612478256225586,1323
22.016682147979736,1322
22.153452157974243,1321
22.553389310836792,1319
22.826586961746216,1318
23.094956874847412,1315
23.503344297409058,1314
23.637288808822632,1313
23.904558658599854,1312
24.310223817825317,1308
24.846893548965454,1307
25.11026406288147,1305
25.376480102539062,1304
25.648210525512695,1301
26.047802448272705,1300
26.44673466682434,1298
26.710273504257202,1297
26.9757559299469,1296
27.2442524433136,1293
27.514970541000366,1291
28.051395654678345,1290
28.322489261627197,1289
28.4551944732666,1288
28.592232942581177,1287
28.866665363311768,1286
28.99634337425232,1285
29.26577877998352,1284
29.40162467956543,1282
29.79846215248108,1281
30.062313318252563,1280
30.196635484695435,1278
30.9843430519104,1277
31.25382089614868,1276
31.521267890930176,1275
31.787474393844604,1272
32.06317734718323,1271
32.354652643203735,1270
32.48644018173218,1269
32.89365482330322,1268
33.16332459449768,1267
33.433058977127075,1264
34.11154103279114,1263
34.38684439659119,1262
34.5235641002655,1261
35.05789637565613,1260
35.46154522895813,1258
35.86467981338501,1257
36.129191637039185,1256
36.530620098114014,1254
36.66673493385315,1252
37.19805574417114,1251
37.33017325401306,1250
37.4654757976532,1249
37.60260224342346,1248
38.12689256668091,1246
38.3946168422699,1245
38.795292139053345,1243
38.928446769714355,1242
39.33042049407959,1241
39.591668128967285,1239
39.994269132614136,1237
40.531116008758545,1236
40.66816997528076,1234
41.203906536102295,1233
41.33646488189697,1232
41.60428237915039,1231
41.87344741821289,1229
42.533819913864136,1228
42.797377586364746,1227
42.929439306259155,1226
43.46005582809448,1225
43.592750787734985,1224
43.852922439575195,1223
44.381900787353516,1222
44.51619052886963,1220
45.18281698226929,1219
45.44861626625061,1218
45.58448839187622,1216
46.11583137512207,1214
46.381574630737305,1212
47.04807996749878,1211
47.312612533569336,1210
47.582754135131836,1209
47.984078884124756,1208
48.11984348297119,1207
48.25645709037781,1206
48.65214991569519,1205
49.05673813819885,1203
49.46164131164551,1202
49.733033180236816,1201
49.864277839660645,1200
50.136367321014404,1199
50.54318428039551,1198
50.812132596969604,1197
51.34413504600525,1196
51.48299312591553,1195
51.751967906951904,1194
51.88791084289551,1193
52.29258394241333,1191
52.69822978973389,1190
53.097102880477905,1189
53.233500242233276,1188
53.62826871871948,1187
53.89609742164612,1185
54.69962167739868,1183
55.11285042762756,1182
55.24842095375061,1180
55.907283544540405,1179
56.041356801986694,1178
56.310725688934326,1177
56.59880018234253,1176
56.99755311012268,1175
57.26502799987793,1174
57.659005641937256,1172
57.92782735824585,1171
58.19585156440735,1169
58.600799322128296,1167
59.137109994888306,1166
59.271902084350586,1165
59.94067049026489,1162
60.469767808914185,1161
60.867491006851196,1160
61.13522410392761,1159
61.540666818618774,1158
61.942153453826904,1157
62.208436012268066,1156
62.7469482421875,1155
63.01360893249512,1154
63.15117526054382,1153
63.28476691246033,1152
63.94945764541626,1151
64.48392653465271,1150
64.89075970649719,1149
65.1582453250885,1148
65.68955683708191,1147
65.95374965667725,1146
66.08741116523743,1145
66.49183082580566,1144
66.75649976730347,1143
67.29358267784119,1142
67.9570631980896,1140
68.35618686676025,1139
68.62051486968994,1138
69.0159683227539,1137
69.68430256843567,1136
69.8192241191864,1134
70.34483885765076,1132
70.48324012756348,1131
71.13796186447144,1130
71.27103066444397,1129
71.66646981239319,1128
72.19816446304321,1127
72.72783017158508,1126
73.12708020210266,1124
73.65955090522766,1123
74.068044424057,1122
74.1986813545227,1121
74.60243010520935,1120
75.00056314468384,1119
75.66605615615845,1118
76.19592452049255,1117
76.58834385871887,1116
76.72349619865417,1115
77.25976276397705,1114
77.92453289031982,1113
78.31931805610657,1112
78.98313784599304,1111
79.6523323059082,1109
80.04466819763184,1108
80.87616205215454,1107
81.27985763549805,1106
81.5461540222168,1105
81.81296491622925,1104
82.21120262145996,1103
82.47481799125671,1102
83.00281429290771,1101
83.52715373039246,1099
84.19502997398376,1097
84.85780167579651,1096
85.26124715805054,1095
85.52674531936646,1094
85.79045701026917,1093
86.32476329803467,1092
86.99412322044373,1091
87.1305091381073,1090
87.79126167297363,1089
88.18887305259705,1088
88.85189962387085,1087
88.98288679122925,1086
89.78046345710754,1084
90.44403338432312,1083
90.84253644943237,1082
91.6498818397522,1081
92.05369925498962,1080
92.5850670337677,1079
92.99243545532227,1078
93.38959264755249,1077
94.18639540672302,1076
94.71891736984253,1074
95.38904237747192,1073
95.66211676597595,1072
96.20040678977966,1071
96.60151672363281,1070
97.13784623146057,1069
97.5360689163208,1068
98.3379213809967,1067
99.135333776474,1066
99.67038464546204,1065
100.19909954071045,1064
100.46564841270447,1063
101.13267731666565,1062
101.66165161132812,1061
102.06536889076233,1060
102.85731792449951,1059
103.5171639919281,1058
103.79255843162537,1057
104.4572331905365,1055
104.75315737724304,1054
105.28914999961853,1053
105.55598664283752,1052
106.22478008270264,1051
107.27828168869019,1050
107.54277920722961,1049
107.67758417129517,1048
108.48546481132507,1047
109.29765200614929,1046
110.22270202636719,1045
110.62271928787231,1044
111.2878167629242,1043
111.68575859069824,1042
112.89459538459778,1041
113.29191994667053,1040
113.56102442741394,1038
114.22190952301025,1037
115.28757452964783,1036
115.82296013832092,1035
116.62290215492249,1034
117.294606924057,1033
117.56817436218262,1032
118.36627888679504,1031
118.90033388137817,1030
119.5743772983551,1029
120.10870623588562,1028
120.63967227935791,1027
120.90169668197632,1026
121.83678007125854,1025
122.50563502311707,1024
122.77168607711792,1023
123.57114911079407,1022
124.23874568939209,1021
124.78014588356018,1020
125.31130599975586,1019
125.70714449882507,1018
127.04462265968323,1017
128.25266528129578,1016
128.79076266288757,1015
129.74823570251465,1014
130.29086709022522,1013
130.9544713497162,1012
131.8853669166565,1011
132.72581601142883,1010
133.80649089813232,1009
133.80717,1009