0.22988390922546387,1458
0.36745357513427734,1456
0.6387443542480469,1455
0.7758898735046387,1451
1.3202142715454102,1449
1.4501657485961914,1447
1.7170143127441406,1446
1.8518438339233398,1445
2.124370813369751,1443
2.260561943054199,1442
2.527674436569214,1439
2.6581954956054688,1438
2.79543399810791,1437
2.9256889820098877,1436
3.0605692863464355,1433
3.3321120738983154,1431
3.601628065109253,1430
3.8710460662841797,1426
4.009478807449341,1425
4.143487453460693,1421
4.9448912143707275,1419
5.079201936721802,1416
5.218296527862549,1415
5.755321979522705,1413
6.026721715927124,1411
6.15964937210083,1410
6.423763990402222,1408
6.556097030639648,1407
6.826900005340576,1405
6.9632556438446045,1404
7.23886513710022,1403
7.3744823932647705,1402
7.510664939880371,1401
7.784665107727051,1400
8.07567286491394,1398
8.476597785949707,1396
8.745746612548828,1393
9.009160280227661,1392
9.411201000213623,1390
9.546276092529297,1388
9.819409132003784,1386
9.952209949493408,1385
10.221308708190918,1384
10.353599071502686,1383
10.619242668151855,1382
10.755093812942505,1380
10.889553308486938,1379
11.02197790145874,1378
11.290265560150146,1376
11.690447568893433,1374
11.952735185623169,1372
12.356039047241211,1369
12.491313934326172,1368
12.893360614776611,1367
13.029100179672241,1366
13.30523133277893,1364
13.574336051940918,1363
13.708299160003662,1361
14.111161947250366,1360
14.245894432067871,1356
14.65850019454956,1354
15.196061134338379,1352
15.467254161834717,1350
15.599135398864746,1348
15.730604410171509,1347
16.000672817230225,1346
16.13529682159424,1344
16.403529405593872,1342
16.673057317733765,1341
16.94160532951355,1340
17.077985525131226,1339
17.21350646018982,1338
17.350327491760254,1335
17.879751682281494,1333
18.14964199066162,1331
18.555845499038696,1330
18.82644248008728,1329
19.102250576019287,1328
19.23448133468628,1327
19.501625776290894,1326
19.77692723274231,1325
20.050169467926025,1324
20.31978178024292,1323
20.583088874816895,1322
20.851896047592163,1320
20.987818002700806,1318
21.122632265090942,1316
21.66792345046997,1315
21.802415370941162,1314
22.076903343200684,1313
22.21181035041809,1312
22.350621700286865,1309
22.753464698791504,1308
22.886629581451416,1307
23.162724494934082,1306
23.297542333602905,1304
23.5688955783844,1303
23.704248666763306,1302
23.83900284767151,1300
24.375561714172363,1298
24.77963423728943,1297
24.917576789855957,1296
25.183242082595825,1294
25.71473789215088,1291
25.849088430404663,1290
26.116648197174072,1289
26.52085781097412,1288
26.79136085510254,1287
27.196775197982788,1286
27.46380877494812,1284
27.59847331047058,1283
28.138780117034912,1282
28.40831732749939,1280
28.675379991531372,1279
28.81259822845459,1278
29.079091787338257,1277
29.209661960601807,1275
29.741191148757935,1273
29.87813138961792,1272
30.15314483642578,1270
30.417223930358887,1269
30.826148748397827,1268
31.09855556488037,1267
31.374403715133667,1265
31.781634092330933,1264
32.05062913894653,1262
32.31961464881897,1261
32.61278176307678,1260
33.14847016334534,1259
33.4169807434082,1258
33.68881678581238,1257
34.22876310348511,1256
34.49726963043213,1255
34.76680016517639,1254
35.03978943824768,1253
35.31313514709473,1252
35.858891248703,1251
35.99401521682739,1250
36.262304067611694,1249
36.52655482292175,1248
36.66002917289734,1247
36.79214572906494,1246
37.33437466621399,1244
37.87000298500061,1243
38.14137005805969,1241
38.5486102104187,1239
38.81616687774658,1238
39.08534026145935,1237
39.49465012550354,1235
39.76368594169617,1234
39.90263772010803,1233
40.176474809646606,1232
40.31196618080139,1231
40.70627975463867,1230
40.979896545410156,1228
41.38453030586243,1227
41.656609535217285,1226
42.06447434425354,1225
42.46164345741272,1223
42.99554252624512,1222
43.133063554763794,1221
43.537952184677124,1220
43.676231384277344,1219
44.21299457550049,1217
44.347368240356445,1216
44.75591683387756,1215
45.018192291259766,1214
45.43175172805786,1213
45.70241355895996,1212
46.237765312194824,1210
46.369975090026855,1209
46.91068124771118,1208
47.05185270309448,1207
47.320900678634644,1206
47.59378504753113,1205
47.997395038604736,1203
48.66898584365845,1201
49.20549750328064,1198
49.74543619155884,1197
49.87804937362671,1196
50.417951822280884,1194
50.946216344833374,1193
51.21333718299866,1192
51.61072492599487,1191
51.88409972190857,1190
52.15249013900757,1189
52.41904067993164,1187
52.95901107788086,1186
53.365500688552856,1185
53.63570833206177,1184
53.9068808555603,1183
54.44715929031372,1182
54.58334517478943,1180
54.85162925720215,1179
55.392354011535645,1177
55.79597306251526,1175
56.339547872543335,1171
57.04037952423096,1170
57.438331842422485,1169
57.71372699737549,1168
58.250027656555176,1167
58.385504722595215,1166
59.33233141899109,1165
59.73795294761658,1164
60.273037910461426,1162
60.67895722389221,1161
60.94367432594299,1160
61.35087180137634,1159
61.48666334152222,1158
62.16555857658386,1157
62.43339252471924,1156
62.83715224266052,1154
63.65206217765808,1153
63.92761015892029,1152
64.33081197738647,1151
64.46436667442322,1150
65.00406074523926,1149
65.54200863838196,1147
66.0773503780365,1146
66.47903943061829,1145
67.0246353149414,1144
67.29527354240417,1143
67.56184911727905,1142
68.09603500366211,1141
68.50589895248413,1140
68.77416968345642,1139
69.3152904510498,1138
69.71177625656128,1137
69.84906554222107,1136
70.38418436050415,1135
70.79023289680481,1134
71.18677377700806,1133
71.98810172080994,1131
72.5227677822113,1129
73.06329154968262,1128
73.46705174446106,1127
74.27432537078857,1125
74.67200565338135,1124
75.20808482170105,1123
75.34529113769531,1122
75.61623191833496,1121
76.02889108657837,1120
76.43903589248657,1119
76.84261870384216,1118
77.24448227882385,1117
77.52048826217651,1116
78.19664716720581,1115
78.46103024482727,1114
78.72848415374756,1113
79.52954387664795,1112
79.93954467773438,1111
80.47697401046753,1110
81.01590943336487,1108
81.71388339996338,1107
82.52614569664001,1106
82.93340873718262,1105
83.47005653381348,1104
84.00304794311523,1103
84.40747022628784,1102
84.95072436332703,1101
85.36257243156433,1100
85.63217425346375,1099
86.30113816261292,1098
86.97388553619385,1097
87.37809300422668,1096
87.51871991157532,1095
88.32967472076416,1094
88.73114395141602,1092
89.40667009353638,1091
89.67837309837341,1090
90.21468257904053,1089
90.75127482414246,1088
91.02207016944885,1086
91.69503259658813,1084
92.09726619720459,1083
92.63485646247864,1082
92.90925765037537,1081
93.31235027313232,1080
93.84886980056763,1079
94.25531339645386,1078
95.06570291519165,1077
95.73626804351807,1076
95.87271523475647,1075
96.41103458404541,1074
97.0890142917633,1073
97.76337242126465,1070
98.6068069934845,1069
99.42561841011047,1068
99.69069290161133,1067
100.37053966522217,1066
100.91172552108765,1065
101.73131656646729,1064
102.402414560318,1062
103.34563136100769,1061
104.29659652709961,1060
104.43094182014465,1059
105.1037130355835,1058
105.92873072624207,1057
106.86920118331909,1056
107.13662767410278,1055
107.40767788887024,1054
107.94833540916443,1053
108.35118794441223,1052
108.75332880020142,1051
109.28373169898987,1050
109.9454698562622,1049
111.55099511146545,1048
112.08165097236633,1047
112.75691485404968,1046
113.55956602096558,1045
113.96367764472961,1044
114.76848483085632,1042
115.30854201316833,1041
115.98514175415039,1040
116.25294470787048,1038
116.66078114509583,1037
117.73132753372192,1036
118.67857146263123,1035
119.22293901443481,1034
119.76484298706055,1033
120.17487096786499,1032
121.1181890964508,1030
122.06779623031616,1029
122.74947500228882,1028
123.4222960472107,1027
123.55776929855347,1026
124.23660564422607,1025
125.04426693916321,1024
125.85582160949707,1023
126.39551734924316,1022
126.80657148361206,1021
127.49236035346985,1020
128.70334196090698,1019
129.51372385025024,1018
130.4798605442047,1017
131.1598665714264,1016
131.82773399353027,1015
133.57885026931763,1013
134.11215043067932,1012
135.03989,1012