0.29097867012023926,2269
0.2927725315093994,2269
0.33043479919433594,2268
0.3570094108581543,2267
0.4164888858795166,2266
0.42884254455566406,2265
0.5112736225128174,2264
0.5174002647399902,2263
0.5182774066925049,2262
0.5206434726715088,2261
0.5324649810791016,2260
0.5658965110778809,2259
0.6426079273223877,2258
0.7071213722229004,2257
0.7398192882537842,2256
0.7525143623352051,2255
0.7586169242858887,2254
0.7665894031524658,2253
0.81939697265625,2252
0.8462505340576172,2251
0.8939800262451172,2250
0.9287409782409668,2249
0.9508552551269531,2248
0.9595828056335449,2247
1.0000250339508057,2246
1.0397181510925293,2245
1.1253538131713867,2244
1.1446177959442139,2243
1.1893894672393799,2242
1.3829727172851562,2241
1.4251477718353271,2240
1.5914514064788818,2239
1.6172101497650146,2238
1.7211153507232666,2237
1.8089864253997803,2236
1.815826654434204,2235
1.8386363983154297,2234
1.8535022735595703,2233
2.191843271255493,2232
2.3150298595428467,2231
2.4494872093200684,2230
2.489230155944824,2229
2.503725290298462,2228
2.8811447620391846,2227
2.8914122581481934,2226
3.1002228260040283,2225
3.7845873832702637,2224
4.222234725952148,2223
4.683569669723511,2222
4.870694875717163,2221
4.98294472694397,2220
5.030374765396118,2219
5.21543288230896,2218
6.076081037521362,2217
6.732668161392212,2216
7.067389488220215,2215
7.890333414077759,2214
8.717752933502197,2213
9.847295045852661,2212
11.296128749847412,2211
11.571365118026733,2210
12.773842573165894,2209
13.61300802230835,2208
14.985164642333984,2207
15.973991870880127,2206
23.65383815765381,2205
28.4406476020813,2204
46.47111105918884,2203
