0.28396058082580566,2269
0.2861039638519287,2269
0.4060795307159424,2268
0.42817115783691406,2267
0.46093249320983887,2266
0.46234822273254395,2265
0.5093276500701904,2264
0.5338611602783203,2263
0.5631308555603027,2262
0.6030542850494385,2261
0.6377506256103516,2260
0.7906684875488281,2259
0.8161749839782715,2258
0.8217692375183105,2257
0.9564783573150635,2256
0.9983959197998047,2255
1.0391523838043213,2254
1.061547040939331,2253
1.2127659320831299,2252
1.228785514831543,2251
1.3266160488128662,2250
1.3468050956726074,2249
1.3535444736480713,2248
1.3618297576904297,2247
1.3682594299316406,2246
1.4393987655639648,2245
1.478151798248291,2244
1.7081763744354248,2243
1.7475881576538086,2242
1.785189151763916,2241
1.8283486366271973,2240
1.8626353740692139,2239
1.912466049194336,2238
1.9970924854278564,2237
2.0780184268951416,2236
2.165808916091919,2235
2.2972307205200195,2234
2.546541690826416,2233
2.843660354614258,2232
2.850559711456299,2231
2.8536555767059326,2230
2.8626956939697266,2229
2.909579277038574,2228
3.0832362174987793,2227
3.0882339477539062,2226
3.1111669540405273,2225
3.304879903793335,2224
3.59867262840271,2223
3.651337146759033,2222
3.7279856204986572,2221
3.748249053955078,2220
4.02903151512146,2219
4.209927082061768,2218
4.320847034454346,2217
4.458271503448486,2216
4.473034620285034,2215
4.557708501815796,2214
4.57856822013855,2213
5.306056022644043,2212
5.9925267696380615,2211
6.197202682495117,2210
6.288608551025391,2209
6.838132858276367,2208
7.66756010055542,2207
9.198424100875854,2206
13.315473794937134,2205
29.03988552093506,2204
161.2244997024536,2203
