0.2928178310394287,2269
0.2943756580352783,2269
0.32466959953308105,2268
0.33253049850463867,2267
0.33758068084716797,2266
0.41756129264831543,2265
0.43401527404785156,2264
0.46160244941711426,2263
0.49236154556274414,2262
0.5466728210449219,2261
0.5772068500518799,2260
0.5856904983520508,2259
0.6209838390350342,2258
0.6509072780609131,2257
0.6945078372955322,2256
0.7140471935272217,2255
0.7874219417572021,2254
0.7990124225616455,2253
0.805394172668457,2252
0.9008123874664307,2251
0.9738786220550537,2250
1.0394721031188965,2249
1.091630220413208,2248
1.106461763381958,2247
1.119901418685913,2246
1.1567964553833008,2245
1.210869550704956,2244
1.2250463962554932,2243
1.240323781967163,2242
1.320143699645996,2241
1.4058218002319336,2240
1.427440881729126,2239
1.4836628437042236,2238
1.5238368511199951,2237
1.656930923461914,2236
1.6651384830474854,2235
1.667759895324707,2234
1.6987073421478271,2233
1.7558348178863525,2232
1.8623402118682861,2231
2.0734543800354004,2230
2.404724597930908,2229
2.4079244136810303,2228
2.762382984161377,2227
2.7792892456054688,2226
2.8689358234405518,2225
3.1065850257873535,2224
3.438035249710083,2223
3.495560884475708,2222
3.6764142513275146,2221
3.9198362827301025,2220
3.9408955574035645,2219
4.206603288650513,2218
4.215087413787842,2217
4.312098264694214,2216
4.393131494522095,2215
4.644952774047852,2214
5.1562113761901855,2213
5.308687210083008,2212
6.061866044998169,2211
6.561274766921997,2210
6.969087362289429,2209
7.224607229232788,2208
13.328285932540894,2207
13.843134880065918,2206
15.92612600326538,2205
69.86345076560974,2204
144.04281497001648,2203
