0.7591373920440674,4937
1.6423883438110352,4935
2.081308126449585,4933
2.524993419647217,4931
4.293916702270508,4930
4.728129863739014,4927
5.610004186630249,4925
6.049407958984375,4924
6.494938611984253,4923
6.938925743103027,4921
8.238754272460938,4919
9.53069019317627,4915
10.86620807647705,4913
11.323901653289795,4912
11.802107810974121,4910
12.687565565109253,4908
13.122997760772705,4907
13.562024116516113,4906
13.995153188705444,4903
14.866487979888916,4900
15.73076057434082,4898
16.606818914413452,4897
17.054478406906128,4895
18.35222554206848,4893
18.802154064178467,4892
19.251691102981567,4891
19.695813417434692,4889
20.571020364761353,4888
21.01120400428772,4886
21.88242506980896,4885
22.74281072616577,4884
23.178603172302246,4883
23.60344648361206,4880
24.04992175102234,4879
24.488035440444946,4878
25.361161470413208,4875
26.664068698883057,4873
27.11570644378662,4872
27.55640482902527,4870
28.007500886917114,4869
29.318060398101807,4868
29.74590015411377,4866
30.634631633758545,4865
31.070915460586548,4864
31.933013916015625,4862
32.79727363586426,4860
33.66057062149048,4856
34.53987240791321,4855
34.9675509929657,4854
35.8370099067688,4852
36.27303147315979,4851
36.70173406600952,4850
37.144691467285156,4848
38.008559465408325,4846
39.30722427368164,4844
40.585230112075806,4842
41.02160596847534,4839
42.33674144744873,4837
43.20494222640991,4836
43.65062212944031,4835
44.08399939537048,4833
44.534902811050415,4832
45.39613461494446,4831
45.83894681930542,4829
46.26046681404114,4828
46.71211338043213,4827
47.14972925186157,4826
47.57597851753235,4825
48.46266293525696,4824
48.89711022377014,4823
49.33596730232239,4822
49.781264305114746,4821
50.21545767784119,4820
50.64579367637634,4818
51.08105778694153,4817
51.965548515319824,4815
52.40424418449402,4814
52.84396171569824,4813
53.7276885509491,4812
54.16050958633423,4810
54.6103310585022,4809
55.04503536224365,4808
55.92380428314209,4806
56.3622772693634,4805
57.218807220458984,4803
58.100202322006226,4802
58.534412145614624,4799
59.8412344455719,4798
60.27292728424072,4797
61.15150499343872,4795
61.579895973205566,4794
62.01738214492798,4793
62.44879937171936,4792
63.31565284729004,4790
63.754337549209595,4788
64.62531161308289,4787
65.0905921459198,4786
65.51791882514954,4785
65.95722651481628,4782
66.82857370376587,4781
67.70534253120422,4779
68.1353211402893,4777
69.01565384864807,4776
69.88295412063599,4772
70.32468914985657,4771
71.19261646270752,4770
71.61520433425903,4769
72.49610328674316,4767
73.37172842025757,4766
73.8079924583435,4765
74.25905346870422,4763
75.14827680587769,4762
76.0233108997345,4760
77.32850980758667,4757
78.64892148971558,4756
79.08446621894836,4754
79.95174145698547,4752
80.80562162399292,4751
81.2421247959137,4750
82.1168622970581,4748
82.9812581539154,4747
83.42371201515198,4745
84.30358481407166,4743
85.20026397705078,4741
86.09577345848083,4740
86.51780867576599,4738
86.95441198348999,4736
87.82022738456726,4735
88.26813292503357,4733
88.70225405693054,4732
89.1335997581482,4731
89.56620073318481,4730
89.99327564239502,4729
90.43048405647278,4728
91.2783534526825,4727
91.71691560745239,4726
92.15625262260437,4724
93.4691059589386,4723
93.91522717475891,4720
94.77833032608032,4719
95.21205186843872,4718
95.66083836555481,4717
96.12434458732605,4716
96.56243467330933,4715
96.99424719810486,4714
97.42936730384827,4711
98.3150281906128,4710
98.762943983078,4708
99.64005517959595,4706
100.49126958847046,4705
100.93058586120605,4704
101.37850499153137,4702
102.23721837997437,4701
102.68405055999756,4699
103.11234307289124,4697
104.00964903831482,4696
105.32332301139832,4694
105.76310586929321,4693
106.64224743843079,4691
107.0801613330841,4690
107.95477557182312,4689
108.38898801803589,4688
109.24338459968567,4685
110.12284064292908,4684
111.41239285469055,4682
111.86693978309631,4680
112.29715919494629,4678
113.17362666130066,4676
114.0419385433197,4674
114.4691514968872,4672
114.91243124008179,4669
116.22773504257202,4668
117.99517869949341,4666
119.73246717453003,4663
120.16644239425659,4662
121.03974413871765,4661
121.47750949859619,4660
121.9036033153534,4659
122.34932160377502,4658
122.792475938797,4657
123.24436450004578,4656
124.09590792655945,4655
124.97158002853394,4653
125.41937518119812,4651
126.28138327598572,4650
127.15967631340027,4648
128.01884627342224,4646
129.32218408584595,4645
129.76062417030334,4644
130.627947807312,4643
131.49359273910522,4641
132.80527710914612,4638
133.22218251228333,4637
134.1013298034668,4636
134.97308325767517,4634
135.39486265182495,4632
137.13752698898315,4631
137.57291650772095,4630
138.01259779930115,4628
138.44459319114685,4627
139.7603418827057,4626
140.19201827049255,4625
141.91100549697876,4623
142.3540072441101,4622
143.66475534439087,4621
144.1030559539795,4620
144.5432891845703,4616
144.99505281448364,4615
146.30094408988953,4614
146.73930549621582,4613
147.1802339553833,4612
148.05196046829224,4611
149.34360337257385,4607
150.664648771286,4605
151.1068935394287,4604
152.00274300575256,4603
152.88580965995789,4599
154.19311928749084,4598
154.635892868042,4597
155.49981117248535,4596
156.3676414489746,4595
156.8124237060547,4593
157.238778591156,4590
158.10487461090088,4589
158.5376935005188,4587
159.85395002365112,4586
160.29392981529236,4585
160.7264974117279,4584
161.60795211791992,4582
162.49178194999695,4581
162.91668963432312,4580
163.36844515800476,4579
164.6509826183319,4577
165.53641176223755,4575
165.98686623573303,4574
166.8611352443695,4573
167.2957000732422,4572
167.73481583595276,4571
168.16393113136292,4569
169.01971125602722,4568
169.9013888835907,4565
171.19887161254883,4563
171.65326809883118,4561
172.52044200897217,4560
172.95918941497803,4559
173.39433884620667,4558
174.26896214485168,4557
174.69695782661438,4553
176.43574285507202,4552
176.88607501983643,4549
177.76082849502563,4547
179.07219076156616,4546
179.51177668571472,4545
180.40141892433167,4544
181.28770422935486,4543
181.73143100738525,4542
182.17429852485657,4541
183.04663753509521,4540
183.48056840896606,4539
183.9287464618683,4537
185.2447645664215,4536
186.56225872039795,4534
187.4374132156372,4533
187.88059282302856,4531
189.17903757095337,4529
190.46156978607178,4526
190.8954577445984,4525
191.76667737960815,4524
192.62570762634277,4522
193.91990280151367,4520
194.35426211357117,4518
195.67939925193787,4517
196.5500841140747,4516
196.97908329963684,4515
197.85375356674194,4513
198.7321856021881,4511
199.5951864719391,4510
200.46248292922974,4508
201.78702521324158,4506
202.23121547698975,4504
203.09373426437378,4503
203.53250217437744,4502
203.97319865226746,4501
204.4064543247223,4500
205.69971370697021,4497
206.56069135665894,4496
207.42081141471863,4494
208.7297089099884,4491
209.6180558204651,4490
210.92702531814575,4488
211.81234693527222,4487
212.67249035835266,4486
213.11123991012573,4484
213.55351734161377,4483
214.8509087562561,4481
215.72736263275146,4480
216.17346620559692,4479
217.0589463710785,4477
218.3638300895691,4476
219.2223460674286,4475
219.6718442440033,4474
220.1098780632019,4473
220.98184156417847,4471
221.84060382843018,4470
222.27695059776306,4469
223.1428141593933,4468
223.57921242713928,4467
224.01441717147827,4466
224.45958352088928,4465
225.34439873695374,4464
225.77710580825806,4463
226.66181182861328,4462
227.09452962875366,4461
227.52885842323303,4460
228.83799386024475,4459
229.2690875530243,4458
230.601220369339,4455
231.47283625602722,4454
231.90676617622375,4453
232.7834289073944,4452
233.21277379989624,4450
234.54965543746948,4448
235.42489004135132,4446
237.14237713813782,4445
237.57546496391296,4444
238.01779556274414,4443
238.45364904403687,4442
238.8997073173523,4441
239.39096665382385,4440
239.83755373954773,4439
240.70347809791565,4437
241.1459059715271,4436
241.58683156967163,4434
242.468505859375,4431
244.2137577533722,4430
245.086740732193,4428
246.401841878891,4425
248.57933592796326,4423
249.0148663520813,4422
249.87661719322205,4421
251.1846079826355,4420
251.6312234401703,4419
252.9469964504242,4417
253.81959009170532,4416
254.24832844734192,4415
254.69374060630798,4414
255.1453914642334,4413
256.0232653617859,4411
256.4688951969147,4410
256.8951482772827,4409
257.7740695476532,4408
258.20975971221924,4407
258.6542353630066,4405
259.96178245544434,4403
260.84973335266113,4402
261.28303599357605,4401
261.7278530597687,4399
262.60345125198364,4398
263.9305076599121,4396
264.8093092441559,4395
265.7091166973114,4393
266.5893568992615,4392
267.02819776535034,4389
268.34317278862,4388
268.77733039855957,4387
269.2021338939667,4386
270.10780239105225,4385
270.98712682724,4384
271.85167837142944,4383
272.2797739505768,4382
273.1525847911835,4381
274.0242645740509,4379
275.34929513931274,4378
275.80004715919495,4377
276.6913049221039,4376
277.13742899894714,4375
277.56404638290405,4374
278.85256791114807,4372
279.2900035381317,4371
279.72618889808655,4370
280.16867089271545,4369
281.04314708709717,4368
282.35755825042725,4367
282.8075952529907,4366
283.6705894470215,4365
284.550843000412,4363
284.984188079834,4362
285.4111614227295,4360
286.30109763145447,4358
287.6007447242737,4357
288.4882869720459,4355
289.80460381507874,4353
290.21878600120544,4352
291.963339805603,4350
292.8245224952698,4349
293.7154710292816,4345
294.5874881744385,4344
295.48200702667236,4343
295.9173278808594,4342
296.7968919277191,4341
297.67433738708496,4340
298.09860253334045,4339
298.53576016426086,4338
299.4139485359192,4337
300.7352566719055,4336
301.16415882110596,4333
302.04790782928467,4331
303.35754203796387,4329
304.22807931900024,4328
305.1091802120209,4327
305.9873013496399,4326
306.4230842590332,4325
307.30075788497925,4324
307.738308429718,4321
309.0714621543884,4319
310.3742878437042,4317
311.25558733940125,4316
311.6900963783264,4315
312.59073662757874,4313
313.4674463272095,4312
314.7530381679535,4311
315.1875972747803,4310
316.0712559223175,4309
316.939076423645,4308
317.83041882514954,4306
319.5747709274292,4304
320.44780826568604,4303
320.8856644630432,4302
321.3276298046112,4300
322.2001461982727,4299
322.63329672813416,4297
323.9301812648773,4295
325.2437262535095,4294
325.6815450191498,4292
327.4267153739929,4290
328.29373264312744,4289
328.73485231399536,4286
330.44833850860596,4285
331.3371706008911,4284
332.21301317214966,4283
332.6661283969879,4281
334.8386011123657,4280
335.2762577533722,4279
336.1564362049103,4277
336.6091148853302,4276
337.04465341567993,4274
338.37922167778015,4273
338.82975721359253,4272
339.70259308815,4271
340.1310324668884,4269
341.4428286552429,4268
343.2025320529938,4267
343.65185046195984,4265
344.5259199142456,4264
345.39980149269104,4263
345.8511219024658,4262
347.16184306144714,4261
347.5953769683838,4260
348.0293548107147,4258
349.7962713241577,4257
350.678316116333,4256
351.11378955841064,4255
352.02513217926025,4254
352.4616928100586,4253
353.3688735961914,4252
354.24711894989014,4251
354.68185591697693,4250
355.5863342285156,4247
357.7528576850891,4246
358.64565563201904,4245
359.5208315849304,4244
361.3380219936371,4243
361.7905492782593,4242
362.665887594223,4241
363.5366892814636,4240
363.99122047424316,4239
364.45196986198425,4238
365.77986764907837,4237
366.2279632091522,4236
366.6798300743103,4235
367.996542930603,4234
368.43976616859436,4233
369.74428939819336,4232
370.1776194572449,4231
371.05525255203247,4229
371.9108440876007,4228
373.2358887195587,4227
373.6908359527588,4226
375.01420164108276,4224
376.3386342525482,4222
378.07148694992065,4221
378.5099947452545,4219
379.39265871047974,4218
380.27166080474854,4217
381.1659736633301,4216
381.5930280685425,4215
382.87600588798523,4213
384.17783188819885,4211
385.5118021965027,4210
386.3937816619873,4209
386.84502148628235,4208
387.2680857181549,4206
388.59859323501587,4204
390.36427783966064,4203
390.8069326877594,4201
391.6817629337311,4200
392.56729650497437,4199
393.88787317276,4197
395.20601868629456,4196
395.63546442985535,4193
396.93901443481445,4190
399.11604022979736,4189
399.54806184768677,4186
401.30029559135437,4185
402.15673661231995,4183
403.4846622943878,4182
403.9245524406433,4181
404.80231833457947,4180
405.24191761016846,4179
406.1219403743744,4178
407.0135974884033,4176
408.32499146461487,4175
409.1950316429138,4174
410.512179851532,4173
411.3783519268036,4172
412.25011253356934,4166
414.0147633552551,4165
414.44922709465027,4164
416.1855237483978,4163
416.6305470466614,4161
417.9466826915741,4160
418.8256869316101,4159
419.69171476364136,4157
421.00239849090576,4156
421.44526958465576,4155
421.89071130752563,4154
422.7654297351837,4153
423.6454493999481,4152
424.53106021881104,4151
424.96816325187683,4149
425.4063358306885,4148
425.83462929725647,4146
427.1537764072418,4144
428.47513222694397,4142
429.3376762866974,4141
430.23161005973816,4139
431.984867811203,4138
432.42201709747314,4137
432.8695595264435,4135
433.75826954841614,4134
434.2079839706421,4133
435.08602571487427,4132
435.96308398246765,4131
436.40020298957825,4129
438.143292427063,4128
438.14532,4128