0.29074811935424805,2269
0.29243922233581543,2269
0.3410191535949707,2268
0.35067224502563477,2267
0.3517115116119385,2266
0.3553941249847412,2265
0.3687553405761719,2264
0.43746471405029297,2263
0.4445152282714844,2262
0.4456064701080322,2261
0.46671128273010254,2260
0.48816967010498047,2259
0.49901747703552246,2258
0.5768029689788818,2257
0.5935945510864258,2256
0.5968914031982422,2255
0.6152074337005615,2254
0.676048994064331,2253
0.6776859760284424,2252
0.7827436923980713,2251
0.7915968894958496,2250
0.8157768249511719,2249
0.8181765079498291,2248
0.819103479385376,2247
0.8336014747619629,2246
0.8967640399932861,2245
0.9004769325256348,2244
0.9513847827911377,2243
0.9621188640594482,2242
0.9646584987640381,2241
0.9912209510803223,2240
1.0646734237670898,2239
1.0905749797821045,2238
1.105123519897461,2237
1.1251094341278076,2236
1.155653715133667,2235
1.1868658065795898,2234
1.2664213180541992,2233
1.331136703491211,2232
1.4240243434906006,2231
1.6698832511901855,2230
1.773752212524414,2229
1.9036378860473633,2228
1.9484984874725342,2227
2.0393128395080566,2226
2.340637683868408,2225
2.4777095317840576,2224
2.564307451248169,2223
2.5776188373565674,2222
2.6287264823913574,2221
2.7392258644104004,2220
2.8273253440856934,2219
2.972123622894287,2218
3.0849204063415527,2217
3.208214044570923,2216
3.2800145149230957,2215
3.383796453475952,2214
3.7159852981567383,2213
3.80486798286438,2212
4.072009801864624,2211
4.329577922821045,2210
5.164150238037109,2209
5.194683074951172,2208
5.302391529083252,2207
7.74662971496582,2206
7.912472248077393,2205
33.57765030860901,2204
47.579938650131226,2203
