0.29024744033813477,2269
0.2918589115142822,2269
0.42090845108032227,2268
0.4411742687225342,2267
0.4522726535797119,2266
0.46267104148864746,2265
0.4718310832977295,2264
0.5173172950744629,2263
0.5247409343719482,2262
0.5306055545806885,2261
0.5431046485900879,2260
0.5513696670532227,2259
0.603271484375,2258
0.6726620197296143,2257
0.7597694396972656,2256
0.8071682453155518,2255
0.8642654418945312,2254
0.8725128173828125,2253
0.906475305557251,2252
0.9701526165008545,2251
0.9936280250549316,2250
1.0780000686645508,2249
1.2079834938049316,2248
1.2443327903747559,2247
1.2664449214935303,2246
1.2784905433654785,2245
1.3292794227600098,2244
1.3410627841949463,2243
1.4652762413024902,2242
1.4971930980682373,2241
1.5275890827178955,2240
1.591966152191162,2239
1.6438333988189697,2238
1.669584035873413,2237
1.755040168762207,2236
1.787276029586792,2235
1.8340518474578857,2234
1.8422341346740723,2233
1.843226432800293,2232
1.950455904006958,2231
1.951493740081787,2230
1.9964501857757568,2229
2.043577194213867,2228
2.0928471088409424,2227
2.157104969024658,2226
2.195034980773926,2225
2.218038558959961,2224
2.241889476776123,2223
2.344417095184326,2222
2.8498332500457764,2221
2.8702774047851562,2220
3.303114414215088,2219
3.5254733562469482,2218
4.207194566726685,2217
4.3989012241363525,2216
4.8237385749816895,2215
5.560437440872192,2214
5.643372535705566,2213
5.75569486618042,2212
5.859525203704834,2211
6.785943984985352,2210
7.516868352890015,2209
7.767789125442505,2208
8.787092447280884,2207
9.540990829467773,2206
14.311365127563477,2205
24.385660886764526,2204
33.859320640563965,2203
