0.2909364700317383,2269
0.29276609420776367,2269
0.3525516986846924,2268
0.4190974235534668,2267
0.43401336669921875,2266
0.5262048244476318,2265
0.5724506378173828,2264
0.703324556350708,2263
0.7180736064910889,2262
0.7308356761932373,2261
0.7362308502197266,2260
0.7400667667388916,2259
0.7550649642944336,2258
0.7628653049468994,2257
0.8159034252166748,2256
0.836970329284668,2255
0.9598925113677979,2254
0.9790167808532715,2253
1.003948450088501,2252
1.0337116718292236,2251
1.1458930969238281,2250
1.2572226524353027,2249
1.257272720336914,2248
1.3936944007873535,2247
1.4046714305877686,2246
1.4132921695709229,2245
1.4339470863342285,2244
1.4409263134002686,2243
1.5080962181091309,2242
1.6074419021606445,2241
1.6074986457824707,2240
1.6281354427337646,2239
1.636512279510498,2238
1.637054204940796,2237
1.6598660945892334,2236
1.662161111831665,2235
1.6687583923339844,2234
1.7016987800598145,2233
1.702751636505127,2232
1.754164695739746,2231
1.9431488513946533,2230
2.031677007675171,2229
2.153982162475586,2228
2.208157777786255,2227
2.2592036724090576,2226
2.462367534637451,2225
2.5568253993988037,2224
2.613672971725464,2223
2.7255725860595703,2222
2.823392868041992,2221
3.1231510639190674,2220
3.4632914066314697,2219
3.5651819705963135,2218
3.601496458053589,2217
3.710252523422241,2216
3.729463815689087,2215
3.8068618774414062,2214
3.8397631645202637,2213
3.932257652282715,2212
4.160061836242676,2211
6.110919237136841,2210
7.411442995071411,2209
14.781254768371582,2208
15.497947692871094,2207
19.583548545837402,2206
19.92833638191223,2205
31.693480491638184,2204
156.70497608184814,2203
