0.2908961772918701,2269
0.2924470901489258,2269
0.33664488792419434,2268
0.44585180282592773,2267
0.4747610092163086,2266
0.49419426918029785,2265
0.49768710136413574,2264
0.5633702278137207,2263
0.5696055889129639,2262
0.5925893783569336,2261
0.5946125984191895,2260
0.5974366664886475,2259
0.6124114990234375,2258
0.6319501399993896,2257
0.6560280323028564,2256
0.7090632915496826,2255
0.7283360958099365,2254
0.7656033039093018,2253
0.8906221389770508,2252
0.9660439491271973,2251
1.0101113319396973,2250
1.0194826126098633,2249
1.032547950744629,2248
1.0595405101776123,2247
1.0832204818725586,2246
1.1984665393829346,2245
1.2021019458770752,2244
1.2473855018615723,2243
1.2923190593719482,2242
1.3477766513824463,2241
1.365769386291504,2240
1.4084126949310303,2239
1.4278481006622314,2238
1.495969295501709,2237
1.6630425453186035,2236
1.7400505542755127,2235
1.8087260723114014,2234
1.9297034740447998,2233
2.0800740718841553,2232
2.144287586212158,2231
2.1452064514160156,2230
2.1854090690612793,2229
2.3026793003082275,2228
2.3323769569396973,2227
2.351444721221924,2226
2.4104599952697754,2225
2.907745122909546,2224
3.3627655506134033,2223
3.5951318740844727,2222
3.685680627822876,2221
3.886134147644043,2220
4.360739469528198,2219
4.78754734992981,2218
4.814311742782593,2217
5.096446752548218,2216
5.310761451721191,2215
5.376623630523682,2214
5.97610068321228,2213
6.654634714126587,2212
6.901571035385132,2211
11.334940195083618,2210
12.720767974853516,2209
13.106631755828857,2208
13.722808599472046,2207
16.173994302749634,2206
19.59959101676941,2205
32.08157014846802,2204
103.54752206802368,2203
