0.7424423694610596,4937
1.185948371887207,4934
2.080235719680786,4932
2.9572293758392334,4930
3.3902292251586914,4928
4.713444948196411,4926
5.165458917617798,4924
6.06050705909729,4921
6.957725524902344,4920
7.3894853591918945,4918
7.8407628536224365,4917
8.731932640075684,4916
9.18344497680664,4915
9.615075826644897,4914
10.056736946105957,4912
11.368457555770874,4911
11.836738109588623,4908
12.27394437789917,4907
13.148485898971558,4906
13.593332529067993,4905
14.473106145858765,4904
14.915481567382812,4903
15.368587255477905,4902
15.806220054626465,4900
16.250763177871704,4899
17.12364387512207,4897
18.000375270843506,4895
18.45913863182068,4893
19.325294256210327,4892
20.228792667388916,4890
20.67148184776306,4888
21.094332933425903,4886
21.996464729309082,4885
22.871270179748535,4884
23.31988215446472,4882
24.198755502700806,4880
24.642702341079712,4878
25.982375860214233,4876
26.424089431762695,4875
27.312607049942017,4873
28.240023136138916,4870
29.11669683456421,4867
29.558061122894287,4865
30.883175134658813,4864
31.317302465438843,4861
31.75984263420105,4859
32.63240599632263,4858
33.07786464691162,4857
33.98867130279541,4856
34.865604400634766,4854
35.299599170684814,4852
35.75049304962158,4851
36.62747502326965,4847
37.94010806083679,4846
38.384501218795776,4844
39.254335165023804,4842
39.711894273757935,4841
40.61691951751709,4838
41.483588457107544,4837
42.36027693748474,4834
43.23918175697327,4833
44.13848114013672,4829
45.032397985458374,4828
45.472920656204224,4827
46.36919808387756,4825
46.81133770942688,4823
47.69039535522461,4822
48.14116144180298,4821
48.57387137413025,4820
49.44434666633606,4817
49.90028953552246,4816
50.34425401687622,4815
50.77957510948181,4814
51.64412021636963,4813
52.51223039627075,4809
53.84404373168945,4808
54.28213286399841,4806
55.178924798965454,4804
55.62825965881348,4803
56.94825458526611,4802
57.37759327888489,4800
58.67471718788147,4798
59.54154014587402,4797
60.845972776412964,4795
61.27102780342102,4794
61.71299409866333,4792
63.45635652542114,4790
63.90121030807495,4789
64.77254343032837,4788
65.23084568977356,4787
65.67664003372192,4783
67.45190763473511,4781
68.3344669342041,4780
68.7661566734314,4778
69.18910813331604,4777
70.52930784225464,4774
71.39581823348999,4773
71.84767746925354,4769
72.73093175888062,4767
73.63345122337341,4766
74.07776260375977,4765
74.95549845695496,4764
75.41347575187683,4761
76.30590963363647,4758
77.19626259803772,4756
78.09236478805542,4755
78.53605484962463,4753
79.41688990592957,4752
79.86318254470825,4750
80.3125102519989,4749
80.76330089569092,4748
81.67295551300049,4745
82.55729484558105,4744
83.4394383430481,4743
83.86489510536194,4741
84.74216628074646,4740
85.17266082763672,4739
85.6132447719574,4738
86.50230646133423,4736
86.9449725151062,4733
87.82551050186157,4732
88.26194334030151,4731
88.705575466156,4730
89.59128212928772,4729
90.4728012084961,4728
90.9163510799408,4726
91.79977536201477,4725
92.23257493972778,4723
92.6653823852539,4721
93.10998582839966,4719
94.42333054542542,4717
95.29542016983032,4716
95.72852611541748,4715
96.6136360168457,4712
98.43115758895874,4711
98.88879418373108,4710
99.32731986045837,4707
100.65600943565369,4704
101.98418283462524,4703
102.87779331207275,4702
103.32056617736816,4700
103.75277805328369,4699
104.18634915351868,4698
105.07759237289429,4696
105.96339821815491,4694
106.40255641937256,4693
106.8552303314209,4692
107.30065202713013,4690
107.73812127113342,4689
108.60232043266296,4688
109.48771858215332,4687
109.91895699501038,4684
110.80189728736877,4683
111.66582584381104,4681
112.5513653755188,4677
113.87534189224243,4674
115.18662643432617,4673
115.62840962409973,4670
117.81410336494446,4668
118.27502417564392,4666
119.17878937721252,4664
120.48959350585938,4662
121.36237597465515,4659
122.67111802101135,4656
123.1032166481018,4655
123.98160815238953,4653
124.86140990257263,4652
125.30494570732117,4651
126.1967351436615,4650
126.63359785079956,4649
127.50243425369263,4648
127.94974613189697,4647
128.8331024646759,4645
129.69303560256958,4643
131.0321593284607,4642
131.46613121032715,4641
131.9106206893921,4640
132.35365796089172,4639
133.25557231903076,4638
133.70205783843994,4636
135.02448058128357,4635
135.47296380996704,4634
135.92364525794983,4632
137.2384684085846,4631
137.67752075195312,4630
138.103764295578,4628
139.00831127166748,4626
139.44132041931152,4625
139.88159704208374,4624
140.78007888793945,4623
141.22531652450562,4622
141.65671467781067,4620
142.1052269935608,4619
142.97357845306396,4617
143.41161966323853,4616
143.8490936756134,4614
144.72876000404358,4613
145.16930770874023,4611
145.61724710464478,4608
146.50599932670593,4605
147.40133619308472,4604
148.2830536365509,4602
148.73311185836792,4600
149.18276286125183,4599
149.64217805862427,4598
150.52872943878174,4597
151.40600514411926,4595
152.71760272979736,4593
153.14341354370117,4592
154.46583032608032,4591
155.36118245124817,4590
155.81412959098816,4588
156.68936347961426,4586
157.13256740570068,4585
158.00942015647888,4584
158.90257287025452,4583
159.33352661132812,4582
160.19612956047058,4581
160.63703227043152,4580
161.07465243339539,4579
161.50967383384705,4578
162.8229157924652,4577
163.264808177948,4576
163.71358060836792,4575
164.5921401977539,4574
165.46652102470398,4573
166.78971076011658,4572
167.2469084262848,4570
168.57272219657898,4569
169.03099370002747,4567
169.89879155158997,4566
170.79500102996826,4565
171.2365427017212,4564
171.6768283843994,4563
172.12330842018127,4562
172.5606770515442,4561
173.0069465637207,4559
174.31880402565002,4558
174.7662444114685,4556
175.21028637886047,4554
176.53329229354858,4553
177.3964409828186,4552
177.83316588401794,4551
178.28871059417725,4550
179.60577845573425,4549
180.03856492042542,4548
180.9160635471344,4547
181.35522556304932,4545
182.26613879203796,4542
183.13580751419067,4539
184.02860713005066,4538
184.87351870536804,4537
185.31062507629395,4535
186.20328187942505,4533
186.64459013938904,4531
187.53201460838318,4530
188.41548562049866,4528
189.2965030670166,4526
190.16304636001587,4525
190.6027889251709,4524
191.05218410491943,4521
192.35105347633362,4519
192.79435181617737,4517
193.23106408119202,4516
193.7330253124237,4514
194.62568306922913,4512
195.935795545578,4511
196.36307287216187,4509
197.22865676879883,4507
198.0832085609436,4506
198.51902103424072,4505
199.42184710502625,4503
200.32215189933777,4502
201.17386555671692,4501
201.6202301979065,4500
202.50783371925354,4499
202.96654272079468,4497
204.2923035621643,4496
204.72915506362915,4495
205.60441136360168,4494
206.50184559822083,4493
206.9397416114807,4491
207.39314675331116,4488
208.74081659317017,4486
209.18493723869324,4485
210.0691180229187,4484
210.95789289474487,4482
212.300190448761,4479
213.17554998397827,4477
214.48649215698242,4474
216.66067934036255,4472
217.53876543045044,4471
217.96530866622925,4470
218.42090892791748,4468
219.74659895896912,4467
220.61239290237427,4466
221.0487720966339,4463
221.94563698768616,4462
222.3818941116333,4459
223.26982498168945,4457
223.7017538547516,4456
224.15280508995056,4455
224.60078954696655,4453
225.4764633178711,4452
225.91740727424622,4451
226.36028361320496,4449
227.686753988266,4446
229.00401949882507,4444
229.88084626197815,4443
230.32497000694275,4442
230.7625982761383,4441
231.6324646472931,4440
232.06800365447998,4439
232.97066235542297,4438
233.4155240058899,4437
233.85337924957275,4436
235.17684078216553,4432
236.95061016082764,4431
237.8264515399933,4430
238.28254413604736,4428
239.16222596168518,4427
240.05763959884644,4426
240.94108486175537,4425
241.3814332485199,4423
241.8342022895813,4422
243.60069489479065,4419
244.4841160774231,4418
245.36076521873474,4416
246.2684144973755,4415
247.58538341522217,4414
248.01880383491516,4413
248.91216206550598,4411
250.65406155586243,4409
251.5461130142212,4406
253.30903816223145,4405
254.1815001964569,4404
255.06264662742615,4401
256.3788673877716,4400
256.8394706249237,4399
257.7282123565674,4397
258.61452436447144,4394
259.9725308418274,4392
260.85002183914185,4391
261.2986493110657,4390
262.18970823287964,4389
262.6373634338379,4387
263.97296953201294,4385
264.8460204601288,4384
265.2811896800995,4381
267.0470595359802,4380
267.9296009540558,4379
268.3647539615631,4378
269.2389361858368,4377
269.672874212265,4376
271.00918102264404,4375
271.4536554813385,4374
271.91489458084106,4373
273.24411725997925,4372
274.1158425807953,4370
275.00716257095337,4369
275.44711542129517,4368
276.3345787525177,4367
277.20123195648193,4366
277.63707447052,4364
278.08395528793335,4363
278.5202114582062,4361
280.31723165512085,4358
280.75706601142883,4357
282.5279121398926,4356
282.9747281074524,4355
283.8597047328949,4353
285.2072184085846,4349
286.5320870876312,4348
286.97146677970886,4347
287.4070565700531,4346
287.85052371025085,4345
288.73382663726807,4344
290.05218291282654,4343
290.509446144104,4342
291.3876430988312,4341
292.27799224853516,4340
293.1618423461914,4339
293.6074013710022,4337
294.04801297187805,4336
294.4837050437927,4335
294.9182462692261,4334
295.8002164363861,4333
296.6877398490906,4332
297.136234998703,4330
298.4648947715759,4329
299.35609436035156,4327
299.8069224357605,4326
300.25198769569397,4325
300.6957724094391,4324
301.1264295578003,4322
302.468373298645,4321
302.8996739387512,4320
303.7700197696686,4319
304.65684509277344,4318
305.5417742729187,4317
305.9816665649414,4316
307.2964732646942,4315
307.7498607635498,4314
309.471230506897,4313
309.9162585735321,4311
311.2245388031006,4310
311.66830110549927,4309
312.55182790756226,4308
313.42401671409607,4306
314.3082802295685,4305
315.2010040283203,4304
316.5287506580353,4303
316.9637658596039,4302
317.8429536819458,4300
320.04263162612915,4297
321.3716688156128,4295
321.8176748752594,4294
323.1492712497711,4292
324.0359857082367,4291
324.9053599834442,4289
326.6616418361664,4287
327.5531735420227,4286
328.42591881752014,4284
329.738787651062,4281
331.08802580833435,4280
333.28152561187744,4279
333.7342813014984,4278
334.18339371681213,4277
334.622088432312,4276
335.5165057182312,4275
336.85557079315186,4274
337.2974064350128,4272
339.06945633888245,4270
340.38683223724365,4269
341.2617151737213,4268
341.7184970378876,4267
343.4575536251068,4265
344.33165431022644,4262
346.09423637390137,4260
347.4045841693878,4258
348.27982997894287,4257
348.7154107093811,4256
350.0366539955139,4253
352.25061106681824,4251
353.1425588130951,4250
353.59105825424194,4247
354.4760231971741,4246
355.7942774295807,4244
356.25098180770874,4243
357.5745007991791,4242
358.0260148048401,4241
358.47697710990906,4240
359.3651840686798,4238
361.1167426109314,4237
361.5588927268982,4236
362.0037565231323,4235
363.79756689071655,4234
364.2467317581177,4231
364.6935510635376,4230
366.89901781082153,4229
367.35717034339905,4228
367.80372381210327,4227
369.11836791038513,4226
369.98341274261475,4225
370.87401509284973,4223
371.319433927536,4221
373.08084082603455,4220
373.5114414691925,4219
373.95717453956604,4218
374.40277767181396,4217
375.3001160621643,4216
376.2107124328613,4215
376.65673875808716,4214
377.5492787361145,4213
377.99982714653015,4212
378.4320547580719,4211
379.3281331062317,4209
380.63365626335144,4208
381.07455039024353,4207
381.5261857509613,4206
382.8545699119568,4205
383.7305521965027,4204
384.1761939525604,4202
385.5101556777954,4201
385.9517273902893,4200
387.2912311553955,4198
388.61207246780396,4197
389.48197197914124,4196
391.2203481197357,4193
391.66625452041626,4192
392.10829997062683,4189
392.98854780197144,4188
393.428626537323,4187
394.75930070877075,4186
395.19485688209534,4185
396.528844833374,4183
396.97778129577637,4181
397.41948103904724,4180
399.1715199947357,4179
399.60386323928833,4178
401.3519780635834,4176
402.669175863266,4175
403.10576605796814,4173
403.55667304992676,4172
403.99861311912537,4170
405.742742061615,4169
406.1708858013153,4168
406.6204490661621,4167
407.5040054321289,4166
408.3798942565918,4165
408.8184733390808,4163
409.69409584999084,4160
411.4509537220001,4157
411.8974325656891,4156
413.20691871643066,4155
414.0903604030609,4154
414.97574257850647,4151
416.2925763130188,4150
417.62082743644714,4149
418.0417423248291,4147
419.3683223724365,4144
422.02303433418274,4143
423.357528924942,4141
424.67016983032227,4140
425.10455989837646,4139
426.40985560417175,4138
427.31744623184204,4137
428.20636510849,4136
428.6456108093262,4135
429.5335235595703,4134
430.8711860179901,4133
431.7598888874054,4131
433.0827441215515,4127
434.41064262390137,4126
435.72003078460693,4125
436.15050649642944,4124
437.0318398475647,4123
437.91707491874695,4122
438.80043292045593,4121
439.68575167655945,4120
440.586767911911,4118
441.02539587020874,4116
441.91921,4116