0.2948131561279297,2269
0.2963709831237793,2269
0.3962259292602539,2268
0.45316481590270996,2267
0.4728102684020996,2266
0.48549604415893555,2265
0.5321495532989502,2264
0.5458633899688721,2263
0.5524370670318604,2262
0.5555610656738281,2261
0.6524622440338135,2260
0.7539329528808594,2259
0.8417990207672119,2258
0.8515675067901611,2257
0.8558342456817627,2256
0.8675673007965088,2255
0.8880918025970459,2254
0.9440186023712158,2253
0.980689287185669,2252
1.0843291282653809,2251
1.0843610763549805,2250
1.1208531856536865,2249
1.1472890377044678,2248
1.2206273078918457,2247
1.2256016731262207,2246
1.230682373046875,2245
1.24037504196167,2244
1.3696911334991455,2243
1.3948397636413574,2242
1.429429531097412,2241
1.4398808479309082,2240
1.4676709175109863,2239
1.4704616069793701,2238
1.5213384628295898,2237
1.5357773303985596,2236
1.5775458812713623,2235
1.5882797241210938,2234
1.6051592826843262,2233
1.7786777019500732,2232
1.9248600006103516,2231
1.951974868774414,2230
1.952026128768921,2229
2.1289496421813965,2228
2.2149930000305176,2227
2.2323834896087646,2226
2.236018180847168,2225
2.34586501121521,2224
2.405275344848633,2223
2.468654155731201,2222
2.619717836380005,2221
2.8139665126800537,2220
3.152334451675415,2219
3.747741222381592,2218
3.930938243865967,2217
4.59487509727478,2216
4.988110780715942,2215
5.693989038467407,2214
5.87981915473938,2213
6.289460182189941,2212
6.401279926300049,2211
6.74104905128479,2210
10.180368423461914,2209
10.726972341537476,2208
14.214308261871338,2207
15.224883079528809,2206
18.612375497817993,2205
44.17412328720093,2204
52.85645413398743,2203
