0.7485229969024658,4938
1.1726973056793213,4936
1.6166722774505615,4933
2.4966490268707275,4932
2.9357943534851074,4930
3.3807077407836914,4929
3.8191030025482178,4928
4.685059309005737,4925
5.117888450622559,4923
6.003458738327026,4922
6.432172536849976,4921
7.3033576011657715,4919
8.169570207595825,4918
8.594681978225708,4917
9.027350187301636,4916
9.898987293243408,4913
10.762441158294678,4912
11.208425045013428,4910
11.667870998382568,4909
12.52275037765503,4906
13.849519729614258,4905
14.73152470588684,4903
15.165901184082031,4902
15.6026451587677,4901
16.032630443572998,4898
17.78353452682495,4895
18.228130340576172,4894
19.082345247268677,4893
19.978832483291626,4891
20.409399271011353,4890
20.851035118103027,4889
22.134912729263306,4888
22.579628705978394,4887
23.015132665634155,4886
23.886358737945557,4885
24.31415343284607,4883
24.751216650009155,4882
25.61374568939209,4881
26.48484778404236,4880
26.920010566711426,4878
27.801851749420166,4876
28.225525856018066,4873
29.086682558059692,4871
29.530856609344482,4869
30.40451216697693,4867
31.249512434005737,4866
32.11043119430542,4864
33.002665281295776,4862
33.87405037879944,4861
34.305866718292236,4860
34.745842695236206,4857
35.619460105895996,4855
36.49772882461548,4854
37.374765396118164,4853
38.26010465621948,4850
38.68690633773804,4849
39.98168325424194,4848
40.42772912979126,4846
40.86334705352783,4845
41.72774314880371,4843
42.603188276290894,4842
43.053945779800415,4840
43.90679144859314,4839
44.360963344573975,4838
44.79156017303467,4837
45.222797870635986,4834
45.649510622024536,4832
46.536951303482056,4830
47.40576887130737,4829
47.84058928489685,4826
49.16362524032593,4823
50.47880721092224,4821
50.90242123603821,4820
51.353251457214355,4819
51.792943477630615,4818
52.674997091293335,4817
53.56312823295593,4815
54.44184756278992,4814
54.882877349853516,4811
55.75187611579895,4809
56.16500973701477,4808
57.01103925704956,4807
57.43994402885437,4806
57.88788437843323,4805
58.319952964782715,4804
58.77048993110657,4802
59.208577394485474,4800
59.64107346534729,4799
60.92976140975952,4797
61.35413455963135,4796
61.7832670211792,4795
62.65399742126465,4793
63.09119176864624,4791
63.52625775337219,4790
63.9727840423584,4789
65.72850966453552,4787
66.17103624343872,4786
67.03376007080078,4784
67.46225261688232,4783
68.34924411773682,4781
68.78069758415222,4780
69.2271740436554,4779
69.6504008769989,4778
70.08296322822571,4776
71.38125681877136,4773
71.81871151924133,4772
72.69631910324097,4771
73.12570834159851,4770
73.97878313064575,4768
74.42245531082153,4765
75.71260380744934,4764
76.58072209358215,4762
77.01462817192078,4760
78.73428893089294,4759
79.16612815856934,4758
79.61482119560242,4756
80.92652344703674,4753
81.36143088340759,4751
82.23821544647217,4750
83.10886788368225,4747
84.43377184867859,4746
85.71117329597473,4745
86.15233492851257,4744
86.5946056842804,4743
87.03715109825134,4740
88.31948018074036,4739
88.76162099838257,4737
90.08049273490906,4735
90.93538665771484,4733
91.82606267929077,4732
92.25474524497986,4731
93.13232278823853,4730
93.57765173912048,4729
94.0251190662384,4728
94.46988797187805,4726
95.35541009902954,4725
95.82133269309998,4724
96.71123886108398,4721
98.46372270584106,4719
98.8993570804596,4718
99.32898259162903,4716
99.7579402923584,4715
100.61315774917603,4714
101.05199384689331,4713
101.47856616973877,4712
102.32692861557007,4711
102.74814009666443,4709
103.17512917518616,4707
104.0185649394989,4706
104.45211553573608,4705
105.32387018203735,4703
105.75031018257141,4702
106.63746571540833,4701
107.0784649848938,4700
107.5161726474762,4699
107.95381617546082,4698
108.38550281524658,4697
108.80519938468933,4696
109.6671552658081,4695
110.09531450271606,4694
110.5297462940216,4693
110.9603521823883,4692
111.39247441291809,4691
111.82384896278381,4690
112.2609190940857,4689
113.14460873603821,4688
113.57341122627258,4687
114.02042436599731,4685
115.31243228912354,4684
116.1954436302185,4683
116.6275646686554,4682
117.0759847164154,4680
117.93498802185059,4678
118.38258099555969,4677
118.81099271774292,4676
119.67750525474548,4674
120.9888346195221,4673
121.84614968299866,4671
122.73641347885132,4670
123.63433814048767,4669
124.0731430053711,4668
124.9426257610321,4666
125.83233952522278,4664
126.69157147407532,4662
128.43122911453247,4657
128.87293910980225,4656
129.31129717826843,4655
130.6102259159088,4654
131.05181503295898,4653
131.94039964675903,4652
132.37294697761536,4649
133.25813269615173,4648
134.5841338634491,4647
135.026700258255,4645
136.32646489143372,4643
137.19586730003357,4642
137.6275269985199,4641
138.0765414237976,4640
139.37957525253296,4639
139.81949830055237,4638
140.24238276481628,4636
140.6864709854126,4635
142.03619647026062,4633
142.47346258163452,4631
143.34342169761658,4630
144.22420811653137,4628
145.54185914993286,4627
145.9786238670349,4626
146.4122176170349,4624
147.31250309944153,4623
147.7488877773285,4622
148.1882028579712,4621
149.05487942695618,4620
149.49923038482666,4619
149.94128894805908,4617
150.8042528629303,4616
151.23617362976074,4615
151.66804838180542,4614
152.97607135772705,4613
153.8452594280243,4612
154.28400564193726,4611
154.7134506702423,4610
155.5932755470276,4607
156.03337407112122,4606
156.46601796150208,4604
157.34271550178528,4603
158.21063947677612,4601
159.10592555999756,4600
159.53970384597778,4599
159.97202372550964,4598
160.8264856338501,4595
162.13857340812683,4592
163.88151168823242,4591
164.74169850349426,4589
165.16815543174744,4586
166.47032046318054,4585
166.8906786441803,4583
168.61969828605652,4582
169.06571006774902,4581
169.50158262252808,4580
169.93598079681396,4578
170.81731915473938,4577
171.2448399066925,4576
172.56202101707458,4574
173.86612224578857,4571
175.1755919456482,4570
175.60929942131042,4569
176.05599641799927,4567
176.9254810810089,4564
177.36266708374023,4563
178.66317749023438,4561
179.54907941818237,4560
180.00178790092468,4559
180.88296127319336,4558
181.76538109779358,4556
182.20820307731628,4554
183.11710238456726,4553
183.557870388031,4550
185.31414127349854,4548
185.75079083442688,4547
186.632493019104,4546
187.06698179244995,4545
187.51179933547974,4543
188.3871750831604,4542
189.2682454586029,4540
189.69735050201416,4537
191.4137568473816,4536
191.85335040092468,4533
193.1793508529663,4531
193.62246656417847,4529
194.47622060775757,4528
195.3542139530182,4527
196.23078536987305,4525
196.6709270477295,4524
197.53253889083862,4523
197.97199273109436,4522
199.2828299999237,4520
200.1387312412262,4519
201.0114347934723,4516
201.8827726840973,4514
202.74199962615967,4513
203.18164539337158,4512
204.46319961547852,4510
205.34218430519104,4509
205.77682328224182,4508
206.2096872329712,4507
207.06675100326538,4506
207.93798899650574,4504
208.37069511413574,4502
209.67965292930603,4500
210.55991911888123,4499
211.42747330665588,4498
211.87606739997864,4496
213.20607781410217,4494
214.51489925384521,4493
214.95671153068542,4492
216.2736451625824,4490
217.11966061592102,4489
217.9984791278839,4488
218.4291262626648,4487
218.87617683410645,4486
219.3073365688324,4485
220.16889643669128,4484
220.61906671524048,4482
221.05563044548035,4481
221.93817353248596,4480
222.38952016830444,4479
222.81987500190735,4478
223.24848175048828,4477
223.68190908432007,4475
224.52461194992065,4474
225.81680917739868,4473
226.25803089141846,4471
227.56346988677979,4468
227.99853515625,4467
228.869215965271,4465
230.61551523208618,4464
231.06705689430237,4463
231.51003289222717,4461
231.94650077819824,4458
233.26762795448303,4456
233.69543313980103,4454
235.42675280570984,4452
235.86756682395935,4451
236.7328279018402,4448
238.5031487941742,4446
240.69158506393433,4443
242.4327049255371,4441
243.33985996246338,4440
243.78892707824707,4439
244.2293815612793,4437
245.53662419319153,4436
245.9656708240509,4435
246.83716559410095,4434
247.69373512268066,4433
248.56434440612793,4432
249.45335841178894,4430
249.9017632007599,4429
250.34645557403564,4428
251.2038676738739,4427
251.64795446395874,4426
252.9659013748169,4425
253.41262769699097,4424
253.85478043556213,4423
255.14731311798096,4421
256.4520015716553,4419
257.32541131973267,4418
258.1976201534271,4417
259.07394790649414,4414
259.52290058135986,4413
260.8374226093292,4412
261.7108235359192,4411
262.56596326828003,4410
263.4432475566864,4408
264.3342549800873,4407
264.7759761810303,4406
265.637659072876,4405
266.06570386886597,4404
267.34353709220886,4403
267.76787424087524,4400
269.08826303482056,4399
269.9970669746399,4397
270.86075019836426,4395
272.60539078712463,4393
273.4694142341614,4391
273.9105575084686,4390
275.63455295562744,4389
276.0692186355591,4385
277.8109622001648,4384
278.2358224391937,4383
278.6804118156433,4382
279.10993480682373,4381
280.4203040599823,4379
281.7189860343933,4377
282.15166783332825,4376
283.4665434360504,4375
283.89139437675476,4374
284.32429933547974,4373
285.20267701148987,4371
286.9530186653137,4370
287.82461380958557,4369
288.7141659259796,4367
289.15488171577454,4365
290.48211336135864,4364
291.3549749851227,4363
292.67685866355896,4360
293.9731423854828,4357
295.7212471961975,4355
296.15076756477356,4354
297.021169424057,4353
297.44182324409485,4352
298.3162784576416,4351
299.20711946487427,4349
300.0924150943756,4346
301.8407380580902,4345
302.30287051200867,4344
302.7285854816437,4342
303.59729647636414,4339
304.4527277946472,4338
305.3305699825287,4337
305.75762248039246,4335
307.492036819458,4334
307.93770956993103,4332
309.24144196510315,4328
311.87141013145447,4327
312.756023645401,4326
313.63534212112427,4324
314.93404054641724,4321
316.2689759731293,4320
317.1562910079956,4319
318.45737290382385,4315
320.2039325237274,4311
321.5215480327606,4308
322.3959012031555,4307
324.14866375923157,4306
324.58343482017517,4304
326.3124258518219,4302
327.18911838531494,4301
327.62880969047546,4299
328.50382137298584,4298
329.8220615386963,4297
330.27281427383423,4296
330.7186141014099,4295
331.59043622016907,4293
332.91836619377136,4292
333.3480725288391,4291
334.20294642448425,4290
335.9496409893036,4289
336.3755576610565,4287
336.8167109489441,4286
338.1383981704712,4285
339.46145272254944,4282
341.20663380622864,4281
341.6381781101227,4279
342.53278398513794,4277
344.2783615589142,4275
345.59476828575134,4274
346.04591965675354,4272
346.50050592422485,4271
347.8121976852417,4269
349.1136040687561,4268
349.97175002098083,4264
350.4066917896271,4263
351.7358889579773,4261
352.6186821460724,4260
353.05286717414856,4258
354.35609579086304,4257
355.2155337333679,4256
355.6522903442383,4255
356.5215094089508,4254
357.8224127292633,4253
359.1731324195862,4252
359.59983944892883,4250
361.36447191238403,4249
361.7990117073059,4248
362.66164898872375,4244
363.0885212421417,4243
364.4099049568176,4242
364.85703206062317,4241
365.72839760780334,4239
366.6048753261566,4238
368.34622955322266,4237
368.7866141796112,4235
370.5371141433716,4233
371.4273912906647,4232
372.28160071372986,4231
373.1510088443756,4230
373.59067726135254,4228
374.89134788513184,4227
375.32897782325745,4226
376.20305156707764,4225
376.6306598186493,4224
377.49506068229675,4223
378.8196566104889,4220
380.1473660469055,4219
381.0461518764496,4217
381.92824482917786,4216
383.2291188240051,4215
384.10885787010193,4214
384.5436794757843,4213
385.4116835594177,4211
386.7145187854767,4210
388.45050406455994,4208
389.75728821754456,4206
390.6507341861725,4204
392.3964455127716,4203
393.2747266292572,4202
394.15661907196045,4201
394.59755754470825,4200
395.90398240089417,4199
397.20338678359985,4197
398.08503818511963,4196
398.52324056625366,4195
399.8046681880951,4194
400.2406098842621,4193
400.67745542526245,4192
401.9889671802521,4188
403.31870102882385,4187
403.7663769721985,4186
404.64783358573914,4185
405.0829429626465,4184
405.9640305042267,4183
407.2773337364197,4182
408.1468369960785,4181
408.5848693847656,4180
409.44556641578674,4179
410.3060476779938,4178
412.05852341651917,4177
412.92737340927124,4176
413.3697714805603,4174
415.57159185409546,4173
416.4501905441284,4172
416.8953630924225,4171
417.3245458602905,4170
418.6245219707489,4167
419.9318344593048,4166
420.372092962265,4165
420.8095145225525,4164
422.1363525390625,4163
423.4388496875763,4161
424.76792073249817,4160
425.65194034576416,4159
426.53357458114624,4158
427.85694694519043,4156
429.1816689968109,4154
430.92263531684875,4152
432.22737646102905,4150
433.5234010219574,4149
433.9540467262268,4148
434.39058327674866,4147
435.26435017585754,4146
436.1488013267517,4144
437.02237,4144