0.7535462379455566,4938
1.1952974796295166,4936
1.6434688568115234,4935
2.9485275745391846,4932
3.8204309940338135,4931
4.253084897994995,4930
5.127999305725098,4928
5.568730354309082,4927
6.017361402511597,4926
6.454156875610352,4925
6.907428503036499,4922
7.34733247756958,4920
8.223312377929688,4918
9.084012985229492,4917
10.41465449333191,4914
11.306231498718262,4913
11.756476402282715,4912
12.19244647026062,4909
13.507375717163086,4908
13.93285322189331,4907
14.363332271575928,4906
14.797845125198364,4905
15.239957332611084,4904
15.678256273269653,4903
16.119545221328735,4901
16.998669385910034,4899
17.875917196273804,4898
18.73449945449829,4897
19.621285676956177,4894
20.504494428634644,4892
20.932311534881592,4891
21.35361075401306,4889
22.235284566879272,4886
23.967151403427124,4884
24.84541940689087,4882
25.721256256103516,4881
26.179094076156616,4880
26.621679067611694,4877
27.49962854385376,4874
28.368301153182983,4873
28.81134819984436,4871
29.26086688041687,4869
30.57899498939514,4868
31.02047824859619,4867
31.465276956558228,4864
31.89784574508667,4862
32.777061223983765,4860
33.20904207229614,4859
34.09145450592041,4857
34.966599225997925,4854
35.83303761482239,4853
36.277233600616455,4852
36.71925091743469,4851
37.15126013755798,4849
37.57484793663025,4848
38.02236795425415,4847
38.463518142700195,4846
38.90808653831482,4845
39.33852505683899,4843
40.22759699821472,4842
40.663397550582886,4841
41.094194173812866,4840
41.98166489601135,4839
42.844099283218384,4838
43.290464639663696,4836
44.168752670288086,4833
45.034149169921875,4831
45.91382074356079,4830
46.34542489051819,4829
46.788888692855835,4825
47.676093101501465,4823
48.549527406692505,4821
49.42377471923828,4818
50.736907720565796,4815
52.49746584892273,4813
53.37855386734009,4811
53.82785773277283,4809
55.10888862609863,4806
56.41697144508362,4804
56.847861528396606,4802
57.7227349281311,4798
59.02267050743103,4797
59.46570706367493,4795
60.34958577156067,4793
61.23343896865845,4792
62.1057448387146,4790
62.539875507354736,4788
63.41804051399231,4787
64.29224586486816,4786
64.73630356788635,4784
65.18441247940063,4783
66.06152367591858,4782
66.4953453540802,4780
66.922771692276,4779
67.77677631378174,4778
68.22782182693481,4775
69.10149312019348,4773
69.9852557182312,4772
70.86329007148743,4771
71.29859900474548,4768
72.60485363006592,4766
73.46444177627563,4764
74.78218841552734,4763
75.21194100379944,4761
75.64836978912354,4760
76.53059220314026,4758
77.40715479850769,4757
78.28538107872009,4755
79.1680269241333,4754
80.04567551612854,4752
81.37118911743164,4749
82.2340681552887,4748
82.68625521659851,4746
83.55849623680115,4744
84.42846989631653,4743
85.73019599914551,4740
86.60633039474487,4738
87.93339109420776,4735
88.37891006469727,4734
89.25892424583435,4733
90.13123202323914,4731
91.0332043170929,4729
92.34114527702332,4728
92.78607106208801,4725
94.14057755470276,4724
94.5825469493866,4723
95.02556872367859,4722
95.47254276275635,4721
95.91966152191162,4719
97.22510385513306,4716
98.56100344657898,4711
98.98587155342102,4708
100.71237516403198,4706
101.14279627799988,4705
102.46758317947388,4704
102.88442850112915,4702
103.31439542770386,4701
103.7572672367096,4700
104.63315057754517,4698
105.06394672393799,4697
105.50248551368713,4696
106.37085819244385,4695
107.24470472335815,4693
107.67998671531677,4692
108.54723358154297,4691
108.97470998764038,4689
110.29886507987976,4687
111.17244696617126,4684
111.5967423915863,4683
112.04178380966187,4682
112.47493052482605,4681
112.89974117279053,4680
113.32668209075928,4679
113.75918364524841,4677
115.05651950836182,4675
115.94789600372314,4674
116.82044267654419,4672
117.26864671707153,4671
117.71150040626526,4670
118.16639113426208,4669
118.59058666229248,4668
119.47242426872253,4667
119.91235899925232,4665
120.77434754371643,4663
121.64810562133789,4661
122.95855617523193,4659
123.82129764556885,4657
124.69150424003601,4656
125.1378242969513,4654
125.55416679382324,4652
127.29236459732056,4650
127.73686361312866,4648
129.47975540161133,4646
129.92444682121277,4645
130.79622769355774,4642
132.08370518684387,4641
132.95413255691528,4640
133.39694786071777,4638
133.8419737815857,4637
135.1543288230896,4635
135.57587122917175,4633
136.01851153373718,4632
137.330548286438,4631
137.77431297302246,4630
138.63931560516357,4629
139.0756766796112,4628
139.50883507728577,4627
140.3779993057251,4624
141.25913381576538,4623
141.69714736938477,4622
142.1208426952362,4620
144.30275893211365,4618
145.1952269077301,4616
146.07697415351868,4613
146.969087600708,4612
147.8648476600647,4610
148.2933509349823,4608
149.15546941757202,4607
149.58858394622803,4606
150.4435167312622,4605
151.30450534820557,4603
152.6081383228302,4600
153.0406370162964,4599
154.35225653648376,4598
154.77450489997864,4597
155.21725749969482,4596
155.6442515850067,4595
156.5367136001587,4594
156.96901965141296,4592
157.85532999038696,4590
158.71761345863342,4589
160.02503037452698,4587
160.44867587089539,4586
161.32818961143494,4585
162.20167708396912,4584
162.64663648605347,4583
163.09761357307434,4582
163.5272409915924,4581
163.96682453155518,4580
164.8518078327179,4576
165.74729752540588,4575
166.59425234794617,4574
167.02892112731934,4573
167.4580545425415,4572
168.75983214378357,4569
170.09044694900513,4566
171.4365589618683,4565
172.32390141487122,4564
173.19808840751648,4561
174.51108384132385,4560
175.38345074653625,4558
176.71179938316345,4557
177.15602231025696,4556
177.59580731391907,4554
178.8974471092224,4551
180.20955634117126,4549
181.96397185325623,4545
182.85398316383362,4543
183.28320574760437,4542
183.7256109714508,4539
184.62213277816772,4537
185.5056414604187,4534
187.74200439453125,4532
188.169020652771,4530
189.47369933128357,4527
190.3578064441681,4526
191.2484586238861,4524
192.97735333442688,4523
193.41906142234802,4522
194.31715154647827,4520
195.19160795211792,4517
196.49320769309998,4516
196.93520283699036,4515
197.38305735588074,4514
198.2867305278778,4513
199.1602761745453,4511
200.0484266281128,4510
200.49207615852356,4508
201.37483191490173,4507
201.8247926235199,4506
202.2629508972168,4505
202.7031705379486,4504
204.01268339157104,4501
205.3040988445282,4500
206.60176253318787,4497
207.9338002204895,4495
209.26314759254456,4493
211.022301197052,4491
211.46249866485596,4490
211.9159872531891,4489
212.3527421951294,4488
213.2277147769928,4487
213.64067268371582,4485
214.51137685775757,4484
215.38228583335876,4483
215.81652569770813,4482
216.25299406051636,4481
216.68779611587524,4479
217.57881951332092,4478
218.88640689849854,4477
219.33411812782288,4476
219.77565479278564,4475
220.21595430374146,4474
220.65273261070251,4473
221.96123719215393,4472
222.40002179145813,4471
223.26024794578552,4469
224.13980269432068,4467
225.4444341659546,4465
225.87216711044312,4464
226.3085412979126,4463
227.63225650787354,4461
228.50769138336182,4459
229.38271141052246,4458
229.82660245895386,4456
231.13295078277588,4455
231.56265377998352,4454
232.47001266479492,4452
233.76525783538818,4451
234.20614790916443,4449
235.9696192741394,4446
237.70858931541443,4445
238.14750051498413,4444
238.57736158370972,4442
239.4468276500702,4441
240.33646845817566,4440
241.64324927330017,4437
242.96317982673645,4436
243.84385204315186,4433
244.27610063552856,4432
245.57905459403992,4431
246.02049922943115,4430
246.89993453025818,4429
247.3428122997284,4428
247.78295397758484,4427
249.09426355361938,4426
249.970778465271,4424
251.7158453464508,4422
252.59399151802063,4421
253.89338183403015,4418
254.76859831809998,4417
255.20778822898865,4416
256.1018650531769,4414
256.55113554000854,4412
258.2850956916809,4410
259.16453218460083,4408
260.4760446548462,4407
260.9186089038849,4406
261.7916057109833,4405
262.2399241924286,4404
263.13137316703796,4403
263.55898690223694,4401
264.42504835128784,4399
266.1842665672302,4397
266.61033511161804,4396
267.489693403244,4395
268.3637635707855,4393
268.8153326511383,4391
269.69765853881836,4390
270.56825256347656,4386
273.62883949279785,4384
274.9102096557617,4383
275.3491201400757,4382
275.80738139152527,4381
276.6844940185547,4379
277.12550711631775,4378
278.87484192848206,4377
279.3191990852356,4376
280.1836745738983,4374
281.48586869239807,4373
282.3607933521271,4372
282.79838824272156,4370
284.0962772369385,4369
285.3886384963989,4367
285.8315556049347,4366
286.70026564598083,4365
287.56559562683105,4364
288.44597578048706,4363
288.87180042266846,4362
289.3304510116577,4361
290.6712865829468,4360
291.1147668361664,4359
291.98037600517273,4358
292.8555567264557,4357
293.2961730957031,4356
294.61517453193665,4354
295.06194043159485,4353
295.95661306381226,4352
297.2877538204193,4350
298.6253731250763,4349
299.5082383155823,4348
299.9501163959503,4346
300.3848445415497,4345
302.1343982219696,4343
302.5745439529419,4342
303.0197229385376,4341
304.32016587257385,4339
305.20820331573486,4338
306.0884485244751,4336
306.9660499095917,4335
307.85454630851746,4334
308.729599237442,4331
310.0427997112274,4330
310.9067578315735,4327
311.78632044792175,4326
312.2138044834137,4324
312.64944219589233,4323
313.0824661254883,4322
314.82122826576233,4321
315.2428982257843,4319
316.53713059425354,4318
317.8331847190857,4317
318.2708373069763,4315
319.17201352119446,4312
320.05361795425415,4311
321.35917496681213,4309
321.7839403152466,4308
323.0837733745575,4307
324.3958718776703,4306
324.8460819721222,4305
325.7148153781891,4304
326.57992935180664,4303
327.01838731765747,4302
328.775093793869,4301
330.0743443965912,4298
331.82656621932983,4297
332.2692360877991,4296
332.7109725475311,4294
333.5978274345398,4292
334.03649497032166,4290
335.3602228164673,4288
336.2320907115936,4287
337.5389714241028,4285
338.8369481563568,4284
339.70231223106384,4283
340.14525985717773,4282
341.0274963378906,4281
341.91057205200195,4280
342.79204511642456,4279
343.23258686065674,4277
344.5444366931915,4276
345.40707516670227,4274
347.15895438194275,4272
348.93511295318604,4270
349.8233959674835,4268
350.72593784332275,4267
351.61341166496277,4266
352.045592546463,4265
352.4894552230835,4263
353.37895250320435,4262
354.72476291656494,4261
355.59368324279785,4260
356.4627933502197,4259
356.91259121894836,4258
357.8005428314209,4257
358.6867802143097,4256
359.5743582248688,4255
360.0202567577362,4254
361.3607175350189,4253
362.6751637458801,4252
363.104531288147,4251
363.5472502708435,4250
364.40310883522034,4248
365.7171559333801,4247
366.5986967086792,4246
367.4762635231018,4245
367.93085384368896,4243
368.3660969734192,4242
369.2301790714264,4241
369.6682982444763,4240
370.98128366470337,4238
372.32530093193054,4237
372.7573299407959,4235
374.52719497680664,4234
374.968056678772,4233
375.8470849990845,4231
376.7118055820465,4228
377.1397120952606,4226
378.8810169696808,4225
379.77888464927673,4224
380.22048258781433,4223
380.65177750587463,4222
381.5357222557068,4220
381.98095083236694,4219
383.2766933441162,4218
383.7089874744415,4217
384.1593635082245,4216
384.59942841529846,4215
385.46805906295776,4213
385.8993339538574,4212
386.3235983848572,4211
386.7763478755951,4210
388.5069885253906,4208
390.2555229663849,4207
391.55842900276184,4205
393.304132938385,4201
393.7447135448456,4199
395.4869179725647,4197
396.39043831825256,4195
398.14850211143494,4194
398.5858111381531,4192
399.4550669193268,4191
400.32766246795654,4190
400.7593472003937,4188
402.0620582103729,4185
403.8072443008423,4183
405.1239140033722,4181
406.44630885124207,4180
406.8798620700836,4178
407.7531695365906,4177
408.63709115982056,4175
409.5106112957001,4174
410.3903012275696,4172
411.27285718917847,4171
412.1237995624542,4170
413.8688018321991,4169
414.75570464134216,4167
416.07142210006714,4164
418.2610025405884,4162
419.14925837516785,4161
420.03177976608276,4160
420.47187638282776,4159
421.77528047561646,4157
422.2110002040863,4156
423.52720189094543,4155
423.9668798446655,4153
425.7095010280609,4152
426.5863025188446,4150
427.91315174102783,4149
428.7780508995056,4148
429.6782319545746,4146
431.42941904067993,4144
431.86854243278503,4143
432.3098213672638,4142
433.20297384262085,4141
434.0654547214508,4140
435.3897771835327,4139
435.8261511325836,4138
436.26546597480774,4137
436.71844959259033,4136
438.00697135925293,4135
438.45052,4135