0.2952885627746582,2269
0.2971374988555908,2269
0.350970983505249,2268
0.35894227027893066,2267
0.37758564949035645,2266
0.3822605609893799,2265
0.43872570991516113,2264
0.5014314651489258,2263
0.503798246383667,2262
0.5295085906982422,2261
0.5830788612365723,2260
0.5836889743804932,2259
0.5964758396148682,2258
0.6488668918609619,2257
0.691525936126709,2256
0.8255033493041992,2255
0.831061601638794,2254
0.9236555099487305,2253
0.9245238304138184,2252
0.9769930839538574,2251
1.0783827304840088,2250
1.1314852237701416,2249
1.2025480270385742,2248
1.2908086776733398,2247
1.3613131046295166,2246
1.3755910396575928,2245
1.3795139789581299,2244
1.3813910484313965,2243
1.383131980895996,2242
1.5477185249328613,2241
1.5714294910430908,2240
1.5867137908935547,2239
1.6898081302642822,2238
1.6909375190734863,2237
1.7805440425872803,2236
1.852297067642212,2235
1.9004199504852295,2234
1.9651250839233398,2233
2.18578839302063,2232
2.3624868392944336,2231
2.364258050918579,2230
2.695279836654663,2229
2.8117737770080566,2228
2.951824188232422,2227
2.968120574951172,2226
2.9821481704711914,2225
3.6889967918395996,2224
3.9225375652313232,2223
3.966031789779663,2222
4.248915672302246,2221
4.295527219772339,2220
4.313761949539185,2219
4.354549169540405,2218
4.807514429092407,2217
5.121634483337402,2216
5.199790000915527,2215
5.712918996810913,2214
6.290081024169922,2213
6.966775894165039,2212
7.930005311965942,2211
8.281145095825195,2210
8.332348823547363,2209
8.700766324996948,2208
17.682632446289062,2207
19.183740615844727,2206
20.26303267478943,2205
51.75636148452759,2204
108.5967447757721,2203
