0.29128360748291016,2269
0.29300880432128906,2269
0.41118383407592773,2268
0.4124722480773926,2267
0.5143787860870361,2266
0.5378243923187256,2265
0.560218095779419,2264
0.5814311504364014,2263
0.6555018424987793,2262
0.6773858070373535,2261
0.6837706565856934,2260
0.6892271041870117,2259
0.7284281253814697,2258
0.7842934131622314,2257
0.9047799110412598,2256
0.9161884784698486,2255
0.9253904819488525,2254
1.0142083168029785,2253
1.0313284397125244,2252
1.0715091228485107,2251
1.0939478874206543,2250
1.1225059032440186,2249
1.1299958229064941,2248
1.1454708576202393,2247
1.1539037227630615,2246
1.1632726192474365,2245
1.241429328918457,2244
1.2805562019348145,2243
1.4253430366516113,2242
1.4649770259857178,2241
1.5042166709899902,2240
1.5230200290679932,2239
1.554708480834961,2238
1.6399962902069092,2237
1.6718411445617676,2236
1.6976861953735352,2235
1.7391645908355713,2234
1.7678015232086182,2233
1.7685673236846924,2232
1.8772757053375244,2231
2.001905918121338,2230
2.203930377960205,2229
2.2238850593566895,2228
2.2614212036132812,2227
2.421318531036377,2226
2.5597407817840576,2225
3.0771484375,2224
3.158146858215332,2223
3.3057196140289307,2222
3.8249969482421875,2221
4.073902606964111,2220
4.534333944320679,2219
4.587989568710327,2218
4.642746925354004,2217
5.0264904499053955,2216
5.221733093261719,2215
5.904294967651367,2214
6.288759469985962,2213
7.5787999629974365,2212
9.530056476593018,2211
12.880765438079834,2210
13.86746335029602,2209
14.337589740753174,2208
16.278918743133545,2207
23.14548969268799,2206
31.485744953155518,2205
33.03263258934021,2204
40.39057660102844,2203
