0.29158878326416016,2269
0.29340648651123047,2269
0.3409090042114258,2268
0.37182021141052246,2267
0.4456017017364502,2266
0.4953763484954834,2265
0.5096549987792969,2264
0.5248658657073975,2263
0.5423922538757324,2262
0.5837697982788086,2261
0.6228322982788086,2260
0.6480536460876465,2259
0.705674409866333,2258
0.7207527160644531,2257
0.7461080551147461,2256
0.7619631290435791,2255
0.8091528415679932,2254
0.837735652923584,2253
0.8405735492706299,2252
0.9036397933959961,2251
0.9210989475250244,2250
0.9311234951019287,2249
0.9318802356719971,2248
1.115689992904663,2247
1.1712753772735596,2246
1.2145893573760986,2245
1.32692289352417,2244
1.33685302734375,2243
1.4283955097198486,2242
1.4407689571380615,2241
1.4696333408355713,2240
1.5136339664459229,2239
1.5928435325622559,2238
1.6489670276641846,2237
1.6944630146026611,2236
1.7254040241241455,2235
1.828312873840332,2234
1.84804368019104,2233
1.8905608654022217,2232
1.9035940170288086,2231
2.1042473316192627,2230
2.298337936401367,2229
2.3181638717651367,2228
2.358795642852783,2227
2.682168960571289,2226
2.885988473892212,2225
3.128347873687744,2224
3.425239324569702,2223
3.5818979740142822,2222
3.899390935897827,2221
4.086745738983154,2220
4.241113662719727,2219
4.458543539047241,2218
4.780409336090088,2217
5.265774488449097,2216
5.52387261390686,2215
6.1300365924835205,2214
6.617811679840088,2213
6.9802937507629395,2212
6.992511749267578,2211
6.994602203369141,2210
7.389010429382324,2209
8.273664712905884,2208
12.17407751083374,2207
25.85393977165222,2206
26.463033199310303,2205
28.10559606552124,2204
58.587677240371704,2203
