10.239180326461792,4858
10.247129440307617,4858
10.691333293914795,4857
11.8440842628479,4856
11.848731994628906,4855
11.922103643417358,4854
12.015086889266968,4853
12.017067670822144,4852
12.250981092453003,4851
12.940975904464722,4850
13.356041669845581,4849
13.520084619522095,4848
13.77401328086853,4847
13.919840812683105,4846
13.949228048324585,4845
13.994932651519775,4844
14.008344173431396,4843
14.062325716018677,4842
14.441905736923218,4841
14.6300208568573,4840
14.648171663284302,4839
14.652072191238403,4838
14.65381383895874,4837
14.704229593276978,4836
14.73137617111206,4835
14.982427597045898,4834
15.135939598083496,4833
15.384181499481201,4832
15.677406549453735,4831
15.91007924079895,4830
15.981253147125244,4829
16.587756872177124,4828
16.6091251373291,4827
16.86348795890808,4826
16.889227151870728,4825
16.930409908294678,4824
16.951184272766113,4823
17.261363983154297,4822
17.27057409286499,4821
17.314059257507324,4820
17.431836366653442,4819
17.753626585006714,4818
17.76267695426941,4817
17.76676607131958,4816
17.950422286987305,4815
18.127997159957886,4814
18.399200916290283,4813
18.418058156967163,4812
18.845163345336914,4811
19.035975694656372,4810
19.05051589012146,4809
19.074820041656494,4808
19.37453603744507,4807
19.400239944458008,4806
19.71489715576172,4805
19.795620441436768,4804
19.820735454559326,4803
20.112537622451782,4802
20.12278962135315,4801
20.418150901794434,4800
20.438185453414917,4799
20.647132396697998,4798
20.74437189102173,4797
20.84950089454651,4796
20.924598455429077,4795
21.102283000946045,4794
21.12812089920044,4793
21.26387643814087,4792
21.437933206558228,4791
21.44032645225525,4790
21.49593210220337,4789
21.59450101852417,4788
21.60952138900757,4787
21.705179452896118,4786
21.724324703216553,4785
21.76964807510376,4784
22.108291387557983,4783
22.11200737953186,4782
22.154736518859863,4781
22.29191756248474,4780
22.37338614463806,4779
22.43374466896057,4778
22.62976336479187,4777
24.0670108795166,4776
24.088937044143677,4775
24.113563060760498,4774
24.1250741481781,4773
24.13099980354309,4772
24.356621026992798,4771
24.357263326644897,4770
24.51146936416626,4769
24.534222841262817,4768
25.03160786628723,4767
25.108033180236816,4766
25.22177219390869,4765
25.362088441848755,4764
25.5250723361969,4763
25.612656593322754,4762
25.63478922843933,4761
25.661689519882202,4760
25.771385669708252,4759
25.776034593582153,4758
25.8402259349823,4757
25.850049018859863,4756
25.868589878082275,4755
26.202731609344482,4754
26.20703673362732,4753
26.29139542579651,4752
26.9719181060791,4751
27.58692216873169,4750
27.604739665985107,4749
28.23557734489441,4748
28.266666173934937,4747
28.360475301742554,4746
28.51626944541931,4745
28.631778478622437,4744
28.863123178482056,4743
28.87731170654297,4742
29.107399702072144,4741
29.149738550186157,4740
29.170546531677246,4739
30.269221544265747,4738
30.282066106796265,4737
30.732346534729004,4736
30.757341146469116,4735
30.895061254501343,4734
30.913512229919434,4733
31.309820652008057,4732
31.746968269348145,4731
31.801183938980103,4730
31.845567226409912,4729
32.15486001968384,4728
32.31461238861084,4727
32.31500720977783,4726
33.21762752532959,4725
33.23428535461426,4724
33.26581335067749,4723
33.279306411743164,4722
33.348220348358154,4721
33.42039918899536,4720
33.688143253326416,4719
33.797497272491455,4718
33.84305119514465,4717
33.8557984828949,4716
33.86435389518738,4715
33.94573783874512,4714
34.27581429481506,4713
34.35298275947571,4712
34.42161178588867,4711
34.77470302581787,4710
34.77702593803406,4709
35.43467330932617,4708
35.48612356185913,4707
36.59372091293335,4706
36.88447332382202,4705
38.12016415596008,4704
38.699471950531006,4703
39.14638662338257,4702
39.201300382614136,4701
39.22409653663635,4700
39.253979444503784,4699
39.40721607208252,4698
39.942914962768555,4697
40.05588889122009,4696
40.39037895202637,4695
40.40305233001709,4694
40.61835837364197,4693
40.99779725074768,4692
41.084908962249756,4691
41.23780274391174,4690
41.383732318878174,4689
41.389352798461914,4688
41.84180045127869,4687
42.106338024139404,4686
42.129613161087036,4685
42.33711099624634,4684
42.7070369720459,4683
43.499573707580566,4682
43.83945941925049,4681
44.0035936832428,4680
44.43533802032471,4679
44.46855354309082,4678
44.47403526306152,4677
44.509382486343384,4676
44.81623125076294,4675
44.87109184265137,4674
45.21214246749878,4673
45.2347571849823,4672
45.29602289199829,4671
46.46992492675781,4670
47.068482637405396,4669
47.107171058654785,4668
47.11981797218323,4667
47.75894260406494,4666
47.78164196014404,4665
47.812554121017456,4664
48.19396996498108,4663
48.36879563331604,4662
49.12649869918823,4661
49.244367361068726,4660
49.779829263687134,4659
49.89246201515198,4658
50.206950664520264,4657
50.30720019340515,4656
50.35802245140076,4655
50.394731521606445,4654
50.42047452926636,4653
50.968334913253784,4652
51.19123697280884,4651
51.19958448410034,4650
51.60760831832886,4649
51.65779709815979,4648
51.730483531951904,4647
51.96179938316345,4646
53.97522950172424,4645
55.18747663497925,4644
55.53907299041748,4643
56.57771944999695,4642
57.71571397781372,4641
58.01133871078491,4640
58.01859784126282,4639
58.64639401435852,4638
59.36090564727783,4637
59.97404098510742,4636
60.89307451248169,4635
61.25185823440552,4634
61.25209307670593,4633
62.184094190597534,4632
63.21212816238403,4631
63.84217119216919,4630
64.11086559295654,4629
64.14932250976562,4628
64.84119367599487,4627
65.06108593940735,4626
65.08243536949158,4625
65.62030053138733,4624
65.86334466934204,4623
66.69421029090881,4622
67.53731346130371,4621
68.23902773857117,4620
68.71970820426941,4619
68.88515639305115,4618
69.01514029502869,4617
69.07057595252991,4616
69.44868731498718,4615
69.98010444641113,4614
70.1143708229065,4613
71.05034637451172,4612
74.01777243614197,4611
74.88649892807007,4610
76.26247715950012,4609
76.28499341011047,4608
76.96753263473511,4607
77.11333513259888,4606
77.26155018806458,4605
79.15291929244995,4604
80.03313612937927,4603
83.76680111885071,4602
85.53689742088318,4601
86.59269738197327,4600
87.88691926002502,4599
94.14451098442078,4598
97.38157320022583,4597
97.96344637870789,4596
99.66017961502075,4595
100.49501585960388,4594
101.2068305015564,4593
101.48196172714233,4592
102.50517344474792,4591
105.90042662620544,4590
106.54125547409058,4589
108.26821446418762,4588
109.1331307888031,4587
113.50697422027588,4586
114.01383924484253,4585
114.03072428703308,4584
115.3646936416626,4583
118.06640386581421,4582
118.12438583374023,4581
118.52185130119324,4580
120.25487399101257,4579
126.94911456108093,4578
127.93892455101013,4577
132.496520280838,4576
142.15353345870972,4575
142.278058052063,4574
143.42885327339172,4573
151.17890310287476,4572
152.19380593299866,4571
157.1549997329712,4570
158.81483340263367,4569
168.02128338813782,4568
169.17351508140564,4567
172.94047212600708,4566
173.04891729354858,4565
183.24910378456116,4564
184.71593856811523,4563
189.71182823181152,4562
191.43854188919067,4561
194.54567217826843,4560
198.57421493530273,4559
208.59694242477417,4558
211.60196781158447,4557
221.07165670394897,4556
233.483962059021,4555
239.0947768688202,4554
241.9617509841919,4553
328.5437602996826,4552
342.20502257347107,4551
368.25625467300415,4550
387.98746705055237,4549
431.1911859512329,4548
