4.903646230697632,7017
4.908504486083984,7017
8.094691038131714,7016
12.138715028762817,7015
22.016535758972168,7014
23.656115770339966,7013
29.48283314704895,7012
30.528544187545776,7011
33.160436153411865,7010
39.37157392501831,7009
41.867615699768066,7008
44.43564486503601,7007
45.592308044433594,7006
53.363104581832886,7005
69.43288826942444,7004
79.5394377708435,7003
83.3369951248169,7002
94.54059958457947,7001
94.93812322616577,7000
100.99710607528687,6999
103.88284420967102,6998
104.5276882648468,6997
131.1122179031372,6996
141.1655457019806,6995
164.04138922691345,6994
168.1583194732666,6993
185.5911271572113,6992
192.54568457603455,6991
208.53604888916016,6990
211.96623182296753,6989
223.37853741645813,6988
225.69701838493347,6987
228.06508421897888,6986
246.89077138900757,6985
263.62991166114807,6984
267.3488504886627,6983
279.9765899181366,6982
282.3020567893982,6981
335.64533519744873,6980
354.9400806427002,6979
376.597692489624,6978
397.30965399742126,6977
429.98296427726746,6976
437.4993722438812,6975
450.7488796710968,6974
486.7649369239807,6973
493.58838057518005,6972
509.35811042785645,6971
534.8383798599243,6970
572.1311364173889,6969
589.7259414196014,6968
