3.5937340259552,14105
5.07002329826355,14104
7.954145669937134,14103
9.420998334884644,14102
10.913410186767578,14101
12.408085584640503,14100
13.845616102218628,14099
15.326295852661133,14097
18.093780040740967,14094
21.024357795715332,14091
25.406652688980103,14089
28.241769790649414,14086
31.13403058052063,14083
34.02138543128967,14082
35.422966957092285,14080
39.66721725463867,14079
42.53637504577637,14077
43.9406533241272,14075
45.379682540893555,14071
49.82981824874878,14070
52.73656177520752,14069
54.132161378860474,14067
57.038268089294434,14066
58.44735622406006,14063
61.37498903274536,14062
62.831040382385254,14061
64.2897698879242,14059
68.55173659324646,14057
72.91079139709473,14053
75.79536700248718,14052
77.19835162162781,14051
78.64972043037415,14050
80.13742542266846,14047
81.58339190483093,14046
83.03952813148499,14043
87.35262966156006,14039
91.574289560318,14036
94.50471878051758,14035
95.9093382358551,14032
97.3950035572052,14031
100.30194163322449,14030
101.79459261894226,14027
106.13914728164673,14024
109.09102392196655,14022
111.95242404937744,14020
114.86364889144897,14019
116.35670685768127,14017
119.28622245788574,14014
122.22235918045044,14012
126.4272027015686,14010
127.84083414077759,14009
129.4256136417389,14008
130.856947183609,14006
132.39551424980164,14004
136.7030439376831,14003
138.1235909461975,14002
139.60381937026978,14001
140.9763343334198,14000
142.360178232193,13999
145.29033946990967,13998
146.71287488937378,13997
149.64215326309204,13996
151.23339581489563,13994
154.15722012519836,13991
156.94913506507874,13990
158.38981771469116,13988
161.2342073917389,13986
162.62432050704956,13985
166.92350888252258,13983
169.91298699378967,13982
171.33189272880554,13981
172.77524209022522,13980
175.61415839195251,13977
177.09194493293762,13976
180.04660987854004,13974
182.98846197128296,13973
184.42049741744995,13972
185.94795775413513,13971
187.35990595817566,13969
188.82545828819275,13968
190.26493000984192,13967
191.67764377593994,13966
193.05487322807312,13964
195.9153995513916,13962
198.81177592277527,13960
201.82048797607422,13957
206.1256549358368,13956
208.92722821235657,13955
210.39506244659424,13954
211.84440755844116,13953
213.23591589927673,13951
214.61690974235535,13950
217.4403953552246,13949
220.27962112426758,13945
224.60467338562012,13944
226.00196242332458,13942
230.20307517051697,13938
234.52851557731628,13936
237.31259274482727,13935
238.78306770324707,13933
240.19585180282593,13932
242.91277956962585,13927
247.3144338130951,13924
250.33249616622925,13923
251.86373233795166,13922
254.77758479118347,13918
259.19384765625,13917
262.10446548461914,13916
263.60214257240295,13915
265.01684379577637,13914
266.4222526550293,13912
267.8024981021881,13911
270.7465879917145,13910
272.2350950241089,13908
276.44151067733765,13904
282.2002031803131,13901
283.7036862373352,13900
285.2846601009369,13898
286.69508814811707,13897
289.5688796043396,13896
292.41607570648193,13895
293.7921805381775,13894
295.26685428619385,13892
298.26355504989624,13890
299.684449672699,13887
302.4981758594513,13886
305.3693051338196,13885
308.31965923309326,13884
309.76090478897095,13883
311.13889741897583,13881
314.09146642684937,13880
316.9656488895416,13878
319.8569002151489,13876
322.61291456222534,13875
325.6507213115692,13874
327.1118369102478,13872
331.42009234428406,13869
334.36013293266296,13868
335.80231380462646,13867
340.27373600006104,13864
341.64014649391174,13862
345.98200249671936,13861
347.3907277584076,13860
350.2646961212158,13858
351.7157530784607,13857
353.1179304122925,13854
356.09599137306213,13853
357.55375957489014,13852
359.0602309703827,13851
362.063205242157,13847
364.9638423919678,13846
366.50486302375793,13845
369.2865631580353,13844
372.00668931007385,13843
374.86946535110474,13841
376.2263014316559,13838
380.5100836753845,13837
381.9604287147522,13835
383.4643955230713,13834
384.9370391368866,13833
386.33189392089844,13831
389.2801387310028,13830
392.12939381599426,13828
396.53606629371643,13827
397.9364311695099,13825
399.3374488353729,13823
403.8001501560211,13822
405.2551953792572,13820
408.2118899822235,13817
412.45575189590454,13816
413.8244459629059,13814
415.2849016189575,13813
416.74813079833984,13809
419.60692405700684,13808
421.17916440963745,13807
422.6699357032776,13806
424.17000579833984,13805
425.5657362937927,13804
428.45389437675476,13803
431.3180367946625,13802
432.792822599411,13800
435.7011978626251,13798
438.5355167388916,13797
441.4520094394684,13796
442.8695912361145,13795
444.35520100593567,13793
447.2845175266266,13792
448.753785610199,13790
451.59602403640747,13787
454.52337169647217,13786
456.0791356563568,13783
461.7987976074219,13782
463.2820851802826,13779
466.12628698349,13778
470.4498908519745,13776
471.85358357429504,13775
473.2673225402832,13774
474.74300050735474,13773
476.1649794578552,13772
477.66144371032715,13771
480.57830715179443,13769
483.46208930015564,13766
486.37304639816284,13764
492.1048204898834,13761
496.2799172401428,13760
499.22753739356995,13759
500.6484501361847,13758
503.64797735214233,13756
505.08621430397034,13754
509.46667098999023,13753
512.4160010814667,13752
513.8919353485107,13749
515.279088973999,13748
518.1468229293823,13743
521.060497045517,13741
523.890341758728,13739
526.781013250351,13737
529.694167137146,13736
531.0742602348328,13735
532.4932477474213,13733
535.4673728942871,13732
536.8864190578461,13731
539.746607542038,13730
541.1870963573456,13728
545.5839715003967,13725
547.0597538948059,13724
548.4672243595123,13722
551.3964245319366,13721
552.8333842754364,13720
554.3306021690369,13719
555.736599445343,13718
560.0793716907501,13717
561.4235634803772,13716
562.713517665863,13715
565.6500685214996,13711
570.014476776123,13710
571.5203328132629,13709
572.8648817539215,13707
575.7354474067688,13704
580.1418190002441,13702
581.5519309043884,13701
583.1003193855286,13700
586.0250015258789,13699
587.5672013759613,13696
589.0735955238342,13695
590.5429091453552,13692
593.4000835418701,13691
596.1271629333496,13690
597.6097917556763,13688
599.14727,13688