4.831223726272583,7017
4.8361146450042725,7017
20.330002069473267,7016
25.708961486816406,7015
33.52008557319641,7014
41.286014795303345,7013
42.12943744659424,7012
44.332247257232666,7011
46.99352765083313,7010
48.32914710044861,7009
53.26685070991516,7008
54.68955135345459,7007
63.601696729660034,7006
65.42996954917908,7005
68.27073788642883,7004
71.29341053962708,7003
72.72129726409912,7002
80.13523530960083,7001
82.60457038879395,7000
88.45138335227966,6999
98.12943077087402,6998
98.39561748504639,6997
100.04071998596191,6996
103.68605089187622,6995
105.159823179245,6994
107.90791416168213,6993
109.57614707946777,6992
110.17723035812378,6991
114.76086807250977,6990
126.50067615509033,6989
128.75502157211304,6988
152.97669458389282,6987
153.07561564445496,6986
156.8843743801117,6985
167.97373914718628,6984
168.04676365852356,6983
179.551988363266,6982
187.06040954589844,6981
199.06424760818481,6980
208.06322264671326,6979
222.39628171920776,6978
250.76881074905396,6977
277.6299030780792,6976
292.7274720668793,6975
296.0140881538391,6974
337.4420471191406,6973
350.7303788661957,6972
373.25599813461304,6971
405.9218909740448,6970
413.72070693969727,6969
433.1275563240051,6968
446.15496492385864,6967
474.12771487236023,6966
488.26547861099243,6965
535.5960433483124,6964
573.7416031360626,6963
581.6826922893524,6962
589.4098598957062,6961
