10.093150854110718,4858
10.100925207138062,4858
10.550583362579346,4857
10.569140434265137,4856
11.150205850601196,4855
11.228192329406738,4854
11.474281549453735,4853
11.71828842163086,4852
12.18019700050354,4851
12.196354627609253,4850
12.307597875595093,4849
12.538784265518188,4848
12.628296613693237,4847
12.786487340927124,4846
13.100592136383057,4845
13.11961841583252,4844
13.649015188217163,4843
13.846149206161499,4842
13.868358373641968,4841
13.871228218078613,4840
14.104207992553711,4839
14.36854338645935,4838
14.426279783248901,4837
14.82090425491333,4836
14.859789371490479,4835
14.8681321144104,4834
15.128719329833984,4833
15.154438972473145,4832
15.301028490066528,4831
15.452710151672363,4830
15.546106576919556,4829
15.919058084487915,4828
15.933941841125488,4827
16.2361159324646,4826
16.62453603744507,4825
16.661550998687744,4824
16.791362047195435,4823
17.17678666114807,4822
17.47642731666565,4821
17.49678087234497,4820
17.52711844444275,4819
17.684863567352295,4818
17.688954830169678,4817
17.89332127571106,4816
18.009758949279785,4815
18.276503086090088,4814
18.280890941619873,4813
18.320504188537598,4812
18.341785192489624,4811
18.369565963745117,4810
18.52043628692627,4809
18.85675072669983,4808
18.920111656188965,4807
19.059008598327637,4806
19.095619678497314,4805
19.386318922042847,4804
19.485116481781006,4803
19.87022852897644,4802
19.888741493225098,4801
19.998446464538574,4800
20.004791259765625,4799
20.125948429107666,4798
20.171106100082397,4797
20.18690323829651,4796
20.562018871307373,4795
20.883028268814087,4794
20.904147148132324,4793
20.953394651412964,4792
20.987374544143677,4791
21.41783380508423,4790
21.418052196502686,4789
21.4715735912323,4788
22.23689031600952,4787
22.473029375076294,4786
22.64348006248474,4785
23.229923486709595,4784
23.600162506103516,4783
23.66764998435974,4782
23.914464950561523,4781
24.053081274032593,4780
24.384449243545532,4779
24.392303228378296,4778
24.569079160690308,4777
24.57994508743286,4776
24.844248294830322,4775
24.974626064300537,4774
24.993056058883667,4773
25.005776166915894,4772
25.303407192230225,4771
25.303510665893555,4770
25.576118230819702,4769
25.780693531036377,4768
25.834007740020752,4767
25.981433153152466,4766
26.015205144882202,4765
26.025254726409912,4764
26.079002141952515,4763
26.141608238220215,4762
26.568925142288208,4761
26.97386336326599,4760
27.296255826950073,4759
27.36239981651306,4758
27.741324186325073,4757
27.838569402694702,4756
27.885283708572388,4755
28.349940538406372,4754
28.496222496032715,4753
28.515178680419922,4752
28.871018886566162,4751
28.900668382644653,4750
28.91139030456543,4749
28.937898874282837,4748
28.97973346710205,4747
29.230756759643555,4746
29.243403434753418,4745
29.398096084594727,4744
29.483296632766724,4743
29.640774488449097,4742
29.762342929840088,4741
29.863677740097046,4740
29.90870499610901,4739
30.106117963790894,4738
30.472612619400024,4737
30.667845964431763,4736
30.716578483581543,4735
30.79802441596985,4734
30.862932682037354,4733
30.866326808929443,4732
31.01027011871338,4731
31.922090530395508,4730
32.14166069030762,4729
32.319544076919556,4728
32.78767514228821,4727
33.00653576850891,4726
33.01714515686035,4725
33.24031853675842,4724
33.68856430053711,4723
33.727665185928345,4722
33.928149938583374,4721
33.96998882293701,4720
33.98342967033386,4719
33.98380970954895,4718
34.03479862213135,4717
34.42058777809143,4716
34.43881058692932,4715
34.482869148254395,4714
34.82652258872986,4713
35.006247758865356,4712
35.60545492172241,4711
35.7165093421936,4710
35.71750259399414,4709
36.31057834625244,4708
36.53136658668518,4707
36.60706186294556,4706
36.64774179458618,4705
36.69153451919556,4704
37.547542572021484,4703
37.578222036361694,4702
37.66465210914612,4701
37.805010080337524,4700
37.905479192733765,4699
38.60242557525635,4698
39.41411375999451,4697
39.8011257648468,4696
40.030951499938965,4695
40.42682242393494,4694
40.76834678649902,4693
40.94163203239441,4692
41.11507964134216,4691
41.6097252368927,4690
41.6160147190094,4689
42.27292513847351,4688
42.601341009140015,4687
42.60166692733765,4686
42.8332302570343,4685
43.0757942199707,4684
43.62656879425049,4683
43.83283185958862,4682
44.07588338851929,4681
45.10831046104431,4680
45.39595675468445,4679
45.42274332046509,4678
45.46453404426575,4677
47.206217765808105,4676
47.43678331375122,4675
47.85713577270508,4674
47.937525033950806,4673
48.03634715080261,4672
48.32501292228699,4671
48.32537221908569,4670
49.399930477142334,4669
49.43222904205322,4668
49.49383068084717,4667
50.08208656311035,4666
50.13616108894348,4665
50.16511368751526,4664
51.04480481147766,4663
51.280925035476685,4662
52.47781157493591,4661
52.63808846473694,4660
53.527117013931274,4659
53.870089530944824,4658
54.68959093093872,4657
55.66881203651428,4656
55.878642082214355,4655
56.5836660861969,4654
57.16408133506775,4653
57.649251222610474,4652
57.732840061187744,4651
58.7159378528595,4650
58.837621212005615,4649
60.39260959625244,4648
60.51045513153076,4647
60.801037311553955,4646
63.05465507507324,4645
63.14814877510071,4644
63.388836145401,4643
63.44762873649597,4642
63.696818590164185,4641
63.74068284034729,4640
63.91301918029785,4639
64.4623191356659,4638
64.86726450920105,4637
65.3876941204071,4636
65.74390029907227,4635
65.77164602279663,4634
66.12602949142456,4633
66.90201902389526,4632
67.41677451133728,4631
67.74174070358276,4630
67.98896861076355,4629
68.31422066688538,4628
68.38515877723694,4627
68.79748010635376,4626
69.36589169502258,4625
69.58237433433533,4624
69.76931190490723,4623
70.2583737373352,4622
70.31583952903748,4621
70.38334679603577,4620
70.55659890174866,4619
70.7428047657013,4618
71.45375657081604,4617
71.8760838508606,4616
71.91296291351318,4615
73.70235538482666,4614
74.1702606678009,4613
74.51556944847107,4612
75.21571946144104,4611
76.33474802970886,4610
76.53401041030884,4609
79.79055666923523,4608
80.57892417907715,4607
81.26765727996826,4606
82.17975187301636,4605
82.4299521446228,4604
83.30888056755066,4603
85.81088542938232,4602
85.94147610664368,4601
86.15295720100403,4600
86.21563291549683,4599
87.3121030330658,4598
88.60144662857056,4597
91.03872275352478,4596
92.28901052474976,4595
92.65348720550537,4594
96.88748359680176,4593
97.23642587661743,4592
97.73846817016602,4591
100.54079341888428,4590
102.10707759857178,4589
103.39402508735657,4588
105.80033993721008,4587
106.37480044364929,4586
106.65034508705139,4585
109.00355672836304,4584
110.43869638442993,4583
111.42910051345825,4582
111.5648033618927,4581
112.29680466651917,4580
112.7554304599762,4579
113.28429985046387,4578
113.6935384273529,4577
115.4474618434906,4576
116.06874108314514,4575
120.35400938987732,4574
121.17088174819946,4573
122.8425645828247,4572
123.49982976913452,4571
123.95108652114868,4570
125.36303806304932,4569
129.9661784172058,4568
132.55725026130676,4567
136.54790663719177,4566
138.71268391609192,4565
142.66330766677856,4564
150.6724283695221,4563
153.62480759620667,4562
157.04961323738098,4561
162.13047671318054,4560
165.84372425079346,4559
176.96010375022888,4558
180.99061632156372,4557
186.88152813911438,4556
190.04503512382507,4555
204.57258248329163,4554
220.57665729522705,4553
258.3114674091339,4552
265.436856508255,4551
286.8058567047119,4550
308.9279670715332,4549
468.7887921333313,4548
479.5186014175415,4547
