2.424686908721924,11019
4.662617921829224,11018
5.769284963607788,11016
7.973694324493408,11014
11.374475955963135,11012
12.432883262634277,11009
14.655056238174438,11008
16.80674695968628,11005
18.974095344543457,11001
23.328941106796265,11000
24.382667303085327,10995
25.43289303779602,10993
29.684520483016968,10992
30.73997473716736,10991
31.862075805664062,10990
34.093019247055054,10988
35.12629222869873,10986
37.32193636894226,10982
40.64830255508423,10981
41.70244526863098,10980
42.74085831642151,10979
44.96687602996826,10976
46.12446212768555,10975
48.335774421691895,10974
49.37765192985535,10972
51.59018564224243,10971
52.65074014663696,10970
53.71069860458374,10968
55.93021035194397,10966
58.08237147331238,10962
59.187908411026,10961
61.3925347328186,10960
62.50702214241028,10959
63.5407452583313,10958
64.60223984718323,10957
65.64622521400452,10956
68.955402135849,10953
70.05068135261536,10952
72.27770018577576,10951
73.43040800094604,10949
75.65007734298706,10948
76.8338942527771,10947
79.02259969711304,10946
80.12069392204285,10942
82.26331162452698,10941
84.41041016578674,10940
85.50616598129272,10937
88.86050486564636,10935
90.0196762084961,10933
91.10836029052734,10932
93.3049418926239,10931
94.42604112625122,10930
95.57039070129395,10929
96.64162254333496,10928
97.70170640945435,10927
99.93459343910217,10924
102.08176636695862,10923
103.25802874565125,10922
104.33219838142395,10921
105.43483853340149,10919
106.57773232460022,10918
109.85677528381348,10916
110.91690993309021,10913
111.99445390701294,10912
114.13366866111755,10910
115.19925236701965,10909
117.32612609863281,10908
118.37126064300537,10905
119.45334243774414,10904
121.65687584877014,10903
122.76334285736084,10901
125.02445530891418,10898
126.17861461639404,10896
128.38512420654297,10895
130.4575650691986,10894
132.6003394126892,10890
134.83521056175232,10889
138.0723958015442,10885
141.44427680969238,10884
142.52565550804138,10883
143.61212706565857,10880
144.65607738494873,10878
149.0386528968811,10875
152.25733947753906,10873
153.33245611190796,10872
154.43072390556335,10871
156.6217749118805,10869
158.81366634368896,10866
160.9887092113495,10865
162.09175491333008,10863
163.2190854549408,10862
164.32038974761963,10861
167.65560793876648,10858
168.69862723350525,10856
173.1001946926117,10855
174.19527125358582,10854
175.23445391654968,10853
177.33182430267334,10850
180.55359530448914,10848
181.62440943717957,10846
184.8488290309906,10845
185.92759013175964,10844
187.05505442619324,10843
189.22043108940125,10840
191.3160481452942,10837
193.52160334587097,10836
195.75119853019714,10834
196.84310936927795,10831
198.98693084716797,10830
200.07955694198608,10829
201.1864995956421,10828
204.44565892219543,10826
205.57098937034607,10825
206.7048647403717,10824
207.83818364143372,10823
210.03731966018677,10820
211.17884826660156,10818
212.3202645778656,10817
214.56397223472595,10816
216.86628317832947,10814
219.02408742904663,10812
222.27076053619385,10810
225.53709197044373,10807
227.65402555465698,10805
229.82351541519165,10803
230.94503450393677,10802
231.95872926712036,10800
234.19593453407288,10798
236.45019555091858,10797
238.6828157901764,10794
241.95410346984863,10792
243.1032428741455,10791
246.38579154014587,10788
249.63285279273987,10785
251.7574508190155,10784
252.83632612228394,10782
253.95793294906616,10781
256.15095257759094,10780
257.274795293808,10779
258.39590287208557,10777
259.53509736061096,10775
261.76936888694763,10774
262.84554266929626,10773
263.94796085357666,10772
267.20729756355286,10771
269.3143677711487,10769
271.4763271808624,10768
272.58879017829895,10767
273.72966861724854,10765
274.86744356155396,10764
275.9523377418518,10763
278.08420157432556,10762
279.15873193740845,10760
280.21360969543457,10759
282.413028717041,10755
285.66921830177307,10753
287.7727289199829,10752
288.8782534599304,10751
289.93830966949463,10749
291.0709927082062,10747
293.3280203342438,10746
296.54771399497986,10744
298.779908657074,10743
299.8838195800781,10740
302.1058609485626,10739
303.1622016429901,10738
305.33756017684937,10737
306.45987010002136,10736
308.6490116119385,10735
309.8379888534546,10733
312.003050327301,10732
313.12899899482727,10731
315.34117436408997,10729
318.6245322227478,10727
320.8704831600189,10726
321.93302369117737,10725
323.0680546760559,10724
324.22752022743225,10723
326.5054132938385,10722
327.64583349227905,10721
328.71748900413513,10720
330.9287543296814,10719
331.9943034648895,10717
333.07578110694885,10716
334.22125148773193,10714
336.35681796073914,10713
338.55067253112793,10712
341.76577830314636,10711
343.9476728439331,10710
345.11185026168823,10709
346.2100079059601,10708
348.3083918094635,10707
350.5251622200012,10705
351.54354548454285,10704
352.6231679916382,10703
354.8162417411804,10702
355.8768501281738,10701
357.9778757095337,10699
360.1631145477295,10697
364.44056224823,10696
365.55132484436035,10695
367.86447191238403,10693
368.9898600578308,10691
372.3101577758789,10690
373.4003689289093,10689
374.48553252220154,10688
375.62077355384827,10687
376.76506328582764,10685
377.850145816803,10682
381.09367871284485,10681
382.20127034187317,10680
383.3235251903534,10679
385.52992010116577,10677
386.6359157562256,10675
387.69812202453613,10674
391.12321162223816,10672
393.3114221096039,10670
394.43480110168457,10668
396.6561517715454,10667
398.80743527412415,10666
400.9375641345978,10664
403.20040678977966,10663
405.34839153289795,10661
407.5487687587738,10660
409.78576731681824,10658
411.99479365348816,10656
415.23164677619934,10653
418.5125892162323,10652
419.66722345352173,10649
421.80523109436035,10648
422.8904507160187,10647
426.1819999217987,10645
427.273800611496,10644
429.54501605033875,10643
430.6544334888458,10641
432.78138303756714,10638
434.9799566268921,10637
436.1378846168518,10635
437.2233190536499,10634
441.63991022109985,10633
442.7901921272278,10632
444.90790724754333,10631
447.0898940563202,10630
448.13944840431213,10629
450.3224284648895,10627
452.5662338733673,10626
453.69050669670105,10625
455.91687655448914,10624
457.0034911632538,10623
459.13633012771606,10619
463.3663423061371,10618
464.48038148880005,10616
467.8489034175873,10615
470.07011818885803,10614
471.2412414550781,10612
473.51537561416626,10611
474.61518025398254,10609
477.9262628555298,10607
481.1236081123352,10605
484.4774398803711,10602
487.67719435691833,10601
488.85032773017883,10600
491.1345293521881,10597
493.2232708930969,10596
495.5576729774475,10595
496.6004457473755,10594
497.65659189224243,10591
503.23129510879517,10587
505.41998052597046,10583
509.8531572818756,10580
512.1103200912476,10578
514.2961058616638,10577
515.3666188716888,10576
517.5537889003754,10573
520.8608014583588,10571
523.0345191955566,10570
525.2182223796844,10568
527.4425876140594,10567
528.4865899085999,10566
529.6070020198822,10563
534.055563211441,10562
535.0608325004578,10561
536.1243028640747,10560
537.2300837039948,10559
538.2706820964813,10558
541.6427052021027,10557
542.7294600009918,10556
544.8374562263489,10555
545.9631547927856,10554
548.1803321838379,10552
549.2565276622772,10551
550.35400557518,10548
554.779266834259,10546
556.9173107147217,10545
558.034937620163,10544
561.2569725513458,10543
562.3309237957001,10542
565.6880469322205,10541
566.7506086826324,10539
567.8568954467773,10538
568.9921815395355,10537
571.19993019104,10535
573.3665428161621,10533
574.4102289676666,10532
575.4760253429413,10531
577.6535694599152,10529
581.0823211669922,10528
583.2736041545868,10526
585.4747331142426,10525
587.6890420913696,10524
588.82936835289,10523
590.961357831955,10522
592.0816268920898,10521
593.1345942020416,10520
594.2253248691559,10518
596.4038369655609,10517
598.6179780960083,10516
598.6225,10516