10.098751783370972,4858
10.10654067993164,4858
12.555408954620361,4857
12.721280574798584,4856
12.98402190208435,4855
13.29112696647644,4854
13.478239059448242,4853
13.478785991668701,4852
13.768823146820068,4851
13.835009813308716,4850
13.920402526855469,4849
13.946035385131836,4848
14.24424433708191,4847
14.24790096282959,4846
14.273884296417236,4845
14.344125270843506,4844
14.354146480560303,4843
14.738539695739746,4842
14.738906860351562,4841
14.97846794128418,4840
15.055281400680542,4839
15.380991458892822,4838
16.287728786468506,4837
16.430452585220337,4836
16.453835010528564,4835
16.461456775665283,4834
16.928809642791748,4833
16.94308876991272,4832
16.958794593811035,4831
17.33727240562439,4830
17.446033477783203,4829
17.529184103012085,4828
17.646129846572876,4827
17.75258779525757,4826
17.779733657836914,4825
18.006937265396118,4824
18.015928506851196,4823
18.400142192840576,4822
18.884666204452515,4821
19.08337163925171,4820
19.19748854637146,4819
19.226285696029663,4818
19.24663472175598,4817
19.27692937850952,4816
19.561336517333984,4815
19.573671579360962,4814
19.575249433517456,4813
19.61079716682434,4812
19.630409240722656,4811
19.7576003074646,4810
20.0853853225708,4809
20.46057105064392,4808
20.771472454071045,4807
21.150012969970703,4806
21.16214895248413,4805
21.197409629821777,4804
21.26237416267395,4803
21.299771547317505,4802
21.474249124526978,4801
21.569332599639893,4800
21.676586389541626,4799
21.77956485748291,4798
21.92876958847046,4797
22.06260895729065,4796
22.093472480773926,4795
22.14709734916687,4794
22.179922103881836,4793
22.20690083503723,4792
22.539039373397827,4791
22.550079345703125,4790
22.68512797355652,4789
22.827556610107422,4788
22.90248680114746,4787
23.037235498428345,4786
23.174877643585205,4785
23.332632064819336,4784
23.333697080612183,4783
23.5166494846344,4782
23.550429344177246,4781
23.60269021987915,4780
23.690112113952637,4779
23.69668412208557,4778
24.088324785232544,4777
24.093947410583496,4776
24.267010927200317,4775
24.891397714614868,4774
25.19804835319519,4773
25.65670871734619,4772
25.933035135269165,4771
26.013280868530273,4770
26.183608293533325,4769
26.535032987594604,4768
26.565178394317627,4767
26.608871698379517,4766
26.802170515060425,4765
27.099748611450195,4764
27.111931800842285,4763
27.134650230407715,4762
27.1583890914917,4761
27.19798517227173,4760
27.278855562210083,4759
27.27915382385254,4758
27.29105305671692,4757
27.65752148628235,4756
27.662585020065308,4755
27.73385000228882,4754
28.004914045333862,4753
28.115621089935303,4752
28.139020919799805,4751
28.18667769432068,4750
28.226940155029297,4749
28.239810466766357,4748
28.493093729019165,4747
28.63473629951477,4746
28.704848527908325,4745
28.82386803627014,4744
29.005998849868774,4743
29.209991693496704,4742
29.38145661354065,4741
29.394976377487183,4740
29.468060970306396,4739
29.54561448097229,4738
29.55721116065979,4737
29.606457948684692,4736
29.677014350891113,4735
29.969239711761475,4734
30.27775549888611,4733
30.337096452713013,4732
30.753178596496582,4731
30.777596712112427,4730
30.872448682785034,4729
30.895596742630005,4728
31.255684852600098,4727
31.30267834663391,4726
31.396973371505737,4725
31.751633167266846,4724
31.868998765945435,4723
31.95559024810791,4722
32.12822675704956,4721
32.12980556488037,4720
32.13898205757141,4719
32.25468111038208,4718
32.27411222457886,4717
32.54713249206543,4716
32.82766675949097,4715
32.82938599586487,4714
32.84358620643616,4713
33.16602921485901,4712
33.3254976272583,4711
33.32717442512512,4710
33.38771033287048,4709
33.4171142578125,4708
33.47129225730896,4707
33.7728157043457,4706
34.2006561756134,4705
34.21172881126404,4704
34.22854828834534,4703
34.386818408966064,4702
34.79236435890198,4701
35.108832120895386,4700
35.596150398254395,4699
35.98188495635986,4698
36.04949927330017,4697
36.05230641365051,4696
36.05942106246948,4695
36.23607516288757,4694
36.28233003616333,4693
36.94397830963135,4692
37.45493721961975,4691
37.734901905059814,4690
37.75173044204712,4689
37.76003408432007,4688
37.92592644691467,4687
37.983964681625366,4686
39.10484743118286,4685
39.82333207130432,4684
39.82524871826172,4683
40.1876323223114,4682
40.19777488708496,4681
41.08949303627014,4680
41.269819021224976,4679
41.28504657745361,4678
41.43296837806702,4677
41.448590993881226,4676
41.47729802131653,4675
41.56338596343994,4674
41.6578414440155,4673
41.76774001121521,4672
41.899062633514404,4671
42.392033100128174,4670
42.722817182540894,4669
42.76989674568176,4668
43.167316913604736,4667
43.23824095726013,4666
43.514071464538574,4665
43.64875841140747,4664
43.9748740196228,4663
44.50140047073364,4662
44.79502606391907,4661
45.094536542892456,4660
45.37444615364075,4659
46.264939308166504,4658
46.40507769584656,4657
46.76425004005432,4656
46.78807997703552,4655
46.798580169677734,4654
46.92927122116089,4653
47.34343981742859,4652
47.96933603286743,4651
47.99883770942688,4650
48.16909050941467,4649
48.26816654205322,4648
48.51598238945007,4647
49.502214193344116,4646
49.78224563598633,4645
50.63477444648743,4644
50.93801689147949,4643
51.018805265426636,4642
51.033281326293945,4641
51.17402720451355,4640
51.26897931098938,4639
51.30121040344238,4638
51.57518148422241,4637
51.698068380355835,4636
51.87644553184509,4635
51.934977531433105,4634
51.93652153015137,4633
52.42072248458862,4632
52.59985303878784,4631
53.33226442337036,4630
54.32103610038757,4629
54.322234869003296,4628
54.977614879608154,4627
54.99741864204407,4626
55.0065655708313,4625
55.20959258079529,4624
55.289183616638184,4623
55.79247069358826,4622
55.79604458808899,4621
56.1036376953125,4620
56.51294803619385,4619
56.937886238098145,4618
57.27881336212158,4617
57.66277718544006,4616
58.060587644577026,4615
58.414827823638916,4614
58.542373180389404,4613
59.5260865688324,4612
60.77777123451233,4611
61.795894622802734,4610
62.49270534515381,4609
64.11147570610046,4608
64.50189781188965,4607
64.5800187587738,4606
66.02590131759644,4605
66.2003288269043,4604
66.58888483047485,4603
66.78177213668823,4602
67.9413013458252,4601
69.60043430328369,4600
70.54681015014648,4599
72.6759672164917,4598
76.28018879890442,4597
76.69462871551514,4596
78.90778732299805,4595
81.5837709903717,4594
83.68761277198792,4593
84.06597995758057,4592
87.89428329467773,4591
91.47418522834778,4590
94.60250663757324,4589
97.71780705451965,4588
97.7353925704956,4587
99.31344485282898,4586
100.41845369338989,4585
102.05573868751526,4584
102.08304810523987,4583
103.0993230342865,4582
105.17120480537415,4581
105.90038561820984,4580
106.46533703804016,4579
107.73852562904358,4578
110.00909090042114,4577
111.41454648971558,4576
115.01448082923889,4575
116.78509664535522,4574
119.82462072372437,4573
120.14962363243103,4572
125.09853625297546,4571
131.84424710273743,4570
136.060156583786,4569
138.0738730430603,4568
141.60232210159302,4567
141.92555284500122,4566
142.78368711471558,4565
146.33473205566406,4564
146.48108839988708,4563
148.31310939788818,4562
151.83573508262634,4561
161.83067727088928,4560
168.09214210510254,4559
194.28173112869263,4558
211.15861082077026,4557
218.24810981750488,4556
264.1133322715759,4555
280.6239297389984,4554
389.58352494239807,4553
487.4515542984009,4552
507.64630675315857,4551
547.2619771957397,4550
591.0085797309875,4549
