10.080377101898193,4858
10.088296890258789,4858
10.6003577709198,4857
10.92721939086914,4856
10.956415891647339,4855
11.042283296585083,4854
11.171049356460571,4853
11.521222591400146,4852
12.027175903320312,4851
12.24688982963562,4850
12.371593952178955,4849
12.64756727218628,4848
12.662431240081787,4847
12.667044401168823,4846
12.670936107635498,4845
13.155014991760254,4844
13.257707118988037,4843
13.584933519363403,4842
13.601657152175903,4841
13.773496627807617,4840
13.906687021255493,4839
13.912065744400024,4838
14.163477897644043,4837
14.191340446472168,4836
14.455557584762573,4835
15.119696140289307,4834
15.120147466659546,4833
15.44035291671753,4832
15.475547313690186,4831
15.484302043914795,4830
15.496137380599976,4829
15.724770784378052,4828
16.455965518951416,4827
16.467233419418335,4826
16.539820909500122,4825
16.56798791885376,4824
16.581713676452637,4823
16.793033838272095,4822
17.010658502578735,4821
17.19397258758545,4820
17.252925157546997,4819
17.35750961303711,4818
17.599740743637085,4817
17.724350214004517,4816
17.739397764205933,4815
17.761431455612183,4814
17.791499137878418,4813
17.929654836654663,4812
17.941811561584473,4811
18.18081760406494,4810
18.44966983795166,4809
18.621967315673828,4808
18.68748927116394,4807
18.700380563735962,4806
18.72757339477539,4805
18.735238313674927,4804
18.7679922580719,4803
19.062453746795654,4802
19.064604997634888,4801
19.149493932724,4800
19.190394163131714,4799
19.318324089050293,4798
19.320799589157104,4797
19.54857039451599,4796
19.673375368118286,4795
19.970669507980347,4794
20.42821955680847,4793
20.532378435134888,4792
20.90777325630188,4791
20.90813946723938,4790
20.941020727157593,4789
21.098618745803833,4788
21.111478090286255,4787
21.25313377380371,4786
21.255120277404785,4785
21.350171327590942,4784
21.52262568473816,4783
21.5473575592041,4782
21.549726486206055,4781
21.588007926940918,4780
21.720954179763794,4779
21.82357954978943,4778
22.01161217689514,4777
22.189117193222046,4776
22.367759227752686,4775
22.39479351043701,4774
22.98631525039673,4773
23.014660835266113,4772
23.01649761199951,4771
23.036426782608032,4770
23.04882788658142,4769
23.175652742385864,4768
23.19090723991394,4767
23.19970417022705,4766
23.284472465515137,4765
23.301620483398438,4764
23.67556071281433,4763
23.83591938018799,4762
23.87339735031128,4761
23.886006593704224,4760
23.96536874771118,4759
24.016396522521973,4758
24.35393762588501,4757
24.779089212417603,4756
24.81827449798584,4755
24.82936382293701,4754
24.90398621559143,4753
25.138749361038208,4752
25.31973624229431,4751
25.927213191986084,4750
26.75265073776245,4749
27.225761890411377,4748
27.233529329299927,4747
27.402217864990234,4746
27.434991359710693,4745
27.657461404800415,4744
27.832451105117798,4743
27.930917024612427,4742
27.93552303314209,4741
28.063731908798218,4740
28.073310136795044,4739
28.086694717407227,4738
28.286821365356445,4737
28.6931734085083,4736
28.85686993598938,4735
28.888826370239258,4734
28.889250993728638,4733
29.045772314071655,4732
29.053898811340332,4731
29.18330717086792,4730
29.269511222839355,4729
29.31265878677368,4728
29.393892288208008,4727
29.799330472946167,4726
30.213202238082886,4725
30.395711421966553,4724
30.405961275100708,4723
30.4184730052948,4722
31.32983946800232,4721
31.349841117858887,4720
31.538312673568726,4719
31.691625118255615,4718
31.78555655479431,4717
31.82275629043579,4716
32.19093918800354,4715
32.27721905708313,4714
32.30865168571472,4713
33.08278560638428,4712
33.27816367149353,4711
33.29651427268982,4710
33.30116558074951,4709
33.3308629989624,4708
33.55613327026367,4707
34.072213649749756,4706
34.369882583618164,4705
34.37238812446594,4704
34.53802800178528,4703
34.59416198730469,4702
34.6270489692688,4701
34.8991219997406,4700
35.160234212875366,4699
35.170708417892456,4698
35.45696306228638,4697
35.48180174827576,4696
35.95676636695862,4695
35.97483420372009,4694
36.20805788040161,4693
36.24287986755371,4692
36.246054887771606,4691
36.26700234413147,4690
37.07592439651489,4689
37.55334138870239,4688
37.554641008377075,4687
37.68974733352661,4686
37.7219295501709,4685
38.06654095649719,4684
38.29543614387512,4683
38.361647844314575,4682
39.07611584663391,4681
39.26984453201294,4680
39.484140157699585,4679
39.543445110321045,4678
39.86439299583435,4677
39.87723469734192,4676
39.995951890945435,4675
40.55093312263489,4674
40.82093000411987,4673
41.458433389663696,4672
41.680352449417114,4671
41.863688707351685,4670
41.863791942596436,4669
42.60744309425354,4668
42.90928363800049,4667
43.1581084728241,4666
43.53908443450928,4665
43.75429725646973,4664
43.759655475616455,4663
44.284361600875854,4662
44.44353127479553,4661
44.500542879104614,4660
44.644776821136475,4659
44.65685844421387,4658
44.95981001853943,4657
45.801934003829956,4656
45.84742093086243,4655
45.875338315963745,4654
45.941272258758545,4653
47.151845932006836,4652
47.72772431373596,4651
49.162625789642334,4650
49.54103922843933,4649
49.57048797607422,4648
49.6442768573761,4647
49.77494502067566,4646
50.29619359970093,4645
50.53464984893799,4644
50.75515961647034,4643
51.2932243347168,4642
51.74927353858948,4641
52.24096179008484,4640
52.27608346939087,4639
52.52662682533264,4638
54.36239290237427,4637
54.90752172470093,4636
55.60626935958862,4635
56.04374694824219,4634
56.48437237739563,4633
56.5790491104126,4632
56.80578947067261,4631
56.90092420578003,4630
57.4738073348999,4629
57.76477885246277,4628
58.18927550315857,4627
58.4371657371521,4626
59.18290591239929,4625
60.56933379173279,4624
60.59774136543274,4623
60.76348853111267,4622
60.83097720146179,4621
62.07275986671448,4620
64.53923058509827,4619
65.17859601974487,4618
65.52662324905396,4617
65.66287159919739,4616
65.6936526298523,4615
66.22179961204529,4614
67.0245189666748,4613
67.94445967674255,4612
68.9898853302002,4611
69.20754528045654,4610
69.23377799987793,4609
70.08315849304199,4608
71.45625734329224,4607
73.83556890487671,4606
74.0709617137909,4605
75.33497548103333,4604
76.02029228210449,4603
76.24675631523132,4602
76.7864944934845,4601
78.82530188560486,4600
80.28114342689514,4599
81.4194324016571,4598
81.56361413002014,4597
81.62588047981262,4596
81.77897906303406,4595
82.98682808876038,4594
85.03777432441711,4593
85.84878206253052,4592
86.83569669723511,4591
88.87528228759766,4590
89.2836389541626,4589
89.54684710502625,4588
91.26817297935486,4587
91.82902479171753,4586
91.91064667701721,4585
92.11832165718079,4584
93.08329391479492,4583
93.82876753807068,4582
94.13363766670227,4581
94.43359708786011,4580
99.01684784889221,4579
103.88359808921814,4578
105.77390670776367,4577
109.29437589645386,4576
109.96382117271423,4575
111.70768308639526,4574
112.68097376823425,4573
120.17456364631653,4572
121.85255932807922,4571
121.86964774131775,4570
125.77427434921265,4569
127.39573979377747,4568
129.12337183952332,4567
129.93396544456482,4566
132.8390815258026,4565
140.98635530471802,4564
161.8677351474762,4563
167.5066695213318,4562
170.33353328704834,4561
170.76112747192383,4560
179.70119905471802,4559
190.0404932498932,4558
198.2850604057312,4557
204.5141098499298,4556
250.24052262306213,4555
305.3216464519501,4554
320.85403752326965,4553
326.8816578388214,4552
328.4383487701416,4551
