4.8793346881866455,7017
4.884289026260376,7017
15.439277172088623,7016
19.47404408454895,7015
20.623882293701172,7014
21.657742023468018,7013
27.266379594802856,7012
31.087868690490723,7011
32.3485324382782,7010
34.51018691062927,7009
35.95568823814392,7008
38.24312448501587,7007
39.72641038894653,7006
46.6923623085022,7005
46.8912410736084,7004
48.30036926269531,7003
48.43669295310974,7002
51.31384301185608,7001
57.939292669296265,7000
83.52940845489502,6999
85.36901903152466,6998
93.70876741409302,6997
126.70936918258667,6996
127.83750820159912,6995
178.260333776474,6994
205.7530496120453,6993
224.1279582977295,6992
281.64856004714966,6991
292.1311252117157,6990
336.8707537651062,6989
341.0034227371216,6988
352.0142889022827,6987
369.86436772346497,6986
386.1467478275299,6985
404.9682922363281,6984
411.39180541038513,6983
424.1458876132965,6982
425.0658133029938,6981
429.0508487224579,6980
474.5242762565613,6979
492.02492022514343,6978
510.62020611763,6977
545.1053781509399,6976
551.5428261756897,6975
556.7213292121887,6974
588.003036737442,6973
592.0676779747009,6972
