4.81235408782959,7017
4.817244529724121,7017
8.821416854858398,7016
23.556042909622192,7015
24.882553339004517,7014
40.58092021942139,7013
42.649091482162476,7012
49.288928508758545,7011
50.96227431297302,7010
69.67794942855835,7009
72.94240951538086,7008
76.35596346855164,7007
78.01942873001099,7006
89.9546570777893,7005
90.92471671104431,7004
92.82847571372986,7003
94.282217502594,7002
94.93855428695679,7001
98.01853537559509,7000
99.91742324829102,6999
102.19710397720337,6998
112.22823071479797,6997
114.54780983924866,6996
115.04288625717163,6995
119.03091549873352,6994
126.87103533744812,6993
133.05045580863953,6992
143.8396782875061,6991
154.86236548423767,6990
156.98969316482544,6989
159.99012446403503,6988
165.34499979019165,6987
167.28340435028076,6986
168.22362780570984,6985
168.47308087348938,6984
169.84565019607544,6983
182.83265852928162,6982
187.89884090423584,6981
189.67231059074402,6980
190.50460410118103,6979
201.30184197425842,6978
210.8501718044281,6977
226.42018246650696,6976
227.54976153373718,6975
246.71516942977905,6974
253.28430724143982,6973
258.91881918907166,6972
262.9819598197937,6971
264.7207443714142,6970
280.9669349193573,6969
281.2010018825531,6968
286.19360971450806,6967
335.94653058052063,6966
341.02337527275085,6965
360.43868112564087,6964
380.7847590446472,6963
387.85414266586304,6962
391.677930355072,6961
401.89856219291687,6960
418.2662036418915,6959
452.06832480430603,6958
474.81151819229126,6957
497.220730304718,6956
538.7910423278809,6955
556.2579159736633,6954
