4.796697616577148,7017
4.80157732963562,7017
22.039304494857788,7016
26.238753080368042,7015
27.30974817276001,7014
27.50317931175232,7013
29.206451416015625,7012
32.198615074157715,7011
34.26931977272034,7010
37.33412218093872,7009
51.50190329551697,7008
63.58241653442383,7007
63.71533203125,7006
71.26066851615906,7005
82.14450740814209,7004
87.10851335525513,7003
93.15925526618958,7002
99.83955764770508,7001
103.65528273582458,7000
115.26299118995667,6999
122.2596914768219,6998
122.64112758636475,6997
135.94446754455566,6996
137.60160732269287,6995
144.06856656074524,6994
145.10430073738098,6993
153.70826530456543,6992
155.00594091415405,6991
155.08047437667847,6990
155.72849225997925,6989
156.27627897262573,6988
159.34465169906616,6987
178.04772090911865,6986
187.93443894386292,6985
203.88420701026917,6984
245.7434914112091,6983
249.5866515636444,6982
260.5005602836609,6981
261.7715938091278,6980
263.3689341545105,6979
283.19602155685425,6978
284.6257469654083,6977
287.79588317871094,6976
292.2223401069641,6975
324.0405361652374,6974
369.2093172073364,6973
395.65540647506714,6972
433.4023995399475,6971
441.7561514377594,6970
452.36956238746643,6969
452.69187021255493,6968
481.8920021057129,6967
523.609432220459,6966
528.8302774429321,6965
547.6506564617157,6964
568.9237396717072,6963
577.1801528930664,6962
599.8662164211273,6961
