10.096142530441284,4858
10.103902339935303,4858
10.691189765930176,4857
10.705147504806519,4856
11.40398097038269,4855
11.471917390823364,4854
11.539045810699463,4853
11.609894275665283,4852
11.615996837615967,4851
11.65751838684082,4850
11.937370538711548,4849
11.972968578338623,4848
11.976602554321289,4847
12.00529932975769,4846
12.028087854385376,4845
12.08259105682373,4844
12.473885297775269,4843
12.68469500541687,4842
12.68557357788086,4841
13.118940591812134,4840
13.563424825668335,4839
13.584496974945068,4838
13.798511028289795,4837
14.371862173080444,4836
14.515979766845703,4835
14.530325412750244,4834
14.759170532226562,4833
14.779065370559692,4832
15.179167032241821,4831
15.24797248840332,4830
15.24993634223938,4829
15.44240689277649,4828
15.912707805633545,4827
15.934512853622437,4826
16.274805784225464,4825
16.32792329788208,4824
16.616413116455078,4823
16.66862916946411,4822
16.780115842819214,4821
16.942949056625366,4820
16.943283557891846,4819
16.94723892211914,4818
16.947742700576782,4817
16.959185123443604,4816
16.98032784461975,4815
17.01472759246826,4814
17.124094247817993,4813
17.12800669670105,4812
17.379785776138306,4811
17.419925451278687,4810
17.454582452774048,4809
17.5462486743927,4808
17.54887890815735,4807
17.58314085006714,4806
17.751358032226562,4805
18.07428741455078,4804
18.163990259170532,4803
18.328402042388916,4802
18.62128233909607,4801
18.64912509918213,4800
18.65420699119568,4799
18.9020516872406,4798
19.032102823257446,4797
19.045703172683716,4796
19.068063974380493,4795
19.093854427337646,4794
19.10341191291809,4793
19.13236403465271,4792
19.16551661491394,4791
19.299331665039062,4790
19.485767602920532,4789
19.52483606338501,4788
19.560140371322632,4787
19.807578802108765,4786
20.40250825881958,4785
20.577766180038452,4784
20.61477303504944,4783
21.108169555664062,4782
21.524155378341675,4781
21.727417945861816,4780
21.79753613471985,4779
21.98540949821472,4778
22.008700370788574,4777
22.010484218597412,4776
22.08888268470764,4775
22.478201866149902,4774
22.65557050704956,4773
22.759876489639282,4772
22.82682466506958,4771
22.839850187301636,4770
23.15767240524292,4769
23.450075149536133,4768
23.463465452194214,4767
23.46969246864319,4766
23.49326252937317,4765
23.558026552200317,4764
23.891477346420288,4763
24.624109268188477,4762
24.963719367980957,4761
25.421924352645874,4760
25.629291534423828,4759
25.721019506454468,4758
25.779821157455444,4757
26.24671506881714,4756
26.335200548171997,4755
26.594165563583374,4754
26.696444511413574,4753
26.892604112625122,4752
26.894234895706177,4751
27.075344800949097,4750
27.091074228286743,4749
28.152013063430786,4748
28.174732446670532,4747
28.31814742088318,4746
28.80815577507019,4745
29.037063598632812,4744
29.27717685699463,4743
29.747554063796997,4742
29.87945580482483,4741
30.047203302383423,4740
30.096945762634277,4739
30.260720252990723,4738
30.27336812019348,4737
30.364015817642212,4736
30.75522017478943,4735
30.91215467453003,4734
31.13560652732849,4733
31.418408632278442,4732
31.668013334274292,4731
32.30296349525452,4730
32.43557071685791,4729
32.52732515335083,4728
32.839327812194824,4727
33.01668667793274,4726
33.03272581100464,4725
33.1767680644989,4724
33.35701608657837,4723
33.52080416679382,4722
34.04630374908447,4721
34.08047819137573,4720
34.08227825164795,4719
34.459664821624756,4718
34.620280504226685,4717
35.097089767456055,4716
35.14114212989807,4715
35.1653413772583,4714
35.223079681396484,4713
35.433335065841675,4712
35.58963894844055,4711
35.75857210159302,4710
36.0649938583374,4709
36.08198547363281,4708
36.27099108695984,4707
36.94551420211792,4706
36.9495108127594,4705
37.1002471446991,4704
37.565337896347046,4703
37.57303833961487,4702
37.912822008132935,4701
37.938093423843384,4700
38.2448308467865,4699
38.434184551239014,4698
38.47764253616333,4697
38.846983909606934,4696
38.87686610221863,4695
39.138176679611206,4694
39.8351616859436,4693
39.949790239334106,4692
40.44224166870117,4691
40.4830207824707,4690
40.75558161735535,4689
40.77613186836243,4688
41.14776825904846,4687
41.57612752914429,4686
42.374500036239624,4685
42.390806436538696,4684
42.58841919898987,4683
42.905444622039795,4682
43.02212166786194,4681
43.0945405960083,4680
43.131561040878296,4679
43.27849555015564,4678
43.30419874191284,4677
43.580029010772705,4676
43.75726556777954,4675
44.18388628959656,4674
44.99472498893738,4673
44.999473094940186,4672
45.138540267944336,4671
45.33645486831665,4670
45.355430364608765,4669
45.40089201927185,4668
46.4336998462677,4667
46.51514649391174,4666
46.51547122001648,4665
47.208964109420776,4664
47.70838928222656,4663
48.269217014312744,4662
48.29039525985718,4661
48.75350284576416,4660
49.19183945655823,4659
49.27866005897522,4658
49.36242437362671,4657
49.41849875450134,4656
49.93879055976868,4655
50.36094570159912,4654
50.36866021156311,4653
50.804914474487305,4652
50.83499550819397,4651
50.91548228263855,4650
50.92508339881897,4649
51.20329284667969,4648
51.24166655540466,4647
51.242544174194336,4646
51.25090765953064,4645
51.70876884460449,4644
52.31564497947693,4643
52.45072031021118,4642
52.869407653808594,4641
53.07605481147766,4640
54.17602825164795,4639
54.42153024673462,4638
54.99041557312012,4637
55.833643198013306,4636
56.3777871131897,4635
56.60929203033447,4634
58.177321672439575,4633
58.7814564704895,4632
59.87356185913086,4631
60.01533508300781,4630
60.29826331138611,4629
61.28986740112305,4628
61.81102895736694,4627
62.21831798553467,4626
62.88080978393555,4625
63.292773962020874,4624
63.62929582595825,4623
65.03003287315369,4622
65.54918050765991,4621
65.92225313186646,4620
66.41137433052063,4619
67.26578688621521,4618
67.40335607528687,4617
68.42881155014038,4616
68.45705080032349,4615
68.61417531967163,4614
69.45947265625,4613
70.89180588722229,4612
71.08817434310913,4611
72.10518026351929,4610
72.4639413356781,4609
73.28906488418579,4608
73.29433822631836,4607
73.5860288143158,4606
74.70906901359558,4605
76.44934391975403,4604
77.82454752922058,4603
77.91929483413696,4602
79.33307313919067,4601
79.59787631034851,4600
81.04609537124634,4599
81.19463729858398,4598
81.28926539421082,4597
81.5418643951416,4596
83.69865942001343,4595
84.88385725021362,4594
86.4282808303833,4593
86.80102276802063,4592
90.38247632980347,4591
91.8225474357605,4590
91.94510102272034,4589
93.96079397201538,4588
96.07101631164551,4587
96.44242453575134,4586
98.72460079193115,4585
101.65352416038513,4584
109.53234148025513,4583
110.28131079673767,4582
110.64700770378113,4581
111.33393478393555,4580
114.86352443695068,4579
115.06167650222778,4578
118.13177442550659,4577
121.35916948318481,4576
121.60057091712952,4575
121.86926889419556,4574
126.06787586212158,4573
127.34850335121155,4572
127.49073624610901,4571
130.84460973739624,4570
136.1636106967926,4569
137.54872918128967,4568
137.69424772262573,4567
138.5990023612976,4566
144.98710680007935,4565
153.07184433937073,4564
156.8803482055664,4563
161.66329908370972,4562
164.19256901741028,4561
186.63296508789062,4560
186.699697971344,4559
188.07115292549133,4558
197.5202362537384,4557
205.81796550750732,4556
262.8179717063904,4555
274.5842070579529,4554
288.7186985015869,4553
294.6844234466553,4552
309.7153398990631,4551
312.00638484954834,4550
312.5059652328491,4549
320.90080976486206,4548
344.09158301353455,4547
458.91059732437134,4546
473.02156472206116,4545
