4.822323799133301,7017
4.827221155166626,7017
7.536522150039673,7016
13.80364465713501,7015
23.477388381958008,7014
24.714277267456055,7013
28.19416069984436,7012
32.5040078163147,7011
36.244916677474976,7010
39.46539354324341,7009
51.162707805633545,7008
55.84409236907959,7007
62.745105028152466,7006
67.34684896469116,7005
68.18256711959839,7004
71.36628913879395,7003
76.69806098937988,7002
80.46312999725342,7001
83.23106575012207,7000
84.85221290588379,6999
89.92113733291626,6998
94.58946919441223,6997
94.92478847503662,6996
105.11014819145203,6995
128.56911492347717,6994
129.02113270759583,6993
131.42398118972778,6992
134.85011100769043,6991
143.02357625961304,6990
160.67179322242737,6989
160.8420774936676,6988
168.5101568698883,6987
168.77026414871216,6986
177.39300155639648,6985
177.46573519706726,6984
184.8355574607849,6983
188.3283610343933,6982
189.99948358535767,6981
240.93676662445068,6980
247.85119247436523,6979
255.21870231628418,6978
264.2377278804779,6977
273.84247756004333,6976
288.1441352367401,6975
313.53206849098206,6974
338.6407883167267,6973
361.9518551826477,6972
394.89940905570984,6971
489.9324793815613,6970
495.79771637916565,6969
595.3202369213104,6968
