4.841482639312744,7017
4.846476793289185,7017
9.73532223701477,7016
11.649880647659302,7015
15.115430116653442,7014
24.0399386882782,7013
24.453709363937378,7012
25.575536489486694,7011
26.217194318771362,7010
26.6136372089386,7009
31.14587712287903,7008
32.79623293876648,7007
43.70036721229553,7006
45.9961895942688,7005
47.40489983558655,7004
54.42835760116577,7003
60.69196891784668,7002
62.42628240585327,7001
65.55906176567078,7000
68.32614302635193,6999
69.02444338798523,6998
73.03970718383789,6997
80.09541392326355,6996
80.88743901252747,6995
86.89181566238403,6994
98.96792554855347,6993
102.38855981826782,6992
109.27876329421997,6991
111.5406723022461,6990
113.56887912750244,6989
115.03543949127197,6988
122.58217644691467,6987
129.7861614227295,6986
138.70295000076294,6985
145.99853801727295,6984
150.3983724117279,6983
159.51725006103516,6982
169.802654504776,6981
174.0124659538269,6980
174.77170658111572,6979
179.23998260498047,6978
186.85057544708252,6977
188.11470246315002,6976
188.8411374092102,6975
192.9735562801361,6974
196.85345458984375,6973
209.62040305137634,6972
226.16860437393188,6971
255.58204913139343,6970
308.1713156700134,6969
389.883017539978,6968
404.7678818702698,6967
430.45321393013,6966
489.6030275821686,6965
491.75536608695984,6964
537.9695572853088,6963
558.6029305458069,6962
