10.172637462615967,4858
10.180677652359009,4858
10.966220617294312,4857
10.972517013549805,4856
11.010506868362427,4855
11.086421966552734,4854
11.184037685394287,4853
12.218501567840576,4852
12.622858762741089,4851
12.775792121887207,4850
13.095920085906982,4849
13.175007343292236,4848
13.659363746643066,4847
14.403208494186401,4846
14.425462484359741,4845
14.89117980003357,4844
15.121684789657593,4843
15.68080997467041,4842
16.184608936309814,4841
16.289067029953003,4840
16.51239252090454,4839
16.794039011001587,4838
17.04518175125122,4837
17.097482681274414,4836
17.103766918182373,4835
17.39391827583313,4834
17.49481749534607,4833
17.573068141937256,4832
17.57786774635315,4831
17.674649477005005,4830
17.951417684555054,4829
18.155315399169922,4828
18.16777777671814,4827
18.687737941741943,4826
18.71670126914978,4825
18.76129961013794,4824
18.78735065460205,4823
18.80608057975769,4822
18.964069843292236,4821
19.15334677696228,4820
19.157594680786133,4819
19.199681043624878,4818
19.2620632648468,4817
19.389090061187744,4816
19.648521184921265,4815
20.05701994895935,4814
20.536187648773193,4813
20.536583185195923,4812
20.538594722747803,4811
20.667367219924927,4810
20.697794675827026,4809
20.715190172195435,4808
20.752748012542725,4807
20.789698839187622,4806
21.06322717666626,4805
21.40045738220215,4804
21.429851055145264,4803
21.678932428359985,4802
21.710760831832886,4801
21.722175359725952,4800
21.768378496170044,4799
22.11980700492859,4798
22.265291929244995,4797
22.31476640701294,4796
22.518250226974487,4795
22.665994882583618,4794
23.04825258255005,4793
23.21489953994751,4792
23.36736488342285,4791
23.525315761566162,4790
23.93002462387085,4789
23.944355726242065,4788
24.108922481536865,4787
24.130688428878784,4786
24.13548254966736,4785
24.19881272315979,4784
24.38312578201294,4783
24.416393518447876,4782
24.564725399017334,4781
25.24660634994507,4780
25.703009366989136,4779
25.70862126350403,4778
25.8182954788208,4777
26.002925395965576,4776
26.12825036048889,4775
26.13155460357666,4774
26.145866632461548,4773
26.311318397521973,4772
26.822290897369385,4771
26.91446805000305,4770
27.184640884399414,4769
27.380534410476685,4768
27.548590421676636,4767
27.58596634864807,4766
27.731813669204712,4765
27.73212194442749,4764
27.77409839630127,4763
28.429218530654907,4762
28.433334589004517,4761
28.471920251846313,4760
28.492281198501587,4759
28.523802280426025,4758
28.84445023536682,4757
28.847069263458252,4756
28.94099450111389,4755
28.941226482391357,4754
29.522526502609253,4753
29.55804967880249,4752
29.573129892349243,4751
29.608052253723145,4750
29.610026359558105,4749
29.81760001182556,4748
29.821422815322876,4747
29.834929704666138,4746
29.85724401473999,4745
29.898330688476562,4744
29.943347692489624,4743
30.47797727584839,4742
30.65580654144287,4741
30.661646842956543,4740
31.27568769454956,4739
31.906878232955933,4738
31.930830717086792,4737
31.944968223571777,4736
32.12481927871704,4735
32.29508137702942,4734
32.31436729431152,4733
32.413092851638794,4732
32.455580949783325,4731
32.67368674278259,4730
32.67955923080444,4729
32.79805254936218,4728
32.939146280288696,4727
33.31828737258911,4726
33.55074882507324,4725
33.79676127433777,4724
33.84140396118164,4723
34.181254863739014,4722
34.20844340324402,4721
34.339781522750854,4720
34.62374424934387,4719
34.633654832839966,4718
35.66380977630615,4717
36.165860652923584,4716
36.382609367370605,4715
36.70827078819275,4714
36.72223091125488,4713
36.854466676712036,4712
37.594703674316406,4711
37.62751603126526,4710
37.627707719802856,4709
37.64710855484009,4708
37.832610845565796,4707
37.83471345901489,4706
38.096500396728516,4705
38.26464486122131,4704
38.26776623725891,4703
38.54377102851868,4702
38.59437537193298,4701
38.86908674240112,4700
39.51887583732605,4699
39.84730076789856,4698
40.180541038513184,4697
40.33824825286865,4696
40.546932220458984,4695
41.1379451751709,4694
41.17073655128479,4693
41.74126100540161,4692
41.91637992858887,4691
42.054330587387085,4690
42.27582359313965,4689
42.328857421875,4688
42.38114047050476,4687
42.74020433425903,4686
43.32925271987915,4685
43.48681879043579,4684
43.76989412307739,4683
43.818713665008545,4682
43.98374080657959,4681
44.20589303970337,4680
44.233561515808105,4679
44.44301509857178,4678
45.27413082122803,4677
45.28851652145386,4676
45.35585927963257,4675
45.78323674201965,4674
46.13729691505432,4673
46.211809158325195,4672
46.966540575027466,4671
47.2159321308136,4670
47.67973065376282,4669
47.81233072280884,4668
47.97507905960083,4667
48.16572594642639,4666
48.195579528808594,4665
48.52231764793396,4664
49.03592824935913,4663
49.046929359436035,4662
49.089237451553345,4661
49.104557514190674,4660
49.13257384300232,4659
49.44786310195923,4658
50.04252052307129,4657
50.10264801979065,4656
50.22180104255676,4655
51.8417387008667,4654
51.86998152732849,4653
52.196139097213745,4652
52.614771127700806,4651
53.181244134902954,4650
53.46797013282776,4649
54.18658185005188,4648
54.36013412475586,4647
54.56393480300903,4646
54.75124549865723,4645
56.053165435791016,4644
56.145769119262695,4643
56.15418267250061,4642
56.79197955131531,4641
56.849605321884155,4640
56.911083459854126,4639
56.911186933517456,4638
56.93539381027222,4637
57.434900760650635,4636
57.52874493598938,4635
59.400789976119995,4634
59.579965353012085,4633
59.66379499435425,4632
60.16063618659973,4631
60.47203326225281,4630
60.59306216239929,4629
60.60693287849426,4628
60.973713636398315,4627
61.4629967212677,4626
61.54170489311218,4625
61.95946931838989,4624
62.461604595184326,4623
62.498332023620605,4622
62.62232685089111,4621
63.18510961532593,4620
63.574856758117676,4619
64.55881261825562,4618
65.2387466430664,4617
65.63451337814331,4616
65.63746166229248,4615
65.87577867507935,4614
66.4441785812378,4613
66.83112215995789,4612
67.31768226623535,4611
68.57404255867004,4610
70.58424615859985,4609
71.80322456359863,4608
73.48158669471741,4607
76.52196955680847,4606
76.86864638328552,4605
76.9728672504425,4604
77.96369361877441,4603
78.12219858169556,4602
81.03798031806946,4601
81.04654932022095,4600
81.79293656349182,4599
82.1673698425293,4598
84.56117534637451,4597
86.13271260261536,4596
88.68225240707397,4595
89.5764582157135,4594
89.84251618385315,4593
90.89373350143433,4592
93.59783506393433,4591
94.62500548362732,4590
94.6318838596344,4589
96.257004737854,4588
97.52355432510376,4587
104.67248678207397,4586
106.66070246696472,4585
107.28724765777588,4584
107.37553143501282,4583
108.28360247612,4582
109.19498205184937,4581
123.62721610069275,4580
131.5726673603058,4579
131.7241644859314,4578
133.20495629310608,4577
144.6439085006714,4576
146.5791928768158,4575
150.15119743347168,4574
152.71405172348022,4573
153.10010647773743,4572
155.67762660980225,4571
163.88699293136597,4570
168.9866819381714,4569
179.71458101272583,4568
183.0782675743103,4567
189.70612168312073,4566
191.73204612731934,4565
198.9492244720459,4564
214.03150296211243,4563
222.69784021377563,4562
229.05773901939392,4561
229.9545121192932,4560
238.29404139518738,4559
242.93455386161804,4558
249.58683347702026,4557
279.3527178764343,4556
307.8586254119873,4555
333.9789571762085,4554
339.56565713882446,4553
355.52143263816833,4552
433.33046770095825,4551
444.2792179584503,4550
497.9249048233032,4549
553.7528250217438,4548
570.0305755138397,4547
