10.114535808563232,4858
10.122377157211304,4858
10.652181148529053,4857
10.845662832260132,4856
11.117446899414062,4855
11.713581562042236,4854
12.467012882232666,4853
12.687758207321167,4852
13.15720510482788,4851
13.249019861221313,4850
13.324043989181519,4849
13.555676698684692,4848
13.74135708808899,4847
13.770094156265259,4846
13.950706243515015,4845
14.014205694198608,4844
14.322744846343994,4843
14.324069499969482,4842
14.335695505142212,4841
14.521432399749756,4840
14.652724027633667,4839
15.015349864959717,4838
15.103592157363892,4837
15.19467568397522,4836
15.203476428985596,4835
15.776435136795044,4834
16.133777141571045,4833
16.13729739189148,4832
16.137526750564575,4831
16.26930522918701,4830
16.43090534210205,4829
16.504395246505737,4828
16.585492372512817,4827
16.664530992507935,4826
16.87613034248352,4825
16.912378311157227,4824
17.100125551223755,4823
17.45648980140686,4822
17.55863857269287,4821
17.756141185760498,4820
17.947842121124268,4819
17.998454570770264,4818
18.04530906677246,4817
18.066168546676636,4816
18.06835651397705,4815
18.215739727020264,4814
18.225046396255493,4813
18.231611251831055,4812
18.533605337142944,4811
18.53439497947693,4810
18.66522789001465,4809
18.92269539833069,4808
18.96175241470337,4807
18.971534729003906,4806
18.982485055923462,4805
19.204106330871582,4804
19.23723030090332,4803
19.239256381988525,4802
19.37425446510315,4801
19.407098054885864,4800
19.551182985305786,4799
19.774756908416748,4798
19.808807611465454,4797
19.85118842124939,4796
20.15129065513611,4795
20.313576221466064,4794
20.32184886932373,4793
20.45655918121338,4792
20.64370083808899,4791
20.662869453430176,4790
20.71745276451111,4789
20.731833934783936,4788
20.754301071166992,4787
20.957239389419556,4786
20.962875843048096,4785
21.167829513549805,4784
21.493228435516357,4783
21.66054916381836,4782
21.863417863845825,4781
21.914002656936646,4780
21.929083585739136,4779
21.94443655014038,4778
21.95952868461609,4777
22.159590482711792,4776
22.290122032165527,4775
22.31451940536499,4774
23.153446912765503,4773
23.174015045166016,4772
23.243329286575317,4771
23.533190727233887,4770
23.543360233306885,4769
23.923858165740967,4768
24.101588249206543,4767
24.115164279937744,4766
24.52422547340393,4765
24.660837411880493,4764
25.031116485595703,4763
25.042317152023315,4762
25.209983825683594,4761
25.657917976379395,4760
25.767820835113525,4759
25.787455320358276,4758
25.801653385162354,4757
25.80374526977539,4756
25.89398741722107,4755
26.029317378997803,4754
26.11812710762024,4753
26.136656522750854,4752
26.22400951385498,4751
26.397759199142456,4750
26.47477960586548,4749
26.743947982788086,4748
26.958659410476685,4747
26.96981191635132,4746
26.973737955093384,4745
27.04490327835083,4744
27.12034511566162,4743
27.177552938461304,4742
27.292911291122437,4741
27.30118227005005,4740
27.75087881088257,4739
28.21681261062622,4738
28.252711534500122,4737
28.26474094390869,4736
28.565011978149414,4735
28.966543436050415,4734
29.010042190551758,4733
29.0221426486969,4732
29.159806728363037,4731
29.228479623794556,4730
29.908121585845947,4729
30.638970136642456,4728
30.64527678489685,4727
30.79515027999878,4726
30.807265758514404,4725
30.86545705795288,4724
31.323082208633423,4723
31.50815200805664,4722
32.1634521484375,4721
32.163556814193726,4720
32.28497052192688,4719
32.288191080093384,4718
32.85619044303894,4717
33.247690200805664,4716
33.31559896469116,4715
33.318920850753784,4714
33.750572681427,4713
33.773648500442505,4712
33.82079243659973,4711
33.849576473236084,4710
34.149290800094604,4709
34.50874423980713,4708
34.822914838790894,4707
35.05013680458069,4706
35.05039310455322,4705
35.051560163497925,4704
36.04193830490112,4703
36.68470549583435,4702
37.095595359802246,4701
37.37276291847229,4700
37.42447638511658,4699
37.70275044441223,4698
37.740519285202026,4697
37.83869695663452,4696
38.35553956031799,4695
38.79905080795288,4694
39.26085662841797,4693
39.26109957695007,4692
39.70055627822876,4691
39.967374086380005,4690
40.0363233089447,4689
40.54833436012268,4688
40.60331082344055,4687
40.72435903549194,4686
40.92919993400574,4685
41.01429319381714,4684
41.06986117362976,4683
41.43848371505737,4682
41.594987630844116,4681
41.857587814331055,4680
42.08148980140686,4679
42.25698184967041,4678
42.761650800704956,4677
42.795989990234375,4676
43.04704809188843,4675
44.23198485374451,4674
44.553058385849,4673
45.13663363456726,4672
45.1369206905365,4671
45.44909167289734,4670
46.05674433708191,4669
46.09666442871094,4668
46.99357056617737,4667
46.99617600440979,4666
46.99807667732239,4665
47.0994815826416,4664
47.380674600601196,4663
47.39475131034851,4662
47.39994263648987,4661
47.40141034126282,4660
47.691794872283936,4659
48.23118329048157,4658
48.50626349449158,4657
48.57677102088928,4656
48.66205286979675,4655
48.779940128326416,4654
48.850075006484985,4653
50.28410792350769,4652
50.8342170715332,4651
50.83542013168335,4650
51.31887125968933,4649
52.11237144470215,4648
53.329277753829956,4647
53.33851385116577,4646
53.76133680343628,4645
54.34329414367676,4644
54.577003717422485,4643
54.7148003578186,4642
54.92132592201233,4641
56.34696817398071,4640
56.65241074562073,4639
56.82945799827576,4638
57.71962332725525,4637
58.08654475212097,4636
59.389684438705444,4635
60.46717596054077,4634
60.680750608444214,4633
61.16402554512024,4632
61.875343799591064,4631
62.411885261535645,4630
63.478187084198,4629
63.50580644607544,4628
63.94764590263367,4627
64.15514159202576,4626
64.84899568557739,4625
65.76175498962402,4624
65.80606579780579,4623
67.04148745536804,4622
67.04215240478516,4621
67.19489431381226,4620
67.77702975273132,4619
68.88668775558472,4618
69.73003554344177,4617
70.36938691139221,4616
71.39864993095398,4615
72.02179312705994,4614
72.1381459236145,4613
72.36626267433167,4612
72.8015820980072,4611
72.90848445892334,4610
73.16394448280334,4609
73.28831100463867,4608
73.55282998085022,4607
74.43456506729126,4606
76.47004342079163,4605
78.55095767974854,4604
79.9499773979187,4603
80.90721130371094,4602
83.69236373901367,4601
85.32377433776855,4600
85.75695848464966,4599
85.82969117164612,4598
86.06171083450317,4597
86.22968482971191,4596
86.86493134498596,4595
88.35833215713501,4594
89.89215445518494,4593
90.10395550727844,4592
91.31556177139282,4591
91.82199931144714,4590
95.64152884483337,4589
99.3883409500122,4588
100.45184755325317,4587
103.71201419830322,4586
104.10431456565857,4585
106.68324160575867,4584
109.61965274810791,4583
112.69316244125366,4582
113.39682006835938,4581
115.02172088623047,4580
118.3279128074646,4579
121.50978660583496,4578
121.57266855239868,4577
127.16098999977112,4576
128.5097234249115,4575
130.57337427139282,4574
132.07754635810852,4573
141.33182907104492,4572
154.7035653591156,4571
154.98114275932312,4570
163.155175447464,4569
165.04948472976685,4568
167.99831318855286,4567
171.56940841674805,4566
175.58962225914001,4565
182.1899857521057,4564
184.06359386444092,4563
187.29674100875854,4562
197.02266025543213,4561
200.44725728034973,4560
214.0891854763031,4559
220.2632007598877,4558
239.8285608291626,4557
240.62884426116943,4556
266.32276916503906,4555
301.0031225681305,4554
355.9700882434845,4553
360.6711084842682,4552
433.70166778564453,4551
538.987113237381,4550
