3.5915539264678955,14105
6.52147102355957,14104
8.062780618667603,14103
9.613630533218384,14102
12.64553427696228,14101
14.110333681106567,14100
15.601163148880005,14097
18.51844811439514,14095
21.502049446105957,14094
24.52502965927124,14092
26.060566663742065,14091
29.011823892593384,14087
30.52311635017395,14086
31.974645137786865,14084
34.8854923248291,14082
37.89768052101135,14081
39.43843412399292,14080
40.85651445388794,14075
48.2126190662384,14074
49.69514560699463,14072
54.140671730041504,14071
55.67888140678406,14070
57.210960149765015,14068
60.09956693649292,14067
61.608161211013794,14065
64.58903336524963,14062
67.57250213623047,14061
70.46801924705505,14059
73.39513564109802,14056
77.71445202827454,14055
79.17683410644531,14053
82.21981859207153,14052
83.66145420074463,14050
85.1382966041565,14049
88.2475380897522,14048
89.64071106910706,14046
92.59557700157166,14045
94.05990791320801,14044
95.53177165985107,14041
98.57155561447144,14040
100.04882860183716,14038
102.99636101722717,14037
104.45077204704285,14034
107.41604375839233,14032
108.9291205406189,14030
111.88037633895874,14028
113.34161877632141,14027
116.30356478691101,14026
117.77840518951416,14025
119.3587577342987,14024
122.216792345047,14023
123.7277615070343,14021
125.19544386863708,14019
128.21008944511414,14017
129.70632553100586,14015
132.7126703262329,14014
134.2345633506775,14013
135.7172498703003,14011
141.6306025981903,14009
143.17376446723938,14007
146.2570366859436,14006
147.6567244529724,14005
149.1142771244049,14003
150.56914401054382,14000
152.07972311973572,13998
156.83879232406616,13996
161.174489736557,13994
164.1867914199829,13993
165.74123334884644,13991
167.3424985408783,13989
170.3387267589569,13987
173.26031255722046,13986
174.7970335483551,13985
176.30676102638245,13984
179.2212677001953,13980
183.66026902198792,13978
186.52792310714722,13975
189.44839096069336,13974
190.9060082435608,13973
192.4604208469391,13972
195.4851598739624,13969
197.01649975776672,13968
198.46010398864746,13967
199.93759393692017,13966
201.40685439109802,13965
202.87027549743652,13963
204.38768076896667,13962
205.8517141342163,13961
207.4032850265503,13959
210.4174256324768,13956
214.9626271724701,13954
217.89388370513916,13953
219.4523184299469,13952
222.3798999786377,13949
226.75725769996643,13948
229.6061098575592,13946
232.57800221443176,13945
234.0824031829834,13944
235.63955640792847,13943
237.14363646507263,13942
238.6359679698944,13940
241.59757280349731,13936
243.046875,13935
246.03280448913574,13934
248.9346182346344,13932
251.94633507728577,13929
254.90294337272644,13926
257.8676917552948,13925
259.3382375240326,13922
265.2290081977844,13919
268.1377463340759,13918
271.1194715499878,13917
272.6876974105835,13915
275.6443316936493,13912
280.05058002471924,13911
281.4484293460846,13909
285.79838824272156,13908
287.285906791687,13907
288.8909652233124,13905
292.01388669013977,13903
296.53205394744873,13901
301.07471442222595,13899
304.0690631866455,13897
307.05120182037354,13896
310.0435903072357,13894
313.15273904800415,13893
314.6721611022949,13892
316.15141248703003,13891
319.02430605888367,13890
321.928019285202,13887
324.90809059143066,13886
327.7410559654236,13884
329.15336322784424,13883
333.7345838546753,13881
336.6673746109009,13879
338.13280963897705,13876
341.1375107765198,13875
343.99494218826294,13874
345.5578911304474,13871
348.48750281333923,13869
351.4102580547333,13866
354.4030179977417,13864
355.8488953113556,13862
358.7624797821045,13861
361.84748935699463,13859
363.40574526786804,13858
366.249871969223,13857
369.2228548526764,13856
370.7154805660248,13853
375.17987537384033,13851
376.63032698631287,13850
378.05006527900696,13849
382.4844009876251,13846
383.9943675994873,13845
385.47094988822937,13844
388.47210907936096,13843
389.98861598968506,13842
391.5022075176239,13841
393.05279994010925,13840
394.4952211380005,13838
397.50584077835083,13837
400.43649673461914,13836
401.9712886810303,13835
403.398015499115,13833
406.31148409843445,13832
407.8125422000885,13831
412.18303871154785,13829
413.6041123867035,13828
415.07140851020813,13826
416.54488825798035,13824
420.98627257347107,13822
425.324636220932,13821
426.7670063972473,13816
431.27882409095764,13814
435.7054190635681,13811
437.15048480033875,13810
440.1740996837616,13808
441.71824288368225,13807
444.75321555137634,13805
447.84004187583923,13804
449.247460603714,13803
450.7250497341156,13800
453.764279127121,13799
455.24917483329773,13798
458.22389578819275,13797
459.7577586174011,13796
461.24815464019775,13794
462.76448130607605,13793
464.24486231803894,13792
469.97884249687195,13790
471.48810935020447,13788
474.53604316711426,13786
475.9757113456726,13785
478.9218199253082,13784
481.91174578666687,13783
483.3975565433502,13781
486.2582151889801,13780
489.3312134742737,13778
490.82470536231995,13776
492.3771779537201,13773
496.71681666374207,13772
498.06036829948425,13771
499.4886951446533,13768
504.01054859161377,13767
505.5799515247345,13766
508.4864876270294,13762
509.98804116249084,13758
514.4424378871918,13757
516.014809846878,13756
518.8690781593323,13753
524.6983103752136,13751
526.320506811142,13749
527.7877430915833,13748
529.3017661571503,13745
533.8373377323151,13743
536.667263507843,13742
539.6901378631592,13740
541.1680157184601,13739
544.0479683876038,13737
547.015282869339,13736
548.4951984882355,13734
549.9547784328461,13732
554.4171690940857,13730
555.9222395420074,13729
558.8137657642365,13727
561.676834821701,13726
564.5132522583008,13724
567.471467256546,13723
568.9359798431396,13722
570.4742772579193,13721
572.0077052116394,13719
576.4197885990143,13718
577.8625643253326,13716
580.8652698993683,13715
582.4270384311676,13709
585.4380016326904,13708
589.9124655723572,13707
592.7553453445435,13705
594.2134394645691,13704
595.7103850841522,13702
598.6028554439545,13698
598.60936,13698