3.714690685272217,14105
5.184209108352661,14104
6.59344482421875,14103
8.050198078155518,14101
11.185720443725586,14099
12.588061094284058,14098
15.409144401550293,14097
16.942034482955933,14094
19.868763208389282,14093
21.37421703338623,14092
24.270172119140625,14090
25.74802827835083,14089
27.232197999954224,14088
28.694178819656372,14087
30.176482915878296,14084
33.17673897743225,14083
34.71519136428833,14082
37.6318998336792,14079
39.106730937957764,14078
41.925554275512695,14076
44.87884044647217,14074
46.31025409698486,14072
50.748892068862915,14071
52.21370196342468,14069
53.7804388999939,14068
56.62366962432861,14066
59.5553834438324,14063
63.859768867492676,14061
65.26097130775452,14060
66.74634408950806,14059
68.25362658500671,14058
69.65104055404663,14057
71.0869619846344,14054
76.98114609718323,14053
78.34857940673828,14052
81.09438681602478,14050
84.03839468955994,14048
87.00432920455933,14046
88.43530082702637,14040
94.36024713516235,14039
95.78665041923523,14038
97.27143335342407,14037
98.71209502220154,14036
101.68672752380371,14035
103.17524290084839,14034
104.61925101280212,14033
106.1299180984497,14032
107.57594847679138,14031
109.01152014732361,14029
111.97256469726562,14027
114.77064895629883,14026
116.29144525527954,14024
117.80686259269714,14022
120.6825852394104,14020
122.16269302368164,14019
123.64894199371338,14018
126.62490510940552,14017
128.11093950271606,14015
129.55026721954346,14014
131.09546494483948,14012
132.553147315979,14011
135.397696018219,14010
136.87355947494507,14009
138.4005036354065,14008
139.8973639011383,14007
141.48976850509644,14006
142.92621111869812,14005
144.47113847732544,14003
148.92175006866455,14002
150.41338062286377,14000
151.94867253303528,13999
154.79399967193604,13997
156.26521372795105,13996
157.7277274131775,13995
160.5932331085205,13994
162.09115743637085,13992
164.9740309715271,13990
169.40298199653625,13988
170.83598709106445,13985
175.1704864501953,13983
176.59907865524292,13981
178.05640316009521,13980
179.54528427124023,13978
182.54715704917908,13976
185.41829109191895,13974
187.0233278274536,13973
189.92744898796082,13972
191.32088136672974,13970
194.24758458137512,13969
195.8358509540558,13968
197.3307375907898,13966
198.75809812545776,13964
201.54728937149048,13962
202.94456696510315,13961
205.91328310966492,13959
208.70096850395203,13958
210.20821356773376,13956
214.5945324897766,13954
217.41963624954224,13951
221.74905347824097,13950
223.25639629364014,13948
226.25825929641724,13947
227.76479864120483,13944
230.66107630729675,13943
232.14979338645935,13942
233.59664940834045,13940
236.53471899032593,13939
237.9067258834839,13937
239.46326231956482,13936
242.27887725830078,13934
246.8185956478119,13933
248.30231547355652,13932
251.12986707687378,13930
252.67345643043518,13927
254.16773891448975,13924
258.5374267101288,13922
260.04447770118713,13921
263.030104637146,13920
264.45094108581543,13919
265.9484522342682,13918
267.4199001789093,13917
270.3122854232788,13916
271.86011934280396,13915
273.2440719604492,13914
276.24905014038086,13911
279.17073798179626,13908
283.64132833480835,13906
285.0461287498474,13905
287.92168283462524,13904
289.3782756328583,13903
290.89374828338623,13901
292.5197765827179,13899
298.24570894241333,13896
302.6750235557556,13893
304.1699466705322,13892
305.65724205970764,13890
307.1151041984558,13889
311.4016811847687,13887
312.90877532958984,13886
314.3695492744446,13885
315.7351031303406,13884
317.1399230957031,13881
318.6260108947754,13879
320.11463928222656,13878
321.5852544307709,13877
325.87512731552124,13876
327.2701222896576,13875
330.28876757621765,13873
331.6548435688019,13871
334.6314175128937,13869
338.9987132549286,13866
341.83031272888184,13865
343.36412477493286,13864
344.86671352386475,13862
346.28200221061707,13860
349.40462613105774,13858
355.3730926513672,13856
356.8207845687866,13855
359.79756903648376,13854
361.15636563301086,13852
362.57801127433777,13851
363.9928638935089,13850
365.45765376091003,13848
368.31568479537964,13847
369.7725763320923,13846
374.07735109329224,13844
377.1389970779419,13843
378.6662383079529,13842
380.16491508483887,13840
381.6329290866852,13839
384.6589617729187,13834
389.11899304389954,13833
393.51567244529724,13831
394.9937255382538,13829
398.05724692344666,13827
401.11193680763245,13825
402.6762592792511,13823
405.6178848743439,13822
407.07581639289856,13821
408.5805902481079,13820
411.55295157432556,13818
415.96663880348206,13816
419.0129072666168,13815
420.48315930366516,13813
421.91178488731384,13812
424.7906970977783,13810
426.29866123199463,13809
427.79411792755127,13807
432.3036515712738,13806
433.73715019226074,13804
436.7122688293457,13803
438.22391176223755,13801
439.66707015037537,13800
441.0755844116211,13799
442.60010957717896,13798
444.0942177772522,13797
445.4668679237366,13796
448.50086212158203,13794
450.02634716033936,13793
451.4523241519928,13792
452.8718514442444,13791
454.37045979499817,13789
457.3944866657257,13788
458.91191387176514,13786
460.3786678314209,13785
463.2966272830963,13784
464.89248728752136,13783
466.3974976539612,13782
469.42406249046326,13781
470.9345500469208,13778
477.0954370498657,13776
478.493066072464,13775
481.45181918144226,13774
482.887814283371,13772
484.33229184150696,13770
485.83632254600525,13767
490.3020279407501,13764
494.6984963417053,13763
496.2074589729309,13762
497.62472462654114,13760
499.1088318824768,13759
500.5593717098236,13757
502.0801649093628,13756
506.6516718864441,13754
510.90322613716125,13753
512.3788475990295,13751
513.8119459152222,13748
516.9722990989685,13747
521.3339102268219,13743
522.8591115474701,13742
524.3001918792725,13741
527.256856918335,13740
530.0742268562317,13739
533.051548242569,13736
537.4141697883606,13733
541.7180609703064,13732
543.261223077774,13731
544.7417390346527,13730
546.2426097393036,13728
549.1578235626221,13726
550.6132366657257,13725
552.0427656173706,13721
559.3349258899689,13719
560.788569688797,13715
565.1219942569733,13713
567.9503798484802,13712
570.9239711761475,13709
572.3684947490692,13708
575.348094701767,13707
576.8206567764282,13703
578.4001393318176,13702
581.2419860363007,13699
584.003525018692,13696
588.2297005653381,13694
589.7429006099701,13692
592.732263803482,13691
594.2490532398224,13690
595.7502613067627,13688
598.7255480289459,13687
598.73231,13687