4.826192140579224,7017
4.831092357635498,7017
13.975331544876099,7016
14.482595920562744,7015
16.75297784805298,7014
19.183753728866577,7013
19.19640040397644,7012
24.573736667633057,7011
26.185738801956177,7010
27.289097547531128,7009
28.792543649673462,7008
30.308674812316895,7007
33.48202633857727,7006
35.704540491104126,7005
37.61839437484741,7004
37.66754984855652,7003
37.79196262359619,7002
40.88197922706604,7001
41.30488586425781,7000
42.43115448951721,6999
48.80664348602295,6998
61.94936561584473,6997
77.60228514671326,6996
78.17658019065857,6995
104.8588969707489,6994
122.0194046497345,6993
152.69869256019592,6992
162.0964183807373,6991
169.8366482257843,6990
174.41744446754456,6989
178.26999855041504,6988
178.98609352111816,6987
181.6453137397766,6986
183.07797598838806,6985
185.4387662410736,6984
189.97453689575195,6983
190.79305219650269,6982
200.01488590240479,6981
214.43710780143738,6980
233.84440422058105,6979
255.19937825202942,6978
258.1820774078369,6977
263.4873559474945,6976
319.78755354881287,6975
321.3971230983734,6974
327.85653352737427,6973
346.3708634376526,6972
351.37789011001587,6971
379.2844443321228,6970
431.11725640296936,6969
439.10290694236755,6968
456.8199644088745,6967
470.7911465167999,6966
522.3982782363892,6965
554.4502506256104,6964
