10.208796739578247,4858
10.216735363006592,4858
11.508026123046875,4857
11.968584775924683,4856
12.191370010375977,4855
12.328216314315796,4854
12.548004865646362,4853
12.699416875839233,4852
13.320072174072266,4851
13.32023286819458,4850
13.81023359298706,4849
14.023457288742065,4848
14.077352523803711,4847
14.417463302612305,4846
14.516232013702393,4845
14.558197498321533,4844
15.151498794555664,4843
15.229209899902344,4842
15.276737928390503,4841
15.28603982925415,4840
15.363619327545166,4839
15.621183156967163,4838
15.63492226600647,4837
15.662424087524414,4836
15.662654638290405,4835
15.884102821350098,4834
15.891112565994263,4833
15.989776372909546,4832
16.009809255599976,4831
16.266196966171265,4830
16.400121450424194,4829
16.485629320144653,4828
16.53041386604309,4827
16.661972045898438,4826
16.666276454925537,4825
16.777219533920288,4824
16.817562103271484,4823
17.600966215133667,4822
17.62602472305298,4821
17.62803626060486,4820
17.839902639389038,4819
18.18326234817505,4818
18.422654390335083,4817
18.5064537525177,4816
18.50985884666443,4815
18.5321147441864,4814
18.566251039505005,4813
18.75861954689026,4812
18.762627363204956,4811
18.77810001373291,4810
18.8014018535614,4809
18.93778944015503,4808
19.177673816680908,4807
19.242238759994507,4806
19.33952760696411,4805
19.341010570526123,4804
19.419962644577026,4803
19.98494291305542,4802
20.30939292907715,4801
20.316188097000122,4800
20.326545476913452,4799
20.379090785980225,4798
20.526737451553345,4797
20.602556228637695,4796
20.983797550201416,4795
21.07111358642578,4794
21.31524658203125,4793
21.32522201538086,4792
21.327738046646118,4791
21.334863662719727,4790
21.50590181350708,4789
21.50884222984314,4788
21.72814631462097,4787
22.01279091835022,4786
22.216822385787964,4785
22.22597622871399,4784
22.250340700149536,4783
22.595198392868042,4782
22.90288233757019,4781
22.914310932159424,4780
23.07025694847107,4779
23.210767030715942,4778
23.440600872039795,4777
23.46444845199585,4776
23.486119270324707,4775
23.687007427215576,4774
23.687212228775024,4773
23.794536590576172,4772
23.98934030532837,4771
24.18527102470398,4770
24.38756251335144,4769
24.881840229034424,4768
25.24349331855774,4767
25.273041248321533,4766
25.36666703224182,4765
25.37928557395935,4764
25.6196129322052,4763
25.912755250930786,4762
25.931907415390015,4761
26.18380856513977,4760
26.364071369171143,4759
26.463526725769043,4758
26.607123613357544,4757
26.79816722869873,4756
27.311423301696777,4755
27.56605553627014,4754
27.832575798034668,4753
28.118993759155273,4752
28.1624174118042,4751
28.250943183898926,4750
28.29346537590027,4749
28.428019762039185,4748
28.476985931396484,4747
28.632490634918213,4746
28.73880910873413,4745
28.95016384124756,4744
29.319772958755493,4743
29.712376356124878,4742
30.248634099960327,4741
30.40393567085266,4740
30.41645097732544,4739
31.011465549468994,4738
31.197238445281982,4737
31.20339822769165,4736
31.674451112747192,4735
31.683696269989014,4734
32.30851697921753,4733
32.4236798286438,4732
32.4941041469574,4731
32.52276539802551,4730
32.52399206161499,4729
32.52865409851074,4728
32.7167763710022,4727
32.89726448059082,4726
33.07982850074768,4725
33.33416533470154,4724
33.42331099510193,4723
33.54435896873474,4722
33.56147289276123,4721
34.44947338104248,4720
34.52842378616333,4719
35.29740905761719,4718
35.34619736671448,4717
35.35559296607971,4716
35.43287110328674,4715
35.561575412750244,4714
36.111164569854736,4713
36.19568634033203,4712
36.57907962799072,4711
36.69315218925476,4710
36.696779012680054,4709
37.41983652114868,4708
37.44688415527344,4707
37.639341831207275,4706
37.7858145236969,4705
38.32043266296387,4704
38.892436265945435,4703
38.94706845283508,4702
39.0915265083313,4701
39.335246324539185,4700
39.3652925491333,4699
39.76620125770569,4698
39.8513970375061,4697
39.91981267929077,4696
40.32471942901611,4695
40.46966576576233,4694
41.02373814582825,4693
42.0893976688385,4692
42.11054253578186,4691
42.2380268573761,4690
42.60763168334961,4689
43.06569457054138,4688
43.10388946533203,4687
43.618876934051514,4686
44.080350399017334,4685
44.95149254798889,4684
45.15930771827698,4683
45.24774622917175,4682
45.40003848075867,4681
45.42009449005127,4680
45.50278902053833,4679
46.08104419708252,4678
46.59455990791321,4677
47.313395977020264,4676
47.65164613723755,4675
47.76429986953735,4674
48.5846803188324,4673
48.73438262939453,4672
49.024493932724,4671
49.05295252799988,4670
49.42051124572754,4669
49.618842363357544,4668
50.55122470855713,4667
51.1191349029541,4666
51.20027685165405,4665
51.72066068649292,4664
51.78222060203552,4663
52.28526949882507,4662
52.52416753768921,4661
53.556612730026245,4660
53.82643389701843,4659
54.321727991104126,4658
54.90231156349182,4657
55.79222631454468,4656
56.86663866043091,4655
58.62652277946472,4654
58.62711524963379,4653
58.85913133621216,4652
59.005109548568726,4651
59.07389569282532,4650
59.966519355773926,4649
61.8865602016449,4648
62.24912142753601,4647
62.613584995269775,4646
63.77742624282837,4645
64.07975339889526,4644
64.1196231842041,4643
64.13694262504578,4642
64.15217709541321,4641
64.39919590950012,4640
65.3543975353241,4639
65.38813328742981,4638
65.44589567184448,4637
65.76214218139648,4636
66.3619122505188,4635
68.4984757900238,4634
68.51673579216003,4633
70.46558499336243,4632
70.47463321685791,4631
70.8248815536499,4630
71.2168345451355,4629
71.45973539352417,4628
72.05169367790222,4627
72.59239768981934,4626
75.12203764915466,4625
76.09350490570068,4624
76.25844192504883,4623
76.615065574646,4622
77.08348655700684,4621
77.33104085922241,4620
77.98538899421692,4619
78.52607440948486,4618
78.5697991847992,4617
79.0693097114563,4616
79.52683520317078,4615
81.83461356163025,4614
82.7065954208374,4613
84.10706686973572,4612
84.18243956565857,4611
84.36536622047424,4610
84.78128743171692,4609
84.95055937767029,4608
85.36449265480042,4607
87.12023282051086,4606
87.37402248382568,4605
89.19129061698914,4604
89.82081818580627,4603
90.73053312301636,4602
91.05557155609131,4601
91.78758072853088,4600
92.75289106369019,4599
93.45250821113586,4598
94.15049505233765,4597
94.17972254753113,4596
94.25827980041504,4595
94.53354239463806,4594
94.5692229270935,4593
96.75631785392761,4592
97.4500777721405,4591
98.56053757667542,4590
101.54686093330383,4589
105.76972103118896,4588
106.82365560531616,4587
108.50972890853882,4586
109.29388499259949,4585
110.47043418884277,4584
111.27604269981384,4583
115.36813497543335,4582
117.98720145225525,4581
118.17034268379211,4580
118.92304539680481,4579
119.35759162902832,4578
119.41425848007202,4577
121.2445912361145,4576
121.60816788673401,4575
124.25970888137817,4574
129.6716914176941,4573
133.69005227088928,4572
136.57210421562195,4571
136.71762466430664,4570
137.92072057724,4569
138.75480246543884,4568
140.36031103134155,4567
140.96648478507996,4566
142.94100880622864,4565
153.8870551586151,4564
154.17614841461182,4563
157.86836862564087,4562
158.22685527801514,4561
171.2229528427124,4560
182.80633926391602,4559
193.99240851402283,4558
194.0140564441681,4557
236.79919743537903,4556
237.33063077926636,4555
247.00158166885376,4554
255.11083889007568,4553
268.0420792102814,4552
300.0381369590759,4551
349.5515148639679,4550
370.25088453292847,4549
398.1604976654053,4548
434.6639721393585,4547
