3.780799388885498,14104
6.763963222503662,14103
8.240490198135376,14102
11.204986572265625,14100
12.806549549102783,14098
15.853426933288574,14097
18.800365686416626,14095
23.207762002944946,14093
27.92202663421631,14090
29.421524047851562,14087
32.46427655220032,14086
34.00847792625427,14084
37.07984161376953,14083
38.65567493438721,14082
40.176003217697144,14080
41.74600911140442,14079
43.280978202819824,14078
46.24140810966492,14077
49.18876028060913,14074
52.18620729446411,14072
53.69269847869873,14070
56.80453634262085,14069
58.35483932495117,14068
59.91778206825256,14067
61.43718886375427,14066
62.97992920875549,14065
64.51845622062683,14063
68.87798428535461,14061
71.88351202011108,14059
73.53178906440735,14057
75.06257700920105,14056
76.59958386421204,14055
78.1409056186676,14053
81.1200942993164,14052
82.54296684265137,14051
84.09849333763123,14050
85.60365843772888,14049
87.08027672767639,14047
88.60748672485352,14045
91.61606645584106,14043
96.0490472316742,14041
99.0038697719574,14039
100.53399205207825,14038
101.9753201007843,14036
104.99530100822449,14034
106.57674479484558,14033
109.80167078971863,14032
112.84466242790222,14029
117.26522660255432,14027
120.42058253288269,14024
123.41442441940308,14023
124.90230655670166,14020
126.48092460632324,14019
127.91452646255493,14017
129.50672578811646,14015
132.59041452407837,14013
137.2756962776184,14009
143.2890179157257,14007
144.78651213645935,14006
146.4019157886505,14004
147.85713815689087,14003
149.39051175117493,14002
152.46171474456787,14000
156.9089059829712,13998
158.47836208343506,13997
160.03979754447937,13995
164.79326510429382,13994
166.2604899406433,13991
167.78993701934814,13990
170.85027170181274,13988
172.36316514015198,13987
173.85903120040894,13985
176.76899027824402,13982
178.23131203651428,13981
182.93184614181519,13978
186.06231784820557,13977
187.58086371421814,13975
189.15185070037842,13973
192.1059787273407,13972
193.6242275238037,13971
198.10083889961243,13968
202.6070876121521,13965
207.2255482673645,13963
210.32353234291077,13960
213.41578149795532,13959
214.84673500061035,13957
219.34238052368164,13956
220.8019723892212,13954
223.89446449279785,13953
225.36398911476135,13951
226.85100555419922,13950
228.32183265686035,13949
231.29938006401062,13948
232.80155110359192,13947
234.28495860099792,13946
235.8135530948639,13945
237.3731348514557,13944
240.4197108745575,13942
241.92111563682556,13941
243.41975045204163,13939
246.39987206459045,13938
247.82054257392883,13937
249.3791151046753,13936
250.84323024749756,13934
252.34887862205505,13933
253.85218620300293,13928
256.986962556839,13927
258.55493545532227,13925
263.0722191333771,13924
264.6240727901459,13923
266.07351064682007,13922
267.6233215332031,13921
269.1828441619873,13920
270.65096282958984,13919
272.1226382255554,13918
273.63410687446594,13917
275.075777053833,13916
276.5581314563751,13914
279.6040346622467,13913
282.764803647995,13910
285.761266708374,13908
287.24063324928284,13907
288.86900544166565,13904
293.43482208251953,13903
295.0092170238495,13900
298.0049612522125,13897
302.52980399131775,13895
305.7261805534363,13894
308.74413990974426,13891
311.77835273742676,13890
313.37411522865295,13889
314.9293293952942,13888
317.94208788871765,13886
319.4307563304901,13884
320.9808440208435,13882
327.28455328941345,13880
328.7906925678253,13878
333.3966565132141,13876
334.8999309539795,13875
336.3598618507385,13874
339.4446289539337,13873
340.9197804927826,13872
343.95068550109863,13870
345.5697166919708,13869
347.10599660873413,13868
350.1242711544037,13867
351.62789821624756,13866
353.06767177581787,13865
354.51541805267334,13863
359.0601325035095,13862
360.53665351867676,13860
363.5733709335327,13858
366.61249113082886,13856
369.5939373970032,13855
371.20859837532043,13854
372.690461397171,13852
375.7823259830475,13850
378.7349467277527,13849
380.31619119644165,13848
381.887090921402,13847
383.3223512172699,13846
386.39557933807373,13845
387.8852844238281,13844
389.43844270706177,13843
390.97445797920227,13842
392.4263231754303,13841
393.88935232162476,13839
395.45025849342346,13837
398.47834944725037,13836
403.00340461730957,13835
404.5309736728668,13833
407.6065697669983,13832
409.13176918029785,13830
410.64466071128845,13829
412.2156231403351,13827
413.69733452796936,13824
418.2899343967438,13821
421.4454083442688,13820
424.55084776878357,13819
426.113285779953,13818
427.6346468925476,13816
430.6295790672302,13814
432.1450905799866,13812
435.16971039772034,13811
436.73917269706726,13810
438.2470211982727,13808
441.32989978790283,13807
442.74804949760437,13806
444.2489433288574,13805
445.7390613555908,13803
447.15213990211487,13802
451.7319686412811,13801
453.35345697402954,13800
456.3110353946686,13797
457.8133201599121,13796
462.3862478733063,13795
463.98490142822266,13793
468.46808910369873,13791
471.47676396369934,13790
472.99344420433044,13789
474.5351152420044,13788
476.11522459983826,13787
479.1883931159973,13786
480.68289136886597,13785
482.18499302864075,13784
483.68159794807434,13782
485.15063428878784,13781
488.0984206199646,13780
489.6748673915863,13779
492.6002962589264,13778
494.00553941726685,13777
497.0702075958252,13775
498.60394310951233,13774
501.6655032634735,13773
503.1826694011688,13772
506.1592390537262,13769
507.725732088089,13768
510.7244322299957,13766
513.7758202552795,13765
515.3520636558533,13764
516.8448271751404,13763
518.3647928237915,13762
519.8890206813812,13761
524.5418248176575,13760
526.0378873348236,13758
529.103479385376,13756
532.1249718666077,13755
535.1968820095062,13753
536.7249803543091,13752
538.2309744358063,13750
539.796398639679,13748
542.7973592281342,13747
544.2577505111694,13746
545.8281252384186,13745
548.9078381061554,13744
550.4414465427399,13742
553.5118675231934,13741
555.0572800636292,13739
556.5605747699738,13738
562.5108027458191,13737
564.0752046108246,13735
565.5922205448151,13734
567.1291301250458,13733
568.6929802894592,13731
571.7752184867859,13729
573.2166953086853,13728
574.7989985942841,13726
577.8029391765594,13724
583.8077294826508,13722
585.2451364994049,13721
586.7994613647461,13719
588.3196194171906,13717
589.8917417526245,13715
592.9008228778839,13713
597.51904129982,13710
598.984560251236,13709
598.99024,13709