4.8533408641815186,7017
4.858286380767822,7017
11.893456935882568,7016
14.803440570831299,7015
17.537165641784668,7014
19.10538148880005,7013
19.35333752632141,7012
20.3791606426239,7011
30.247152090072632,7010
34.13164782524109,7009
34.41118621826172,7008
34.6050283908844,7007
38.13232469558716,7006
39.263346672058105,7005
40.976503133773804,7004
45.145567178726196,7003
52.916937589645386,7002
54.89052867889404,7001
62.03895568847656,7000
64.32135009765625,6999
66.0423800945282,6998
66.76020884513855,6997
70.56946682929993,6996
76.66840076446533,6995
77.3488175868988,6994
86.44368052482605,6993
95.82818579673767,6992
106.06882071495056,6991
113.74091935157776,6990
125.41521883010864,6989
131.885883808136,6988
147.73081350326538,6987
161.7577519416809,6986
168.25414752960205,6985
171.66819882392883,6984
174.91828560829163,6983
219.29210233688354,6982
232.79691362380981,6981
236.38283395767212,6980
241.46686267852783,6979
271.05781292915344,6978
272.1288948059082,6977
278.2988033294678,6976
284.1749575138092,6975
338.53824973106384,6974
352.70790910720825,6973
414.58318853378296,6972
428.1299877166748,6971
459.40561604499817,6970
472.9534661769867,6969
477.4613540172577,6968
508.2201416492462,6967
519.4434285163879,6966
565.2563056945801,6965
599.7829082012177,6964
