10.124891757965088,4858
10.132739543914795,4858
10.51200795173645,4857
11.264039278030396,4856
12.19435977935791,4855
12.254601001739502,4854
12.262059211730957,4853
12.280113458633423,4852
12.902138471603394,4851
12.902390241622925,4850
13.136183977127075,4849
13.148071765899658,4848
13.333622455596924,4847
13.500409364700317,4846
14.072878122329712,4845
14.277435779571533,4844
14.383011817932129,4843
14.679285526275635,4842
14.753621339797974,4841
15.16443657875061,4840
15.40386700630188,4839
15.550919771194458,4838
16.43188452720642,4837
16.509308099746704,4836
16.61575412750244,4835
17.060009956359863,4834
17.39506244659424,4833
17.451386213302612,4832
17.459773778915405,4831
18.016388654708862,4830
18.220852613449097,4829
18.223424673080444,4828
18.387675523757935,4827
18.396509170532227,4826
18.90844202041626,4825
18.98227095603943,4824
19.095113039016724,4823
19.129242420196533,4822
19.2313072681427,4821
19.26265025138855,4820
19.265315532684326,4819
19.266587734222412,4818
19.387698888778687,4817
19.459578037261963,4816
19.47659158706665,4815
20.17690873146057,4814
20.17862629890442,4813
20.293665170669556,4812
20.508175373077393,4811
20.700467824935913,4810
20.710087776184082,4809
20.789212703704834,4808
21.07289981842041,4807
21.359224319458008,4806
21.50721502304077,4805
21.59604835510254,4804
21.750689029693604,4803
21.789509534835815,4802
21.800991535186768,4801
21.862569332122803,4800
21.9911892414093,4799
22.00469136238098,4798
22.75706934928894,4797
22.90843415260315,4796
22.99609899520874,4795
23.131080389022827,4794
23.296305894851685,4793
23.40259623527527,4792
23.567888021469116,4791
23.620081186294556,4790
23.966060876846313,4789
23.985759735107422,4788
24.114632606506348,4787
24.134936809539795,4786
24.168482542037964,4785
24.24838089942932,4784
24.509854316711426,4783
24.664212942123413,4782
24.674504280090332,4781
24.844086408615112,4780
24.849252223968506,4779
24.84960103034973,4778
25.24929714202881,4777
25.258182525634766,4776
25.350878715515137,4775
25.402194023132324,4774
25.423763036727905,4773
25.524498224258423,4772
25.536031246185303,4771
25.61159110069275,4770
25.6402850151062,4769
25.644139766693115,4768
25.645591020584106,4767
25.973443031311035,4766
26.473662853240967,4765
26.522889852523804,4764
26.845004081726074,4763
27.15758466720581,4762
27.315419673919678,4761
27.485838413238525,4760
28.222758531570435,4759
28.33512806892395,4758
29.2729914188385,4757
29.28096628189087,4756
29.518980979919434,4755
29.707783699035645,4754
30.04910182952881,4753
30.139514923095703,4752
30.748484134674072,4751
30.9007351398468,4750
30.90897846221924,4749
31.11914086341858,4748
31.124536275863647,4747
31.21781015396118,4746
31.32692289352417,4745
31.421388387680054,4744
31.471088647842407,4743
31.58078145980835,4742
31.5987331867218,4741
31.767021656036377,4740
31.97068476676941,4739
32.1537868976593,4738
32.233848094940186,4737
32.45036435127258,4736
32.72356390953064,4735
32.74389719963074,4734
32.96227741241455,4733
33.610466718673706,4732
33.71810007095337,4731
33.73101806640625,4730
33.74305748939514,4729
33.7440299987793,4728
33.828004360198975,4727
34.10727119445801,4726
34.19118070602417,4725
34.88970494270325,4724
35.18481469154358,4723
35.75848579406738,4722
35.86030077934265,4721
35.877453088760376,4720
36.52389979362488,4719
36.79100584983826,4718
36.90042591094971,4717
37.534747838974,4716
37.54017186164856,4715
37.55799078941345,4714
37.77799725532532,4713
38.02831721305847,4712
38.04487919807434,4711
38.04617667198181,4710
38.28239130973816,4709
38.30246090888977,4708
38.34270620346069,4707
38.72115874290466,4706
38.775025844573975,4705
38.98937368392944,4704
39.06220841407776,4703
39.50427436828613,4702
39.50886154174805,4701
39.980366230010986,4700
40.343780755996704,4699
40.60263013839722,4698
40.98312544822693,4697
41.278661251068115,4696
41.301021337509155,4695
41.32344317436218,4694
41.494040966033936,4693
41.70248746871948,4692
41.91352987289429,4691
42.18263006210327,4690
42.21834945678711,4689
42.53811240196228,4688
42.562745571136475,4687
42.972012519836426,4686
43.08203601837158,4685
43.74545955657959,4684
43.79797077178955,4683
44.3992965221405,4682
44.406187772750854,4681
44.534193992614746,4680
44.704975843429565,4679
44.84481501579285,4678
44.887274742126465,4677
44.94941782951355,4676
45.33710718154907,4675
45.42564582824707,4674
45.80135440826416,4673
45.963642597198486,4672
47.26794362068176,4671
47.642009258270264,4670
47.646811723709106,4669
47.740718603134155,4668
47.75269055366516,4667
47.88942909240723,4666
47.939122438430786,4665
48.10732865333557,4664
48.75201392173767,4663
49.23234581947327,4662
49.84365963935852,4661
49.89886236190796,4660
50.28562116622925,4659
50.57851815223694,4658
51.15062737464905,4657
51.85718321800232,4656
52.30371379852295,4655
52.4955632686615,4654
52.51920533180237,4653
52.65850377082825,4652
53.1647846698761,4651
53.225181102752686,4650
53.72460412979126,4649
54.65538454055786,4648
54.667617321014404,4647
54.66831421852112,4646
54.92636179924011,4645
55.45535206794739,4644
55.55132079124451,4643
56.00537037849426,4642
56.44627404212952,4641
57.13460350036621,4640
57.8889639377594,4639
58.04258370399475,4638
58.306578636169434,4637
58.406014919281006,4636
58.7119026184082,4635
58.839735984802246,4634
58.89339256286621,4633
59.14707541465759,4632
59.72661352157593,4631
60.90445303916931,4630
61.056294441223145,4629
61.79455089569092,4628
62.21230745315552,4627
62.43477988243103,4626
62.49402713775635,4625
63.01638340950012,4624
64.26320171356201,4623
64.33628726005554,4622
64.36219763755798,4621
64.58590483665466,4620
65.60585737228394,4619
66.3075201511383,4618
66.3994071483612,4617
66.7494945526123,4616
67.77245664596558,4615
67.9530611038208,4614
68.96676087379456,4613
69.10987567901611,4612
71.15495991706848,4611
71.40621185302734,4610
72.14248538017273,4609
72.55354142189026,4608
73.35590863227844,4607
74.44883346557617,4606
74.85846614837646,4605
75.00597405433655,4604
75.57311272621155,4603
75.58272457122803,4602
75.93586444854736,4601
78.45202231407166,4600
85.83822894096375,4599
86.51230216026306,4598
88.75482320785522,4597
89.25492668151855,4596
89.70899271965027,4595
90.40056657791138,4594
91.30121636390686,4593
92.71358227729797,4592
92.77772927284241,4591
93.6428759098053,4590
96.90771341323853,4589
101.85068035125732,4588
103.38402152061462,4587
103.63745427131653,4586
107.94517421722412,4585
108.29860925674438,4584
108.8949966430664,4583
109.65481472015381,4582
111.4741735458374,4581
111.94236254692078,4580
112.11810350418091,4579
112.55144619941711,4578
114.66867160797119,4577
117.73813104629517,4576
118.84820246696472,4575
119.12110209465027,4574
119.27783036231995,4573
119.52415800094604,4572
122.1466236114502,4571
125.28774976730347,4570
126.59124898910522,4569
128.4202859401703,4568
130.01322960853577,4567
131.2734980583191,4566
134.41759943962097,4565
144.015851020813,4564
146.2109818458557,4563
150.57194256782532,4562
156.80262756347656,4561
159.48285698890686,4560
164.62850952148438,4559
171.68906378746033,4558
171.71136212348938,4557
176.08020186424255,4556
213.42206025123596,4555
252.81224465370178,4554
260.8266611099243,4553
306.2879831790924,4552
313.6394166946411,4551
362.7499854564667,4550
379.14402866363525,4549
379.6293797492981,4548
417.59556126594543,4547
