4.893709659576416,7017
4.898653745651245,7017
9.51392674446106,7016
19.68174982070923,7015
21.811936855316162,7014
25.711728811264038,7013
31.179673433303833,7012
33.977248430252075,7011
36.832143783569336,7010
41.71454858779907,7009
47.85887789726257,7008
50.227070331573486,7007
50.25193238258362,7006
55.18835687637329,7005
59.502127170562744,7004
62.78839302062988,7003
74.84820342063904,7002
76.78681254386902,7001
89.17284727096558,7000
94.8711907863617,6999
115.1342339515686,6998
116.42739033699036,6997
118.23761582374573,6996
121.8988938331604,6995
142.57803988456726,6994
146.77445030212402,6993
168.7039556503296,6992
170.52252411842346,6991
178.3822124004364,6990
210.29818320274353,6989
210.6779866218567,6988
213.7784345149994,6987
240.11865711212158,6986
258.20698833465576,6985
276.9023997783661,6984
304.75332403182983,6983
307.64776158332825,6982
311.4709038734436,6981
313.9913339614868,6980
317.53025341033936,6979
322.8708131313324,6978
327.13901710510254,6977
337.918420791626,6976
366.60632824897766,6975
373.3771924972534,6974
383.3656687736511,6973
404.000611782074,6972
410.890038728714,6971
443.6476459503174,6970
467.89927530288696,6969
482.70151376724243,6968
496.4228129386902,6967
535.808699131012,6966
550.0486485958099,6965
