3.9078986644744873,14105
8.398544549942017,14103
9.954143524169922,14102
11.48059344291687,14101
14.44424057006836,14099
17.412110090255737,14097
19.00906991958618,14094
22.129358530044556,14092
25.134235620498657,14091
26.66916036605835,14089
28.15776014328003,14088
29.63092303276062,14087
31.12629461288452,14085
32.60221886634827,14084
34.13567137718201,14082
37.14974880218506,14081
38.659809827804565,14080
40.15678811073303,14079
41.58421516418457,14077
46.14835238456726,14075
49.239227533340454,14073
50.793824195861816,14072
53.75945687294006,14071
55.19589185714722,14070
56.76613759994507,14068
59.70858383178711,14067
61.27812719345093,14066
62.908586263656616,14065
64.42509484291077,14064
65.88282346725464,14062
67.45748949050903,14061
71.8056435585022,14060
73.39288830757141,14058
76.3901047706604,14056
77.84384536743164,14053
81.00136590003967,14051
82.502117395401,14049
84.01777243614197,14047
88.64780068397522,14046
90.0494110584259,14044
94.56256556510925,14043
95.95878291130066,14040
98.90474104881287,14039
102.0645055770874,14037
103.55543637275696,14035
106.66600608825684,14034
108.11410641670227,14033
109.62725353240967,14031
112.48232078552246,14029
114.06217837333679,14027
117.12616777420044,14025
120.17490839958191,14023
121.64053273200989,14022
123.1963484287262,14020
126.18421673774719,14019
129.0154938697815,14017
130.42221355438232,14015
131.93833446502686,14014
138.31761527061462,14012
139.83154892921448,14009
142.84339475631714,14008
144.36533451080322,14007
147.24730324745178,14006
148.77202081680298,14003
153.47113871574402,14002
155.0975685119629,14000
158.04491996765137,13999
161.1599395275116,13996
164.16746640205383,13994
165.6716480255127,13993
169.9558446407318,13991
171.4400978088379,13989
172.870201587677,13988
174.3898801803589,13986
175.88817596435547,13985
178.92159962654114,13984
180.44237208366394,13982
183.53034377098083,13981
185.1309313774109,13979
188.02708458900452,13977
189.58683443069458,13975
191.095121383667,13973
194.06832766532898,13971
196.96686911582947,13969
198.46259379386902,13968
199.98452854156494,13967
201.43981766700745,13966
202.94909739494324,13965
204.5907027721405,13964
207.46993041038513,13963
210.50429320335388,13959
213.54423999786377,13958
215.06487655639648,13956
217.98612999916077,13954
219.5538513660431,13953
222.4958324432373,13952
223.95719385147095,13951
225.52121782302856,13950
226.9179859161377,13946
229.8714804649353,13945
231.38523173332214,13943
234.2119357585907,13942
235.63589477539062,13940
241.60660314559937,13938
244.5919210910797,13935
250.65008759498596,13933
252.14777541160583,13931
255.0924334526062,13929
258.08028292655945,13927
260.951783657074,13926
262.3546893596649,13923
265.3397362232208,13922
266.85551476478577,13921
268.2853615283966,13920
269.8034710884094,13918
274.31504011154175,13916
275.8782994747162,13915
277.35180163383484,13914
281.67904233932495,13912
283.13553953170776,13911
286.14523816108704,13909
287.66881585121155,13907
292.0252163410187,13905
293.5305826663971,13903
295.07629656791687,13902
298.13864636421204,13901
301.23259973526,13898
305.7412073612213,13894
308.85116147994995,13893
310.5059132575989,13892
312.1122808456421,13890
316.76470613479614,13889
318.29774832725525,13887
322.81707286834717,13883
324.3220307826996,13881
330.4594666957855,13879
332.0509192943573,13877
333.610413312912,13875
336.5023171901703,13874
338.0542438030243,13872
339.4829971790314,13871
342.50762605667114,13869
344.0113832950592,13866
348.54565048217773,13863
353.02928161621094,13861
356.13263034820557,13857
360.6268689632416,13855
363.6216197013855,13853
365.13102889060974,13851
371.12928438186646,13848
375.5862376689911,13847
377.06647872924805,13846
378.5833930969238,13844
381.58201241493225,13841
384.73953795433044,13838
387.8631293773651,13836
390.97641611099243,13833
393.93885111808777,13832
397.0444438457489,13831
398.53258991241455,13830
399.988587141037,13829
402.9882035255432,13828
404.38216376304626,13827
405.94057846069336,13826
408.93792939186096,13824
413.316073179245,13822
414.8592002391815,13820
416.3185935020447,13819
417.9457094669342,13817
419.5408306121826,13816
422.52908420562744,13815
425.40349674224854,13813
428.56658601760864,13812
430.0567076206207,13809
434.6000919342041,13806
437.68822383880615,13805
439.27173924446106,13804
440.7223975658417,13801
445.2931938171387,13798
451.30552101135254,13796
452.7456328868866,13795
454.23883533477783,13794
458.78636145591736,13789
464.86825251579285,13785
466.4163444042206,13782
470.80037927627563,13779
475.232714176178,13778
476.73679065704346,13776
481.2109544277191,13775
482.6905109882355,13773
484.18725180625916,13771
488.7021563053131,13769
491.78001260757446,13767
494.91265988349915,13765
497.9556031227112,13763
499.38700461387634,13762
500.81612491607666,13761
505.4012176990509,13760
506.90314173698425,13758
508.4296669960022,13757
509.8859691619873,13756
511.4603614807129,13755
515.9275274276733,13751
521.8922970294952,13750
523.4668180942535,13749
526.4393360614777,13747
527.911776304245,13745
530.96213555336,13744
532.5590059757233,13743
534.0080647468567,13741
536.963800907135,13738
541.388858795166,13737
544.3933324813843,13735
545.8878319263458,13734
547.442969083786,13733
548.9267437458038,13731
551.9394764900208,13729
553.4357182979584,13728
554.8742263317108,13727
557.7581102848053,13726
559.3134922981262,13723
562.2691395282745,13721
565.2189998626709,13719
568.3282127380371,13718
569.8100748062134,13716
572.8532166481018,13715
574.3259816169739,13714
575.8478982448578,13713
577.2764179706573,13712
580.246612071991,13711
583.1649584770203,13709
584.7066144943237,13707
587.7508759498596,13704
589.3235657215118,13703
592.2895095348358,13701
593.7575330734253,13700
596.73512840271,13698
598.3392267227173,13697
598.34466,13697