3.490018129348755,14106
5.016466856002808,14105
6.484122037887573,14103
7.958132266998291,14102
10.815470933914185,14101
12.261162757873535,14100
13.733279943466187,14098
15.220659494400024,14097
16.657938241958618,14096
19.471487522125244,14094
22.396196842193604,14092
23.7868914604187,14089
28.3332781791687,14086
31.100757598876953,14083
33.91956543922424,14082
35.40868949890137,14081
38.35658526420593,14078
39.77070879936218,14077
42.61590123176575,14075
44.14899301528931,14073
45.548035621643066,14071
48.52625489234924,14070
49.95846247673035,14069
52.818007469177246,14067
55.64124083518982,14066
57.14987778663635,14065
58.5950984954834,14063
60.03625512123108,14061
64.39193940162659,14060
67.36293697357178,14058
70.26528239250183,14057
71.84172487258911,14056
74.66976022720337,14053
78.9671688079834,14052
80.46397018432617,14051
81.93005871772766,14050
83.31653642654419,14049
84.6408519744873,14048
87.43379235267639,14047
88.88512945175171,14045
91.76729726791382,14043
93.21190214157104,14042
94.72240281105042,14041
96.12763905525208,14039
100.62490510940552,14038
102.1070077419281,14036
103.51997113227844,14034
106.43085265159607,14033
107.91729402542114,14030
109.25355815887451,14029
112.14405584335327,14028
113.61404371261597,14027
115.04634404182434,14023
119.51416850090027,14022
122.35270261764526,14020
123.75271987915039,14018
125.21139025688171,14017
126.6282389163971,14016
128.0821053981781,14015
129.61289739608765,14014
130.97598576545715,14013
132.38288164138794,14011
135.32416772842407,14010
136.7041871547699,14009
138.1127212047577,14007
141.17639446258545,14005
144.19956469535828,14002
145.65505290031433,14001
148.3761749267578,14000
151.10898900032043,13998
153.9841046333313,13996
156.94769930839539,13995
158.44417810440063,13993
161.35149908065796,13992
162.77824115753174,13990
167.19277715682983,13988
170.16229367256165,13986
171.63555002212524,13985
173.0184051990509,13984
175.81252264976501,13981
178.7212257385254,13978
181.61229968070984,13977
185.92408561706543,13974
187.3303563594818,13973
190.1326093673706,13971
191.59432911872864,13969
195.8440248966217,13968
197.27105236053467,13966
200.11226177215576,13965
201.54059481620789,13964
202.96603202819824,13963
205.72158670425415,13961
207.187833070755,13959
208.7112579345703,13957
210.18767142295837,13956
213.1014609336853,13955
214.5305290222168,13953
216.02850008010864,13952
220.23057556152344,13949
223.14451122283936,13946
224.54641461372375,13945
226.0056447982788,13944
227.4136769771576,13943
230.25691318511963,13942
233.1909658908844,13941
234.6063494682312,13937
236.0095624923706,13936
238.92638230323792,13935
240.31746125221252,13933
241.64135694503784,13931
243.1577398777008,13928
247.54572582244873,13926
250.3854522705078,13925
253.24813532829285,13923
254.6520516872406,13919
256.14126348495483,13918
260.438570022583,13917
261.9049406051636,13916
264.7824761867523,13914
266.2393810749054,13913
267.66869258880615,13912
269.0956630706787,13910
270.5261025428772,13909
273.3805413246155,13908
276.36150908470154,13906
277.7855842113495,13905
279.2059328556061,13903
280.69875049591064,13902
283.6708879470825,13900
287.9192931652069,13899
289.37665367126465,13897
292.1498529911041,13895
295.1542637348175,13894
296.6129426956177,13890
299.5125484466553,13888
302.4940311908722,13887
303.9276776313782,13886
305.3803930282593,13884
306.80421352386475,13883
308.2596471309662,13881
311.1125645637512,13878
312.58913350105286,13877
314.06025791168213,13875
317.0354549884796,13874
318.41041350364685,13872
321.2771553993225,13869
324.1412193775177,13867
327.12458872795105,13866
329.8813261985779,13863
331.30828738212585,13861
332.7947144508362,13860
334.1652338504791,13859
335.60814094543457,13858
337.12276244163513,13857
338.59209990501404,13856
340.0882451534271,13853
341.5664677619934,13852
345.9066336154938,13851
348.7106730937958,13849
351.6528651714325,13848
355.89320397377014,13846
357.2910785675049,13845
358.6552255153656,13844
360.0983717441559,13843
362.97619223594666,13842
364.4323773384094,13841
365.7802474498749,13839
368.7641851902008,13837
370.12684392929077,13836
371.59739685058594,13834
378.6935932636261,13832
380.1555480957031,13831
384.45661664009094,13829
385.9615943431854,13828
387.446328163147,13827
390.34367537498474,13825
391.81062483787537,13824
393.2597613334656,13823
397.480708360672,13821
398.86373496055603,13820
400.2914881706238,13818
401.71151638031006,13817
403.16242814064026,13816
406.12497115135193,13814
410.3948938846588,13812
413.3418629169464,13810
416.109046459198,13808
420.465758562088,13806
421.9171185493469,13805
423.3683178424835,13804
427.6110372543335,13803
428.9827334880829,13801
430.39339685440063,13800
433.36424374580383,13799
434.8063735961914,13798
436.24636673927307,13797
437.66372299194336,13796
441.8904597759247,13795
443.39168548583984,13794
444.8261389732361,13793
446.27318382263184,13792
447.7069978713989,13791
449.1816294193268,13790
452.0436370372772,13789
453.44834756851196,13787
456.3310344219208,13786
457.89513063430786,13784
459.33997654914856,13783
462.20957374572754,13782
463.68408608436584,13779
466.66366267204285,13778
468.046115398407,13777
469.4678370952606,13776
472.42201232910156,13772
475.23795104026794,13767
479.6666519641876,13765
482.5565071105957,13764
484.0240845680237,13763
485.4864761829376,13762
486.81174325942993,13761
489.76988530158997,13760
492.7785425186157,13758
494.2590057849884,13757
495.6667926311493,13756
497.2078320980072,13754
501.48250913619995,13752
504.3695731163025,13749
508.835298538208,13746
510.3101658821106,13745
511.7080647945404,13744
514.6689305305481,13743
516.1147236824036,13742
517.5862369537354,13741
519.027206659317,13740
521.9057121276855,13739
523.2681567668915,13737
526.1441385746002,13736
528.9989922046661,13735
530.4400029182434,13734
531.889543056488,13732
533.3869338035583,13730
537.7091929912567,13728
540.5579726696014,13726
543.4532723426819,13724
546.3114221096039,13722
549.2762742042542,13719
552.2476749420166,13718
556.471442937851,13716
557.9085686206818,13715
559.3705494403839,13714
562.1383423805237,13713
563.6001164913177,13712
566.4510014057159,13710
572.0698823928833,13708
573.5518591403961,13704
574.9615714550018,13703
579.1349396705627,13702
582.1150958538055,13699
583.4737651348114,13698
584.9292216300964,13695
589.2340881824493,13694
590.5971779823303,13693
592.0314762592316,13691
593.4143540859222,13690
594.8393404483795,13688
596.2121942043304,13687
599.0148041248322,13686
599.02104,13686