3.584768056869507,14104
7.991142988204956,14102
10.830552577972412,14101
12.317777395248413,14100
15.07581901550293,14098
16.494482278823853,14097
17.978638887405396,14094
19.326176166534424,14091
20.845266103744507,14090
22.279727697372437,14089
23.5975079536438,14087
26.491381406784058,14085
29.444539546966553,14083
30.917333364486694,14082
33.79018545150757,14081
35.19653820991516,14079
36.742511510849,14078
38.24145317077637,14077
39.61742544174194,14076
42.53972554206848,14074
45.38991379737854,14071
49.697232723236084,14068
52.52863621711731,14066
54.1233344078064,14065
55.62981963157654,14064
58.4463906288147,14062
59.886372089385986,14060
61.370866537094116,14059
62.75449275970459,14058
64.1963586807251,14056
66.96315002441406,14053
68.377681016922,14052
71.17859315872192,14051
72.65441584587097,14050
74.17150473594666,14049
75.66698956489563,14048
77.08693051338196,14046
79.85217475891113,14045
81.36644983291626,14043
82.82078838348389,14040
85.65778160095215,14039
88.57003974914551,14038
89.98166942596436,14036
92.85199308395386,14034
95.91230416297913,14031
97.35800671577454,14030
98.73767066001892,14029
100.22391486167908,14027
103.07632088661194,14026
104.45633125305176,14024
105.93714904785156,14023
108.74952435493469,14022
110.16825342178345,14020
114.55375123023987,14019
116.02259087562561,14016
117.49888777732849,14015
120.4682126045227,14013
124.7446174621582,14010
126.17612195014954,14008
129.14488816261292,14007
130.56701755523682,14006
131.92405438423157,14004
137.5540747642517,14001
140.64269733428955,14000
142.15536618232727,13999
144.93006324768066,13998
146.43820095062256,13995
149.37106585502625,13993
150.8560516834259,13991
153.76469445228577,13990
155.21970558166504,13988
156.5730390548706,13986
159.34724831581116,13984
160.69311141967773,13983
162.22147941589355,13982
165.16270518302917,13981
166.60596799850464,13980
168.0171172618866,13977
170.83870720863342,13975
172.3226146697998,13974
175.22918963432312,13970
179.69620060920715,13968
181.1369662284851,13966
185.4962239265442,13964
186.93434166908264,13962
189.83242917060852,13961
191.24854111671448,13960
194.04738688468933,13959
197.0005121231079,13958
198.43752670288086,13957
201.3658585548401,13954
204.34709548950195,13952
205.72216486930847,13951
208.5116410255432,13949
211.43037390708923,13947
212.83012223243713,13946
214.25797939300537,13943
220.05672097206116,13941
222.9471516609192,13939
224.35655331611633,13936
228.6393735408783,13934
230.1629068851471,13933
233.09250164031982,13932
234.56113624572754,13931
235.9965763092041,13929
237.40231204032898,13928
240.27799820899963,13926
244.7161135673523,13924
246.16884016990662,13921
251.87624335289001,13919
253.26236820220947,13918
254.70407938957214,13917
257.5937645435333,13916
260.37702918052673,13914
263.22291684150696,13910
266.03261280059814,13907
268.83681893348694,13906
270.3058874607086,13903
276.0923020839691,13901
277.66691541671753,13900
279.1667425632477,13898
283.3649470806122,13897
284.75947546958923,13894
287.583872795105,13893
289.0229516029358,13892
291.8861529827118,13889
296.21125888824463,13885
297.613712310791,13884
299.0938205718994,13883
300.4124310016632,13880
303.3543076515198,13879
306.41866970062256,13877
307.84741044044495,13874
312.22969603538513,13872
315.035724401474,13869
317.8808870315552,13868
319.398099899292,13867
322.26092648506165,13866
325.18678426742554,13865
326.59253549575806,13863
328.0295078754425,13862
330.7984209060669,13861
332.2272024154663,13859
335.03955340385437,13857
337.9168698787689,13856
340.7902636528015,13855
342.23949337005615,13854
343.69630670547485,13853
347.7843301296234,13850
350.6449131965637,13848
353.5514485836029,13847
355.04197001457214,13845
356.53517293930054,13844
357.88911294937134,13842
359.2066857814789,13841
361.87826347351074,13839
364.7017271518707,13837
368.9943151473999,13834
371.8631932735443,13833
373.24682807922363,13831
374.73009729385376,13830
376.1589620113373,13829
379.15768909454346,13828
380.6036043167114,13826
383.52120876312256,13825
384.8830769062042,13824
387.7364590167999,13821
390.48908376693726,13819
391.9899172782898,13818
394.9277677536011,13816
397.77691102027893,13815
399.22731494903564,13813
402.28996658325195,13812
403.6957473754883,13810
405.19285774230957,13809
408.0261311531067,13808
410.8750355243683,13805
412.2406222820282,13803
416.5406129360199,13802
417.94141387939453,13799
420.7571334838867,13796
422.1548480987549,13795
425.0659382343292,13794
426.549791097641,13792
429.41535544395447,13791
432.2270038127899,13789
433.6776444911957,13788
435.1117753982544,13786
437.935683965683,13785
439.3186528682709,13784
440.8251953125,13781
443.6908037662506,13779
447.9414367675781,13778
449.30733346939087,13776
455.0983872413635,13773
456.5239064693451,13772
459.2959613800049,13770
462.25825548171997,13769
463.7607238292694,13768
465.2348461151123,13766
469.560355424881,13765
471.00989723205566,13764
472.49649310112,13763
473.91604256629944,13762
476.8471186161041,13760
481.20690631866455,13758
482.6718280315399,13756
484.1436975002289,13755
485.60488200187683,13753
488.58815908432007,13752
490.05244994163513,13751
492.9930055141449,13750
494.4473330974579,13749
497.3116645812988,13747
500.2326936721802,13746
501.68760800361633,13745
503.1283292770386,13744
507.4346694946289,13741
510.3291642665863,13740
513.1234102249146,13736
517.4535980224609,13735
518.8379123210907,13733
520.314923286438,13731
524.5494678020477,13728
527.3847105503082,13727
530.1287348270416,13725
534.484806060791,13724
535.9159984588623,13723
537.4012246131897,13722
538.939160823822,13721
540.3742609024048,13720
543.3776476383209,13719
544.7789862155914,13718
546.2809953689575,13716
549.173743724823,13714
552.0729908943176,13713
553.5911974906921,13711
559.2711696624756,13708
562.0564954280853,13707
563.4020879268646,13706
564.8153011798859,13705
566.2189009189606,13704
569.0731287002563,13702
573.5901427268982,13699
576.4824817180634,13698
577.9907493591309,13697
580.810224533081,13696
582.2401778697968,13695
583.6090774536133,13694
585.0335559844971,13693
586.5018699169159,13692
589.3941118717194,13690
592.2785248756409,13687
593.7122313976288,13686
595.0949003696442,13685
597.9223167896271,13684
599.4270234107971,13682
599.43409,13682