3.8425135612487793,22959
6.026548385620117,22955
10.257095575332642,22953
12.450012445449829,22952
16.647172451019287,22951
20.86489462852478,22949
23.07743811607361,22947
25.173884868621826,22945
31.574875831604004,22944
35.84498953819275,22942
37.93803405761719,22940
40.072270154953,22939
42.20543098449707,22938
46.38465356826782,22937
50.5870156288147,22935
54.7920138835907,22934
56.865851163864136,22932
61.080815076828,22931
63.22619271278381,22927
73.5961844921112,22924
77.90420508384705,22922
80.0007312297821,22921
82.11682963371277,22916
86.27840161323547,22914
90.4291365146637,22912
92.55361080169678,22911
94.6007878780365,22910
96.7501015663147,22909
98.83522272109985,22908
100.981938123703,22907
103.09585905075073,22906
107.31213808059692,22904
109.34116983413696,22903
113.5802104473114,22902
115.62684893608093,22901
117.66556239128113,22900
119.74597334861755,22899
121.8436222076416,22897
130.20053339004517,22895
132.31960225105286,22894
134.36342453956604,22893
138.52975249290466,22891
142.81786918640137,22890
144.99398112297058,22889
147.0137722492218,22887
151.28828692436218,22882
157.7598798274994,22881
159.80807828903198,22880
161.92368030548096,22879
163.99714469909668,22873
168.18748140335083,22870
170.28483080863953,22869
174.59008240699768,22868
176.68430352210999,22866
178.81955862045288,22865
180.91653895378113,22864
187.2162001132965,22862
189.27952456474304,22861
191.3308424949646,22860
193.52773237228394,22858
195.69356155395508,22857
197.77891039848328,22856
199.94518661499023,22852
204.08319449424744,22851
208.22201919555664,22850
210.34003281593323,22846
212.3663148880005,22844
216.49016308784485,22842
222.74823093414307,22840
227.00309467315674,22838
229.1461410522461,22837
237.5565402507782,22834
239.67200374603271,22833
243.94930791854858,22832
246.01568293571472,22830
250.1387951374054,22829
252.24317574501038,22827
254.3366403579712,22825
258.56715726852417,22822
262.845498085022,22820
266.918794631958,22819
271.2150409221649,22816
273.33232975006104,22815
275.39441084861755,22813
279.65757417678833,22810
281.8165328502655,22809
288.0837688446045,22806
290.11032819747925,22805
292.2188377380371,22803
294.3298487663269,22802
298.63241147994995,22801
302.94425892829895,22798
307.13274097442627,22795
311.33478331565857,22793
313.4190104007721,22792
317.56676030158997,22790
319.67512106895447,22789
325.85680174827576,22785
327.9668369293213,22784
330.10283303260803,22783
332.1427335739136,22782
334.28815937042236,22781
338.461354970932,22778
344.66729187965393,22776
346.8375995159149,22774
348.9099850654602,22770
353.121999502182,22768
359.59642362594604,22765
363.8965148925781,22763
368.0675148963928,22761
374.5370829105377,22759
380.7862071990967,22757
382.91886019706726,22755
385.0851728916168,22754
389.33879923820496,22751
393.55238032341003,22750
397.8335072994232,22748
399.95472717285156,22747
402.03461623191833,22746
404.12249636650085,22745
406.2049009799957,22744
410.4766528606415,22740
416.8793170452118,22738
421.05505752563477,22737
423.21462774276733,22736
425.37895488739014,22734
429.6101186275482,22733
433.8326184749603,22729
440.1915109157562,22728
442.2208206653595,22727
444.32360076904297,22726
448.56061816215515,22724
450.61379289627075,22722
454.8425703048706,22721
459.1334307193756,22719
461.25040006637573,22717
465.58868050575256,22716
469.7862253189087,22714
471.7949960231781,22712
473.9078896045685,22711
475.93839740753174,22709
482.20472979545593,22706
486.49373602867126,22703
490.6761405467987,22702
492.87111258506775,22700
494.94290137290955,22698
497.12364315986633,22695
501.46399211883545,22694
503.5478677749634,22693
507.7048497200012,22691
511.9031491279602,22687
513.9426743984222,22686
516.0777413845062,22685
520.214396238327,22683
522.3112046718597,22680
530.8022353649139,22678
532.8962898254395,22677
537.1060702800751,22675
539.1906456947327,22673
545.4466669559479,22671
547.5299644470215,22668
551.7071363925934,22665
555.9556810855865,22664
558.0493142604828,22663
560.1709172725677,22662
564.3303816318512,22661
566.4794783592224,22660
568.6393604278564,22659
570.7682349681854,22658
572.9433410167694,22657
575.016134262085,22656
577.0687918663025,22655
579.1304848194122,22654
581.2351076602936,22651
585.4274866580963,22649
589.6633675098419,22647
591.8333435058594,22646
596.1694476604462,22643
598.23773,22643