3.9993371963500977,22959
6.066437005996704,22958
10.400694370269775,22956
12.675708770751953,22954
14.910853862762451,22953
21.752824783325195,22949
23.990994691848755,22945
28.51858901977539,22944
30.67513942718506,22943
35.18283224105835,22942
37.3052921295166,22941
39.478949785232544,22938
43.72090172767639,22937
45.95159363746643,22935
50.26707315444946,22934
54.54638481140137,22933
56.78322100639343,22931
61.297951459884644,22930
63.61447548866272,22928
70.29333114624023,22923
74.6161253452301,22922
79.14354109764099,22921
83.35085415840149,22918
87.75805568695068,22916
92.00455617904663,22915
94.12464904785156,22914
96.25850415229797,22913
98.40550565719604,22912
100.50386905670166,22910
102.60426020622253,22908
104.71728444099426,22906
108.87734508514404,22905
113.19585633277893,22903
117.4072470664978,22902
119.52617883682251,22900
121.71588563919067,22898
125.90796422958374,22897
128.05963683128357,22896
130.15661072731018,22892
136.57789659500122,22890
138.80033040046692,22889
140.92893385887146,22886
145.11807703971863,22882
151.5055992603302,22879
155.75787210464478,22878
160.09246563911438,22877
162.28216767311096,22875
164.3839635848999,22874
166.5111620426178,22872
168.6049599647522,22871
172.87492775917053,22870
177.0391025543213,22869
179.17502522468567,22866
183.32048416137695,22862
193.89350175857544,22860
195.98672485351562,22858
198.02427792549133,22857
202.17156314849854,22854
204.24843573570251,22853
206.4156424999237,22852
208.5526888370514,22849
214.73977613449097,22847
219.0719678401947,22846
221.1402645111084,22845
225.25426030158997,22844
227.3144235610962,22843
229.4544928073883,22841
231.54955673217773,22840
233.63010239601135,22838
235.69881963729858,22836
241.94104480743408,22834
246.16478443145752,22833
248.31355667114258,22832
250.3741316795349,22831
252.47144317626953,22830
254.65378141403198,22828
256.692275762558,22827
258.8107361793518,22826
260.8707916736603,22825
262.93915343284607,22824
265.05152201652527,22823
267.2566900253296,22822
269.2652835845947,22818
273.42879486083984,22816
275.524334192276,22814
277.60860443115234,22813
281.69814682006836,22810
285.9628748893738,22807
292.2832045555115,22805
296.3517715930939,22804
300.6541736125946,22801
304.88277864456177,22794
307.00839257240295,22793
309.15751910209656,22791
313.30842876434326,22789
317.5812888145447,22788
319.6131942272186,22786
323.7306137084961,22785
325.76803755760193,22784
327.8962984085083,22783
330.0207793712616,22782
334.2377436161041,22781
336.3396601676941,22780
338.44032168388367,22777
342.691933631897,22776
346.9255208969116,22773
353.0541648864746,22771
355.1282296180725,22770
357.1667203903198,22769
361.3175277709961,22766
365.70423340797424,22764
369.9310157299042,22763
374.1040654182434,22760
376.16991782188416,22759
378.3274209499359,22758
380.4237582683563,22756
386.75655341148376,22755
388.8395519256592,22753
393.0077910423279,22751
397.1766073703766,22750
399.1977255344391,22749
401.2904601097107,22748
403.3790328502655,22747
405.4631447792053,22746
409.7129817008972,22744
411.7863323688507,22743
415.9709448814392,22742
418.00149750709534,22740
420.0546224117279,22739
424.13852620124817,22737
428.285493850708,22734
432.4973304271698,22733
434.5391104221344,22731
438.78738927841187,22730
440.87390065193176,22729
443.0048966407776,22727
447.1678924560547,22725
451.368465423584,22724
455.65521812438965,22722
459.7020049095154,22719
463.80315589904785,22718
465.947411775589,22715
468.0180153846741,22710
474.24806571006775,22707
476.36670660972595,22706
480.47598218917847,22705
482.49317240715027,22703
488.8481795787811,22700
491.0420718193054,22698
495.14594650268555,22697
499.37533950805664,22696
501.3727526664734,22694
503.4751582145691,22693
505.6129403114319,22691
511.97178077697754,22690
514.0763027667999,22688
516.2339172363281,22686
522.3711121082306,22685
524.5207586288452,22683
528.6693542003632,22681
530.7440013885498,22678
534.9102671146393,22675
537.0707364082336,22674
543.4429540634155,22672
547.5503950119019,22669
551.6686038970947,22667
555.8726534843445,22666
557.8909752368927,22663
566.1144242286682,22661
568.1117262840271,22660
570.1644206047058,22659
572.2004086971283,22657
576.3332629203796,22656
578.4100534915924,22655
580.5574686527252,22654
582.6853833198547,22652
586.8439288139343,22651
588.9558565616608,22649
593.1938514709473,22648
595.2936580181122,22647
597.4262161254883,22646
599.524386882782,22645
599.53365,22645