3.9061577320098877,22959
10.263832330703735,22956
12.380818605422974,22954
18.646921396255493,22953
20.866241216659546,22952
22.943471908569336,22951
25.044554948806763,22949
29.272432565689087,22947
33.512479305267334,22946
35.62658619880676,22944
37.765279054641724,22943
42.06993746757507,22938
46.31720209121704,22937
48.491087198257446,22936
50.59149503707886,22935
52.656415939331055,22934
54.803412675857544,22933
56.99708700180054,22931
59.10912275314331,22928
65.68810224533081,22926
69.84167075157166,22924
71.86016941070557,22923
76.07752466201782,22922
78.18085551261902,22921
80.27574610710144,22918
86.61157703399658,22915
88.76399612426758,22914
93.07917523384094,22912
95.24004292488098,22911
99.43930149078369,22909
101.53634786605835,22908
105.73840618133545,22906
112.07807970046997,22905
114.13507175445557,22904
116.26807308197021,22902
118.37534403800964,22897
122.61059403419495,22896
126.75619506835938,22893
130.95215129852295,22890
135.16363215446472,22889
137.32270288467407,22888
141.50603008270264,22886
143.65454411506653,22883
147.88493847846985,22882
150.01578736305237,22881
154.2570095062256,22880
156.43569564819336,22879
158.53867959976196,22874
166.82378911972046,22872
169.0482976436615,22870
173.32151317596436,22868
177.50817203521729,22867
181.69289708137512,22864
185.87256813049316,22863
188.01305079460144,22861
190.14777064323425,22859
194.35854244232178,22857
196.45049476623535,22856
200.67400908470154,22855
202.73232007026672,22851
206.99309515953064,22849
209.15639901161194,22848
211.29073357582092,22847
213.4617738723755,22846
215.63338685035706,22845
219.70379972457886,22844
221.80284786224365,22842
223.81997561454773,22840
228.15731382369995,22837
230.26015281677246,22836
236.58320784568787,22835
238.74683237075806,22833
242.9905731678009,22831
245.05467438697815,22830
247.11608028411865,22829
249.21452140808105,22827
251.36004495620728,22826
255.63665413856506,22825
257.70769119262695,22823
259.9202210903168,22822
262.04848170280457,22821
264.11261916160583,22820
266.2549729347229,22819
270.46455121040344,22817
272.63152503967285,22815
276.80106472969055,22814
278.9329745769501,22813
285.1214134693146,22809
289.4668245315552,22808
291.62209033966064,22806
293.81691455841064,22804
300.27658557891846,22802
302.3786196708679,22799
306.6561670303345,22798
310.85125613212585,22795
315.07302713394165,22793
319.29995131492615,22791
323.5317015647888,22790
325.63496351242065,22789
327.818806886673,22786
329.944509267807,22785
334.1509258747101,22783
338.5354177951813,22781
342.76602005958557,22779
344.9032971858978,22778
349.10765385627747,22776
351.28011751174927,22774
353.4446904659271,22772
357.6817512512207,22770
359.81868386268616,22768
366.1349723339081,22767
370.3426048755646,22765
372.48200821876526,22764
374.6047320365906,22763
376.7118487358093,22761
380.95657229423523,22760
385.2067143917084,22758
387.31343030929565,22755
393.7340543270111,22754
395.8431193828583,22752
402.24936509132385,22750
406.46797704696655,22747
408.6146602630615,22744
414.9136939048767,22742
421.2267813682556,22740
423.3013689517975,22739
427.507693529129,22737
429.6365954875946,22734
435.91112327575684,22733
437.9792535305023,22732
440.01748180389404,22730
442.15658807754517,22729
446.3814947605133,22726
448.60992550849915,22724
450.7514111995697,22722
452.8574843406677,22721
457.0682601928711,22720
459.1541690826416,22717
465.5866165161133,22716
467.6973352432251,22715
469.7550468444824,22713
471.9907298088074,22712
474.1208462715149,22710
476.1881101131439,22708
478.3859372138977,22707
482.6065227985382,22706
484.68489694595337,22705
486.8070456981659,22703
488.95931363105774,22702
491.0113139152527,22699
495.2736201286316,22697
497.37856364250183,22695
501.54645252227783,22693
505.7119827270508,22692
507.8407390117645,22689
509.9378671646118,22688
514.0438756942749,22687
518.2365443706512,22685
520.2709677219391,22682
522.470386505127,22680
526.6947550773621,22679
528.8285667896271,22677
533.0661935806274,22674
535.098436832428,22672
539.2811963558197,22669
541.3768033981323,22665
545.6256728172302,22663
547.7241730690002,22661
551.9953987598419,22660
554.1448709964752,22659
556.3710701465607,22657
562.834260225296,22655
564.952974319458,22653
571.1493360996246,22650
577.5080530643463,22648
581.7470743656158,22646
583.8725695610046,22645
588.1514427661896,22644
590.239049911499,22643
592.3788931369781,22642
594.5428414344788,22641
596.6262774467468,22640
598.8008239269257,22639
598.80997,22639