0.1762380599975586,1020
0.2712290287017822,1019
0.46132802963256836,1018
0.5577363967895508,1016
0.6560735702514648,1015
0.836979866027832,1014
0.9323227405548096,1012
1.0307834148406982,1011
1.1299164295196533,1010
1.414457082748413,1008
1.7053163051605225,1005
1.991398811340332,1001
2.085538387298584,998
2.278590202331543,997
2.471393346786499,994
2.662553071975708,992
2.759263038635254,991
2.9517505168914795,989
3.2436089515686035,986
3.4386203289031982,985
3.7218832969665527,983
3.8162527084350586,982
3.914425849914551,981
4.1035425662994385,980
4.291817665100098,979
4.4835779666900635,978
4.580198287963867,977
4.6769373416900635,976
4.873489141464233,974
4.969776153564453,970
5.159780740737915,969
5.258743047714233,968
5.352730989456177,967
5.5437939167022705,966
5.738511085510254,964
6.024178981781006,963
6.211231470108032,962
6.3121702671051025,961
6.405019044876099,960
6.591107368469238,958
6.8795857429504395,957
7.000694513320923,955
7.192562818527222,954
7.475328683853149,952
7.768218755722046,951
7.958859205245972,950
8.245564222335815,949
8.441133260726929,948
8.63488245010376,946
8.923097133636475,945
9.018687009811401,944
9.208962440490723,943
9.592433214187622,941
9.878009796142578,939
10.168946981430054,938
10.360178709030151,937
10.650400876998901,936
10.933988094329834,935
11.130427837371826,934
11.22825837135315,933
11.615744829177856,931
11.905429601669312,929
12.19070053100586,927
12.480844497680664,926
12.574987173080444,925
12.670728206634521,924
12.770844459533691,922
13.156902313232422,919
13.534128665924072,918
13.63268232345581,916
14.021522283554077,915
14.308410882949829,913
14.593678712844849,912
14.690167665481567,911
15.079992055892944,910
15.26774001121521,909
15.555256843566895,907
15.933761596679688,906
16.220043897628784,904
16.515534162521362,903
16.711512565612793,902
17.104424715042114,901
17.39544916152954,900
17.78377866744995,899
17.97684121131897,897
18.36595106124878,896
18.758367776870728,895
18.859079122543335,894
19.3433198928833,893
19.63260269165039,892
20.012453317642212,891
20.206664085388184,890
20.307480096817017,889
20.69639015197754,888
20.984485387802124,887
21.363311529159546,886
21.753453254699707,883
22.238455533981323,882
22.428473234176636,881
22.71898913383484,880
23.101526737213135,879
23.503538370132446,878
23.791643142700195,877
24.076533555984497,876
24.26520276069641,875
24.65388035774231,874
25.231916904449463,873
25.42638397216797,872
25.813593864440918,871
26.198143482208252,870
26.29698634147644,869
26.49444556236267,868
26.789645195007324,866
26.981863975524902,865
27.176504611968994,864
27.371280431747437,863
27.754891872406006,861
28.336236238479614,860
28.525885581970215,859
28.72069549560547,858
29.201690912246704,857
29.389156818389893,856
29.874003410339355,855
30.070075511932373,854
30.35623049736023,853
30.83582067489624,852
31.127631187438965,851
31.51270890235901,850
31.610913515090942,849
31.808833837509155,848
32.18792152404785,847
32.47442364692688,846
32.66417956352234,845
33.049874782562256,844
33.438880443573,843
33.73375082015991,842
34.11751127243042,841
34.5001277923584,840
34.69037747383118,839
35.465826988220215,838
35.85437250137329,837
36.154319763183594,836
36.72407054901123,835
37.016883850097656,834
37.48894810676575,833
38.072503328323364,831
39.033976316452026,830
39.227171659469604,828
40.19585704803467,827
40.49266600608826,825
41.300588607788086,824
41.96191930770874,823
42.44647693634033,822
43.02595114707947,821
43.21746110916138,820
43.407763719558716,819
43.98025679588318,818
44.46319651603699,817
45.15249991416931,816
45.34602093696594,815
46.212136030197144,814
47.282493591308594,813
47.666908264160156,812
48.14652180671692,811
49.02677130699158,810
49.99285960197449,808
51.05696511268616,807
51.949108362197876,806
52.62519884109497,805
53.59160876274109,804
54.46040105819702,803
54.85055994987488,800
57.73270320892334,799
58.4420907497406,798
58.73124694824219,797
59.211663484573364,796
60.85552358627319,795
61.91940259933472,794
62.494096517562866,793
64.33478474617004,792
65.78692817687988,791
66.75463032722473,790
68.58995056152344,789
69.3668704032898,788
69.95256447792053,787
72.4684624671936,786
72.94545984268188,785
76.83461928367615,784
77.81150650978088,783
85.08009719848633,782
86.23311972618103,781
96.80565,781