0.22545409202575684,1128
0.554579496383667,1126
0.7740168571472168,1125
0.8834421634674072,1123
0.9927895069122314,1121
1.3244078159332275,1120
1.5429635047912598,1118
1.7620134353637695,1115
2.095665693283081,1113
2.208040237426758,1112
2.4266719818115234,1111
2.535935640335083,1110
2.647066354751587,1109
2.7542572021484375,1108
2.9694058895111084,1106
3.1887903213500977,1104
3.3005552291870117,1102
3.6384665966033936,1101
3.748748540878296,1100
3.968177080154419,1098
4.1898512840271,1097
4.299769163131714,1096
4.408853530883789,1095
4.739508152008057,1093
4.850145578384399,1091
5.0699615478515625,1090
5.4075939655303955,1087
5.516316890716553,1086
5.626909494400024,1085
5.843193769454956,1084
6.061715602874756,1081
6.274959087371826,1079
6.6184611320495605,1078
6.7242419719696045,1077
6.839940071105957,1075
7.168728590011597,1074
7.277033805847168,1073
7.386451721191406,1072
7.632207155227661,1071
7.745152473449707,1070
7.964131832122803,1069
8.07698917388916,1068
8.405241966247559,1067
8.52091932296753,1065
8.74378252029419,1063
9.071209907531738,1062
9.186110973358154,1061
9.413076400756836,1059
9.744430303573608,1058
9.85537338256836,1057
9.96760082244873,1056
10.192478656768799,1055
10.306896448135376,1054
10.634391784667969,1053
10.743333339691162,1052
10.857259273529053,1051
11.183181047439575,1048
11.401861429214478,1047
11.736948013305664,1046
11.847570896148682,1044
12.074827909469604,1041
12.413583278656006,1039
12.955024242401123,1038
13.061768531799316,1037
13.276949644088745,1036
13.498273849487305,1033
13.939207553863525,1032
14.152736902236938,1031
14.262012720108032,1030
14.36911940574646,1029
14.912156105041504,1027
15.139641761779785,1026
15.252410173416138,1024
15.698678970336914,1023
15.808887958526611,1022
15.92087173461914,1021
16.362122774124146,1020
16.58164143562317,1019
16.909212589263916,1018
17.018404006958008,1017
17.233176708221436,1016
17.56629967689514,1015
17.6789448261261,1014
17.904012441635132,1013
18.345646619796753,1010
18.570213556289673,1009
18.911255598068237,1008
19.021817207336426,1007
19.34826946258545,1006
19.5654616355896,1004
19.901456832885742,1003
20.242995023727417,1001
20.460864543914795,1000
20.901092290878296,999
21.224395513534546,998
21.44640588760376,997
21.67465090751648,995
22.10969853401184,993
22.441091060638428,992
22.54758381843567,991
22.659031629562378,989
22.771111726760864,988
22.995026350021362,987
23.427788496017456,986
23.652308225631714,985
24.20586848258972,984
24.423861980438232,983
24.65313744544983,982
24.99158525466919,980
25.440462350845337,979
25.77274441719055,978
25.881553173065186,977
26.211200952529907,976
26.348644495010376,975
26.67946219444275,973
27.131237030029297,972
27.243622303009033,971
27.46359944343567,970
27.794105052947998,969
27.9059157371521,968
28.12845277786255,966
28.580122709274292,965
28.80602240562439,964
29.263885259628296,963
29.373342990875244,962
29.591610431671143,959
30.146124601364136,958
30.2501859664917,957
30.46999502182007,956
30.579670906066895,955
30.801563501358032,954
31.250083923339844,953
31.364670276641846,952
31.581679582595825,951
31.91317653656006,949
32.24879026412964,947
32.35858130455017,946
32.68841576576233,945
33.23401188850403,943
33.44893431663513,942
33.892096519470215,941
34.44867825508118,940
34.78559374809265,939
34.89648389816284,938
35.23572659492493,937
35.575031042099,936
35.68592882156372,935
35.79761719703674,933
36.241342544555664,932
36.354931116104126,931
36.90711975097656,929
37.34745740890503,928
37.5774130821228,927
38.01872801780701,926
38.6812801361084,924
39.13342642784119,923
39.3573317527771,922
39.911205530166626,921
40.02038097381592,920
40.45278835296631,919
40.90102696418762,918
41.44486403465271,916
41.77228903770447,915
41.87965631484985,914
42.32226204872131,912
42.755560636520386,911
42.97289705276489,910
43.20540976524353,909
43.42981767654419,908
43.76236915588379,907
43.8697988986969,906
44.203396797180176,904
44.75021576881409,903
44.97472643852234,902
45.53659272193909,901
45.76139545440674,899
46.19592094421387,898
46.445091247558594,897
46.55327296257019,896
47.00071454048157,895
47.33721089363098,894
47.66440415382385,893
48.12296223640442,891
48.5539972782135,890
48.66428208351135,889
49.32827019691467,888
49.66332268714905,887
50.102025508880615,886
50.42724800109863,885
50.64931273460388,884
50.97601628303528,883
51.09079718589783,882
51.311506509780884,881
51.418474197387695,880
52.08568286895752,879
52.64035892486572,877
53.07720351219177,876
53.40807223320007,873
53.85671019554138,872
54.07651376724243,871
54.72895550727844,869
54.950799226760864,868
55.390509843826294,867
56.16843914985657,866
56.381591796875,865
56.49129629135132,864
57.03608584403992,863
57.478766202926636,862
57.58859443664551,861
57.80661201477051,860
58.24474477767944,859
58.69073414802551,858
59.24721169471741,857
59.47914528846741,856
60.1504921913147,855
60.261374711990356,854
60.70385026931763,853
60.93510437011719,852
61.48540115356445,849
61.9192910194397,847
62.25495386123657,846
62.5918550491333,845
62.81822919845581,844
63.59694790840149,843
64.15598583221436,842
64.59535670280457,841
64.81702136993408,840
65.14854621887207,839
65.69003796577454,837
66.35623025894165,836
66.71064782142639,835
67.04109692573547,834
67.60290265083313,833
68.04744553565979,832
68.48909616470337,831
68.93025922775269,830
69.47569179534912,829
70.02906894683838,827
70.58187651634216,826
70.6928641796112,825
71.13725590705872,824
71.58330702781677,823
71.69191694259644,821
71.9109833240509,820
72.5875358581543,818
72.9184365272522,817
73.14573669433594,816
74.1327772140503,815
74.47266054153442,814
75.13227987289429,813
75.57443904876709,812
75.90684986114502,811
76.12926459312439,810
76.67860960960388,808
77.67493867874146,807
78.45596027374268,806
78.67467093467712,805
79.11596727371216,804
79.33975005149841,803
80.01119780540466,802
80.23706269264221,801
80.67939519882202,800
81.13475966453552,799
81.46345973014832,798
81.79943776130676,797
82.24055051803589,796
82.46171140670776,795
83.01091814041138,794
83.45925116539001,793
84.12764048576355,792
84.68269634246826,791
84.90600728988647,790
85.34978604316711,789
86.01226663589478,788
86.45889449119568,787
87.03662776947021,786
87.7056314945221,785
88.16228818893433,784
88.725919008255,783
89.59965085983276,782
89.93517994880676,780
90.59842085838318,779
90.92750358581543,778
91.14609599113464,776
91.70496034622192,775
92.14432525634766,773
92.5828607082367,772
93.0360324382782,771
93.80935788154602,770
94.3703932762146,769
94.91831588745117,767
95.46192002296448,766
96.02101063728333,765
97.03078746795654,764
97.4844241142273,763
98.04189157485962,762
98.38476610183716,761
99.05785989761353,760
99.71383333206177,759
100.27180433273315,758
100.37796187400818,757
100.83417749404907,756
101.5013370513916,755
102.1552255153656,754
102.59423160552979,753
103.92533922195435,752
104.91872024536133,751
105.81612777709961,750
107.04997158050537,749
107.61630988121033,748
108.28153324127197,747
109.40462040901184,746
110.19388508796692,745
110.52401113510132,744
110.85951733589172,743
111.07795,743