0.22834157943725586,1129
0.34232258796691895,1128
0.4558720588684082,1127
0.6770520210266113,1125
1.0086257457733154,1122
1.2307088375091553,1121
1.4496495723724365,1119
1.5659162998199463,1118
1.674360990524292,1117
1.893883228302002,1116
2.0086638927459717,1115
2.229032039642334,1113
2.4433844089508057,1112
2.5591652393341064,1111
2.6725285053253174,1110
2.8840572834014893,1109
2.9951069355010986,1108
3.217367172241211,1107
3.3348851203918457,1106
3.4406020641326904,1105
3.6598477363586426,1103
3.885514497756958,1101
4.1062610149383545,1100
4.326763391494751,1097
4.651139974594116,1095
4.760048866271973,1094
4.986735582351685,1093
5.099848985671997,1091
5.321764945983887,1090
5.4337286949157715,1086
5.771270036697388,1085
5.881168842315674,1083
6.102912187576294,1081
6.326457977294922,1079
6.4397218227386475,1078
6.547123670578003,1077
6.767652988433838,1076
6.876365423202515,1074
7.094909429550171,1073
7.204287052154541,1072
7.314397573471069,1071
7.530704736709595,1070
7.668515920639038,1069
7.774616479873657,1068
7.885147333145142,1066
7.99690580368042,1065
8.221060037612915,1064
8.327287197113037,1063
8.439494848251343,1061
8.65684986114502,1060
8.988121509552002,1058
9.328083038330078,1056
9.446659564971924,1054
9.890132188796997,1053
10.000896453857422,1050
10.679640769958496,1049
10.789289951324463,1048
10.90116000175476,1047
11.124896049499512,1046
11.23761773109436,1044
11.463839292526245,1043
11.692017316818237,1041
12.033555030822754,1040
12.259785890579224,1039
12.48000717163086,1038
12.70254635810852,1037
12.816247463226318,1036
13.144130945205688,1035
13.256505012512207,1033
13.47621488571167,1032
13.69512152671814,1031
13.814406871795654,1029
14.377443313598633,1028
14.48663330078125,1027
14.71308708190918,1026
14.826529741287231,1025
15.046634674072266,1023
15.500238418579102,1021
15.951494216918945,1020
16.06206488609314,1019
16.289031505584717,1018
16.508435010910034,1017
16.735665559768677,1016
16.954036235809326,1015
17.181968450546265,1013
17.615246772766113,1012
17.728429794311523,1011
18.063109397888184,1009
18.496901750564575,1008
18.608049392700195,1006
19.06063485145569,1004
19.391446590423584,1002
19.610970735549927,1001
19.724703788757324,1000
19.82900619506836,999
20.269043445587158,998
20.50041937828064,997
20.84671640396118,996
21.074023246765137,995
21.186134338378906,994
21.299100637435913,993
21.745983839035034,992
21.968504905700684,990
22.190828800201416,989
22.533685207366943,986
23.095223903656006,984
23.210142135620117,983
23.439127206802368,982
23.779545307159424,979
24.115334033966064,978
24.343804121017456,977
24.901987552642822,976
25.233914613723755,974
25.34941864013672,973
25.68410849571228,972
25.90354585647583,971
26.0174777507782,970
26.714036226272583,969
26.825918674468994,968
27.2657151222229,967
27.3750479221344,966
27.81073498725891,964
28.143442153930664,963
28.479016304016113,961
28.926046133041382,959
29.375912189483643,958
29.706470251083374,955
30.036084413528442,954
30.26314926147461,953
30.375128269195557,952
30.93769097328186,951
31.277310132980347,950
31.39006018638611,947
31.832943439483643,946
32.16121959686279,945
32.50413513183594,944
32.83358407020569,943
33.28107261657715,942
33.38998603820801,941
33.95047640800476,940
34.2903516292572,939
34.40214133262634,938
34.73996567726135,937
35.29811358451843,936
35.522522926330566,935
35.85479688644409,933
36.30018901824951,932
36.52263855934143,931
36.85997533798218,930
36.96838426589966,928
37.30187726020813,927
37.63420295715332,926
37.853801012039185,925
38.29688739776611,924
38.520527362823486,923
38.74384021759033,922
38.85488247871399,921
39.5220844745636,920
39.851263999938965,919
40.19333076477051,918
40.52602696418762,917
40.6407516002655,916
40.863487243652344,915
41.311346769332886,913
41.64585494995117,912
41.978047609329224,910
42.315258264541626,909
42.645912170410156,908
43.089280128479004,907
43.758697748184204,905
43.98514199256897,904
44.32785367965698,903
44.6674268245697,902
44.89060044288635,900
45.22850298881531,899
45.34517860412598,898
45.903708696365356,897
46.122965574264526,895
46.350358724594116,894
46.68238615989685,893
46.8182258605957,892
47.374443769454956,891
47.4876811504364,890
47.81760787963867,889
48.05053377151489,888
48.28076672554016,887
48.95378494262695,886
49.519832372665405,885
49.631369829177856,884
50.088446855545044,883
50.64787578582764,882
50.75974893569946,881
51.198498487472534,880
51.86570119857788,879
52.08602452278137,878
52.42471194267273,877
52.54021596908569,876
52.98854303359985,874
53.44214630126953,873
53.8951849937439,872
54.34243845939636,871
54.67376255989075,870
55.33935904502869,868
55.77444124221802,867
56.12075972557068,866
56.452144145965576,865
56.79012703895569,863
57.33786153793335,861
57.891998529434204,860
58.345585107803345,859
58.462520599365234,858
58.795433044433594,857
59.35229563713074,855
59.9053738117218,854
60.35928511619568,853
60.800699949264526,852
61.13150405883789,851
61.698447704315186,850
62.03884220123291,849
62.26461887359619,847
62.93987846374512,846
63.725425720214844,845
64.52574419975281,844
65.07459044456482,843
65.97440195083618,842
66.20442342758179,841
66.76697397232056,840
66.88059902191162,838
67.80594539642334,837
68.36214828491211,836
68.92791628837585,835
69.49265575408936,833
69.83170080184937,831
70.50829529762268,830
71.05799341201782,829
71.3926613330841,828
71.84325361251831,827
72.06718730926514,825
72.52500200271606,824
72.97940349578857,823
73.42659020423889,822
73.54077816009521,821
73.98842287063599,820
74.32282733917236,819
74.77118444442749,818
75.21986174583435,817
75.44125986099243,816
76.10287237167358,815
76.67341113090515,814
77.23975610733032,813
77.68676805496216,812
78.3467526435852,811
78.69205117225647,810
79.45929479598999,809
79.7908661365509,808
80.47538661956787,807
80.69969391822815,806
81.59647727012634,805
81.94695806503296,804
82.60758328437805,803
83.05615639686584,802
83.83868098258972,800
84.51431441307068,799
84.84113383293152,798
85.8547830581665,797
86.52604126930237,796
87.09301352500916,795
87.78704953193665,794
88.35789275169373,793
88.69532561302185,792
88.92672657966614,791
89.15849184989929,790
89.60352754592896,788
90.28607034683228,787
90.73188948631287,786
91.17721199989319,785
91.62939286231995,784
91.97257781028748,783
92.41974115371704,782
93.09569573402405,781
93.78528547286987,780
94.23528456687927,779
94.56966638565063,778
95.02237701416016,777
95.6953718662262,776
96.4591429233551,774
97.23836183547974,773
97.90809917449951,772
98.4547278881073,771
99.10723829269409,770
99.90054965019226,769
100.78767848014832,768
101.34133791923523,767
102.24825263023376,766
102.92096829414368,764
103.59929990768433,763
104.0406129360199,761
104.82628273963928,760
105.49866318702698,759
106.05765557289124,758
106.7275276184082,757
107.27976727485657,756
107.3924868106842,755
107.7565062046051,754
108.20348310470581,753
108.88375449180603,752
109.00230431556702,751
109.57416224479675,750
110.01766967773438,749
110.80698251724243,748
111.24906969070435,747
111.6923713684082,746
112.14019,746