0.2248973846435547,1130
0.34003281593322754,1127
0.5588853359222412,1126
0.6693356037139893,1125
1.0077018737792969,1123
1.233217477798462,1122
1.3442473411560059,1120
1.4564437866210938,1118
1.9014418125152588,1116
2.0112123489379883,1115
2.345479965209961,1113
2.458829402923584,1111
2.7916669845581055,1110
2.9025323390960693,1108
3.016038656234741,1106
3.1281933784484863,1105
3.3464581966400146,1103
3.455721139907837,1102
3.787783622741699,1099
4.12896466255188,1098
4.2378504276275635,1096
4.583927154541016,1094
4.811702489852905,1093
4.930123329162598,1091
5.374199628829956,1089
5.601827144622803,1088
5.935131788253784,1086
6.2680346965789795,1084
6.487451791763306,1082
6.601765871047974,1081
6.930656671524048,1077
7.154009819030762,1076
7.483730316162109,1074
7.726171255111694,1073
7.943453788757324,1071
8.05607795715332,1070
8.49256181716919,1069
8.607663869857788,1068
8.721067190170288,1067
9.061249017715454,1066
9.174916982650757,1064
9.509240865707397,1061
9.943847894668579,1060
10.053878784179688,1059
10.497712850570679,1057
10.724114656448364,1056
10.944182395935059,1055
11.16017198562622,1054
11.385369777679443,1052
11.725663423538208,1051
11.949470520019531,1049
12.174243688583374,1047
12.513170003890991,1046
12.741535902023315,1043
12.860869407653809,1042
13.08951735496521,1041
13.41754961013794,1040
13.529327154159546,1039
13.859165906906128,1038
13.973111629486084,1037
14.193700790405273,1035
14.535245418548584,1033
14.980022430419922,1031
15.318310976028442,1029
15.537917137145996,1028
15.651156902313232,1027
15.767435550689697,1026
15.994964361190796,1025
16.226661920547485,1023
16.337662935256958,1022
16.55712604522705,1021
17.018360376358032,1020
17.130009174346924,1019
17.46409273147583,1018
17.8037052154541,1015
18.139198780059814,1014
18.255276679992676,1013
18.47063708305359,1012
18.586427927017212,1011
19.035035848617554,1010
19.152034521102905,1009
19.60588312149048,1008
19.835957050323486,1007
20.16468095779419,1006
20.276838064193726,1004
20.3875892162323,1003
20.722980737686157,1001
21.067432403564453,1000
21.18020462989807,999
21.296180725097656,998
21.64054250717163,997
21.972657203674316,996
22.20260262489319,995
22.425142765045166,994
22.541148900985718,993
22.76910710334778,992
22.991220712661743,991
23.215941190719604,990
23.545384883880615,988
23.874486207962036,987
24.10722017288208,986
24.332709074020386,985
24.673489093780518,984
24.783753871917725,983
25.12577223777771,982
25.581594705581665,980
26.02148699760437,979
26.129920959472656,978
26.461400985717773,977
26.57420802116394,976
27.158310890197754,975
27.27209448814392,974
27.832215785980225,973
27.943176984786987,972
28.279447078704834,971
28.507484436035156,970
28.846789836883545,969
29.185075283050537,967
29.62803888320923,965
30.18928098678589,964
30.41228413581848,963
30.866304397583008,962
31.203794240951538,961
31.538129568099976,959
31.651396989822388,957
31.987764835357666,955
32.215394020080566,954
32.5501127243042,953
32.887893199920654,952
32.99462175369263,951
33.54178762435913,950
33.65063190460205,949
33.87937879562378,948
34.10146498680115,947
34.213125467300415,946
34.6618230342865,945
34.891526222229004,944
35.00375247001648,943
35.337788105010986,942
35.45029616355896,941
35.78073263168335,940
36.22152805328369,939
36.44686198234558,938
36.666271448135376,937
36.999515771865845,935
37.45513725280762,934
37.68759202957153,933
37.79891800880432,932
38.35465359687805,931
38.47080159187317,930
38.9231481552124,929
39.594465494155884,928
39.93980145454407,927
40.17389416694641,926
40.50996136665344,925
40.96373105049133,924
41.07644963264465,923
41.5282678604126,922
41.75127959251404,921
42.08872103691101,920
42.419530391693115,918
42.975862979888916,917
43.30882453918457,916
43.751635789871216,915
44.096774101257324,914
44.654256105422974,913
45.103596210479736,912
45.55441212654114,911
46.11058020591736,910
46.340519189834595,909
46.68194603919983,908
47.163416385650635,907
47.27732253074646,906
47.4973669052124,905
47.83825659751892,904
48.18042612075806,903
48.519455671310425,902
48.750972509384155,900
49.08294725418091,899
49.415327072143555,898
49.99325942993164,897
50.44948172569275,895
51.02182340621948,894
51.46821880340576,893
51.91732382774353,891
52.37348508834839,890
52.72136092185974,889
52.833136796951294,888
53.17344522476196,887
53.61642503738403,885
54.17016530036926,884
54.730382442474365,883
55.41990876197815,882
55.86838126182556,880
55.979198932647705,879
56.89071273803711,878
56.998663663864136,877
57.569621562957764,876
58.236554861068726,875
58.69215798377991,874
59.02539801597595,873
59.598204612731934,872
60.04409098625183,871
60.272507190704346,870
60.60468530654907,869
60.71820402145386,868
61.17419099807739,867
61.516743421554565,866
61.6226282119751,865
62.27953267097473,864
62.61111617088318,863
63.171003341674805,862
63.6251003742218,861
64.07355046272278,860
64.52604532241821,859
64.87423348426819,858
65.32860708236694,857
65.77977776527405,856
66.12737655639648,855
66.47014951705933,854
66.79874920845032,853
67.25535726547241,852
67.72700524330139,851
67.9603180885315,850
68.51636600494385,849
69.07855296134949,848
69.85114169120789,847
70.30768299102783,846
70.75968503952026,844
71.55830264091492,843
71.67082643508911,842
72.01513695716858,839
72.68730044364929,837
73.361487865448,836
74.05345177650452,835
74.28091335296631,834
75.07778072357178,833
75.65413022041321,832
75.99113130569458,831
76.4355731010437,830
76.76548027992249,828
77.6574478149414,826
78.33896327018738,825
79.13386392593384,824
79.4705650806427,823
79.9220712184906,822
80.37842345237732,821
80.8182098865509,820
81.40088605880737,819
82.30248379707336,818
82.98728322982788,817
83.20807528495789,816
84.01038026809692,815
84.80171203613281,814
85.47716951370239,813
86.15483331680298,812
86.83098578453064,811
87.61937475204468,810
87.98447251319885,809
88.4255211353302,808
88.77053809165955,807
89.10381555557251,806
90.02853918075562,805
90.57745170593262,803
91.24718594551086,802
91.81608033180237,801
92.26708030700684,800
92.60025072097778,799
92.93883299827576,798
93.5075614452362,796
94.18571949005127,795
94.7492184638977,794
95.42851972579956,793
95.65382623672485,792
96.3332941532135,791
96.90312314033508,790
97.36790728569031,789
97.70908713340759,787
98.06398701667786,786
98.73476433753967,785
99.18938899040222,784
99.75082468986511,783
100.43549609184265,782
100.99988031387329,781
101.57182431221008,780
103.15134143829346,779
103.94153785705566,778
104.38447189331055,777
105.07116270065308,776
105.64040040969849,775
106.32260799407959,774
107.13185906410217,773
107.48085713386536,772
107.94438934326172,771
109.08877539634705,770
109.65543341636658,769
110.32379865646362,768
110.8826789855957,767
111.5513563156128,766
112.23087406158447,765
112.91096,765