0.2302250862121582,1129
0.456287145614624,1127
0.5661594867706299,1126
0.7923929691314697,1125
0.9070298671722412,1123
1.0188848972320557,1122
1.1328814029693604,1121
1.352959156036377,1120
1.4592399597167969,1119
1.5702869892120361,1118
1.6817052364349365,1117
2.02604341506958,1115
2.1357390880584717,1114
2.3531649112701416,1112
2.5783205032348633,1111
2.6879827976226807,1110
2.9079973697662354,1108
3.1413161754608154,1106
3.2568037509918213,1105
3.478562831878662,1104
3.6992712020874023,1101
4.03439474105835,1099
4.250842332839966,1098
4.364155054092407,1096
4.4757163524627686,1094
4.808755874633789,1092
5.030540227890015,1091
5.141534090042114,1090
5.253526449203491,1089
5.473991632461548,1088
5.5856873989105225,1087
5.9168548583984375,1085
6.2435479164123535,1083
6.458871364593506,1081
6.571902751922607,1080
6.794712543487549,1077
7.015033483505249,1076
7.352822542190552,1075
7.565512418746948,1074
7.703336477279663,1073
7.8133111000061035,1071
8.03297472000122,1070
8.250746965408325,1069
8.695762395858765,1067
8.92103385925293,1066
9.14580249786377,1065
9.259474277496338,1062
9.708305835723877,1061
9.818370580673218,1059
9.931740045547485,1057
10.040544271469116,1056
10.380597352981567,1055
10.496432304382324,1053
10.831158638000488,1052
11.161442041397095,1051
11.276095151901245,1050
11.384125471115112,1049
11.607163906097412,1048
11.831826448440552,1047
11.948230981826782,1046
12.171233415603638,1043
12.396967887878418,1042
12.616447687149048,1041
12.95324158668518,1039
13.17434573173523,1038
13.622564554214478,1037
13.738351583480835,1036
14.069318532943726,1035
14.182627439498901,1034
14.517229318618774,1033
14.6240816116333,1032
14.732052564620972,1030
15.063892841339111,1029
15.287274599075317,1028
15.514196872711182,1027
15.629648208618164,1026
15.975233554840088,1024
16.306243658065796,1022
16.525809288024902,1020
16.860915899276733,1019
17.08593463897705,1018
17.315208673477173,1017
17.54310154914856,1016
17.653874158859253,1015
18.0927517414093,1013
18.65953803062439,1011
18.99006748199463,1010
19.321664810180664,1009
19.652440071105957,1007
19.98835039138794,1006
20.215171337127686,1003
20.76734232902527,1002
20.88011121749878,1001
21.33200192451477,998
21.66362953186035,996
22.221550464630127,995
22.336477041244507,994
22.571245193481445,993
23.008703470230103,989
23.457717657089233,987
23.909446001052856,986
24.12957000732422,985
24.470843076705933,983
24.928319931030273,981
25.498236656188965,980
25.608548164367676,977
25.952073335647583,976
26.181849002838135,975
26.51906418800354,974
26.985780715942383,973
27.22160315513611,972
27.554790258407593,971
27.667853832244873,970
28.23639440536499,967
28.679685354232788,966
29.017531156539917,965
29.126554250717163,963
29.582992792129517,961
30.025962829589844,960
30.472672700881958,959
30.69014883041382,958
30.800686836242676,957
31.13912081718445,955
31.254106521606445,954
31.70037031173706,953
31.918078660964966,952
32.0279700756073,951
32.142852544784546,950
32.48148775100708,949
33.0526556968689,948
33.27909183502197,947
33.392284870147705,946
33.95697474479675,945
34.408764362335205,943
34.97687888145447,942
35.0895676612854,941
35.422953605651855,940
35.64533615112305,938
36.1000657081604,937
36.21242427825928,936
36.44084453582764,934
36.88924860954285,933
37.002185344696045,932
37.33689308166504,931
37.680580854415894,930
38.01662516593933,928
38.5688898563385,927
38.90054392814636,926
39.34218120574951,925
39.682146310806274,924
40.01690196990967,923
40.235978841781616,922
40.579097270965576,921
40.803781270980835,920
41.4789936542511,918
41.81101870536804,917
41.920817852020264,916
42.358445167541504,915
42.80003595352173,914
43.14690375328064,913
43.476741552352905,912
43.81149673461914,911
44.474369287490845,909
45.038774728775024,908
45.36716413497925,906
45.70073103904724,905
46.03343105316162,904
46.475940465927124,903
46.69979667663574,902
46.807780504226685,901
47.286580085754395,900
47.61881399154663,899
47.83908820152283,898
48.17621469497681,897
48.73701310157776,896
49.403522968292236,895
49.51291584968567,894
49.96023201942444,893
50.07249689102173,892
50.4063720703125,891
50.75343632698059,890
51.31534743309021,889
51.4258553981781,886
51.97553825378418,885
52.53013324737549,884
52.75074505805969,883
53.19835305213928,882
53.53758382797241,880
54.098517179489136,879
54.211729288101196,878
54.54599738121033,876
54.89268088340759,875
55.34771776199341,874
55.46109867095947,873
55.57552433013916,872
56.022685527801514,871
56.24391055107117,870
56.693461894989014,869
57.15095400810242,868
57.60633826255798,867
57.72055006027222,866
58.28005409240723,865
58.943848848342896,864
59.615559339523315,863
60.29130268096924,862
60.85860061645508,861
61.31131982803345,860
61.87544298171997,859
62.21123957633972,858
62.5419340133667,857
62.87873458862305,855
63.42762231826782,854
63.6513237953186,853
64.21413230895996,852
64.7808358669281,851
65.23164391517639,850
65.56740880012512,849
66.35682964324951,848
66.69702529907227,847
67.39282560348511,846
67.50477766990662,845
68.075035572052,844
68.41194939613342,843
68.98526906967163,842
69.32675838470459,841
69.66232943534851,840
70.11490893363953,839
70.56583333015442,838
70.67777943611145,837
71.13438582420349,836
71.59146165847778,835
72.04079031944275,834
72.59761428833008,833
72.70770645141602,832
72.93746018409729,831
73.60248517990112,829
73.8291335105896,828
74.49960923194885,827
75.1659095287323,826
75.71632862091064,825
75.94110441207886,824
76.60052871704102,822
77.16097068786621,821
77.38009333610535,820
78.16084241867065,819
78.72844457626343,818
79.06626987457275,817
79.40637111663818,816
79.73878335952759,815
80.30308246612549,814
80.53144335746765,812
80.86791372299194,811
81.09086203575134,810
81.53693652153015,809
81.99296069145203,808
82.76877403259277,807
83.22011184692383,806
83.43870425224304,805
84.10838270187378,804
84.43894290924072,803
84.55415534973145,801
85.22144198417664,800
85.78386974334717,799
86.3427426815033,798
87.12169480323792,797
87.35037398338318,796
88.15526676177979,795
88.60030508041382,794
88.94579887390137,793
89.17228603363037,792
89.96372699737549,791
90.18722176551819,790
90.75452399253845,789
91.20642948150635,788
91.76288914680481,787
92.53696537017822,786
93.10149264335632,785
93.65723395347595,784
94.10773801803589,783
95.11762380599976,782
95.45007514953613,780
96.90760493278503,779
97.13331151008606,778
97.69529414176941,777
97.91261863708496,776
98.35144567489624,775
98.80553722381592,774
99.24331545829773,773
99.80636501312256,771
100.2654938697815,770
101.0628182888031,769
101.95604038238525,768
102.52115821838379,766
103.53372740745544,765
104.1901388168335,764
104.41309952735901,763
105.30905437469482,762
105.98592209815979,761
106.7611882686615,759
107.4327986240387,758
108.2487108707428,757
109.13412928581238,756
109.47341918945312,755
111.13647079467773,754
111.91245818138123,753
112.24373,753