0.23023176193237305,1130
0.4518277645111084,1129
0.673271656036377,1127
0.7837479114532471,1125
1.0002555847167969,1121
1.324380874633789,1120
1.4393706321716309,1118
1.5491724014282227,1117
1.8734686374664307,1116
1.9862549304962158,1112
2.3269004821777344,1109
2.6521873474121094,1107
2.8703486919403076,1106
3.085127115249634,1104
3.1945347785949707,1100
3.8608503341674805,1099
4.079482793807983,1097
4.297223806381226,1095
4.634535551071167,1094
4.743512153625488,1093
4.961227655410767,1091
5.17607045173645,1090
5.2830986976623535,1088
5.397101879119873,1087
5.506739377975464,1085
5.840070009231567,1084
5.951356887817383,1082
6.268784284591675,1081
6.371682643890381,1080
6.588189125061035,1078
6.695021629333496,1077
6.80367112159729,1075
7.021784782409668,1074
7.361507892608643,1073
7.612922191619873,1070
7.829499244689941,1069
8.052895545959473,1068
8.275033950805664,1067
8.493264198303223,1065
8.712422847747803,1064
8.931694269180298,1063
9.154160976409912,1061
9.482857465744019,1059
9.923209190368652,1058
10.03376030921936,1055
10.245254039764404,1053
10.462578535079956,1052
10.798148393630981,1050
11.015173196792603,1048
11.231125831604004,1047
11.454944610595703,1046
11.567631721496582,1045
11.78274917602539,1044
12.011630773544312,1042
12.125929594039917,1039
12.567178964614868,1036
12.892733097076416,1035
13.005992889404297,1034
13.118401527404785,1031
13.340931177139282,1029
13.669543981552124,1028
13.899296522140503,1027
14.232340335845947,1025
14.453518390655518,1024
14.788363933563232,1022
15.013166666030884,1020
15.226278305053711,1018
15.673944473266602,1016
15.903985738754272,1015
16.01460361480713,1013
16.2315456867218,1011
16.567631483078003,1010
17.007248640060425,1009
17.116093158721924,1008
17.457886695861816,1007
17.68153190612793,1005
18.013213634490967,1002
18.899675369262695,1001
19.010876417160034,999
19.231958150863647,996
19.346572160720825,995
19.782561540603638,994
20.000630855560303,993
20.110169410705566,991
20.332886695861816,989
20.779070615768433,987
21.1091365814209,986
21.2195987701416,985
21.442606210708618,984
21.55559515953064,983
21.9943790435791,982
22.32529306411743,981
22.438780069351196,980
22.664324522018433,979
23.000528573989868,978
23.112313270568848,977
23.3382351398468,975
23.89334225654602,974
24.11285901069641,973
24.45045757293701,971
24.983075380325317,970
25.32595682144165,969
25.66477918624878,968
25.88225746154785,967
26.1035258769989,966
26.21066665649414,964
26.78879690170288,963
27.00990891456604,962
27.43970489501953,961
27.664888381958008,960
28.102039098739624,958
28.32151222229004,957
28.543118715286255,956
28.874650955200195,955
29.097623109817505,954
29.32184410095215,953
29.9915189743042,952
30.207550048828125,951
30.323354721069336,950
30.775452613830566,949
31.00470805168152,948
31.338014602661133,946
31.79713463783264,945
32.12624907493591,944
32.338420152664185,943
32.55385231971741,941
33.009711265563965,940
33.23626947402954,939
33.34980392456055,938
33.67719602584839,937
33.90090584754944,936
34.23089265823364,935
34.56845140457153,934
34.8998019695282,933
35.11820363998413,932
35.5599262714386,931
35.77915048599243,930
36.21689486503601,929
36.323291301727295,928
36.54177737236023,927
37.088568925857544,926
37.19705533981323,925
37.64737319946289,924
37.75646185874939,923
37.97516942024231,922
38.08933448791504,921
38.307132959365845,920
38.64938712120056,919
39.09798765182495,917
39.878740310668945,915
40.21078014373779,914
40.32188153266907,912
40.984986782073975,911
41.41855978965759,910
41.64428186416626,909
42.304760217666626,908
42.74555492401123,907
42.962886095047,906
43.29463744163513,905
43.63282632827759,904
44.304503202438354,903
44.63334679603577,902
44.74165439605713,901
45.07348990440369,900
45.29707479476929,899
45.516279220581055,898
46.06232666969299,897
46.1692259311676,896
46.84262728691101,895
47.168070554733276,894
47.387683153152466,893
47.92749214172363,892
48.3631067276001,891
48.586782932281494,890
49.0392804145813,889
49.4721736907959,888
49.70584154129028,886
50.83065605163574,884
51.170565605163574,883
51.50267815589905,882
51.844468116760254,881
52.16734194755554,880
52.71496224403381,879
53.050987005233765,878
53.49181056022644,877
54.25626850128174,876
54.69783306121826,874
55.13471961021423,873
55.36104965209961,872
55.924917221069336,871
56.25346875190735,869
56.698604345321655,868
57.034913778305054,867
57.14954209327698,866
57.37187933921814,865
57.93798327445984,864
58.27173852920532,863
58.38092350959778,862
58.939311027526855,861
59.05170202255249,860
59.602017402648926,859
59.82639741897583,858
60.60493302345276,856
60.9452223777771,855
61.391751527786255,854
61.61791706085205,853
62.073917865753174,852
62.52519249916077,851
62.74322509765625,850
63.1864652633667,849
63.73523545265198,848
63.852232456207275,847
64.404141664505,846
64.96013736724854,845
65.52307796478271,844
65.85892653465271,843
66.29926943778992,842
66.75885224342346,841
67.1959867477417,840
67.52938890457153,839
67.97409152984619,838
68.76232814788818,837
69.11024355888367,836
69.45205807685852,835
69.89619612693787,833
70.33747911453247,831
70.77474427223206,830
71.09574341773987,829
71.75968050956726,827
72.32488822937012,826
72.54227757453918,825
73.09120726585388,823
73.55031037330627,822
74.22029662132263,821
74.55088663101196,820
75.23051476478577,819
75.78119730949402,818
76.34463119506836,817
76.6779203414917,816
77.00940871238708,815
77.2290551662445,814
77.56002235412598,813
78.11430215835571,812
78.45110440254211,811
79.01200771331787,810
79.45228099822998,809
80.11926627159119,808
80.45069670677185,807
81.11282730102539,806
81.99462342262268,805
82.65398669242859,804
83.31229639053345,803
83.980304479599,802
84.21107292175293,801
84.54674816131592,800
85.10406541824341,799
85.43282628059387,798
86.09853029251099,797
86.43841195106506,796
86.79208111763,795
87.11762404441833,794
87.79255557060242,793
88.23310995101929,792
88.57471370697021,791
89.13613247871399,790
89.45813727378845,789
89.678955078125,788
89.9076886177063,787
90.34526991844177,786
90.89514327049255,785
91.45643615722656,784
91.90158033370972,783
92.45784544944763,782
92.9054822921753,781
93.23262143135071,779
94.46651482582092,778
94.68994784355164,777
95.47678399085999,776
96.1404185295105,775
96.47209620475769,774
97.02041697502136,773
97.57917380332947,772
98.24154305458069,771
99.02699089050293,770
99.24562501907349,768
99.57102656364441,767
100.12751793861389,766
100.46044826507568,765
101.02260851860046,764
101.81203937530518,763
102.59298372268677,761
103.6996922492981,760
104.14138507843018,759
104.58461284637451,758
105.12617635726929,757
105.44662690162659,756
106.21716856956482,755
106.33309721946716,754
107.01225471496582,753
107.79094290733337,752
108.915292263031,751
109.35134935379028,750
110.23729825019836,749
111.0077018737793,748
111.11957,748