0.2307600975036621,1129
0.33641982078552246,1127
0.4436757564544678,1125
0.5520317554473877,1122
0.8771102428436279,1121
0.9890909194946289,1120
1.1036570072174072,1118
1.3267366886138916,1117
1.5426886081695557,1115
1.6552035808563232,1114
1.7660586833953857,1112
2.088165521621704,1111
2.1997976303100586,1108
2.4260382652282715,1107
2.6440093517303467,1106
2.8664262294769287,1105
2.975321054458618,1104
3.090642213821411,1102
3.314429759979248,1099
3.7616004943847656,1097
3.9893009662628174,1095
4.215455770492554,1093
4.329687118530273,1091
4.7666425704956055,1090
4.874831438064575,1089
5.211811065673828,1088
5.545065402984619,1086
5.764809608459473,1085
5.9811060428619385,1084
6.198056221008301,1082
6.54377818107605,1081
6.652798891067505,1080
6.873391151428223,1079
6.98453688621521,1078
7.099085092544556,1077
7.208837985992432,1076
7.426354169845581,1074
7.889847755432129,1072
8.108784437179565,1071
8.21743655204773,1069
8.772556066513062,1068
8.88290548324585,1067
9.328587293624878,1065
9.43852972984314,1064
9.772576093673706,1063
9.885719060897827,1061
10.437079191207886,1060
10.775757312774658,1059
11.111863374710083,1058
11.225182294845581,1057
11.5601487159729,1055
11.898586511611938,1052
12.11564588546753,1050
12.44881010055542,1049
12.678197622299194,1048
12.792829513549805,1047
13.132535696029663,1046
13.471137046813965,1042
13.804323196411133,1040
14.145227670669556,1038
14.47744631767273,1036
14.589349508285522,1035
14.915262222290039,1034
15.142301082611084,1033
15.356904983520508,1032
15.697208166122437,1030
15.930225610733032,1029
16.15041971206665,1028
16.261101245880127,1027
16.482130765914917,1025
16.934876680374146,1024
17.162598371505737,1023
17.38136601448059,1022
17.492841482162476,1021
17.708641529083252,1020
17.93105411529541,1019
18.27184510231018,1018
18.489121437072754,1017
18.599448919296265,1016
18.710167169570923,1015
19.05034613609314,1014
19.159171104431152,1013
19.49782943725586,1012
19.612403392791748,1011
19.944629430770874,1010
20.16519045829773,1008
20.503055334091187,1006
20.729698419570923,1005
21.2298526763916,1004
21.56122660636902,1002
21.892338275909424,1001
22.220680952072144,1000
22.45016312599182,998
22.88595461845398,997
23.003337860107422,995
23.447824478149414,994
23.672430992126465,992
24.015766143798828,991
24.238587141036987,990
24.682755708694458,989
24.794049978256226,988
25.01520299911499,987
25.46133279800415,985
25.91613459587097,983
26.140933752059937,982
26.47274136543274,981
26.8303804397583,980
27.16951894760132,979
27.281583786010742,978
27.619757175445557,977
27.957924127578735,976
28.18543577194214,975
28.406773567199707,974
28.74285316467285,973
28.972370624542236,971
29.41390824317932,969
29.75175428390503,967
29.974336862564087,966
30.538967847824097,965
30.651438236236572,964
30.98176383972168,962
31.318565130233765,961
31.654542922973633,959
31.76448941230774,958
31.986135721206665,957
32.32555341720581,956
32.43716883659363,955
32.75953197479248,954
33.09359431266785,953
33.547085762023926,952
33.66009044647217,951
33.99721813201904,950
34.10507869720459,949
34.66264009475708,948
34.88607907295227,947
34.997588872909546,946
35.32754397392273,945
35.554505825042725,944
35.6706759929657,943
36.012086391448975,942
36.34409689903259,941
36.681824684143066,940
37.00818228721619,939
37.4540593624115,937
37.89920091629028,936
38.23224854469299,935
38.450361490249634,934
39.11754250526428,932
39.33463263511658,930
39.998409271240234,929
40.222063302993774,928
40.550148248672485,927
41.217047929763794,926
41.65690469741821,925
42.10478687286377,924
42.43092894554138,923
42.99147415161133,921
43.546080350875854,920
43.770814180374146,919
43.991645097732544,918
44.103498220443726,917
44.66431403160095,916
45.21006417274475,915
45.681654930114746,914
45.91281771659851,913
46.24270677566528,910
46.80243992805481,909
47.138702392578125,908
47.68463659286499,907
48.019460678100586,906
48.131380558013916,905
48.240631103515625,904
48.798046588897705,903
49.129902601242065,902
49.24328303337097,901
49.469120502471924,900
49.91414546966553,899
50.2448844909668,898
50.58220887184143,897
50.918660163879395,896
51.364829778671265,895
51.593740940093994,894
51.920536041259766,893
52.364333152770996,890
52.69678807258606,889
53.042091846466064,888
53.602006673812866,886
53.713857650756836,885
54.16232180595398,884
54.84474730491638,883
55.290401458740234,881
55.855080366134644,879
56.186049461364746,878
56.41675686836243,877
56.97693061828613,876
57.527997970581055,875
57.9789764881134,872
58.425865650177,871
58.87230896949768,870
59.54895734786987,869
59.77284622192383,868
60.22724795341492,865
60.90344595909119,862
61.466978549957275,861
62.0171914100647,860
62.46770167350769,859
62.91035985946655,858
63.13225984573364,857
63.46190071105957,856
64.01881432533264,855
64.24521470069885,854
64.80898141860962,853
65.03911280632019,852
65.48794531822205,851
65.95125555992126,850
66.51009559631348,848
66.95041871070862,847
67.62795877456665,846
67.84702181816101,845
68.29863047599792,844
68.52554512023926,843
68.63496708869934,842
69.41226553916931,841
69.75613594055176,840
70.2125358581543,839
70.55481195449829,838
71.10472559928894,837
71.44780969619751,836
71.77752041816711,835
72.33307433128357,834
73.00793981552124,833
73.79097890853882,831
74.01649332046509,830
74.68955755233765,829
74.79431629180908,828
75.4671425819397,827
75.91663527488708,826
76.57637667655945,825
77.1389045715332,824
77.47453331947327,823
78.04292058944702,822
78.49042296409607,820
79.03706359863281,819
79.37230134010315,818
79.80896496772766,817
80.36491465568542,816
80.8247880935669,815
81.38624882698059,814
82.06270956993103,813
82.62384629249573,812
83.07673907279968,811
83.51651787757874,810
84.07440757751465,809
84.74586939811707,808
85.17992663383484,807
85.6238911151886,806
86.44086337089539,805
86.55634665489197,804
87.11162686347961,803
87.43986630439758,802
87.9934811592102,800
88.55920958518982,799
88.6753716468811,798
89.12616562843323,797
89.91036868095398,796
90.79964780807495,795
91.4661762714386,794
92.25052380561829,793
92.70249319076538,792
93.25566005706787,791
93.82662963867188,790
94.38993859291077,789
95.06349968910217,788
95.50484204292297,787
95.95587491989136,786
96.86576819419861,785
97.4290030002594,784
98.42676401138306,783
99.3165876865387,782
99.98800849914551,781
100.54521012306213,780
101.20389866828918,779
101.42920017242432,778
102.10006141662598,777
102.87907028198242,776
103.32229375839233,775
103.88357639312744,774
104.21574687957764,773
104.77815461158752,772
105.34622287750244,771
105.79311466217041,770
106.70518946647644,768
107.60696649551392,766
108.72702598571777,765
109.39208602905273,764
109.95106744766235,763
110.94931602478027,762
111.71229910850525,761
111.94315,761