1.2747020721435547,7606
2.7091221809387207,7603
4.049236059188843,7601
5.47623085975647,7598
6.841661691665649,7597
8.910229921340942,7595
9.587104082107544,7592
10.978442907333374,7590
11.652343034744263,7589
12.351785898208618,7588
13.752593278884888,7586
14.451500415802002,7585
15.86281156539917,7584
17.19730305671692,7583
17.87824034690857,7580
19.239238262176514,7579
19.92234516143799,7577
20.594082355499268,7575
21.9653103351593,7573
24.001488208770752,7571
25.365426063537598,7569
26.06792974472046,7568
27.468195915222168,7565
28.84406876564026,7564
29.51122784614563,7562
30.231231927871704,7560
32.30019497871399,7558
33.63980269432068,7554
35.00867176055908,7553
35.70189070701599,7551
36.414979696273804,7550
37.08232617378235,7548
38.58364939689636,7546
39.26392698287964,7545
39.94163393974304,7544
41.32341933250427,7543
42.03452944755554,7541
42.74190878868103,7538
44.77415752410889,7536
46.15845465660095,7534
46.85575008392334,7531
47.57409620285034,7528
49.65245771408081,7527
50.357308864593506,7525
51.70738124847412,7522
53.759857416152954,7521
54.448718309402466,7520
55.14930725097656,7519
55.84272885322571,7517
57.217289686203,7516
58.5750036239624,7515
59.27610659599304,7513
60.66535830497742,7510
62.018614768981934,7508
62.71221303939819,7507
64.09853649139404,7506
64.77763891220093,7504
66.14972186088562,7500
67.51028251647949,7497
69.61690187454224,7494
70.99269437789917,7493
72.34445905685425,7491
73.72100949287415,7488
75.08332467079163,7486
75.75012564659119,7485
76.45311903953552,7484
77.15382504463196,7480
78.56378841400146,7478
79.25692820549011,7477
80.63437175750732,7476
81.30297827720642,7475
82.00558233261108,7473
83.37232637405396,7471
84.03743529319763,7470
84.69931125640869,7469
85.39302587509155,7468
87.44892835617065,7465
88.86683106422424,7462
89.55930995941162,7461
90.25205540657043,7460
91.65232610702515,7457
94.39183259010315,7456
95.07599782943726,7455
95.7634973526001,7454
96.46635270118713,7452
97.1783697605133,7451
99.92165040969849,7450
100.59247994422913,7449
101.28797316551208,7448
101.98078036308289,7447
102.65302610397339,7445
103.34972810745239,7443
104.03134250640869,7439
106.77384233474731,7438
107.48068308830261,7437
108.16595768928528,7436
109.5445704460144,7434
110.2093894481659,7432
112.30116271972656,7431
112.9992208480835,7429
113.68460249900818,7428
114.3944206237793,7425
115.7952356338501,7423
117.15782952308655,7422
118.52701020240784,7421
119.22058486938477,7420
119.924320936203,7419
120.60096526145935,7418
121.2710976600647,7417
121.9668436050415,7415
122.66053342819214,7412
124.05993223190308,7411
125.41958689689636,7409
126.12484192848206,7408
126.80935192108154,7407
128.85499215126038,7406
129.53557920455933,7405
130.22451663017273,7403
131.58137679100037,7402
132.88713216781616,7401
133.5531871318817,7400
134.9446623325348,7398
136.3163595199585,7397
136.99675941467285,7396
137.69902873039246,7395
138.3830065727234,7393
139.05210280418396,7391
140.46563982963562,7388
142.56060767173767,7387
143.2257537841797,7386
143.89890837669373,7384
145.24580192565918,7381
147.29976320266724,7380
148.00033020973206,7377
148.69040966033936,7374
151.46441745758057,7372
152.84599542617798,7371
154.21624207496643,7370
154.90309190750122,7368
155.606027841568,7367
156.97605228424072,7366
157.66377758979797,7365
159.02100658416748,7364
159.7230441570282,7363
160.41433596611023,7362
161.7839686870575,7359
163.8313431739807,7358
164.50989627838135,7357
165.92820477485657,7356
166.61030626296997,7353
169.38230419158936,7350
170.7685694694519,7349
171.46881985664368,7348
172.83310914039612,7346
174.21883916854858,7345
175.59259128570557,7344
176.29077792167664,7342
177.67946219444275,7340
179.07472324371338,7339
180.47553205490112,7337
182.52757024765015,7336
183.2504482269287,7334
183.92829203605652,7333
184.64133501052856,7331
186.0080509185791,7330
186.69589138031006,7329
187.36769223213196,7328
188.71172881126404,7325
189.383380651474,7324
191.4084005355835,7321
192.78088450431824,7317
194.1429362297058,7316
194.84405398368835,7315
196.22203636169434,7313
197.62068939208984,7312
198.9763958454132,7311
199.64268350601196,7310
200.347158908844,7309
201.73041367530823,7308
203.07617807388306,7306
204.43276715278625,7305
205.10458779335022,7304
206.4616870880127,7303
207.15385913848877,7302
208.5288906097412,7300
209.2239544391632,7299
211.25192022323608,7297
212.6214473247528,7296
213.29360604286194,7295
214.65840888023376,7290
216.76853370666504,7289
217.44251704216003,7288
218.8480885028839,7287
219.55073380470276,7286
220.23385953903198,7285
221.60722994804382,7283
222.2778058052063,7282
223.64686846733093,7281
224.33127355575562,7280
226.41652941703796,7278
227.7743148803711,7277
229.8329701423645,7273
230.5200710296631,7272
232.58341932296753,7271
233.29799890518188,7270
233.99227571487427,7269
235.3896861076355,7268
236.75557446479797,7265
237.47423100471497,7262
240.2854483127594,7261
241.6524920463562,7259
243.0591540336609,7258
243.7718231678009,7256
245.15441465377808,7255
246.50838160514832,7253
247.88055872917175,7252
248.5687882900238,7250
250.64868831634521,7249
251.35540461540222,7246
253.40286898612976,7245
254.09949374198914,7244
255.46772980690002,7242
256.86796498298645,7241
258.2461042404175,7239
259.6605739593506,7238
261.0117223262787,7236
263.1157159805298,7234
263.7968611717224,7233
264.46335339546204,7231
265.8784694671631,7229
267.25433683395386,7228
268.63270807266235,7227
269.32048869132996,7225
270.70114517211914,7224
272.0949430465698,7223
272.78971123695374,7222
273.49598836898804,7220
274.8735816478729,7219
276.2210600376129,7218
276.92546224594116,7217
277.6101894378662,7215
279.0238411426544,7214
279.71208786964417,7213
281.095410823822,7212
282.4538371562958,7211
283.1424198150635,7210
283.8193838596344,7208
285.1579258441925,7207
285.84478998184204,7205
286.5509259700775,7204
289.25467014312744,7202
290.6184537410736,7201
291.32337975502014,7200
292.03585982322693,7199
293.42422366142273,7198
294.10102105140686,7197
295.496865272522,7196
296.17879462242126,7193
298.22333812713623,7191
298.91461873054504,7188
301.6938076019287,7187
302.38472151756287,7186
303.06650614738464,7185
303.7440962791443,7183
305.7991805076599,7182
306.4972994327545,7181
307.8779799938202,7179
309.2621977329254,7178
310.6142785549164,7177
311.31063866615295,7176
312.7252118587494,7173
314.7986991405487,7171
316.19805240631104,7169
318.25062584877014,7168
318.9448781013489,7167
319.6291401386261,7166
320.31044697761536,7165
322.3963580131531,7162
324.4478998184204,7160
325.8369994163513,7159
327.91198778152466,7157
329.30860471725464,7156
330.67086386680603,7155
332.0534212589264,7153
332.7205448150635,7152
333.41352009773254,7151
334.7943916320801,7150
335.4967312812805,7149
336.8514013290405,7148
338.2119719982147,7147
339.58217763900757,7146
340.27321100234985,7145
343.00331592559814,7141
345.746381521225,7138
347.1503851413727,7137
347.84834909439087,7135
349.88481402397156,7134
351.29765486717224,7133
352.66125297546387,7131
354.7200217247009,7130
355.40833377838135,7128
356.78620409965515,7127
358.1548900604248,7126
358.85573410987854,7123
359.5489225387573,7122
360.95872807502747,7121
361.6456959247589,7120
362.363352060318,7118
363.7531156539917,7117
365.8278305530548,7115
367.24726486206055,7114
367.89227628707886,7112
369.29684257507324,7111
370.00235247612,7108
373.4489233493805,7107
374.13881850242615,7106
374.83026218414307,7105
376.2056255340576,7104
377.57492423057556,7102
378.93296480178833,7101
380.9638388156891,7099
383.0281472206116,7098
383.7434084415436,7097
385.1425654888153,7096
386.5092396736145,7094
387.8858766555786,7092
389.21511816978455,7091
389.9044699668884,7088
391.2984046936035,7087
392.01194643974304,7086
394.06528663635254,7085
396.08749318122864,7083
396.7777211666107,7082
397.46895122528076,7081
398.86680364608765,7080
399.54885935783386,7079
400.9103059768677,7077
401.6032905578613,7076
402.96507239341736,7074
405.7109146118164,7071
407.8110382556915,7069
409.1945514678955,7067
410.6018934249878,7064
412.68233942985535,7063
413.3742334842682,7060
415.4782795906067,7059
416.1986770629883,7058
417.5808346271515,7057
418.2675840854645,7055
420.2955324649811,7054
420.98808121681213,7053
421.688129901886,7052
423.05762100219727,7051
423.7478051185608,7049
425.11509370803833,7048
425.814514875412,7047
426.48956084251404,7045
428.5841591358185,7042
429.99882984161377,7039
432.7855200767517,7035
434.90358090400696,7034
436.3029432296753,7032
438.37388014793396,7031
440.44099736213684,7030
441.1270878314972,7028
442.5366988182068,7027
445.37000608444214,7026
446.0663917064667,7024
447.48197889328003,7023
448.17148756980896,7020
448.8603777885437,7019
450.27118611335754,7017
451.6822552680969,7016
452.3687045574188,7015
453.07965898513794,7013
455.16144704818726,7010
456.5117347240448,7009
457.87333822250366,7008
458.5478723049164,7006
459.24261116981506,7005
460.6248240470886,7003
462.0269570350647,7002
462.7211899757385,7001
464.1086850166321,7000
465.499050617218,6999
466.17287039756775,6998
466.8746316432953,6997
467.56863045692444,6995
469.63123416900635,6994
470.98532915115356,6993
471.69097781181335,6990
473.05938720703125,6988
475.1433548927307,6987
475.81426453590393,6985
477.9037802219391,6983
478.6226315498352,6982
480.0426836013794,6981
480.73752546310425,6980
482.7301723957062,6979
483.43261885643005,6977
484.8067674636841,6976
486.89622163772583,6975
488.2910957336426,6974
489.66845965385437,6972
490.3566150665283,6971
491.74125838279724,6970
493.1577961444855,6967
495.249463558197,6966
495.9540824890137,6965
496.65106534957886,6963
498.02124881744385,6962
498.7362835407257,6960
500.7822711467743,6958
501.47037529945374,6957
503.5615839958191,6956
506.2906084060669,6953
507.6369662284851,6951
508.33782601356506,6950
509.6889979839325,6949
511.08802795410156,6945
513.8254590034485,6943
515.1940913200378,6942
516.5720503330231,6941
517.9814767837524,6940
518.6640620231628,6939
519.3510637283325,6938
520.0278339385986,6937
521.4302880764008,6934
524.2137112617493,6933
525.6100513935089,6932
526.3126599788666,6930
529.1229100227356,6927
531.2120370864868,6925
531.9204411506653,6924
534.6987702846527,6922
536.1055221557617,6921
536.8619544506073,6920
538.2244503498077,6917
539.6098372936249,6916
541.0298719406128,6915
542.3905029296875,6914
543.7857351303101,6912
545.1807050704956,6911
547.9270205497742,6909
549.9925200939178,6907
551.3774638175964,6906
552.0640876293182,6905
553.4461894035339,6904
555.5470275878906,6903
556.2552337646484,6901
557.6374514102936,6899
559.7108790874481,6898
560.3982872962952,6897
561.12753033638,6895
563.1798121929169,6892
565.2378826141357,6891
565.9321200847626,6890
567.3125987052917,6889
568.6954109668732,6887
570.0466697216034,6885
571.3932671546936,6884
572.0965735912323,6883
574.1175236701965,6882
574.8063127994537,6881
575.5015161037445,6880
576.8895995616913,6878
579.6277143955231,6876
580.307831287384,6875
581.6820027828217,6874
583.0579943656921,6873
585.1111874580383,6872
586.5107254981995,6870
587.1907634735107,6869
588.5811951160431,6868
589.2746651172638,6867
590.6639068126678,6865
591.3429355621338,6863
592.6952412128448,6861
593.3881616592407,6860
595.4750747680664,6859
596.1522550582886,6858
596.8289186954498,6857
598.1992545127869,6855
598.20213,6855