1.2453031539916992,7607
1.9553065299987793,7606
2.641632080078125,7605
3.357377767562866,7604
4.040962219238281,7603
4.747143030166626,7601
5.451375246047974,7600
6.813337564468384,7599
7.503523588180542,7598
8.186503887176514,7597
8.862233400344849,7596
10.261981964111328,7595
10.962774991989136,7592
12.998849153518677,7591
14.372710704803467,7589
15.077255249023438,7588
16.439706802368164,7586
17.784101486206055,7584
19.189168214797974,7582
19.867046117782593,7580
20.57029151916504,7579
21.942901849746704,7578
22.658670663833618,7576
23.37133502960205,7575
24.08209538459778,7574
24.798560857772827,7573
25.508639335632324,7571
26.88946843147278,7569
28.30069136619568,7566
30.348973512649536,7565
31.04815101623535,7564
31.713757753372192,7562
33.11134099960327,7561
33.81491184234619,7559
35.21102833747864,7558
35.90051984786987,7556
37.99270009994507,7554
39.39394283294678,7552
40.77036166191101,7550
42.82448768615723,7548
43.53108739852905,7544
44.93193292617798,7543
46.30737066268921,7542
46.989858865737915,7541
47.69689869880676,7540
49.07012319564819,7538
51.1505868434906,7536
51.844178676605225,7535
52.545817613601685,7534
53.936920166015625,7532
54.68905735015869,7531
56.094194650650024,7527
58.206536054611206,7526
60.28342843055725,7524
60.96166801452637,7522
61.66987752914429,7521
62.37078857421875,7519
63.04127860069275,7518
64.44770860671997,7516
65.12990689277649,7515
66.49372625350952,7513
67.17512893676758,7511
68.54816961288452,7509
69.2284505367279,7508
70.6095039844513,7506
72.6759181022644,7504
73.37496185302734,7503
74.75722813606262,7501
76.80874514579773,7499
78.88910102844238,7498
79.5711932182312,7496
80.24291849136353,7494
80.94151139259338,7493
82.32607698440552,7492
83.01325392723083,7490
83.6907160282135,7489
84.35251569747925,7488
85.05265736579895,7486
85.74241733551025,7485
87.10243201255798,7484
87.77278876304626,7483
88.47323775291443,7482
89.16261124610901,7480
89.8770341873169,7479
91.3198835849762,7477
92.0150375366211,7476
92.73661398887634,7475
93.43327379226685,7474
94.83127737045288,7473
95.51155948638916,7472
96.20391392707825,7471
96.89227104187012,7470
97.58896589279175,7467
98.97459673881531,7466
101.10922980308533,7465
101.80419111251831,7463
102.48186731338501,7461
104.54007339477539,7460
105.24828839302063,7458
106.654141664505,7457
108.05255842208862,7456
108.74323320388794,7454
110.11482906341553,7452
111.50969362258911,7450
112.19296598434448,7449
114.2847547531128,7446
115.67979526519775,7445
116.36263394355774,7444
117.07797265052795,7443
118.44291162490845,7442
119.12946128845215,7441
120.49523997306824,7440
121.89180707931519,7438
122.6005048751831,7436
123.28828620910645,7435
124.67956066131592,7433
126.78450036048889,7432
127.47939729690552,7430
128.89939904212952,7426
130.28350067138672,7424
131.64332151412964,7422
133.0341522693634,7421
133.71964526176453,7420
134.43781113624573,7419
135.80470514297485,7418
136.48748779296875,7415
137.82476615905762,7414
138.525719165802,7413
139.9036660194397,7412
140.5949535369873,7409
141.9917540550232,7408
142.6640636920929,7407
144.73745107650757,7406
145.43048810958862,7404
146.1474003791809,7403
148.2284815311432,7401
148.9021816253662,7400
149.59730792045593,7399
150.9879493713379,7395
152.3810043334961,7394
153.06371116638184,7393
155.1650631427765,7391
156.55664324760437,7388
157.9649395942688,7385
159.33368277549744,7384
160.03908729553223,7383
160.7432587146759,7380
163.49095368385315,7379
164.17132019996643,7378
164.8571765422821,7377
166.24190855026245,7376
166.9209725856781,7374
167.59024024009705,7372
169.677184343338,7370
171.05066657066345,7368
172.4509048461914,7366
173.1611089706421,7365
174.58219957351685,7364
175.2820007801056,7362
177.36362504959106,7360
178.04930663108826,7359
178.73206305503845,7358
180.1227285861969,7357
180.81836128234863,7354
182.20129323005676,7353
182.90295147895813,7351
183.57789087295532,7350
185.6097767353058,7348
186.30222702026367,7347
186.99335074424744,7346
187.68270587921143,7343
189.72298502922058,7342
190.43649911880493,7341
191.1234152317047,7340
191.79295325279236,7338
193.19598364830017,7337
193.88809847831726,7336
194.56271862983704,7335
195.2481734752655,7333
197.38805747032166,7331
198.79356598854065,7330
199.4739487171173,7326
200.83261132240295,7324
202.21772694587708,7323
202.92263793945312,7322
203.61277318000793,7321
204.30658769607544,7320
204.9994261264801,7319
205.7082188129425,7316
207.08619856834412,7313
209.2037467956543,7310
209.86751127243042,7309
210.5902419090271,7307
211.31068587303162,7305
213.37479209899902,7303
214.05841875076294,7302
215.4210307598114,7301
216.1529541015625,7300
216.87871408462524,7299
218.26447916030884,7297
219.64980363845825,7296
220.9943027496338,7294
221.69456934928894,7293
222.38420033454895,7292
223.75931692123413,7288
227.25005340576172,7285
229.35084009170532,7283
230.71889305114746,7282
232.10524988174438,7281
233.49928188323975,7279
235.5925931930542,7278
236.2865195274353,7275
239.08297967910767,7272
239.79189348220825,7271
241.20841097831726,7268
243.29782581329346,7266
244.66536712646484,7265
245.37385272979736,7264
246.74902081489563,7263
247.44232726097107,7260
248.16098761558533,7258
250.2404716014862,7257
250.95765781402588,7256
251.62627792358398,7254
253.69837546348572,7253
254.40921211242676,7252
255.1002242565155,7250
255.80002570152283,7247
256.46855092048645,7245
257.8349823951721,7244
259.22413420677185,7243
259.9124701023102,7241
260.64052844047546,7240
262.69458532333374,7238
263.3981308937073,7237
264.1158494949341,7235
264.80527234077454,7234
266.93917965888977,7232
268.29355239868164,7230
269.7077441215515,7229
271.0743019580841,7228
271.77832102775574,7226
273.1486625671387,7225
274.5328485965729,7223
275.24559235572815,7222
276.6013255119324,7220
277.9936065673828,7219
278.707661151886,7216
280.7669789791107,7213
282.8743004798889,7210
284.9677858352661,7208
285.6726961135864,7207
286.3660807609558,7206
287.7170100212097,7203
288.3948860168457,7200
289.7398569583893,7198
291.1433765888214,7196
293.18650007247925,7195
295.2676029205322,7193
296.6611511707306,7190
299.4531762599945,7189
300.1610679626465,7188
300.86529564857483,7187
302.28535318374634,7185
304.382928609848,7184
305.08143162727356,7182
306.46049976348877,7180
307.86492133140564,7179
308.5846610069275,7177
310.6645429134369,7175
313.50808811187744,7173
314.18561601638794,7172
316.1861364841461,7171
317.56813383102417,7169
318.2587354183197,7168
320.3267321586609,7167
321.0262746810913,7165
321.7159357070923,7164
323.12159872055054,7163
323.8213746547699,7162
325.2237539291382,7160
327.29282879829407,7159
328.0252859592438,7156
329.40120363235474,7155
330.804639339447,7154
331.525976896286,7151
334.33902764320374,7149
335.02953600883484,7148
336.4265978336334,7146
337.8144688606262,7143
339.895138502121,7142
341.2623369693756,7139
344.02664828300476,7138
344.69727635383606,7137
345.3840534687042,7135
348.156054019928,7134
348.8596911430359,7133
349.52932596206665,7132
350.8933753967285,7130
351.58562755584717,7129
352.29727697372437,7128
354.3975064754486,7127
355.09067606925964,7126
357.1628441810608,7125
357.8542482852936,7124
358.54082107543945,7123
359.9563970565796,7122
360.6699697971344,7121
362.0443346500397,7118
364.1250936985016,7116
366.21391463279724,7115
366.90637397766113,7114
368.28466796875,7113
368.97487211227417,7111
371.7451148033142,7110
372.4312517642975,7109
373.12758445739746,7108
373.8274657726288,7106
375.20850110054016,7105
375.8975989818573,7104
377.99198174476624,7103
378.6768355369568,7102
380.07324290275574,7099
380.771244764328,7098
381.48382210731506,7097
382.8688163757324,7096
384.9169442653656,7094
385.62919902801514,7093
386.321572303772,7091
388.457683801651,7089
389.8288435935974,7086
391.19758558273315,7083
393.97483921051025,7082
394.67862343788147,7081
395.37732672691345,7080
396.7611401081085,7079
398.1416733264923,7078
398.8371629714966,7076
400.9328408241272,7075
401.6209936141968,7073
403.02457642555237,7069
403.71724486351013,7067
405.7962498664856,7066
406.4925398826599,7065
407.9036741256714,7064
408.58780694007874,7063
409.99367690086365,7062
410.6641321182251,7061
411.37763237953186,7060
412.74955916404724,7058
414.16844725608826,7057
414.8878173828125,7056
416.9548251628876,7055
417.6374523639679,7054
418.31527972221375,7053
420.402281999588,7052
421.10456705093384,7050
423.1721339225769,7047
424.59368538856506,7046
425.9740147590637,7043
427.37862253189087,7041
428.06255078315735,7039
430.1496253013611,7038
430.83194518089294,7037
431.53141808509827,7035
433.57190990448,7034
434.2796413898468,7031
436.4067072868347,7029
437.7911546230316,7027
438.472781419754,7026
439.8464663028717,7023
441.2151539325714,7022
442.6166229248047,7021
444.014931678772,7020
444.7120888233185,7016
446.110604763031,7015
446.8090989589691,7014
448.8850739002228,7012
450.2507665157318,7009
452.3240280151367,7008
453.0187711715698,7004
456.52901577949524,7002
457.19338631629944,7001
457.9078018665314,7000
459.3110513687134,6998
460.00451588630676,6997
460.6774127483368,6996
462.06940817832947,6994
464.1369638442993,6993
464.8187987804413,6992
466.845237493515,6991
468.218847990036,6990
469.59811663627625,6989
470.300413608551,6987
471.69895672798157,6985
473.08895778656006,6983
475.1547169685364,6982
476.52833104133606,6981
478.66879773139954,6979
480.0689513683319,6978
480.76011657714844,6976
482.8392152786255,6975
483.5290229320526,6974
485.58011388778687,6971
487.6888475418091,6970
488.38281202316284,6968
489.81936955451965,6965
492.5603029727936,6964
494.00483226776123,6962
495.39541268348694,6960
496.06376671791077,6959
498.18569588661194,6958
498.878133058548,6957
499.5707674026489,6955
502.30363631248474,6954
503.01428604125977,6952
503.7163178920746,6951
505.1124634742737,6950
505.82105255126953,6948
508.6150960922241,6947
509.3016574382782,6946
510.68528747558594,6945
511.3687572479248,6942
513.4766230583191,6940
514.8400189876556,6939
516.2131431102753,6937
518.3179841041565,6936
519.7255580425262,6935
521.1313297748566,6933
523.2135982513428,6932
523.9133906364441,6931
524.624742269516,6930
527.3851385116577,6929
528.0810308456421,6926
530.1103496551514,6924
530.8067660331726,6922
532.8797261714935,6921
533.5975720882416,6920
534.2942328453064,6919
535.0076704025269,6918
537.7674679756165,6917
538.4554002285004,6916
539.161073923111,6915
541.2465476989746,6914
541.9383325576782,6913
543.3416967391968,6912
544.7065608501434,6910
546.1143312454224,6909
546.7961964607239,6908
547.4947640895844,6907
548.9047410488129,6906
550.2932476997375,6905
550.9819686412811,6904
552.3844888210297,6902
553.7918243408203,6901
554.4783976078033,6900
556.5581719875336,6898
557.9266674518585,6897
559.3229622840881,6896
560.0140788555145,6894
562.1124591827393,6892
564.1598100662231,6891
564.8583884239197,6889
566.9280936717987,6888
568.3355066776276,6887
569.7278387546539,6886
571.1055834293365,6884
571.8273763656616,6883
573.2190327644348,6881
573.9093635082245,6880
575.3274948596954,6878
577.4233300685883,6876
578.113920211792,6875
580.1843340396881,6872
582.2776620388031,6870
584.3547124862671,6868
585.7555048465729,6866
588.5274875164032,6865
589.939061164856,6863
591.3294765949249,6862
592.7053868770599,6861
594.8228998184204,6856
596.2030351161957,6855
597.6152515411377,6854
598.32689,6854