1.2652246952056885,7606
1.982597827911377,7605
2.6703314781188965,7604
4.0816709995269775,7603
4.776390790939331,7600
6.176334619522095,7599
7.592389106750488,7598
8.28273606300354,7596
8.998748064041138,7594
11.13150954246521,7593
11.828025817871094,7592
12.507482051849365,7590
13.867924690246582,7589
15.202666997909546,7588
15.9094820022583,7585
17.300508737564087,7583
17.97943091392517,7582
18.683111906051636,7581
19.380352020263672,7580
20.09553813934326,7579
21.47543454170227,7578
22.142470359802246,7572
23.508185386657715,7571
24.212682247161865,7568
25.606849431991577,7567
26.303764581680298,7562
28.397793292999268,7561
30.46394395828247,7559
31.21471381187439,7558
31.92982029914856,7557
32.62990713119507,7556
33.3355758190155,7554
34.6898353099823,7552
35.379345417022705,7551
36.08608388900757,7550
37.48277473449707,7549
38.15637445449829,7548
38.85791611671448,7547
39.584986448287964,7545
41.01179790496826,7543
42.463619232177734,7540
43.166555881500244,7539
43.902137756347656,7538
44.60341763496399,7537
45.3245108127594,7534
47.38974452018738,7533
48.09004235267639,7531
49.46192026138306,7530
50.165616512298584,7529
50.85640263557434,7526
52.20637559890747,7525
52.90755343437195,7523
54.31210470199585,7522
54.99527192115784,7519
57.0940625667572,7518
57.80269932746887,7516
58.50457692146301,7515
59.220113039016724,7514
59.90676736831665,7513
61.3418755531311,7511
62.707456827163696,7509
64.77143239974976,7508
65.47662210464478,7506
66.18766283988953,7505
66.88245964050293,7504
67.58085298538208,7503
68.29372525215149,7502
69.67477583885193,7501
70.3612174987793,7499
71.75615644454956,7497
73.0940146446228,7495
74.50225448608398,7493
75.18889260292053,7492
76.59228205680847,7491
77.29599046707153,7488
78.6951973438263,7485
80.08621096611023,7483
80.77821135520935,7481
81.48379421234131,7480
82.84472513198853,7479
84.2020411491394,7477
84.91125679016113,7476
85.61467266082764,7475
87.01355004310608,7474
87.73124098777771,7471
88.41304135322571,7470
89.12037944793701,7468
89.80957460403442,7467
91.15692853927612,7464
91.85324788093567,7463
93.2487404346466,7462
94.62973284721375,7461
95.3370521068573,7458
97.39664435386658,7457
98.10448980331421,7455
98.77767038345337,7454
99.454176902771,7453
100.85120797157288,7450
102.25677418708801,7449
103.66145372390747,7448
104.3370144367218,7446
105.03321266174316,7444
106.41365242004395,7443
107.08251714706421,7440
108.45259547233582,7438
109.8753433227539,7437
111.94547772407532,7434
112.64929056167603,7433
113.33225584030151,7431
114.01964068412781,7427
116.81031441688538,7426
117.4910774230957,7425
118.85975170135498,7424
119.54977822303772,7422
120.21450090408325,7420
121.6104154586792,7419
122.3110339641571,7418
122.98152184486389,7417
123.67540717124939,7415
125.73562502861023,7414
126.40510702133179,7412
127.80059671401978,7411
128.496990442276,7409
129.8932135105133,7408
130.59192514419556,7407
131.28806495666504,7404
131.98151111602783,7403
133.3343608379364,7401
135.41423845291138,7399
136.10650444030762,7398
136.79936265945435,7396
138.21344661712646,7395
138.908456325531,7394
140.2727291584015,7392
141.69332075119019,7390
143.0888316631317,7389
144.497887134552,7387
145.92997574806213,7386
146.60946464538574,7385
147.32480835914612,7384
148.69410514831543,7383
150.10068893432617,7380
152.2227714061737,7379
153.65779209136963,7376
155.01887249946594,7373
156.43538880348206,7372
157.12534046173096,7371
158.5145366191864,7368
160.57420253753662,7365
161.96715784072876,7364
162.67353677749634,7362
163.3588297367096,7360
165.4335880279541,7359
166.09341979026794,7358
166.77612042427063,7357
167.4717297554016,7356
168.8535771369934,7355
170.21373677253723,7354
170.9173138141632,7352
173.70000290870667,7349
175.75883889198303,7346
177.14349675178528,7345
178.54220604896545,7343
179.89136791229248,7342
181.2548110485077,7341
181.95821738243103,7339
183.35304856300354,7337
185.4546413421631,7336
186.1549141407013,7335
186.83487725257874,7334
187.51674365997314,7333
188.21211981773376,7331
190.30474853515625,7328
191.02829313278198,7327
192.47850561141968,7326
193.1474597454071,7324
193.84078574180603,7323
195.24550700187683,7321
196.64601039886475,7319
197.31660771369934,7318
198.6864309310913,7317
199.3817777633667,7316
200.09011220932007,7315
202.17463517189026,7314
202.8664093017578,7313
203.56109476089478,7312
204.2289366722107,7311
204.91414499282837,7310
205.59273314476013,7309
206.28652119636536,7308
206.95071506500244,7307
209.0330491065979,7306
209.73251128196716,7305
211.12425827980042,7304
211.82732915878296,7303
213.19848775863647,7300
214.56246137619019,7298
215.24664402008057,7297
217.35418176651,7296
218.0685749053955,7293
219.4336986541748,7290
220.11987495422363,7289
221.48859214782715,7286
223.58255767822266,7284
225.68234705924988,7280
227.78429293632507,7278
229.2086637020111,7276
229.89818692207336,7275
230.6048240661621,7274
231.99891471862793,7273
232.70474433898926,7272
234.11525321006775,7269
235.46552801132202,7268
236.87216329574585,7266
238.25403666496277,7265
239.63376307487488,7263
240.3281807899475,7262
241.7401521205902,7260
242.43908953666687,7259
243.81558561325073,7258
244.52673316001892,7257
245.9100170135498,7255
246.61001753807068,7253
248.666405916214,7252
250.09286856651306,7251
250.78651118278503,7249
251.46960020065308,7248
252.15441250801086,7247
253.5456986427307,7246
254.233740568161,7245
254.92095518112183,7243
257.0092649459839,7241
257.6989486217499,7240
258.37716150283813,7239
259.76470279693604,7237
261.1811349391937,7236
262.5726103782654,7234
263.9766962528229,7232
266.08102774620056,7231
267.4497630596161,7230
268.14346504211426,7228
268.83220887184143,7227
269.54604387283325,7226
270.9173436164856,7225
271.62522625923157,7223
273.68779015541077,7220
275.08690905570984,7219
275.78575587272644,7218
277.88046979904175,7217
278.5835337638855,7216
279.299280166626,7215
280.63981890678406,7213
283.4220221042633,7212
284.13773226737976,7211
286.24430298805237,7209
286.94157552719116,7207
289.0838840007782,7206
290.43287682533264,7201
293.85166096687317,7199
294.54357504844666,7197
295.23222851753235,7196
297.32309579849243,7195
298.0208671092987,7194
298.6883165836334,7192
300.78227615356445,7191
301.4833688735962,7188
304.2695915699005,7187
305.62492203712463,7186
306.33212399482727,7185
307.01779866218567,7183
309.78975796699524,7181
311.21111392974854,7179
312.5980110168457,7178
313.2678940296173,7177
314.65162348747253,7176
315.3627734184265,7175
316.72431111335754,7173
317.4349672794342,7172
319.5039267539978,7171
320.21435952186584,7170
322.3111684322357,7169
322.99002408981323,7167
323.6816198825836,7166
325.05121207237244,7165
325.7385015487671,7163
327.13892674446106,7162
328.51405572891235,7161
329.2112457752228,7160
329.9032380580902,7159
331.3008987903595,7155
334.76257157325745,7151
336.81575417518616,7150
338.1887400150299,7149
338.8615629673004,7148
340.24697613716125,7147
340.9529571533203,7146
341.68918561935425,7145
342.35884642601013,7143
344.4100766181946,7142
345.11824655532837,7140
346.5222179889679,7139
347.91469383239746,7138
348.63317370414734,7137
349.3493766784668,7136
351.4233047962189,7135
352.1083016395569,7134
353.51327538490295,7133
354.2151851654053,7130
355.61991143226624,7127
357.7174735069275,7126
359.0998070240021,7125
359.7952175140381,7124
361.21019530296326,7123
361.92436623573303,7122
362.6271653175354,7121
363.99412298202515,7119
366.0906057357788,7118
367.4898769855499,7114
369.53039288520813,7113
370.23375248908997,7112
370.91354846954346,7111
371.6159589290619,7110
372.3436257839203,7108
374.4398891925812,7106
376.5158882141113,7105
377.2143692970276,7104
377.91462683677673,7102
378.59737753868103,7101
379.97057127952576,7100
382.0630466938019,7097
383.45526909828186,7095
385.58294200897217,7093
386.2667326927185,7091
389.7155570983887,7090
390.4060904979706,7088
391.10554790496826,7087
391.79200077056885,7086
393.1869606971741,7085
393.8664879798889,7084
394.5495431423187,7082
395.9679961204529,7080
397.3658308982849,7079
398.0592722892761,7078
398.74296164512634,7076
399.4345247745514,7075
400.8067717552185,7074
402.2238144874573,7073
402.889545917511,7072
403.59065651893616,7071
404.3026669025421,7069
406.4090898036957,7068
407.77493476867676,7067
408.45906686782837,7065
409.1644661426544,7064
410.5487129688263,7062
411.9537875652313,7061
412.63906478881836,7059
414.0199270248413,7058
415.3935558795929,7057
416.1273469924927,7056
417.5409231185913,7055
418.2323417663574,7053
419.63210821151733,7052
420.34592723846436,7050
421.7326982021332,7047
423.8033335208893,7045
424.5053677558899,7044
425.9072494506836,7043
427.2756018638611,7042
428.65451073646545,7040
429.33594250679016,7039
430.028249502182,7038
431.44676661491394,7037
432.1617703437805,7036
432.87365221977234,7035
433.57068037986755,7033
434.94078612327576,7032
436.33419132232666,7031
437.72915482521057,7030
439.1187512874603,7029
440.521897315979,7026
442.6361196041107,7025
444.0410830974579,7023
444.7268919944763,7022
446.14200162887573,7020
448.2204213142395,7019
448.90802812576294,7017
450.3025109767914,7016
451.70918321609497,7014
452.3887445926666,7013
454.5303828716278,7011
455.93044781684875,7010
457.33239221572876,7009
458.0194594860077,7008
460.1324360370636,7007
460.83089208602905,7005
462.2214217185974,7003
463.6444716453552,7001
464.3402533531189,7000
465.7100646495819,6998
466.41390466690063,6997
467.77757573127747,6995
469.1477200984955,6994
469.8513286113739,6993
470.54487800598145,6992
471.2591943740845,6989
474.6966745853424,6988
475.41296219825745,6985
478.17570400238037,6984
479.5411710739136,6983
480.9406461715698,6981
482.3195128440857,6980
483.05486392974854,6979
484.3932089805603,6977
486.4329500198364,6976
487.11343932151794,6974
489.22455859184265,6973
489.9289586544037,6971
492.0613625049591,6970
494.101375579834,6969
494.79952931404114,6967
496.20403957366943,6966
497.5928394794464,6965
498.99432373046875,6964
500.3756947517395,6961
502.5074088573456,6959
503.2454032897949,6958
503.9868974685669,6957
506.11170959472656,6955
508.16259837150574,6953
510.22893047332764,6952
511.6305122375488,6951
512.3715670108795,6950
513.7806322574615,6949
515.1940686702728,6948
515.9074733257294,6947
516.625540971756,6945
517.3070433139801,6942
519.3514893054962,6939
522.1406288146973,6938
523.5458469390869,6937
524.2453019618988,6936
526.3128418922424,6935
527.7213017940521,6934
528.4149851799011,6933
529.1371097564697,6932
530.5591311454773,6930
531.9679267406464,6929
534.0665156841278,6928
534.7832052707672,6927
536.1661922931671,6926
536.8475472927094,6925
538.2496778964996,6923
539.594119310379,6922
541.0006909370422,6921
542.3956806659698,6920
543.0887508392334,6918
543.819126367569,6917
545.2120718955994,6915
545.9147715568542,6914
548.0029287338257,6913
548.6896636486053,6911
550.8029005527496,6910
551.4807612895966,6909
552.1851942539215,6908
553.5778512954712,6907
554.2925777435303,6906
556.4138627052307,6903
557.8387680053711,6901
561.2783582210541,6899
563.3504159450531,6898
564.7259993553162,6897
565.4158866405487,6896
566.8190631866455,6895
567.5103142261505,6893
569.6025216579437,6892
570.2982420921326,6890
571.0013101100922,6889
573.7983193397522,6888
574.4773607254028,6886
575.1502587795258,6885
577.1963369846344,6883
579.289050579071,6880
582.0848109722137,6879
582.7738399505615,6878
584.1955790519714,6876
585.6003706455231,6875
586.9918556213379,6874
588.4200489521027,6872
590.4940934181213,6871
592.5871975421906,6869
593.2819061279297,6868
595.3909773826599,6865
596.0962867736816,6864
598.14579,6864