1.312429666519165,7603
4.128077030181885,7601
4.82856011390686,7599
5.509948015213013,7598
6.195969820022583,7597
7.6270363330841064,7596
9.036702871322632,7594
9.744564533233643,7593
10.44539737701416,7591
11.887909650802612,7589
12.594151496887207,7588
14.002691984176636,7587
14.718867540359497,7586
16.16437339782715,7584
16.889333248138428,7583
18.339268684387207,7581
19.7481951713562,7578
21.163094520568848,7575
23.98386859893799,7572
24.70516538619995,7571
26.095290660858154,7570
26.799697160720825,7569
27.49762749671936,7567
28.21194887161255,7566
28.93410038948059,7565
30.327836275100708,7564
31.02286648750305,7563
32.464274644851685,7559
33.888824224472046,7558
34.59339499473572,7557
36.00453209877014,7556
36.71087121963501,7554
37.419262647628784,7553
38.815157413482666,7552
39.55286121368408,7550
40.97888803482056,7549
41.68542242050171,7547
42.388086557388306,7545
43.095447301864624,7544
43.809056997299194,7543
44.522260904312134,7542
46.676238775253296,7538
48.14750051498413,7535
49.526883363723755,7534
50.921385288238525,7528
52.31846809387207,7526
53.739989042282104,7523
55.87126541137695,7521
57.28168511390686,7520
59.391775608062744,7518
60.08469891548157,7517
61.50020885467529,7515
62.24716782569885,7514
64.37973237037659,7511
65.09678626060486,7510
65.82484006881714,7509
67.23215079307556,7508
67.9274230003357,7505
69.33147263526917,7504
70.76208472251892,7498
73.55581712722778,7495
74.96734547615051,7493
75.68599438667297,7490
76.38598346710205,7489
78.52580142021179,7485
79.92764902114868,7482
82.03351593017578,7481
82.7370924949646,7479
84.83622312545776,7478
85.53684186935425,7475
86.95255470275879,7474
87.64153599739075,7472
89.02345108985901,7471
90.4071090221405,7470
91.14834141731262,7468
92.5715970993042,7467
93.26214551925659,7466
93.96313071250916,7465
95.39015483856201,7463
96.10914921760559,7461
98.21865820884705,7459
98.9265615940094,7458
99.65180015563965,7456
100.37895345687866,7455
101.05691647529602,7454
101.77501225471497,7453
102.46866178512573,7451
103.91166067123413,7449
105.3235650062561,7448
106.73921179771423,7446
108.16693115234375,7443
109.62841534614563,7442
110.35910081863403,7440
111.75084686279297,7439
112.46965599060059,7438
113.19683742523193,7435
115.32368612289429,7434
116.04908204078674,7432
117.49752807617188,7431
118.19301199913025,7430
118.90473985671997,7427
120.3484947681427,7425
122.52098393440247,7423
124.6937894821167,7422
126.11141347885132,7420
126.82059907913208,7418
128.26138496398926,7417
128.97824263572693,7416
129.72610354423523,7415
131.15379190444946,7413
131.8418323993683,7412
132.55534434318542,7411
133.9648096561432,7409
134.7006640434265,7408
135.39781379699707,7407
136.10817193984985,7406
137.52002906799316,7404
138.95842051506042,7402
140.38182616233826,7401
141.10173535346985,7399
142.5208830833435,7396
144.64163541793823,7393
147.51147747039795,7391
148.92556381225586,7389
149.6268630027771,7387
151.7441062927246,7385
152.4525179862976,7384
153.8509931564331,7382
154.5524022579193,7380
155.25142669677734,7379
156.01081490516663,7378
156.6921329498291,7376
158.85255789756775,7374
160.30487632751465,7373
160.9934229850769,7372
163.11717629432678,7370
163.81418895721436,7369
165.30662989616394,7367
166.0010986328125,7366
166.73213958740234,7364
167.42455101013184,7363
168.85968804359436,7361
170.28403234481812,7358
172.40921783447266,7356
173.1097273826599,7352
173.85883164405823,7351
175.28411507606506,7349
175.99196457862854,7348
177.40744709968567,7347
178.11323237419128,7346
178.83587336540222,7345
179.5288257598877,7344
181.56351828575134,7343
182.26850175857544,7342
183.654536485672,7341
184.3790888786316,7339
185.06686401367188,7336
186.53747701644897,7334
188.69377183914185,7333
190.11260390281677,7330
192.20198512077332,7329
192.92869544029236,7326
195.03746438026428,7325
195.73493909835815,7324
196.4156413078308,7323
197.13218569755554,7322
197.8416929244995,7321
198.57457065582275,7319
199.972398519516,7318
201.3939654827118,7316
202.1113212108612,7315
203.52674436569214,7314
204.23412895202637,7313
204.98166918754578,7312
206.4111499786377,7311
207.83779430389404,7309
208.5576090812683,7308
209.27263832092285,7306
210.68755269050598,7305
211.3971676826477,7304
212.82046747207642,7302
213.52359795570374,7301
214.93284511566162,7300
216.36702489852905,7299
217.77291417121887,7297
219.17482662200928,7296
219.86244797706604,7294
221.30174136161804,7293
223.40913915634155,7290
224.14821338653564,7289
225.55722856521606,7288
226.23288750648499,7287
229.07846212387085,7284
230.48576092720032,7283
231.9181354045868,7282
232.61289763450623,7281
233.30079293251038,7279
234.72348141670227,7277
236.1771547794342,7275
237.58677506446838,7274
239.02761912345886,7272
239.73155641555786,7270
241.15026187896729,7269
241.85472202301025,7268
242.56523537635803,7267
243.96796298027039,7265
245.40720295906067,7262
246.8226511478424,7261
247.52367043495178,7260
248.24412989616394,7259
248.9573986530304,7258
250.33426547050476,7257
251.77528548240662,7255
252.47422456741333,7253
255.2609052658081,7252
255.97643852233887,7251
256.67976665496826,7250
257.3818635940552,7249
258.7853035926819,7248
259.49106192588806,7247
260.19620728492737,7246
262.3027093410492,7245
263.00735878944397,7242
264.41037154197693,7240
266.53134512901306,7238
267.96172761917114,7236
269.3649070262909,7232
272.19997930526733,7231
272.9185252189636,7227
275.7706377506256,7225
277.21472907066345,7224
277.92844796180725,7223
279.3428227901459,7220
280.76582050323486,7219
281.48166942596436,7217
282.9455449581146,7216
283.6783220767975,7215
285.12226390838623,7213
287.2454342842102,7212
287.97249484062195,7211
288.6900634765625,7210
290.06577157974243,7209
290.76973128318787,7207
292.1727182865143,7205
293.6195936203003,7204
294.330295085907,7202
295.74692130088806,7201
297.1737771034241,7199
297.86418199539185,7197
299.9413900375366,7196
302.7904064655304,7194
303.4646198749542,7192
305.64756536483765,7191
306.34320092201233,7190
307.7518894672394,7189
308.48974084854126,7187
309.2125041484833,7186
311.3646032810211,7185
312.09380865097046,7184
313.5257303714752,7181
314.9309823513031,7180
315.6427752971649,7178
317.7342257499695,7176
318.4274344444275,7175
320.5652117729187,7173
321.302330493927,7171
322.0074453353882,7170
323.4505157470703,7168
325.57704734802246,7166
326.26587677001953,7165
326.96036529541016,7164
327.668954372406,7163
329.8274278640747,7162
330.5508646965027,7160
331.2937099933624,7158
333.42930340766907,7157
334.16511034965515,7156
334.87797951698303,7154
336.96034717559814,7153
337.6895794868469,7151
339.75955271720886,7148
340.4883930683136,7147
341.90442943573,7145
343.3284201622009,7143
344.0452642440796,7141
345.50328040122986,7140
346.89731335639954,7139
347.60353088378906,7138
349.0327181816101,7136
350.4559631347656,7135
351.1879663467407,7133
352.61120986938477,7132
354.05711674690247,7129
356.16258907318115,7128
357.5875949859619,7127
358.9922115802765,7126
359.7262089252472,7125
361.18221044540405,7123
361.9023485183716,7122
362.582079410553,7120
364.7368354797363,7119
366.1654803752899,7118
366.88289976119995,7117
367.5824553966522,7116
368.2819242477417,7115
368.9881031513214,7114
371.1228566169739,7112
372.54501962661743,7110
373.96835136413574,7109
375.41367053985596,7108
376.12706303596497,7107
376.82915806770325,7106
377.5240421295166,7104
378.96606731414795,7102
380.376665353775,7101
381.78492069244385,7099
383.1811773777008,7097
383.8809702396393,7096
384.60614800453186,7095
385.32450461387634,7094
386.02441334724426,7092
386.7380087375641,7091
388.1408278942108,7090
388.8463749885559,7089
390.97429847717285,7088
391.7008526325226,7087
392.4263527393341,7086
393.10190415382385,7084
394.502578496933,7083
395.9222960472107,7082
396.62603068351746,7081
398.74806356430054,7080
400.1453230381012,7078
400.8784489631653,7077
401.58582949638367,7076
402.98186135292053,7075
403.7020182609558,7074
405.809357881546,7073
407.1994104385376,7071
409.2463164329529,7069
410.67442059516907,7067
412.12413215637207,7066
412.81420397758484,7065
413.5075159072876,7064
414.2021954059601,7063
416.36467385292053,7061
417.08330368995667,7060
417.7757818698883,7059
419.19634675979614,7057
421.30477643013,7056
422.0334575176239,7054
424.88531279563904,7053
425.5997920036316,7052
426.28899931907654,7051
427.68309354782104,7050
429.8387870788574,7049
431.2474248409271,7048
431.9761321544647,7047
432.69066095352173,7046
434.11313128471375,7044
436.2449805736542,7043
436.98273277282715,7042
437.6956298351288,7041
439.1323790550232,7040
439.83459401130676,7039
440.5173645019531,7038
441.2166516780853,7037
442.6245331764221,7036
444.05227875709534,7035
444.7616345882416,7032
447.6110382080078,7030
448.34729290008545,7029
449.7312536239624,7028
451.1579918861389,7025
453.2767245769501,7023
456.1153292655945,7021
456.8238801956177,7020
458.2187170982361,7017
458.94567942619324,7016
461.82801365852356,7015
462.5684311389923,7013
463.30514001846313,7011
466.16860795021057,7010
466.8922312259674,7007
468.9884684085846,7003
470.3939425945282,7001
471.0938742160797,7000
472.503954410553,6999
473.1973338127136,6998
473.9120759963989,6997
474.6474323272705,6996
476.05718088150024,6994
476.7567639350891,6993
477.49942326545715,6992
478.2112503051758,6991
480.342889547348,6990
481.0572910308838,6988
482.44690895080566,6986
483.8820514678955,6984
486.01284527778625,6983
486.71138620376587,6982
488.1349313259125,6981
488.8441970348358,6978
490.97193026542664,6977
491.66123366355896,6976
493.0913896560669,6975
493.7660324573517,6974
494.48961544036865,6971
496.58708024024963,6970
498.68253231048584,6969
499.3959364891052,6966
501.4851539134979,6965
502.9448368549347,6964
504.3521294593811,6963
505.08319449424744,6962
507.21669936180115,6961
508.6276135444641,6959
510.0240273475647,6958
511.4703600406647,6957
512.8950791358948,6956
515.0171105861664,6955
515.7260060310364,6953
517.1365871429443,6951
519.9401750564575,6949
520.6375377178192,6948
521.3285574913025,6947
523.4244215488434,6946
524.1582741737366,6945
524.8666183948517,6944
526.2655444145203,6942
527.6929130554199,6941
529.1320552825928,6940
529.8176901340485,6939
530.5647416114807,6938
532.0137484073639,6937
533.4249544143677,6935
534.1489481925964,6934
534.8349945545197,6932
535.5459494590759,6931
537.6539633274078,6929
539.8328392505646,6926
541.2814834117889,6925
542.657258272171,6924
544.0725955963135,6923
544.7799298763275,6922
546.1487004756927,6920
548.2432374954224,6918
551.0331430435181,6916
551.7399723529816,6915
552.449132680893,6914
554.5396423339844,6913
555.2430717945099,6912
556.6254858970642,6911
558.0381033420563,6910
558.7530312538147,6909
560.1834597587585,6908
562.2820188999176,6905
564.3889093399048,6904
565.0629115104675,6903
566.4220724105835,6902
568.5126252174377,6901
569.2547569274902,6899
569.9474368095398,6898
571.3469135761261,6895
573.485924243927,6893
576.2621977329254,6892
576.9798123836517,6891
578.4172275066376,6890
579.8274521827698,6888
581.2336959838867,6885
583.9936797618866,6884
585.451673746109,6882
586.8690762519836,6881
588.2676212787628,6880
588.9550106525421,6879
589.6702568531036,6878
591.1325626373291,6877
591.8472888469696,6876
593.2654666900635,6874
595.3688571453094,6873
596.8059546947479,6872
598.2187829017639,6871
598.22175,6871