0.07016658782958984,194
0.1192634105682373,193
0.14409422874450684,192
0.21686363220214844,190
0.26847362518310547,189
0.3188135623931885,188
0.41972899436950684,185
0.546147346496582,184
0.5713000297546387,183
0.6716194152832031,182
0.7200231552124023,181
0.7465660572052002,180
0.8488094806671143,179
0.9714958667755127,178
0.9972527027130127,177
1.0211372375488281,176
1.1227474212646484,175
1.3006553649902344,174
1.4557433128356934,173
1.5827805995941162,172
1.8831360340118408,171
2.032512664794922,170
2.183652639389038,169
2.431513786315918,168
2.7110989093780518,167
2.9210002422332764,166
4.989807367324829,165
25.36127,165