0.06732773780822754,194
0.14355683326721191,192
0.2876706123352051,191
0.3112332820892334,190
0.40878915786743164,188
0.4322199821472168,187
0.5535051822662354,186
0.6315741539001465,185
0.772505521774292,184
0.8756957054138184,183
0.9002337455749512,182
1.0191397666931152,181
1.168473482131958,180
1.270996332168579,179
1.395413875579834,178
1.517380714416504,177
1.7181220054626465,176
1.9143211841583252,175
2.0430946350097656,174
2.3395285606384277,173
2.7330117225646973,172
2.9098212718963623,171
3.1147308349609375,170
3.240267276763916,169
4.197031497955322,168
4.467432022094727,167
22.502744674682617,166
22.773162126541138,165
25.08774,165