0.06566572189331055,195
0.11460089683532715,193
0.18621206283569336,192
0.21211004257202148,191
0.2850484848022461,190
0.43057775497436523,188
0.4792346954345703,187
0.5527985095977783,186
0.6273248195648193,185
0.7286384105682373,184
0.8303813934326172,183
0.9024906158447266,182
1.0033226013183594,181
1.078237533569336,180
1.1754646301269531,179
1.3692247867584229,178
1.4943687915802002,177
1.5911400318145752,176
1.690366268157959,175
1.789795160293579,174
1.8641202449798584,173
2.0878806114196777,172
2.288327217102051,171
2.485280752182007,170
3.1248762607574463,169
3.4458014965057373,168
3.745098114013672,167
4.33965802192688,166
24.8193,166