0.06632661819458008,195
0.11710119247436523,193
0.1924290657043457,192
0.2693469524383545,190
0.3465254306793213,189
0.39832592010498047,188
0.47454237937927246,187
0.4989893436431885,185
0.6249628067016602,184
0.6754393577575684,183
0.7494935989379883,182
0.8233942985534668,181
0.9231746196746826,180
1.0476579666137695,178
1.250502347946167,177
1.4249622821807861,176
1.5000386238098145,175
1.624894142150879,173
1.7970407009124756,172
2.2616450786590576,171
2.461742639541626,170
2.79266095161438,169
3.699068307876587,168
3.82395601272583,167
4.1758551597595215,166
25.18574,166