0.06631588935852051,194
0.08974003791809082,193
0.1899089813232422,192
0.21498370170593262,190
0.2921876907348633,189
0.3426074981689453,188
0.3926963806152344,187
0.49448204040527344,186
0.5672993659973145,185
0.7374439239501953,183
0.8576891422271729,182
0.9329144954681396,181
0.9586310386657715,180
1.0357959270477295,179
1.2071645259857178,178
1.305816411972046,177
1.4322547912597656,176
1.5533382892608643,175
1.6767652034759521,174
1.8768067359924316,173
2.054910898208618,172
2.3474714756011963,171
2.519122838973999,170
2.7481260299682617,169
3.746051073074341,168
3.8463289737701416,167
4.146056652069092,166
5.504632949829102,165
25.08744,165