0.23017168045043945,1458
0.3610267639160156,1456
0.6291308403015137,1454
0.7611658573150635,1453
1.0171210765838623,1451
1.1525084972381592,1449
1.559279203414917,1448
1.6954729557037354,1445
1.96622896194458,1443
2.1027636528015137,1442
2.237391233444214,1439
2.500878095626831,1438
2.640867233276367,1435
2.909635305404663,1433
3.1821746826171875,1432
3.3181941509246826,1429
3.4532337188720703,1426
3.5863287448883057,1424
3.721179962158203,1423
3.854696035385132,1421
4.12294340133667,1419
4.5192790031433105,1418
4.790506601333618,1415
5.063640117645264,1412
5.469482183456421,1409
5.87807559967041,1407
6.145340919494629,1404
6.680299520492554,1402
6.946361303329468,1401
7.080440998077393,1399
7.210387468338013,1398
7.4771106243133545,1397
7.746323108673096,1395
8.045781135559082,1393
8.3125741481781,1391
8.579120874404907,1389
8.711245775222778,1388
8.84552550315857,1387
9.244280099868774,1386
9.372808456420898,1384
9.774957656860352,1383
9.907920837402344,1382
10.044699430465698,1381
10.315656661987305,1380
10.578495979309082,1378
10.851886749267578,1376
10.985612630844116,1375
11.251893043518066,1373
11.657058000564575,1372
11.789458990097046,1371
11.924821615219116,1369
12.195995330810547,1368
12.460571765899658,1366
12.599154710769653,1365
12.869117736816406,1363
13.274328470230103,1362
13.539252758026123,1360
13.946544408798218,1359
14.077105522155762,1358
14.345624685287476,1355
14.615947008132935,1354
14.749549150466919,1353
14.886327266693115,1351
15.41503119468689,1350
15.683249235153198,1349
15.812664985656738,1347
15.945440769195557,1346
16.08095145225525,1344
16.61697506904602,1342
16.888598680496216,1338
17.160583019256592,1337
17.56945037841797,1335
18.099825143814087,1334
18.23206377029419,1332
18.50432801246643,1330
18.911009550094604,1329
19.043758630752563,1328
19.17643404006958,1327
19.31060791015625,1325
19.57628345489502,1324
19.84177041053772,1321
20.243234395980835,1320
20.381624937057495,1319
20.646037101745605,1318
20.781070470809937,1316
20.916128158569336,1315
21.309911966323853,1314
21.571011066436768,1313
21.705851078033447,1312
21.84375262260437,1311
22.247335195541382,1309
22.515385150909424,1308
22.783109426498413,1307
23.047778129577637,1306
23.18187379837036,1304
23.715802669525146,1303
23.851938247680664,1300
23.9880793094635,1299
24.654903650283813,1298
24.787837982177734,1297
24.922096252441406,1296
25.320560693740845,1294
25.577104330062866,1292
25.846648931503296,1290
25.977259397506714,1289
26.242523193359375,1288
26.51019859313965,1287
26.643274545669556,1286
26.779881715774536,1285
26.913219690322876,1284
27.181615114212036,1282
27.716177463531494,1281
27.972931623458862,1280
28.105002403259277,1278
28.64647078514099,1277
28.7823588848114,1276
29.048717975616455,1274
29.315256595611572,1273
29.713545560836792,1272
29.976622104644775,1271
30.241714477539062,1269
30.65068531036377,1268
30.919123888015747,1267
31.196091651916504,1266
31.591789484024048,1264
31.863749742507935,1263
32.41633892059326,1262
32.68704438209534,1260
33.36729025840759,1259
33.62904906272888,1258
33.76641225814819,1257
34.294864892959595,1256
34.42985653877258,1255
34.6976752281189,1254
35.098742723464966,1253
35.756712198257446,1251
36.02040767669678,1249
36.28688335418701,1248
36.5560827255249,1247
36.82411050796509,1246
37.091614961624146,1245
37.22804355621338,1243
37.49247860908508,1242
37.89863681793213,1241
38.29873442649841,1240
38.8380012512207,1239
38.9727303981781,1238
39.50583577156067,1236
39.64224624633789,1235
40.04614496231079,1234
40.315502405166626,1233
40.58332347869873,1232
40.842795610427856,1231
41.37647104263306,1230
41.64054250717163,1229
41.9130003452301,1228
42.18019080162048,1226
42.71663498878479,1225
42.988412380218506,1223
43.523808002471924,1222
43.65725350379944,1221
43.924694776535034,1220
44.32387900352478,1219
44.59363555908203,1218
44.861968755722046,1217
44.99754190444946,1216
45.26763916015625,1215
45.66514992713928,1214
46.194631814956665,1212
46.328367948532104,1211
46.466712474823,1210
47.14461827278137,1208
47.411046266555786,1207
47.67893671989441,1205
48.47124171257019,1203
48.74212670326233,1202
48.87589478492737,1201
49.416645765304565,1200
49.55176377296448,1198
50.09555506706238,1196
50.50067496299744,1195
51.16882586479187,1194
51.56887984275818,1193
51.97314453125,1191
52.36998414993286,1189
53.17153024673462,1188
53.30786657333374,1187
53.57170820236206,1186
53.9730281829834,1184
54.23745346069336,1183
54.63228130340576,1182
55.16841959953308,1181
55.29843187332153,1179
55.692378520965576,1178
56.2349739074707,1177
56.36746883392334,1176
56.6511390209198,1175
56.914501428604126,1174
57.44592261314392,1172
57.979949712753296,1171
58.11302876472473,1169
58.90674138069153,1167
59.040390729904175,1166
59.562782287597656,1165
59.83504843711853,1164
60.09695792198181,1163
60.23586177825928,1162
60.3725221157074,1161
61.036701917648315,1160
61.442172050476074,1157
62.11114430427551,1156
62.24435377120972,1155
62.91397762298584,1154
63.311095237731934,1153
63.70336961746216,1152
63.97258639335632,1151
64.23748803138733,1150
64.76738286018372,1149
65.29737401008606,1147
65.83234024047852,1146
66.35746431350708,1145
66.61715364456177,1144
67.01985597610474,1143
67.42091703414917,1142
67.69327640533447,1141
68.35835075378418,1140
68.89334750175476,1139
69.02842664718628,1138
69.81146359443665,1136
70.34591436386108,1135
71.01427364349365,1134
71.41279101371765,1132
71.9834656715393,1131
72.65635180473328,1130
73.19105792045593,1129
73.59827399253845,1128
73.85975933074951,1127
74.40158128738403,1125
75.06363368034363,1124
75.59908509254456,1123
75.87078547477722,1122
76.39837217330933,1121
76.79481863975525,1120
76.93293881416321,1118
77.34002161026001,1117
77.8747763633728,1116
78.011057138443,1115
78.53542971611023,1114
78.80251812934875,1113
79.20674848556519,1112
79.34657073020935,1111
80.0135247707367,1109
80.70744848251343,1108
81.3737645149231,1107
81.90356492996216,1106
82.0356273651123,1105
82.95901346206665,1103
83.76416277885437,1102
84.3043041229248,1101
84.57317781448364,1100
84.97063088417053,1099
85.76254034042358,1098
86.03615880012512,1097
86.4303183555603,1096
86.69225835800171,1095
87.09734463691711,1094
87.6391670703888,1093
88.17132043838501,1091
88.71363258361816,1090
89.37974810600281,1089
90.17104482650757,1088
90.7006311416626,1087
91.24026441574097,1086
91.89843845367432,1085
92.55980730056763,1084
93.21360492706299,1083
93.88271021842957,1082
94.14229154586792,1081
95.20320868492126,1080
95.73856282234192,1079
96.54131746292114,1078
97.33382487297058,1077
98.00331783294678,1076
98.6762626171112,1074
99.08335375785828,1073
99.87627005577087,1072
100.41219067573547,1071
101.0862352848053,1070
101.3562695980072,1069
102.15963006019592,1066
103.48876857757568,1065
104.27759337425232,1064
105.23131227493286,1063
105.49274039268494,1062
106.03210544586182,1061
106.70402932167053,1060
107.62958526611328,1059
108.43620324134827,1058
109.37046122550964,1057
109.6381983757019,1056
110.43634533882141,1055
110.70020461082458,1054
111.09844255447388,1053
111.75919604301453,1052
112.1579041481018,1051
112.685555934906,1050
113.61767745018005,1048
114.81683206558228,1047
115.6146388053894,1046
116.6884777545929,1045
117.49643659591675,1044
118.15950965881348,1043
118.69091844558716,1042
119.49089622497559,1041
120.01900386810303,1040
120.55386519432068,1039
121.21887230873108,1038
122.15268611907959,1037
123.08130216598511,1036
124.01434636116028,1035
124.55165648460388,1034
124.94749236106873,1033
125.6157021522522,1032
126.16343808174133,1031
127.61455082893372,1030
128.2967565059662,1029
129.39111733436584,1028
130.05100226402283,1027
130.72019004821777,1026
131.2546637058258,1025
132.1822566986084,1024
132.98070454597473,1023
133.79180932044983,1022
133.79243,1022