0.23183155059814453,1458
0.37120723724365234,1455
0.6414070129394531,1453
0.776648759841919,1452
1.048081398010254,1450
1.3206021785736084,1447
1.5995547771453857,1445
1.7368805408477783,1444
2.000244379043579,1443
2.1356821060180664,1442
2.2756989002227783,1441
2.4131526947021484,1440
2.6797852516174316,1439
2.813932180404663,1436
3.22495436668396,1434
3.5027832984924316,1433
3.63962459564209,1432
3.7743568420410156,1431
4.040061950683594,1430
4.1752965450286865,1428
4.3098790645599365,1427
4.715034246444702,1425
4.979140758514404,1423
5.255786657333374,1422
5.520231485366821,1420
5.6547181606292725,1419
5.929826974868774,1416
6.0708746910095215,1415
6.20023775100708,1414
6.469574689865112,1412
6.602268218994141,1411
6.869286775588989,1410
7.005048036575317,1408
7.274103403091431,1405
7.670950889587402,1403
7.805281162261963,1401
8.234286069869995,1400
8.50721025466919,1398
8.642917156219482,1396
9.052584886550903,1393
9.326735973358154,1390
9.86432695388794,1388
10.006225824356079,1387
10.142889261245728,1386
10.415437698364258,1384
10.690294742584229,1383
10.827102422714233,1382
10.963142156600952,1380
11.098934173583984,1379
11.375670433044434,1377
11.511179447174072,1376
12.045912504196167,1374
12.181123971939087,1373
12.451532125473022,1371
12.58904218673706,1370
12.989758491516113,1369
13.132166624069214,1367
13.267716646194458,1365
13.672566175460815,1363
13.810078859329224,1361
13.94804859161377,1360
14.087081670761108,1359
14.485228061676025,1358
14.756563425064087,1355
15.030807971954346,1354
15.304389476776123,1353
15.438789367675781,1352
15.579552412033081,1351
15.98000431060791,1350
16.114967823028564,1347
16.52848172187805,1346
16.804301023483276,1345
17.072185277938843,1344
17.2060546875,1343
17.61098289489746,1341
17.750452280044556,1340
18.02894926071167,1339
18.29644012451172,1338
18.56962513923645,1336
18.96591305732727,1335
19.098246097564697,1334
19.373851776123047,1332
19.780219316482544,1331
19.911017656326294,1328
20.314175844192505,1325
20.72392988204956,1324
20.86035656929016,1322
21.27019953727722,1320
21.81630253791809,1318
22.22062039375305,1317
22.492464303970337,1316
22.629404544830322,1315
22.90589189529419,1312
23.310253858566284,1311
23.58617663383484,1310
23.717254400253296,1307
24.26261043548584,1306
24.40458607673645,1305
24.537879467010498,1304
24.94615364074707,1303
25.086970806121826,1301
25.222012996673584,1299
25.62748646736145,1298
25.893599271774292,1297
26.293830394744873,1296
26.562928676605225,1295
26.699512243270874,1293
27.099900484085083,1291
27.238136053085327,1289
27.652920961380005,1286
27.925394296646118,1283
28.73649287223816,1281
29.14043688774109,1280
29.41260075569153,1279
29.809419870376587,1277
30.083611965179443,1276
30.35992956161499,1275
30.76807475090027,1274
30.902589082717896,1272
31.33291244506836,1271
31.60109829902649,1270
32.00781488418579,1269
32.14615058898926,1268
32.283883571624756,1266
32.420496702194214,1265
32.695369720458984,1264
33.098639488220215,1263
33.37432932853699,1262
33.641711473464966,1261
33.91480898857117,1260
34.185245513916016,1259
34.45912194252014,1258
34.725178241729736,1257
34.86140966415405,1256
35.39328336715698,1253
35.93704056739807,1252
36.0720317363739,1251
36.48929786682129,1248
37.29808044433594,1247
37.572577714920044,1246
37.84285759925842,1245
38.25471830368042,1243
38.938173055648804,1242
39.07031989097595,1241
39.338706493377686,1240
39.74259901046753,1239
39.87377071380615,1238
40.01352620124817,1237
40.55763339996338,1236
40.83094620704651,1235
41.100645542144775,1234
41.37560153007507,1232
42.18191647529602,1231
42.590290784835815,1229
43.12678861618042,1228
43.39441657066345,1226
43.670095682144165,1223
44.34245824813843,1222
44.74887990951538,1221
45.01444983482361,1219
45.42560625076294,1217
45.703054428100586,1216
46.10449194908142,1215
46.23708963394165,1214
46.5057430267334,1213
46.77185320854187,1212
47.308990716934204,1211
47.57473683357239,1210
47.97372341156006,1209
48.10877513885498,1208
48.513500452041626,1206
48.9146614074707,1205
49.308003187179565,1204
49.718472719192505,1201
50.262518882751465,1200
50.67437791824341,1199
50.81549644470215,1198
51.096835136413574,1197
51.764687299728394,1196
52.02896046638489,1195
52.16949105262756,1193
52.834481716156006,1192
53.10102105140686,1191
53.50884556770325,1189
54.05610013008118,1187
54.72477388381958,1186
54.85930633544922,1185
55.405577421188354,1184
55.696439027786255,1182
56.501017808914185,1180
56.90609431266785,1179
57.58862662315369,1178
58.12280774116516,1176
58.39368677139282,1175
58.663973808288574,1174
59.206292390823364,1172
59.74498653411865,1171
60.01339769363403,1170
60.557666540145874,1169
60.827311754226685,1168
61.09654974937439,1167
61.62777376174927,1165
62.165467262268066,1164
62.437299728393555,1163
62.98335075378418,1162
63.119975090026855,1161
63.793665170669556,1160
64.06579804420471,1159
64.74228978157043,1157
65.28682827949524,1156
65.6916925907135,1155
66.23152613639832,1154
66.63211035728455,1152
67.17373609542847,1151
67.71693921089172,1150
68.12132048606873,1149
68.25428771972656,1148
68.52119302749634,1147
68.92794108390808,1146
69.46910619735718,1145
69.60340237617493,1144
70.28542160987854,1143
70.69571304321289,1142
71.37299466133118,1141
71.77267551422119,1140
72.03597450256348,1139
72.31300640106201,1138
72.70814871788025,1137
73.37474727630615,1135
73.6428587436676,1134
74.04318499565125,1133
74.17986464500427,1132
74.45026922225952,1131
75.12638449668884,1130
75.40198302268982,1129
75.80947518348694,1128
76.08192706108093,1126
76.88668394088745,1125
77.15455460548401,1124
77.55545115470886,1123
77.95685195922852,1122
78.49350929260254,1119
79.03112316131592,1118
79.30502676963806,1117
80.27254128456116,1116
80.54870128631592,1115
80.95367622375488,1114
81.63107442855835,1113
82.16937637329102,1112
82.70256900787354,1111
82.97448539733887,1110
83.37809658050537,1109
83.92286562919617,1108
84.06017756462097,1107
84.73579955101013,1106
85.14290237426758,1105
85.9523274898529,1104
86.36325693130493,1103
86.50007009506226,1102
87.03790807723999,1101
87.83986043930054,1100
87.97303032875061,1099
88.65505266189575,1098
89.46371841430664,1097
89.99718379974365,1096
90.40277791023254,1094
91.07155776023865,1093
91.34077572822571,1092
91.8798496723175,1091
92.40894222259521,1090
92.8159248828888,1089
93.62819528579712,1088
93.89910888671875,1087
94.71033263206482,1086
95.11807441711426,1085
95.65482187271118,1084
95.92441916465759,1082
96.59320211410522,1081
96.73287081718445,1080
97.41781449317932,1079
97.55457735061646,1078
98.36544013023376,1077
98.77020621299744,1076
99.30754065513611,1075
99.84925842285156,1074
99.98717546463013,1073
100.52967023849487,1072
101.06787252426147,1071
101.87735390663147,1070
102.54699563980103,1069
103.48388624191284,1068
104.29366779327393,1067
104.58879041671753,1066
105.13272953033447,1065
105.93654346466064,1064
106.34874486923218,1063
107.2995195388794,1062
107.56686019897461,1061
108.10612845420837,1060
108.5125036239624,1059
109.60318565368652,1058
109.74050569534302,1057
110.15816497802734,1056
110.83321380615234,1055
111.37362170219421,1054
111.78108716011047,1053
112.32469630241394,1052
112.59825563430786,1051
113.1422791481018,1050
114.08390545845032,1049
114.89230537414551,1048
115.4328932762146,1047
115.69994378089905,1046
116.49750304222107,1045
117.31098127365112,1044
117.97956228256226,1043
118.38403344154358,1041
118.92534470558167,1040
119.7436261177063,1039
120.29165077209473,1038
120.96640419960022,1037
121.23688626289368,1036
122.30804228782654,1035
122.99320769309998,1033
123.66199493408203,1032
124.74481248855591,1031
125.29396533966064,1030
125.83364367485046,1029
126.7654972076416,1028
127.17367601394653,1027
127.71331071853638,1026
128.2549512386322,1025
128.95320749282837,1024
129.49046730995178,1023
130.29775667190552,1022
130.98652982711792,1021
131.6675579547882,1020
132.4771180152893,1019
133.020525932312,1018
133.690931558609,1017
134.5007517337799,1016
135.0416784286499,1015
135.448,1015