0.2312150001525879,1457
0.49614787101745605,1453
0.8957052230834961,1452
1.1665675640106201,1450
1.3055510520935059,1448
1.4463434219360352,1447
1.7199273109436035,1444
2.1172866821289062,1442
2.3847146034240723,1440
2.650325298309326,1438
3.0480852127075195,1434
3.4470860958099365,1433
3.582015037536621,1431
3.984829902648926,1428
4.385067462921143,1427
4.520635604858398,1426
4.652375221252441,1425
4.927504301071167,1422
5.199982404708862,1420
5.4688942432403564,1419
5.72847318649292,1417
5.9946348667144775,1416
6.127558469772339,1415
6.4025492668151855,1413
6.671998977661133,1412
6.80560564994812,1411
6.941779136657715,1410
7.072957754135132,1409
7.340134143829346,1407
7.608427047729492,1405
7.874982833862305,1403
8.03626537322998,1402
8.166799068450928,1401
8.302186250686646,1400
8.573323965072632,1399
8.704136610031128,1398
8.83840537071228,1396
9.373644590377808,1395
9.50971245765686,1394
9.778131008148193,1390
10.046623945236206,1389
10.318158626556396,1387
10.457508563995361,1386
10.857271432876587,1384
11.251273155212402,1382
11.382984161376953,1381
11.653181314468384,1378
12.322169542312622,1375
12.458311080932617,1374
12.856296300888062,1371
13.391070127487183,1369
13.52267837524414,1368
13.78688097000122,1366
14.046731948852539,1365
14.177827835083008,1364
14.447339296340942,1363
14.582786321640015,1362
14.8454008102417,1361
14.976852893829346,1360
15.113685607910156,1358
15.383582830429077,1356
15.650203943252563,1354
16.184993028640747,1352
16.318788290023804,1351
16.718868494033813,1349
17.120834827423096,1348
17.250301599502563,1347
17.51848077774048,1346
17.656860828399658,1345
17.92884063720703,1344
18.059029817581177,1343
18.3291757106781,1341
18.462071180343628,1339
18.72873878479004,1338
18.86317014694214,1337
19.001938104629517,1334
19.40999984741211,1330
19.68055510520935,1328
20.216517448425293,1325
20.61879014968872,1324
20.885825634002686,1322
21.150532007217407,1320
21.544467449188232,1319
21.67851948738098,1318
22.07175087928772,1317
22.208232879638672,1316
22.607759475708008,1315
22.743104457855225,1314
22.872998237609863,1313
23.141239166259766,1311
23.277276277542114,1310
23.548125505447388,1309
23.814523458480835,1308
23.945088624954224,1307
24.22022795677185,1306
24.489808082580566,1305
24.620825052261353,1303
24.893664121627808,1302
25.300639867782593,1300
25.566004276275635,1299
25.701897144317627,1298
25.964194536209106,1296
26.495360136032104,1294
26.8876690864563,1291
27.156936645507812,1288
28.089131832122803,1287
28.35521173477173,1286
28.62411665916443,1283
29.02789068222046,1282
29.423067331314087,1281
29.557825326919556,1280
29.690794467926025,1279
30.231443643569946,1276
30.767422676086426,1275
31.031585931777954,1274
31.297861576080322,1273
31.564752101898193,1271
31.828620195388794,1270
31.96323299407959,1269
32.1003680229187,1267
32.67022228240967,1266
33.06686305999756,1263
33.60530710220337,1260
33.88063955307007,1257
34.41346573829651,1256
34.547220945358276,1255
34.81934356689453,1254
34.95291566848755,1253
35.35380673408508,1252
35.49212622642517,1251
35.89662432670593,1250
36.033682346343994,1248
36.427680015563965,1246
36.55967473983765,1245
36.958285093307495,1243
37.22430348396301,1242
37.493550539016724,1241
37.895265340805054,1240
38.15577936172485,1238
38.54885125160217,1237
38.68612241744995,1236
39.09626030921936,1234
39.49000668525696,1232
39.6206488609314,1231
39.89152669906616,1229
40.29650616645813,1228
40.56623077392578,1227
40.83093619346619,1226
41.093239307403564,1225
41.22762680053711,1224
41.493141889572144,1223
41.756391525268555,1222
42.1588020324707,1221
42.29378581047058,1220
42.55882239341736,1219
42.957945585250854,1218
43.2224497795105,1217
43.488529205322266,1216
43.7682900428772,1215
44.17020273208618,1213
44.43876838684082,1212
44.70260214805603,1211
44.841084003448486,1209
45.64021587371826,1208
46.16867280006409,1207
46.43686890602112,1206
46.70603156089783,1205
46.83947157859802,1204
47.37292528152466,1203
47.6412718296051,1202
47.90328359603882,1201
48.03685188293457,1200
48.300832986831665,1198
48.964784145355225,1197
49.096258878707886,1196
49.50533437728882,1195
50.04117131233215,1194
50.30561923980713,1193
50.83229351043701,1192
51.23877263069153,1190
51.64088463783264,1189
51.77586817741394,1188
52.18272805213928,1187
52.580413818359375,1186
53.114134311676025,1184
53.3828558921814,1183
53.78537321090698,1182
54.053279399871826,1181
54.45859456062317,1179
55.13364839553833,1178
55.53550839424133,1176
55.66905689239502,1175
56.073575019836426,1174
56.208486557006836,1173
56.89770817756653,1172
57.29921293258667,1171
57.83421444892883,1169
58.484827518463135,1167
59.01468300819397,1166
59.15040969848633,1165
59.81510329246521,1164
60.21612358093262,1163
60.74687671661377,1162
61.1474072933197,1160
61.68451523780823,1159
61.94991898536682,1157
62.63290596008301,1156
62.90411925315857,1155
63.30612063407898,1154
63.44180345535278,1153
63.708791971206665,1152
63.979207038879395,1151
64.38104724884033,1150
64.64768958091736,1149
65.0472981929779,1148
65.31364417076111,1147
65.98326420783997,1145
66.79354619979858,1144
67.45947909355164,1142
67.86340975761414,1141
67.99885511398315,1140
68.66251111030579,1139
69.06344556808472,1138
69.46579360961914,1137
69.86177706718445,1136
70.26159071922302,1135
70.52697014808655,1134
70.66258335113525,1133
71.07168650627136,1132
71.33441019058228,1131
71.99963045120239,1130
72.39920330047607,1129
72.6703770160675,1126
73.20270943641663,1125
73.74085664749146,1124
74.00622415542603,1123
74.40964865684509,1122
74.54649591445923,1121
74.68284392356873,1120
74.95048260688782,1119
75.61259078979492,1118
76.01715636253357,1117
76.41453504562378,1116
76.81348752975464,1115
77.07811641693115,1114
77.61558675765991,1113
77.88735389709473,1112
78.02255415916443,1111
78.68686485290527,1110
78.95438694953918,1109
79.48781085014343,1108
79.75364518165588,1107
80.42025136947632,1106
80.70906662940979,1105
81.38522839546204,1104
81.78700804710388,1103
82.44839310646057,1102
83.10890936851501,1101
83.6342556476593,1100
84.16710782051086,1099
84.82931470870972,1098
85.35925698280334,1097
85.89163494110107,1096
86.5551278591156,1095
86.96028637886047,1094
87.23127627372742,1093
87.89484786987305,1092
88.29351758956909,1091
88.43050336837769,1090
88.97077584266663,1089
89.37239360809326,1088
89.7847990989685,1087
90.18595790863037,1086
90.8646399974823,1085
91.13283610343933,1084
91.66917085647583,1083
91.9370756149292,1082
92.46622633934021,1081
93.1332938671112,1080
93.66479516029358,1079
93.79848837852478,1078
94.98190903663635,1077
95.25019764900208,1076
96.05176186561584,1075
96.72632837295532,1074
97.12814259529114,1073
97.3986485004425,1072
98.33234691619873,1071
99.12916588783264,1070
99.6629285812378,1068
100.33486104011536,1067
100.73332929611206,1066
101.5437388420105,1065
101.81233811378479,1064
102.34458899497986,1063
102.47317934036255,1062
103.00867748260498,1061
103.67176032066345,1060
104.20460367202759,1059
104.89849066734314,1058
105.43237161636353,1057
105.70162844657898,1056
106.09739708900452,1055
106.63014507293701,1054
107.29360842704773,1052
108.10834097862244,1051
108.7776050567627,1049
109.18830680847168,1048
109.58615231513977,1047
110.11569619178772,1046
110.50872826576233,1045
111.4438488483429,1044
112.10901212692261,1042
113.18612670898438,1041
113.72335267066956,1039
114.53452515602112,1038
115.2031238079071,1037
115.86549305915833,1036
116.1384928226471,1035
116.5420925617218,1034
117.60282874107361,1033
118.27124238014221,1032
119.07396245002747,1031
119.87634229660034,1030
120.53947830200195,1029
121.2014172077179,1028
121.59436511993408,1027
122.39422583580017,1026
123.32917737960815,1024
124.12194895744324,1023
124.39415788650513,1022
125.74130368232727,1021
126.54445195198059,1020
127.34418201446533,1018
128.28787875175476,1017
128.55016493797302,1016
129.2411081790924,1015
129.7779438495636,1014
130.31569600105286,1012
131.11223030090332,1011
131.64916372299194,1010
132.59848070144653,1009
133.68143391609192,1008
133.94937,1008