0.7588245868682861,4936
1.638620376586914,4935
2.0853657722473145,4933
2.5285027027130127,4932
2.9730896949768066,4931
3.4163103103637695,4930
3.8704168796539307,4928
5.194001197814941,4927
5.651962041854858,4925
6.090308904647827,4924
6.535442352294922,4923
7.420960903167725,4922
8.330606937408447,4921
8.778459548950195,4918
9.663373231887817,4916
10.547776937484741,4915
11.01063323020935,4914
11.460536479949951,4912
11.947029113769531,4910
12.83854341506958,4909
13.281055212020874,4908
13.730796813964844,4907
14.609341621398926,4906
15.07696533203125,4904
15.967032670974731,4902
16.84885334968567,4901
17.297354221343994,4900
17.734203577041626,4898
18.184999704360962,4897
19.09485149383545,4894
19.956852912902832,4893
20.394596338272095,4892
21.27950096130371,4890
21.713138103485107,4889
22.164296865463257,4887
23.060640811920166,4886
23.50282573699951,4884
23.94117259979248,4883
24.810297966003418,4882
25.247653484344482,4881
25.68612813949585,4879
27.01056742668152,4876
27.463568687438965,4875
27.910103797912598,4874
28.36047077178955,4873
28.804500579833984,4872
29.248809576034546,4871
30.1197988986969,4869
30.996253728866577,4867
31.902058839797974,4866
32.77396774291992,4861
33.670443296432495,4860
34.11967349052429,4858
35.45846962928772,4857
35.905497550964355,4855
36.34811067581177,4854
36.7989182472229,4853
37.23887538909912,4852
37.68291211128235,4851
38.56822967529297,4849
39.43663740158081,4847
39.88520622253418,4846
40.7619891166687,4845
41.1972496509552,4844
41.62977480888367,4842
42.5488338470459,4840
43.42378354072571,4837
44.754064083099365,4836
45.197495222091675,4835
45.65100455284119,4834
46.53469252586365,4833
46.96834850311279,4831
47.406038999557495,4830
47.8326530456543,4828
48.73171329498291,4826
49.61385369300842,4825
50.04826641082764,4824
50.93359971046448,4823
51.38162350654602,4821
51.81900501251221,4820
52.25645041465759,4819
52.708524227142334,4818
53.592405557632446,4817
54.0359787940979,4816
54.494471311569214,4815
54.93239641189575,4814
55.37570405006409,4813
55.82222938537598,4811
56.702603816986084,4809
57.13976216316223,4807
57.59603214263916,4806
58.027334690093994,4805
58.460227727890015,4803
59.341121196746826,4802
59.78037428855896,4800
60.67530918121338,4798
61.121275424957275,4797
61.572778940200806,4796
62.014365673065186,4795
62.48041844367981,4793
62.93679165840149,4792
63.38274431228638,4791
63.822590351104736,4789
65.60401630401611,4787
66.91440963745117,4784
67.35372614860535,4782
67.79831767082214,4781
68.67206692695618,4779
69.11671996116638,4778
69.99179244041443,4776
70.4360420703888,4775
71.34617304801941,4772
72.2330756187439,4771
73.11051177978516,4767
73.55066967010498,4766
74.43707180023193,4764
74.88361310958862,4762
75.76364803314209,4761
76.6518759727478,4760
77.54538416862488,4759
78.43335270881653,4755
79.30546498298645,4752
81.07766342163086,4745
82.42794370651245,4744
82.87864542007446,4743
83.3285448551178,4741
83.77231979370117,4739
84.21856260299683,4737
85.08882284164429,4736
85.53196597099304,4735
85.9794385433197,4733
86.86363053321838,4732
87.29378151893616,4731
88.156485080719,4730
88.59130215644836,4729
89.03914308547974,4728
89.48491835594177,4726
90.36875510215759,4724
91.26153802871704,4720
91.70664596557617,4719
92.16181564331055,4718
93.04417300224304,4717
93.48748469352722,4716
93.925461769104,4715
94.82225298881531,4713
95.71792387962341,4712
96.15708231925964,4710
96.60706734657288,4709
97.53810811042786,4708
97.97591090202332,4706
98.42717599868774,4705
98.8550169467926,4704
99.7473783493042,4703
100.19825315475464,4702
100.64672684669495,4700
101.09314894676208,4699
101.9653468132019,4698
102.4029905796051,4696
102.83895468711853,4694
103.26441645622253,4693
104.58216619491577,4691
105.92358422279358,4689
106.35163402557373,4688
107.23451113700867,4686
108.13288044929504,4685
109.02025175094604,4682
110.78532671928406,4681
111.23057961463928,4679
111.67647123336792,4678
112.11222529411316,4677
112.97662615776062,4674
113.87089276313782,4673
114.75813865661621,4672
115.19436240196228,4669
116.06535506248474,4667
116.96285128593445,4665
118.29976844787598,4664
118.7538673877716,4663
119.19230508804321,4662
119.64059805870056,4660
120.52122831344604,4658
121.39520597457886,4657
121.82618832588196,4655
122.26659607887268,4654
123.15105319023132,4653
123.58634662628174,4652
124.47363209724426,4650
125.8038649559021,4647
126.69022798538208,4644
127.59030270576477,4642
128.47563290596008,4640
129.34770321846008,4638
130.24189615249634,4636
131.1076967716217,4635
131.97898197174072,4634
132.41668558120728,4633
133.73638343811035,4630
134.6329436302185,4629
135.08147144317627,4628
135.94808983802795,4626
137.27359199523926,4624
138.13512182235718,4622
139.00765013694763,4621
139.45648312568665,4619
140.7729971408844,4618
141.20085954666138,4617
141.64919352531433,4616
142.09424233436584,4615
142.52708506584167,4614
143.81960082054138,4612
144.2571029663086,4611
144.70072317123413,4609
145.15577793121338,4608
146.04239153862,4607
146.4829878807068,4606
147.35418486595154,4602
148.22596740722656,4600
148.66567468643188,4597
149.1003291606903,4594
150.43866062164307,4593
150.87779784202576,4592
151.7658772468567,4589
152.65036582946777,4588
153.9505844116211,4587
154.37826991081238,4586
155.2548587322235,4585
155.70875906944275,4583
156.5947666168213,4582
157.0411615371704,4580
157.4853789806366,4579
158.812579870224,4577
160.56585311889648,4575
161.88705110549927,4573
162.3351571559906,4572
162.77898812294006,4571
163.21739983558655,4570
164.5399990081787,4569
164.96366095542908,4566
165.39914894104004,4565
166.71038103103638,4563
167.14759182929993,4562
168.03198146820068,4561
168.4662652015686,4560
168.90487432479858,4559
169.79504680633545,4558
170.24192094802856,4557
170.6908779144287,4556
171.14208483695984,4555
171.59341073036194,4554
172.45900106430054,4553
173.3257954120636,4552
173.75085282325745,4550
174.18550324440002,4549
174.6280643939972,4548
175.51515555381775,4547
175.96567487716675,4544
177.71423387527466,4542
178.14516305923462,4539
179.48463940620422,4538
180.36591458320618,4535
181.2666792869568,4534
182.1620373725891,4531
183.52808952331543,4530
184.40491914749146,4528
185.7471673488617,4527
186.62808060646057,4526
187.07237005233765,4525
187.51477479934692,4523
188.41639804840088,4522
189.29572939872742,4520
189.73769903182983,4518
190.61743998527527,4517
191.5120186805725,4515
191.9669988155365,4513
193.3078110218048,4512
193.7464063167572,4509
194.61522340774536,4508
195.05500316619873,4507
195.50696730613708,4506
196.82707571983337,4504
197.27211093902588,4502
198.16232657432556,4501
198.61606550216675,4500
199.04768657684326,4499
199.93371772766113,4497
201.25932002067566,4496
202.1423728466034,4495
202.5833044052124,4494
203.45814633369446,4493
204.36791038513184,4492
205.25042462348938,4491
206.1449010372162,4489
206.57964825630188,4487
207.4758656024933,4486
208.3701572418213,4484
209.2638123035431,4483
210.58174228668213,4481
211.8812186717987,4479
212.32241868972778,4478
213.22330141067505,4476
214.08960008621216,4475
214.53062748908997,4473
214.96890258789062,4471
216.72395968437195,4469
217.62044835090637,4467
218.52462768554688,4465
219.84338521957397,4463
220.28065085411072,4462
220.7286901473999,4461
221.61921668052673,4460
222.05852794647217,4458
223.39073085784912,4455
224.70008826255798,4454
225.1556441783905,4452
226.04958868026733,4451
226.91873693466187,4450
227.35595536231995,4449
227.78649497032166,4448
228.67958807945251,4447
229.12866187095642,4446
229.998521566391,4445
230.89153504371643,4444
231.33850622177124,4443
232.21823477745056,4441
232.66005086898804,4440
233.11305713653564,4439
233.55512690544128,4437
235.3295440673828,4436
236.2098982334137,4435
236.65256357192993,4433
237.5359959602356,4432
238.41030025482178,4431
238.8444619178772,4428
240.60843920707703,4427
241.04417324066162,4426
241.9267749786377,4425
242.3652606010437,4424
243.2594485282898,4423
244.1386330127716,4422
244.58904433250427,4421
245.02995991706848,4420
245.90440392494202,4419
246.34966778755188,4418
247.21571159362793,4415
248.5302300453186,4414
249.42525005340576,4413
249.8663308620453,4411
251.17742586135864,4410
251.6472568511963,4409
252.53220558166504,4405
253.86276268959045,4403
255.18588495254517,4402
256.0581033229828,4400
256.50790905952454,4399
257.39644289016724,4398
258.2723491191864,4397
258.731728553772,4396
259.1934640407562,4395
260.08445930480957,4394
261.4271049499512,4392
262.3108820915222,4391
262.75633096694946,4390
263.20357394218445,4388
263.65110874176025,4387
264.98111391067505,4386
265.86070680618286,4383
267.2028155326843,4382
268.09661769866943,4381
268.9818365573883,4379
270.3196289539337,4378
270.7553207874298,4376
272.08740401268005,4375
272.5117230415344,4374
272.9528796672821,4372
273.83683347702026,4371
274.29845213890076,4370
274.7331998348236,4369
276.05371165275574,4368
276.49360728263855,4366
277.37298679351807,4365
278.68465662002563,4364
279.12199211120605,4362
280.4398934841156,4361
280.87326884269714,4360
281.31956124305725,4359
282.2253568172455,4358
283.1100857257843,4355
284.4468426704407,4354
284.88033270835876,4353
285.33074831962585,4352
285.77240109443665,4351
286.6580741405487,4350
287.9660596847534,4347
289.2881808280945,4345
290.1710476875305,4344
290.6055989265442,4343
291.04278016090393,4341
291.92185640335083,4340
292.38152527809143,4339
293.2587950229645,4338
293.6892902851105,4337
294.5759551525116,4336
295.45017290115356,4335
295.9002933502197,4334
296.3421483039856,4333
297.21678137779236,4332
298.1046516895294,4331
298.54704880714417,4329
299.4077639579773,4328
300.2887125015259,4327
301.18095350265503,4326
302.50520372390747,4325
303.394065618515,4324
303.8310525417328,4323
304.72431206703186,4322
305.62356519699097,4321
306.06988644599915,4319
307.8521227836609,4317
309.5988223552704,4315
310.9433445930481,4313
311.82645988464355,4311
312.2777781486511,4310
313.617431640625,4309
314.4968490600586,4308
314.9437689781189,4307
315.8151571750641,4305
317.1151282787323,4303
317.55884861946106,4302
318.8627209663391,4301
319.74842643737793,4299
321.5123908519745,4298
321.9504380226135,4296
322.83725333213806,4295
323.71924662590027,4294
325.0520541667938,4292
326.3721926212311,4290
328.10168957710266,4288
328.9665870666504,4286
329.8315579891205,4285
330.7081708908081,4284
331.6046643257141,4282
332.9376802444458,4281
333.8306405544281,4278
335.1491115093231,4275
336.4450240135193,4274
337.33642959594727,4272
338.21919298171997,4270
338.6594750881195,4268
339.10734272003174,4267
339.96855664253235,4264
341.6912171840668,4263
342.56247305870056,4261
343.44801092147827,4260
344.33904004096985,4259
344.78372502326965,4257
345.6538963317871,4256
347.42223858833313,4255
347.8605422973633,4254
348.75527834892273,4252
349.19285249710083,4250
350.05008363723755,4249
351.37237453460693,4247
352.69445538520813,4245
353.5806725025177,4244
354.46963000297546,4243
354.9131326675415,4242
356.23591351509094,4239
357.10632729530334,4238
358.4506154060364,4236
359.34806871414185,4234
361.1216673851013,4232
361.98966908454895,4231
362.8752992153168,4227
363.30636954307556,4226
365.04302525520325,4224
365.91614866256714,4223
366.36499214172363,4221
367.6784303188324,4220
368.5635070800781,4219
369.00883531570435,4218
370.3525974750519,4216
371.66233944892883,4215
372.10629439353943,4214
372.5485951900482,4212
373.87249994277954,4208
374.7549126148224,4207
375.1882779598236,4206
376.492351770401,4205
376.95453095436096,4204
378.26821184158325,4203
378.717458486557,4202
380.48361468315125,4201
380.9421753883362,4198
382.691508769989,4197
384.01196122169495,4196
384.8886172771454,4194
386.21587562561035,4193
386.6513879299164,4192
387.9833357334137,4190
388.41567158699036,4189
389.73864674568176,4188
390.1966452598572,4187
390.6338758468628,4186
391.95163774490356,4185
392.38393449783325,4184
392.84407138824463,4182
394.583429813385,4180
395.9024729728699,4179
396.3370931148529,4178
397.2086675167084,4177
397.64798402786255,4176
398.0980887413025,4173
399.4415864944458,4172
400.32887864112854,4171
401.20912051200867,4168
401.6380407810211,4164
403.39101910591125,4162
405.1738739013672,4161
406.0457293987274,4160
406.49833512306213,4158
407.3938338756561,4155
408.7156870365143,4154
409.5813612937927,4152
410.0140857696533,4151
410.45537757873535,4149
410.88146591186523,4147
411.7577648162842,4146
412.6455669403076,4145
413.54826188087463,4144
413.98428869247437,4143
414.8874430656433,4142
416.671178817749,4141
417.54808163642883,4140
418.4223234653473,4139
419.73759174346924,4137
421.10030579566956,4135
421.98475456237793,4134
422.8763062953949,4133
423.7681429386139,4132
425.5224766731262,4131
425.9550018310547,4129
427.6941375732422,4128
428.57778811454773,4126
431.2081117630005,4124
432.5280992984772,4123
432.97063517570496,4122
433.83085799217224,4120
434.25883889198303,4119
436.0350773334503,4117
437.34675192832947,4115
437.78699135780334,4113
439.1117916107178,4112
439.5470962524414,4111
440.869375705719,4110
441.3250563144684,4109
441.761146068573,4108
442.2053301334381,4107
442.2073,4107