0.7518281936645508,4936
1.6226258277893066,4935
2.0497214794158936,4934
2.4977657794952393,4932
3.371959924697876,4931
3.793799877166748,4928
4.676961183547974,4925
5.965954303741455,4923
6.850166082382202,4920
7.292065143585205,4919
8.157843351364136,4917
8.596538066864014,4916
9.036824703216553,4915
9.473817825317383,4913
10.341247081756592,4909
11.676952838897705,4907
12.109167337417603,4906
12.983004331588745,4905
13.419476509094238,4903
14.286652088165283,4900
15.576997518539429,4897
16.472985982894897,4896
16.907079935073853,4895
17.329183101654053,4894
18.186781883239746,4893
18.628287315368652,4891
19.070069789886475,4887
19.94283151626587,4884
21.253345012664795,4881
22.563366651535034,4879
22.991557836532593,4877
23.4192852973938,4876
24.294081926345825,4874
25.13504934310913,4872
25.99442434310913,4871
26.436362743377686,4868
26.876250743865967,4867
27.765929222106934,4865
28.632952213287354,4864
29.077320098876953,4863
29.511375904083252,4860
29.943945169448853,4858
31.267017602920532,4852
32.13918137550354,4850
33.448805809020996,4849
33.89380931854248,4848
34.325350522994995,4846
35.1920325756073,4845
35.61838173866272,4844
36.06270956993103,4843
36.491748094558716,4841
37.38870429992676,4840
37.82441210746765,4839
38.254647970199585,4838
38.69200158119202,4837
39.11122703552246,4836
39.55027103424072,4835
40.417431592941284,4834
41.28127336502075,4833
41.7147490978241,4831
42.145936489105225,4830
43.00963020324707,4829
43.44426774978638,4828
43.8729202747345,4827
44.298622846603394,4826
45.15447998046875,4825
45.58213210105896,4822
46.90415334701538,4821
47.3458092212677,4820
47.80316209793091,4818
48.66597032546997,4817
49.09733867645264,4816
49.53732395172119,4815
50.41673159599304,4812
51.31366682052612,4810
52.17787480354309,4809
53.06266665458679,4808
53.4942889213562,4807
53.93445372581482,4806
54.79341220855713,4803
55.23874855041504,4802
56.51878094673157,4800
56.94756507873535,4798
57.39759588241577,4797
57.83379125595093,4796
58.6968891620636,4795
59.13387179374695,4794
59.57549524307251,4793
60.00718426704407,4792
60.87667417526245,4790
61.306516885757446,4789
62.16608023643494,4788
63.03958201408386,4785
63.93747901916504,4783
64.81326651573181,4782
65.23861885070801,4781
66.09404516220093,4778
67.41285991668701,4777
67.83352541923523,4776
68.69060683250427,4773
69.12161803245544,4772
69.56183743476868,4771
69.99612641334534,4769
70.85277032852173,4766
72.1519410610199,4765
72.57617354393005,4764
73.00786638259888,4763
73.90493702888489,4762
74.34617710113525,4761
75.21465182304382,4759
76.06924486160278,4758
76.91373062133789,4757
77.35074281692505,4756
77.78123092651367,4753
79.08037734031677,4752
79.52458024024963,4749
79.94792628288269,4747
81.69299459457397,4744
82.5896954536438,4742
83.44935321807861,4739
84.76859521865845,4738
86.05812311172485,4736
86.4886064529419,4734
86.9212908744812,4733
87.37555074691772,4732
88.67215132713318,4731
89.12474465370178,4729
89.99402856826782,4728
90.4355309009552,4727
91.29734253883362,4726
92.16197037696838,4725
92.60652232170105,4722
93.03309869766235,4721
94.36543393135071,4719
94.79327273368835,4718
95.22817087173462,4717
95.68215250968933,4715
96.96697497367859,4714
97.8116512298584,4713
98.6885027885437,4711
99.11813020706177,4710
99.97484993934631,4709
100.39978861808777,4708
101.26815533638,4707
101.70616722106934,4705
102.15443992614746,4704
103.03118920326233,4703
103.47290515899658,4702
103.91118359565735,4701
104.75027203559875,4700
105.18276977539062,4698
106.48045063018799,4697
106.9157018661499,4696
107.34957075119019,4695
107.7826476097107,4694
108.66543078422546,4693
109.53498387336731,4692
109.96501326560974,4689
111.29081606864929,4688
112.20583462715149,4687
112.64221215248108,4686
113.08123564720154,4685
113.51190710067749,4684
114.38291430473328,4682
115.25398373603821,4681
115.69621920585632,4680
116.97754144668579,4677
118.71303343772888,4675
119.14549279212952,4673
120.46094131469727,4671
121.33439612388611,4670
122.65080952644348,4667
123.95338678359985,4665
124.3779706954956,4663
124.80599880218506,4661
126.10315537452698,4660
126.53644967079163,4658
127.41510128974915,4656
128.72339987754822,4655
129.5894513130188,4654
130.0216896533966,4653
130.43991589546204,4651
131.30876278877258,4650
132.6096773147583,4648
133.03819847106934,4647
133.8967456817627,4645
135.1865530014038,4643
136.04797172546387,4642
136.48898100852966,4640
137.82113099098206,4639
138.24549746513367,4638
138.67746114730835,4637
139.54470992088318,4635
140.4204602241516,4632
140.87417602539062,4631
141.33055114746094,4630
142.2128221988678,4629
142.6540834903717,4628
143.95147156715393,4626
144.380206823349,4625
144.8269054889679,4624
146.13470029830933,4622
147.42566633224487,4621
147.85896921157837,4620
148.28873300552368,4619
148.7225525379181,4617
150.47241973876953,4616
150.9077491760254,4615
151.3500270843506,4614
151.7839686870575,4612
152.65266227722168,4610
153.94605660438538,4609
154.3926386833191,4608
154.8207404613495,4607
155.25320672988892,4606
155.69397449493408,4605
156.12924647331238,4602
157.43570351600647,4600
158.29672265052795,4598
159.15497159957886,4597
159.5855748653412,4596
160.02818822860718,4595
160.9041543006897,4594
161.3314814567566,4592
162.1804277896881,4591
163.47596979141235,4589
164.33516454696655,4588
165.64605832099915,4585
166.9322292804718,4584
167.3725893497467,4583
168.22594785690308,4582
168.6615858078003,4581
169.5285530090332,4580
169.9497046470642,4576
170.82430362701416,4574
171.26010751724243,4572
172.54776859283447,4570
172.99073338508606,4569
174.3037269115448,4567
174.74690866470337,4566
175.6342134475708,4565
176.94795894622803,4563
177.8239767551422,4562
178.68545842170715,4560
179.5733458995819,4558
180.88988995552063,4557
181.32839608192444,4555
181.75622129440308,4554
182.62401700019836,4552
183.93007612228394,4551
184.79551672935486,4550
185.2310757637024,4549
185.6594753265381,4548
186.1027455329895,4547
187.37310433387756,4546
187.80902242660522,4542
189.09508347511292,4541
189.5214855670929,4540
189.95999312400818,4537
191.6985960006714,4536
192.12492036819458,4535
193.41406440734863,4533
194.2653615474701,4530
195.580331325531,4528
196.4473750591278,4527
197.75273776054382,4526
198.19786524772644,4523
200.33483028411865,4520
202.09004545211792,4518
202.53124809265137,4514
203.82794785499573,4513
204.27426719665527,4512
204.71443247795105,4510
205.61359977722168,4509
206.4801149368286,4508
206.91531586647034,4507
207.34568977355957,4506
207.77947473526,4505
208.22559022903442,4504
209.08184599876404,4503
209.9635787010193,4502
210.40779614448547,4501
211.27784895896912,4499
212.16335105895996,4498
212.59290528297424,4497
213.01502656936646,4495
213.88518381118774,4492
214.31456756591797,4491
215.18781447410583,4490
216.0789611339569,4489
217.35667514801025,4488
217.79652762413025,4485
218.68190455436707,4483
219.1195867061615,4482
219.9806785583496,4481
220.40768909454346,4480
221.2837028503418,4479
222.1424310207367,4478
223.0136911869049,4476
223.87341976165771,4475
224.3067865371704,4474
225.17190861701965,4472
226.03549718856812,4470
226.90250062942505,4467
228.65216612815857,4466
229.50338673591614,4465
229.95852780342102,4464
230.3976228237152,4463
230.83645486831665,4462
231.70591640472412,4461
232.15317344665527,4459
233.44848680496216,4458
233.87400794029236,4456
235.1588535308838,4455
235.59853410720825,4453
236.47003769874573,4452
237.3498773574829,4451
237.7799870967865,4450
238.66185522079468,4449
239.54261374473572,4448
239.9740686416626,4447
240.83092093467712,4444
242.13938403129578,4443
242.5617048740387,4442
242.9987862110138,4441
243.8417272567749,4439
244.2868354320526,4438
245.59335684776306,4437
246.47324109077454,4436
247.343248128891,4434
248.20662832260132,4433
249.08625888824463,4432
250.37618899345398,4430
251.26331758499146,4429
251.6898295879364,4428
252.1287968158722,4427
253.0100474357605,4426
253.44126391410828,4425
254.31175565719604,4423
254.7404181957245,4422
255.58541703224182,4421
256.46403646469116,4419
258.17757415771484,4417
259.07073402404785,4415
259.50241470336914,4413
260.36178278923035,4412
261.23713874816895,4410
262.55154633522034,4409
263.46443486213684,4408
264.3255298137665,4407
264.75769877433777,4406
265.1896252632141,4405
266.0865821838379,4404
266.517694234848,4403
267.368403673172,4401
268.670037984848,4399
269.5385465621948,4398
270.4184982776642,4397
270.8460142612457,4395
272.15307807922363,4393
273.0011565685272,4391
274.2931351661682,4389
275.1712079048157,4388
276.0128803253174,4387
276.45429015159607,4386
276.89656615257263,4384
277.3320381641388,4383
278.63528418540955,4380
279.07894492149353,4379
279.933198928833,4378
281.2455503940582,4376
282.5305526256561,4374
283.40028405189514,4372
284.2662823200226,4371
285.5761194229126,4370
286.0095303058624,4369
286.43882036209106,4368
287.30548000335693,4367
288.16815996170044,4366
288.586674451828,4364
289.45020723342896,4363
290.3264739513397,4362
290.7560486793518,4361
291.62450551986694,4360
292.06315207481384,4359
292.9239356517792,4358
293.77782583236694,4357
294.6578505039215,4356
295.07750821113586,4354
295.93845438957214,4352
298.0963249206543,4351
298.9465775489807,4350
299.3831729888916,4349
299.81122875213623,4346
301.9766583442688,4345
302.43328332901,4344
303.29494643211365,4343
304.1585862636566,4342
304.5775303840637,4341
305.88604974746704,4340
306.32589197158813,4339
306.7526400089264,4338
307.6121325492859,4337
308.4602460861206,4336
308.8943557739258,4334
309.3242998123169,4333
310.61591625213623,4332
311.05870175361633,4330
311.4880130290985,4329
312.3607409000397,4328
313.2311074733734,4327
314.9820544719696,4326
315.41084361076355,4325
315.8392322063446,4324
316.2695517539978,4322
317.1311721801758,4321
318.4294970035553,4320
318.8602364063263,4319
319.2946937084198,4318
319.7343327999115,4317
320.16921067237854,4316
321.4497253894806,4315
321.8792977333069,4314
323.193213224411,4312
324.0948920249939,4310
325.4262216091156,4308
326.7357120513916,4307
327.1668264865875,4305
328.4714398384094,4303
328.9088864326477,4302
329.3491458892822,4301
330.6359603404999,4300
331.0845675468445,4299
331.5283761024475,4297
332.8182969093323,4296
333.23249530792236,4294
333.67460227012634,4293
334.9847033023834,4292
336.2979962825775,4290
337.1551833152771,4289
337.5923912525177,4288
338.01471972465515,4287
338.88750982284546,4286
339.3189091682434,4284
340.1942834854126,4283
341.4856147766113,4280
342.7696957588196,4279
343.6289575099945,4277
345.3810670375824,4276
345.81187748908997,4275
346.68464827537537,4273
348.0070083141327,4272
348.8878364562988,4270
351.0381751060486,4268
351.9100909233093,4267
352.7981767654419,4266
353.67849040031433,4263
355.4081041812897,4262
355.84593772888184,4261
356.6918046474457,4259
358.44506311416626,4258
358.8824281692505,4257
359.3197274208069,4256
360.181893825531,4255
361.0282075405121,4254
361.8723695278168,4253
362.30464363098145,4252
363.16177678108215,4251
363.5992991924286,4250
364.4625952243805,4249
365.3373041152954,4247
366.217431306839,4246
367.08498907089233,4243
368.3669903278351,4242
368.81137681007385,4241
369.2389349937439,4240
370.1092519760132,4239
370.99848437309265,4238
371.8590512275696,4237
372.7325849533081,4235
373.61540055274963,4234
374.4693133831024,4232
374.91020822525024,4231
376.6402893066406,4229
378.38724422454834,4228
379.2522966861725,4227
380.1015441417694,4225
380.9820649623871,4224
381.4173994064331,4222
382.715539932251,4221
383.57216691970825,4220
384.00203013420105,4219
384.86945486068726,4218
385.31691336631775,4217
385.754860162735,4216
386.61655044555664,4215
387.9178318977356,4213
388.3481676578522,4211
389.6382360458374,4210
390.53438425064087,4209
390.96527314186096,4208
392.2671477794647,4207
393.13086676597595,4206
393.5533263683319,4204
395.30352330207825,4203
395.7497010231018,4201
397.4844617843628,4200
397.91627073287964,4199
398.36359167099,4198
398.7990231513977,4197
399.6860387325287,4196
400.98775815963745,4195
401.4175548553467,4194
402.73637413978577,4192
404.05947184562683,4190
406.20569801330566,4188
407.06954884529114,4187
407.49267315864563,4186
407.92689847946167,4185
409.65639328956604,4184
410.98030734062195,4183
411.8564841747284,4180
414.42641830444336,4176
415.7192692756653,4175
416.15744972229004,4174
416.5873456001282,4172
417.90393924713135,4170
418.776597738266,4168
420.09780979156494,4166
421.40235233306885,4165
421.8248641490936,4164
422.71084570884705,4162
424.4619691371918,4160
425.3429400920868,4159
426.19971203804016,4158
426.633424282074,4157
427.51216554641724,4155
428.8149998188019,4153
429.7043299674988,4152
431.0097234249115,4150
432.3233959674835,4149
433.18696999549866,4148
434.0559113025665,4147
434.4995472431183,4146
434.9242582321167,4144
434.9262,4144