0.746647834777832,4938
1.2101397514343262,4937
1.6504721641540527,4935
2.082892417907715,4934
2.527522087097168,4933
2.9712703227996826,4932
3.401883363723755,4931
3.842189073562622,4930
4.278388261795044,4929
5.146754741668701,4926
6.015890836715698,4925
6.468091249465942,4924
6.91028618812561,4923
7.344658851623535,4921
8.202457904815674,4920
8.632477760314941,4918
9.0631844997406,4916
9.949403047561646,4913
10.835370302200317,4911
11.733686923980713,4910
12.603271484375,4908
13.031784772872925,4906
13.478472471237183,4904
15.183072328567505,4901
15.61861777305603,4900
16.501386642456055,4899
16.944372415542603,4898
17.38229250907898,4896
17.823312520980835,4894
19.124643087387085,4892
19.995243072509766,4890
20.885164976119995,4888
21.75977921485901,4886
22.19630241394043,4884
23.07187533378601,4882
23.929622173309326,4879
24.35603618621826,4878
25.22406768798828,4876
26.09987473487854,4874
26.96623182296753,4873
27.399537801742554,4872
27.83670711517334,4871
28.282678604125977,4869
29.15037703514099,4867
30.015995979309082,4864
31.323304414749146,4862
32.19687080383301,4859
33.93443560600281,4857
34.36711597442627,4856
34.79446482658386,4855
35.249640226364136,4854
35.67424154281616,4853
36.12969899177551,4852
36.55492162704468,4851
36.98411154747009,4849
37.869706869125366,4848
38.29284358024597,4846
38.728296995162964,4844
40.029886960983276,4841
40.470778942108154,4840
41.3556706905365,4839
41.80236458778381,4838
42.65208339691162,4837
43.09311652183533,4835
43.95575261116028,4834
44.40900015830994,4833
44.85559439659119,4832
45.28440856933594,4830
46.141690731048584,4828
46.99856472015381,4826
47.43763780593872,4823
48.31491446495056,4822
49.19549322128296,4820
50.066015005111694,4818
50.93134593963623,4816
52.23171854019165,4814
52.668301820755005,4813
53.10191512107849,4812
53.54227662086487,4811
53.97503423690796,4810
54.417826890945435,4809
55.28261709213257,4807
56.58098292350769,4805
57.011868476867676,4804
57.45320510864258,4803
58.32448172569275,4801
59.62830972671509,4799
60.0643892288208,4798
60.49818205833435,4797
60.94318771362305,4794
62.241363763809204,4793
62.68168377876282,4792
63.10485553741455,4789
64.8415048122406,4787
65.2818717956543,4785
66.16825437545776,4784
66.59946703910828,4782
67.45857119560242,4780
67.90058016777039,4779
68.33275198936462,4776
68.75812482833862,4775
70.06326103210449,4774
70.50944519042969,4773
70.98808002471924,4772
71.43583846092224,4771
71.86463689804077,4770
72.73088479042053,4769
73.17096614837646,4767
73.61649489402771,4766
74.93214774131775,4763
75.373215675354,4761
76.24754571914673,4760
76.68408012390137,4759
77.12718176841736,4758
77.5619740486145,4757
78.43351793289185,4755
79.71390080451965,4752
80.59266686439514,4751
81.47412776947021,4750
81.90525579452515,4748
83.22175598144531,4746
84.5329761505127,4741
85.41783142089844,4740
85.84801149368286,4739
86.70138621330261,4738
87.13120698928833,4736
87.56818842887878,4735
88.00902104377747,4734
88.88123941421509,4732
89.73821759223938,4731
90.59670162200928,4729
91.46304440498352,4727
92.32341623306274,4725
92.75980138778687,4724
93.64955854415894,4721
94.94550371170044,4720
95.83905029296875,4719
96.2764003276825,4718
97.1423397064209,4716
98.45935344696045,4715
99.35404348373413,4712
100.21958947181702,4711
100.65902471542358,4710
101.5372109413147,4709
101.98072552680969,4707
102.42599654197693,4704
103.28711605072021,4703
103.72133612632751,4702
104.1535165309906,4701
104.59940767288208,4699
105.02088570594788,4696
105.87290215492249,4694
106.32397413253784,4692
107.18946981430054,4691
107.63842368125916,4690
108.49609875679016,4685
110.22726941108704,4683
110.67389988899231,4682
111.11606240272522,4681
111.54843306541443,4679
112.85755801200867,4676
114.15829586982727,4675
114.60009741783142,4673
115.03881454467773,4672
116.34697651863098,4670
117.65263843536377,4667
118.9810254573822,4666
119.84047818183899,4665
120.27790570259094,4664
120.70602607727051,4663
121.1503472328186,4662
122.02310419082642,4661
122.46213245391846,4659
122.89986753463745,4658
123.34813213348389,4657
123.79341125488281,4656
124.22214460372925,4655
125.09704542160034,4654
125.541428565979,4653
125.98093056678772,4651
127.3130304813385,4649
129.05392408370972,4646
129.48980832099915,4645
130.34910106658936,4644
131.23237800598145,4641
132.10623383522034,4640
132.55234217643738,4637
133.85518193244934,4636
134.29576325416565,4635
134.7407684326172,4634
135.1903998851776,4633
135.62050104141235,4632
136.0588014125824,4631
136.93342804908752,4626
138.24038171768188,4623
140.00111055374146,4620
141.31191039085388,4619
141.74474906921387,4617
143.0651319026947,4614
143.95869636535645,4612
144.40749192237854,4610
144.83769536018372,4609
146.1464331150055,4607
146.9989411830902,4606
147.8797516822815,4605
148.32221746444702,4603
149.1915054321289,4602
149.64229655265808,4601
150.0675754547119,4599
150.4914493560791,4598
151.76697373390198,4597
152.20697617530823,4596
153.07660031318665,4595
153.52028942108154,4594
154.4016740322113,4593
154.83683156967163,4591
155.6984965801239,4590
156.16023564338684,4589
156.58681511878967,4588
157.03281784057617,4586
159.20865178108215,4583
160.50751566886902,4582
160.94272756576538,4581
161.4048409461975,4579
161.83820724487305,4577
163.12831950187683,4574
164.02034711837769,4573
164.9097843170166,4571
166.23273015022278,4569
167.54244875907898,4568
167.9804356098175,4567
168.41165018081665,4566
169.29727005958557,4565
169.72357845306396,4563
170.1741304397583,4560
171.05376625061035,4558
171.92393469810486,4557
172.79417824745178,4556
173.23834252357483,4554
174.56951117515564,4552
175.01391315460205,4551
175.88308191299438,4550
176.3374056816101,4549
176.768385887146,4548
177.62264466285706,4547
178.06331181526184,4544
179.38469672203064,4542
180.2942976951599,4541
181.178560256958,4538
182.50957655906677,4537
182.95579504966736,4536
184.25960159301758,4532
186.0118465423584,4531
186.91005682945251,4530
187.7705421447754,4529
188.19981980323792,4527
189.0894069671631,4526
189.53673434257507,4524
189.96925497055054,4523
190.8430564403534,4522
191.28880524635315,4521
192.58585667610168,4520
193.02849316596985,4519
193.88185667991638,4518
194.3078098297119,4517
195.16190814971924,4514
196.47307467460632,4512
197.77283668518066,4511
198.64021134376526,4510
199.08605670928955,4509
199.50902891159058,4507
199.95582175254822,4506
201.25404143333435,4504
201.6917917728424,4503
202.14130783081055,4502
203.04597401618958,4501
203.48234748840332,4500
204.3429253101349,4499
205.20151662826538,4497
206.51665210723877,4496
206.9612274169922,4495
207.40201878547668,4494
207.83491683006287,4493
208.277978181839,4492
208.7045509815216,4491
209.5937602519989,4489
210.45857214927673,4488
211.77768087387085,4485
212.65295839309692,4484
213.53461289405823,4482
213.9653902053833,4480
215.2932620048523,4479
215.7396900653839,4478
216.17294907569885,4477
216.62211513519287,4476
217.9036693572998,4475
218.34035110473633,4473
219.20541667938232,4471
220.5325162410736,4469
220.974995136261,4467
222.27981638908386,4465
222.7258288860321,4464
223.61475110054016,4463
224.48337960243225,4460
225.77619051933289,4459
227.09826016426086,4458
227.54921960830688,4457
227.98729300498962,4455
229.31105852127075,4454
230.18490958213806,4453
231.0364170074463,4452
231.476909160614,4451
231.923734664917,4450
232.3560667037964,4448
232.78759765625,4446
233.68555331230164,4445
235.0093710422516,4444
235.43751859664917,4443
236.30707716941833,4442
236.74200534820557,4441
237.17392253875732,4440
237.6172821521759,4439
238.93361282348633,4438
240.24026894569397,4437
241.12897753715515,4435
241.57813835144043,4434
242.44517993927002,4433
242.87659120559692,4432
243.32509875297546,4431
244.2070667743683,4429
245.08273482322693,4428
246.3814935684204,4426
246.8227903842926,4425
247.24993467330933,4424
248.10882210731506,4421
248.9662184715271,4420
250.27187037467957,4419
250.702960729599,4418
251.15262150764465,4417
252.0379993915558,4416
252.90950679779053,4414
253.3539171218872,4413
255.12234473228455,4411
255.98764753341675,4409
257.7270414829254,4407
258.5756230354309,4405
259.02688550949097,4403
259.89685916900635,4401
261.2044746875763,4400
262.0897603034973,4398
262.5274729728699,4397
263.40199851989746,4396
265.1543538570404,4394
266.4606366157532,4393
266.892911195755,4392
267.76037096977234,4391
268.1924834251404,4390
268.6168386936188,4389
269.9310693740845,4388
270.3642387390137,4387
270.81339144706726,4386
271.69618582725525,4384
273.02612686157227,4383
273.4714639186859,4382
274.32588720321655,4380
275.19895243644714,4378
276.4975562095642,4377
276.93574261665344,4376
277.3697986602783,4375
278.2418339252472,4373
278.6791105270386,4369
279.9945991039276,4367
281.2980396747589,4365
282.16421604156494,4364
283.04262375831604,4362
284.34105682373047,4361
285.6498107910156,4360
286.08722019195557,4359
286.51206851005554,4357
286.9402995109558,4356
287.37426924705505,4355
288.23836731910706,4354
288.6676800251007,4353
289.94515442848206,4352
290.8320915699005,4351
292.1241617202759,4346
294.73396587371826,4345
296.04496812820435,4344
296.49714493751526,4342
296.9316222667694,4340
298.2432596683502,4338
299.12786412239075,4337
300.0076882839203,4336
300.8593416213989,4335
301.30904722213745,4334
302.63555788993835,4333
303.0802686214447,4332
304.3799452781677,4331
304.8188440799713,4330
305.25363540649414,4329
306.58839225769043,4326
307.8990247249603,4324
309.1963334083557,4323
310.95957946777344,4322
311.3990170955658,4320
312.26617074012756,4319
312.7142870426178,4318
313.6010785102844,4317
314.0298478603363,4316
314.9057569503784,4315
315.35961151123047,4314
316.2160382270813,4313
317.0814003944397,4311
318.80583333969116,4309
319.6917712688446,4307
320.1222231388092,4305
321.88673639297485,4304
322.3434352874756,4303
322.7669804096222,4302
323.64343094825745,4301
324.51254391670227,4300
324.94769835472107,4299
326.2451229095459,4298
327.134309053421,4296
327.9951114654541,4295
328.8915271759033,4292
330.20833015441895,4291
331.0768551826477,4290
331.94288873672485,4289
333.6860065460205,4286
334.1162860393524,4285
334.9834187030792,4284
335.4140815734863,4283
335.84102725982666,4281
337.1505651473999,4280
338.0203444957733,4279
339.3331389427185,4278
339.7731156349182,4275
341.5020115375519,4274
342.4081037044525,4272
342.84288239479065,4271
343.2961165904999,4268
344.61704301834106,4267
345.0520553588867,4266
345.47296500205994,4263
346.3572244644165,4262
347.24308800697327,4260
348.5480465888977,4259
349.41695499420166,4258
349.85504841804504,4257
350.7563383579254,4255
352.5004427433014,4253
352.93098855018616,4252
354.2732195854187,4251
354.710896730423,4250
355.1471219062805,4249
356.46468353271484,4248
357.80269837379456,4247
358.23709058761597,4245
359.55198311805725,4244
359.99047780036926,4242
361.7364082336426,4239
362.60123348236084,4238
363.466845035553,4237
364.7932686805725,4236
365.674800157547,4234
367.44364881515503,4233
367.8766267299652,4232
369.1781005859375,4229
371.35598063468933,4227
372.69159984588623,4226
373.5671617984772,4225
373.99900937080383,4219
375.75576090812683,4217
377.0899703502655,4216
377.5167062282562,4215
378.8242416381836,4214
379.2581584453583,4213
380.14139199256897,4211
381.44752621650696,4209
382.77455019950867,4206
383.6672694683075,4203
385.8735394477844,4202
387.17127418518066,4200
388.9252555370331,4199
389.8124749660492,4198
390.68884205818176,4196
391.13646173477173,4195
392.4581067562103,4193
393.78644824028015,4192
394.2042555809021,4190
395.0573060512543,4189
395.9014456272125,4188
397.21114015579224,4186
398.09822034835815,4185
399.41159987449646,4184
400.273574590683,4183
400.6913712024689,4182
401.12751054763794,4181
402.01351737976074,4180
403.7493505477905,4178
404.184561252594,4176
404.63027000427246,4175
405.945853471756,4173
406.82821440696716,4171
407.7073531150818,4170
409.44084191322327,4169
409.8661274909973,4168
410.7342689037323,4167
411.61564588546753,4166
412.9311110973358,4165
413.375483751297,4164
414.6636655330658,4163
415.9817771911621,4162
416.84285068511963,4161
417.28921484947205,4160
417.7181906700134,4159
419.0478940010071,4158
419.4781017303467,4157
421.23665261268616,4156
422.1250011920929,4154
423.42125272750854,4153
423.8566608428955,4151
424.2903046607971,4148
426.9169635772705,4147
427.357693195343,4146
427.7966363430023,4145
428.2402241230011,4144
429.1207239627838,4142
429.55758452415466,4140
431.2886025905609,4139
432.17116594314575,4138
433.0410134792328,4137
433.4898965358734,4136
434.372362613678,4135
435.2374517917633,4134
436.97294998168945,4132
437.40028,4132