0.7350678443908691,4936
1.5853376388549805,4935
2.0269229412078857,4934
2.455396890640259,4933
2.8851430416107178,4932
3.7611584663391113,4929
4.195462226867676,4928
5.0863587856292725,4924
5.977013349533081,4923
6.396115303039551,4921
7.261685609817505,4920
7.6968114376068115,4919
8.553053140640259,4918
8.994951248168945,4916
9.428162813186646,4915
9.861473798751831,4914
10.728107929229736,4912
11.169227361679077,4910
11.646374225616455,4908
12.52055048942566,4906
12.959192752838135,4903
14.255645990371704,4902
14.696254253387451,4899
15.983756065368652,4897
16.42217516899109,4895
17.298720836639404,4891
18.17357850074768,4890
18.603029012680054,4889
19.46971321105957,4887
19.89456009864807,4886
21.2241952419281,4884
21.66102433204651,4883
22.555375576019287,4880
23.424335718154907,4879
24.28812575340271,4878
24.730659008026123,4875
25.600183725357056,4874
26.043007612228394,4872
26.896663188934326,4871
27.332000970840454,4870
28.212899684906006,4868
28.658956289291382,4866
29.098268508911133,4862
29.950604677200317,4860
30.400691032409668,4859
31.262189626693726,4858
31.702001571655273,4856
32.574851512908936,4852
33.8862829208374,4850
34.31822109222412,4848
35.61592102050781,4846
36.05480670928955,4845
36.9431369304657,4844
37.38650035858154,4842
38.23543667793274,4841
39.09236216545105,4839
39.52580165863037,4837
39.962701082229614,4836
40.4038782119751,4835
41.69818449020386,4833
42.562642097473145,4831
42.99907827377319,4830
43.44602155685425,4829
43.89159631729126,4828
44.75095272064209,4827
45.19497203826904,4826
46.063329219818115,4825
46.908212184906006,4823
47.767462730407715,4822
48.20471239089966,4820
49.085516929626465,4819
49.525118350982666,4817
50.40358781814575,4816
51.27045702934265,4812
52.133728981018066,4811
52.569353342056274,4809
53.44809913635254,4807
53.90492343902588,4806
54.342118978500366,4805
55.228166580200195,4804
55.65817642211914,4803
56.083523750305176,4801
56.5262553691864,4800
56.97032809257507,4798
57.855000734329224,4797
58.71170520782471,4795
59.57815170288086,4794
60.4285409450531,4792
60.86521339416504,4791
61.30876398086548,4790
61.73430848121643,4788
62.174511432647705,4787
62.6222665309906,4786
63.065534353256226,4785
63.49943470954895,4783
64.81438159942627,4780
66.14577341079712,4778
67.01589822769165,4776
67.89810395240784,4774
69.21220970153809,4772
69.64808440208435,4771
70.09665775299072,4766
70.51933455467224,4765
71.41393756866455,4764
72.29237008094788,4763
72.73282289505005,4760
74.05829906463623,4757
75.77339363098145,4756
76.21181082725525,4755
76.63937449455261,4754
77.078045129776,4753
77.51904678344727,4752
77.95695209503174,4751
78.3985595703125,4750
78.83664631843567,4749
79.27063202857971,4748
79.70393085479736,4747
80.5763578414917,4746
81.00471210479736,4745
82.30678963661194,4743
82.7428388595581,4741
83.17576599121094,4740
84.46800637245178,4739
84.90105438232422,4738
85.32567620277405,4736
85.75423407554626,4734
86.19735527038574,4733
87.075603723526,4732
87.94934320449829,4731
88.80985236167908,4729
89.66733074188232,4727
90.95819234848022,4725
91.38078999519348,4724
91.81584572792053,4721
93.10956835746765,4719
93.54626274108887,4718
94.82278108596802,4717
95.26506543159485,4715
95.73357939720154,4712
96.16269207000732,4711
97.4767370223999,4709
99.20775723457336,4708
99.63524174690247,4707
100.48097229003906,4705
101.77196002006531,4703
102.6485824584961,4701
103.08135890960693,4700
103.5384430885315,4699
104.39704585075378,4697
104.83010697364807,4694
106.12477850914001,4692
106.56576037406921,4691
107.4270327091217,4689
108.72746968269348,4688
109.16739463806152,4687
109.60618662834167,4685
110.0497784614563,4684
110.91770815849304,4680
111.81586384773254,4678
113.12577819824219,4676
113.57244920730591,4674
114.45272994041443,4673
115.32760953903198,4672
115.76025319099426,4671
116.6429443359375,4670
117.07925391197205,4667
118.38671851158142,4666
119.25451827049255,4665
119.68359923362732,4662
120.9947235584259,4660
121.85661315917969,4658
122.30884838104248,4655
124.0522050857544,4653
125.37428545951843,4652
126.68178343772888,4648
127.5522985458374,4647
128.43302083015442,4646
128.8675878047943,4645
129.29897022247314,4644
129.72400569915771,4643
130.1583571434021,4641
130.58971405029297,4640
131.89072179794312,4638
132.33626627922058,4637
133.19929838180542,4635
134.5094177722931,4634
134.94395780563354,4633
135.39619040489197,4632
136.68490076065063,4630
137.9993646144867,4626
139.737957239151,4624
140.60398173332214,4623
141.4682970046997,4620
141.91163039207458,4619
142.78618693351746,4618
143.21408534049988,4616
144.0808916091919,4615
144.5209629535675,4613
145.3834764957428,4612
146.25122785568237,4609
147.11688899993896,4607
147.55776596069336,4606
148.00854873657227,4605
148.87403988838196,4604
149.75555562973022,4603
150.20183444023132,4601
151.06764817237854,4600
151.51198530197144,4598
152.39862537384033,4597
153.26984167099,4595
154.12974333763123,4594
154.5506682395935,4593
156.28296995162964,4591
157.6029396057129,4590
158.0380506515503,4589
158.47855138778687,4588
159.34539222717285,4587
159.7953610420227,4586
160.22573351860046,4585
160.67484283447266,4584
161.98161959648132,4583
162.41645288467407,4580
163.72943925857544,4579
164.61055302619934,4578
165.04183530807495,4576
165.908460855484,4574
166.78006100654602,4573
167.65742111206055,4571
168.09597396850586,4570
168.96937465667725,4568
169.3975625038147,4566
170.27834367752075,4565
171.14756894111633,4564
172.02082991600037,4562
172.46224117279053,4561
173.75708270072937,4560
174.18348932266235,4557
175.5028531551361,4556
175.9289586544037,4555
176.35534739494324,4554
177.24315690994263,4552
177.671222448349,4551
178.54970598220825,4550
179.4221065044403,4548
179.88276600837708,4547
180.7443506717682,4546
181.61911177635193,4544
182.93333768844604,4542
183.35852336883545,4541
183.79605984687805,4540
184.65873289108276,4538
186.7981312274933,4535
187.6715497970581,4534
188.53453660011292,4533
188.9711275100708,4531
189.4110016822815,4528
191.18924808502197,4526
191.62525534629822,4524
192.4871244430542,4523
193.7823302745819,4521
194.64940929412842,4520
195.0794813632965,4519
195.51038217544556,4517
196.3733115196228,4516
197.23649907112122,4515
198.09607458114624,4514
198.97030901908875,4512
199.40556287765503,4511
200.27464890480042,4509
201.5582137107849,4508
202.0041172504425,4507
202.89059281349182,4506
203.77477884292603,4505
204.21088886260986,4504
204.63369584083557,4503
205.5094518661499,4502
205.9547848701477,4501
206.83745288848877,4499
208.14579439163208,4497
209.02570033073425,4495
209.8793704509735,4494
210.31780314445496,4492
211.17937421798706,4491
212.05828523635864,4490
212.92126083374023,4489
213.35301685333252,4487
213.78465270996094,4486
215.07649159431458,4485
215.50111770629883,4484
215.93791580200195,4483
216.82076144218445,4482
217.25328135490417,4481
217.67747688293457,4480
218.96556115150452,4478
219.40261483192444,4477
220.716894865036,4475
221.14746069908142,4474
222.4397542476654,4472
223.73615336418152,4470
224.6305501461029,4468
225.07103061676025,4466
226.36526894569397,4465
226.8198049068451,4464
227.26505422592163,4463
227.69445848464966,4462
228.99153423309326,4460
229.872332572937,4459
230.30518579483032,4458
230.74399709701538,4457
231.60646963119507,4456
232.05903697013855,4455
232.9083490371704,4454
234.66830039024353,4452
236.3978624343872,4449
237.71880054473877,4446
239.47849297523499,4445
239.91935968399048,4443
240.36255741119385,4441
241.66194343566895,4439
242.53663659095764,4438
243.41549158096313,4437
243.8693470954895,4436
245.1652431488037,4435
246.0263729095459,4433
247.3230803012848,4432
248.18965482711792,4431
248.63148045539856,4430
249.06168508529663,4428
250.37495517730713,4427
250.80792880058289,4425
251.6760265827179,4423
252.55221700668335,4422
253.4352457523346,4421
253.86654710769653,4419
254.29946374893188,4418
255.18656253814697,4417
256.04479598999023,4416
256.47618079185486,4415
257.7848129272461,4413
258.65236234664917,4412
259.0788972377777,4411
259.51229214668274,4410
260.8290867805481,4407
262.144624710083,4404
262.5838575363159,4403
263.0253562927246,4402
264.37112379074097,4401
264.8217341899872,4399
266.14486503601074,4398
266.57835841178894,4397
267.4544949531555,4396
268.34482765197754,4395
268.7720203399658,4394
269.65451192855835,4393
270.0922820568085,4392
270.5266556739807,4390
271.8394241333008,4387
273.9955596923828,4385
274.8532803058624,4384
275.29894256591797,4382
276.1627538204193,4381
277.0232021808624,4380
277.47371315956116,4378
278.3410758972168,4377
279.6433446407318,4373
280.07492208480835,4372
280.9303696155548,4371
281.3648371696472,4369
281.7986297607422,4367
283.09875106811523,4364
285.2557682991028,4363
285.69132685661316,4362
286.5771551132202,4361
287.0121831893921,4360
288.3149034976959,4359
288.74246883392334,4358
289.60163974761963,4356
290.92814922332764,4355
291.3541932106018,4354
291.78887248039246,4353
292.6621515750885,4351
293.1035759449005,4349
295.3091230392456,4347
296.16422843933105,4345
297.0283114910126,4344
298.32326436042786,4343
298.7481870651245,4342
299.18400716781616,4341
300.49508118629456,4339
300.9265682697296,4337
302.24598956108093,4336
303.11608362197876,4335
303.55075669288635,4333
304.4260585308075,4332
305.32070660591125,4327
307.0514075756073,4325
308.35078263282776,4322
309.6556782722473,4320
311.4140865802765,4319
311.84156942367554,4318
312.2744336128235,4317
312.71986413002014,4316
314.0196397304535,4315
314.46617436408997,4314
315.3466987609863,4313
315.7816512584686,4312
316.6448471546173,4311
317.0808069705963,4309
318.38319063186646,4308
319.2756292819977,4307
320.13576436042786,4305
321.4408323764801,4304
321.8719186782837,4303
322.7347180843353,4302
323.17533588409424,4301
323.60715508461,4300
324.0428330898285,4299
324.4821982383728,4298
324.9121241569519,4297
326.2175929546356,4296
327.5527174472809,4295
328.4147424697876,4294
328.8544225692749,4293
330.16193413734436,4291
331.8983738422394,4290
332.34021496772766,4288
333.2014226913452,4286
333.6320629119873,4285
335.3649787902832,4284
335.7967047691345,4283
336.65302634239197,4282
337.1002559661865,4281
337.9591040611267,4280
339.2577426433563,4278
340.1408574581146,4276
342.3326654434204,4274
343.6447277069092,4273
344.5139937400818,4272
344.9448416233063,4271
345.8215639591217,4270
347.13044333457947,4268
347.99391913414,4267
348.8581893444061,4266
349.2778408527374,4265
350.1247491836548,4264
351.42423009872437,4261
353.18677830696106,4260
354.480815410614,4259
354.9265389442444,4258
355.34725761413574,4256
356.2104094028473,4253
356.64893984794617,4252
358.3845934867859,4251
358.81219601631165,4250
359.2399401664734,4248
360.53449630737305,4247
361.40310406684875,4246
361.84652376174927,4245
362.27555441856384,4244
363.1427421569824,4242
363.5763409137726,4240
364.44489550590515,4239
365.3294243812561,4238
366.62663555145264,4237
367.0671980381012,4235
367.948353767395,4234
368.80996441841125,4232
370.13248443603516,4230
371.86344289779663,4229
372.3036870956421,4228
373.1696093082428,4226
374.92398619651794,4225
375.79195857048035,4222
377.51756739616394,4221
377.9604732990265,4218
379.26882314682007,4215
380.5789096355438,4214
381.0265393257141,4213
381.4446396827698,4212
381.87343859672546,4211
383.2123806476593,4209
384.95869064331055,4208
385.3926160335541,4206
386.25360441207886,4205
386.699835062027,4204
387.1347887516022,4202
388.85675573349,4201
389.2883810997009,4199
390.5955340862274,4198
391.0301938056946,4197
392.33786940574646,4195
392.7698359489441,4194
393.63784432411194,4193
394.9436957836151,4192
395.824054479599,4191
396.26115369796753,4190
396.6986951828003,4189
397.5729470252991,4188
398.4315936565399,4186
399.73515343666077,4184
401.0489592552185,4183
401.92580103874207,4182
402.37995982170105,4180
402.8155815601349,4178
404.14511227607727,4176
405.8847153186798,4174
407.6029574871063,4172
408.4712610244751,4171
408.9151043891907,4170
409.36971783638,4169
410.2513539791107,4168
411.12287521362305,4166
411.9994876384735,4165
412.8587543964386,4164
414.1680271625519,4162
415.8954041004181,4161
416.3370532989502,4159
417.6503732204437,4158
418.08632469177246,4157
418.96148109436035,4156
419.400102853775,4154
421.5608489513397,4152
422.4022068977356,4151
423.28926515579224,4150
424.1443839073181,4149
425.0194356441498,4148
426.31108689308167,4147
426.7422535419464,4145
428.0579423904419,4143
429.794718503952,4142
430.23270320892334,4141
430.6766746044159,4140
431.12196803092957,4139
432.0050399303436,4137
432.4430932998657,4136
433.33622002601624,4135
433.7682857513428,4134
435.50770330429077,4130
435.9485,4130