0.7643129825592041,4937
1.650418758392334,4935
2.5594353675842285,4933
3.014256238937378,4932
3.463296890258789,4931
4.345393657684326,4928
5.229626655578613,4927
5.673494577407837,4926
6.117034435272217,4923
6.568708181381226,4921
7.889159202575684,4919
8.771848440170288,4918
9.212721824645996,4917
9.667957067489624,4915
10.107625722885132,4914
11.007034063339233,4913
11.4542875289917,4912
11.9288489818573,4910
12.387682914733887,4908
13.278138637542725,4907
13.725467205047607,4905
14.157904624938965,4904
14.606623411178589,4902
15.94580626487732,4900
16.859524726867676,4898
18.186285257339478,4895
18.633987426757812,4894
19.520820379257202,4893
19.962832927703857,4890
21.292534589767456,4889
21.73777461051941,4888
22.623237133026123,4887
23.06247067451477,4886
23.50013518333435,4883
24.394105434417725,4881
24.835834980010986,4880
26.116320371627808,4878
26.558046579360962,4877
27.442018032073975,4875
27.88577175140381,4874
28.325066804885864,4873
28.76300883293152,4872
29.20495367050171,4869
30.98395824432373,4867
31.42696213722229,4866
32.30007076263428,4865
32.75397086143494,4863
33.20657300949097,4862
33.63883137702942,4861
34.50923466682434,4860
34.942781925201416,4859
35.38349986076355,4857
35.80834674835205,4856
36.69479703903198,4855
37.132516384124756,4854
37.563037157058716,4853
38.003145694732666,4852
38.45504927635193,4851
38.88620901107788,4850
40.18784713745117,4848
40.62257099151611,4847
41.065518856048584,4846
41.94095969200134,4844
42.813981771469116,4842
43.6837363243103,4841
44.572049379348755,4840
45.02632689476013,4834
46.34376096725464,4833
46.77863049507141,4832
47.21317720413208,4831
47.655072927474976,4830
48.098193645477295,4829
48.96312928199768,4825
49.84491443634033,4824
50.292442083358765,4823
51.151567220687866,4821
52.47006845474243,4819
53.35121273994446,4817
54.24424195289612,4816
54.678000926971436,4813
56.869250535964966,4812
57.3022358417511,4810
57.744465589523315,4809
58.189746141433716,4807
59.07398962974548,4805
59.96526288986206,4803
61.2862765789032,4800
62.62786364555359,4798
63.502389907836914,4797
63.94072341918945,4795
64.8418197631836,4792
65.72555708885193,4791
66.59721398353577,4790
67.041508436203,4788
67.48999285697937,4786
68.36491799354553,4784
68.7970244884491,4783
69.6686315536499,4781
70.53000950813293,4779
70.96121597290039,4777
71.85329461097717,4775
72.28469967842102,4772
73.15755867958069,4771
74.48412346839905,4770
74.92219829559326,4769
75.36726999282837,4767
75.81745457649231,4763
77.15551590919495,4762
77.59436821937561,4760
78.48392057418823,4759
78.93103647232056,4758
79.36145377159119,4757
80.24937796592712,4754
81.12406873703003,4751
82.43499422073364,4749
82.86708807945251,4746
83.72569417953491,4745
84.14725756645203,4744
84.59501028060913,4743
85.48337197303772,4742
85.91071605682373,4740
86.78933262825012,4739
87.6850073337555,4736
89.00146794319153,4734
89.88948845863342,4733
90.32385969161987,4732
90.76841640472412,4731
91.21074843406677,4730
91.65554213523865,4729
92.53594446182251,4727
93.4153196811676,4725
94.72658085823059,4721
96.05186367034912,4719
96.48229670524597,4718
96.93269968032837,4714
97.81761288642883,4712
98.72163605690002,4711
99.16345191001892,4710
100.03428816795349,4708
100.47343111038208,4707
100.89710807800293,4706
101.76729416847229,4704
102.6305947303772,4702
103.50036883354187,4700
104.37077164649963,4697
105.66849684715271,4696
106.0948839187622,4695
106.53690695762634,4694
106.97125506401062,4693
107.4209942817688,4692
107.85485625267029,4689
108.72296643257141,4688
109.5987138748169,4686
110.45687007904053,4685
111.32589960098267,4683
111.7600417137146,4682
112.20314764976501,4680
113.52724075317383,4678
113.98086190223694,4676
114.85787558555603,4675
115.72540211677551,4673
116.16163063049316,4672
117.03127312660217,4671
117.91625547409058,4669
118.35613679885864,4666
120.12699556350708,4662
120.99774670600891,4658
123.65537905693054,4657
124.09247469902039,4656
124.544673204422,4654
125.42464590072632,4651
126.75341606140137,4649
128.07201838493347,4647
128.94921898841858,4645
129.83225226402283,4644
130.70819473266602,4642
131.14325499534607,4641
132.02664041519165,4639
132.4600555896759,4638
132.90345811843872,4635
134.6819040775299,4634
135.10458827018738,4633
135.55399990081787,4631
135.9976987838745,4630
136.87416625022888,4629
137.32818484306335,4628
137.7643473148346,4627
138.65100955963135,4626
139.0930745601654,4625
139.52073788642883,4623
140.81505942344666,4622
141.25361132621765,4620
141.70830583572388,4619
142.58508157730103,4616
143.03692364692688,4614
144.37861227989197,4612
145.26155161857605,4611
146.15590047836304,4609
147.91184639930725,4607
148.34950304031372,4606
148.77567887306213,4605
149.6555690765381,4602
150.09803199768066,4601
150.55338335037231,4600
151.46567344665527,4598
152.79357528686523,4597
153.23433136940002,4596
154.11433029174805,4595
154.9925799369812,4593
155.42382550239563,4592
156.75592017173767,4591
157.18055701255798,4587
158.50903153419495,4585
158.94213962554932,4584
160.24256920814514,4582
161.09132075309753,4580
161.5206356048584,4579
162.39539527893066,4578
163.26923251152039,4577
164.15520119667053,4576
164.60133981704712,4574
165.4968934059143,4573
165.93043780326843,4572
166.80063819885254,4571
167.65797328948975,4570
168.09543800354004,4569
168.53572940826416,4567
169.40699458122253,4566
169.8297724723816,4564
171.61629271507263,4561
172.5002293586731,4560
173.79934978485107,4559
174.67538166046143,4558
175.1230013370514,4556
175.99062585830688,4555
176.85855889320374,4554
177.29426884651184,4553
178.16169714927673,4552
178.60310244560242,4550
179.9081552028656,4548
180.7700572013855,4547
182.10743618011475,4546
182.98465847969055,4545
183.4301836490631,4543
184.3199441432953,4540
185.20124459266663,4538
186.53568267822266,4537
187.41951298713684,4536
188.30235075950623,4533
189.17160892486572,4532
190.0328016281128,4530
190.91258311271667,4529
191.34392428398132,4527
191.77508664131165,4526
192.6493558883667,4524
193.0942771434784,4523
193.55227780342102,4522
195.28864693641663,4520
196.16611409187317,4518
197.0599205493927,4516
197.95634937286377,4515
198.38952684402466,4514
198.82348465919495,4513
200.15230107307434,4512
200.5855143070221,4511
201.8970398902893,4510
202.3460636138916,4509
202.7701952457428,4508
203.65846228599548,4506
204.98093056678772,4503
206.29058861732483,4502
207.1585443019867,4501
207.6125044822693,4500
208.48941731452942,4499
209.3494734764099,4498
210.2273349761963,4496
211.1110246181488,4495
211.54365468025208,4494
211.98887848854065,4493
212.8653016090393,4490
214.17740726470947,4489
215.05379724502563,4487
215.49198293685913,4486
216.375070810318,4484
217.6791274547577,4482
218.57144832611084,4481
219.9026529788971,4478
220.78361010551453,4477
221.66839480400085,4475
222.56285333633423,4473
224.3327443599701,4472
224.77502703666687,4471
225.20721864700317,4470
225.64456248283386,4469
226.10990619659424,4468
226.98486638069153,4467
227.42724180221558,4466
228.7430293560028,4464
230.0609908103943,4463
230.50112414360046,4461
230.95323276519775,4460
231.3833611011505,4459
232.26042866706848,4458
233.58547282218933,4457
234.02325439453125,4456
234.46894192695618,4455
235.31979417800903,4454
235.7573640346527,4453
236.21337580680847,4452
236.65470385551453,4451
237.10355234146118,4450
238.40746450424194,4449
239.2894971370697,4448
240.19545984268188,4447
240.6269087791443,4446
241.5199728012085,4445
241.95398950576782,4444
242.4005572795868,4443
243.74707698822021,4442
244.19546031951904,4441
245.0756711959839,4440
245.94062781333923,4438
246.39041924476624,4435
246.82852721214294,4433
248.13147974014282,4431
249.0149700641632,4429
250.3078203201294,4428
251.1775667667389,4427
251.61929655075073,4426
252.05834674835205,4424
252.94813585281372,4423
253.37999773025513,4422
253.81469297409058,4420
255.11590480804443,4419
255.55991649627686,4417
255.98349690437317,4416
256.8606185913086,4412
257.7600507736206,4411
258.63721227645874,4410
259.08133029937744,4409
260.382080078125,4408
260.817097902298,4406
261.70320177078247,4405
262.5871822834015,4404
263.4903564453125,4402
263.9210362434387,4399
265.6864311695099,4398
267.04311990737915,4394
268.80227303504944,4393
269.2586102485657,4392
269.7000584602356,4391
270.5800817012787,4390
271.01967668533325,4389
271.89249873161316,4387
272.79029655456543,4386
274.1255111694336,4385
274.5746684074402,4384
275.4548523426056,4383
276.32193636894226,4382
277.2006070613861,4380
277.6480553150177,4378
278.53470373153687,4377
278.97147250175476,4376
279.4100043773651,4374
280.2811658382416,4373
281.16264033317566,4370
282.9039990901947,4369
283.3393166065216,4367
284.63579392433167,4366
285.0709755420685,4365
285.5146155357361,4364
286.3922712802887,4363
287.2858552932739,4362
288.16227412223816,4361
288.5975799560547,4360
289.03737616539,4359
289.9178795814514,4358
290.7892496585846,4357
291.6581621170044,4355
292.5355234146118,4354
293.86539816856384,4353
294.30914998054504,4352
295.1819996833801,4350
295.6325008869171,4349
296.51719903945923,4347
297.38898634910583,4346
297.81526374816895,4345
298.6859679222107,4344
299.1387939453125,4343
299.58794355392456,4342
300.89122009277344,4341
301.3377606868744,4339
303.53402829170227,4338
303.9739902019501,4337
305.27908754348755,4336
305.7190806865692,4335
306.1658515930176,4334
306.6154203414917,4333
307.5100862979889,4332
308.390700340271,4329
309.7116446495056,4328
310.16350054740906,4326
311.0278925895691,4325
312.35220527648926,4324
312.7928533554077,4321
314.1203308105469,4320
314.55889654159546,4319
314.99882197380066,4318
315.4419620037079,4317
316.73963737487793,4314
317.59589552879333,4313
318.03375697135925,4312
318.90228819847107,4310
319.33499574661255,4309
320.6593132019043,4308
321.98644375801086,4306
323.7568094730377,4305
324.19029116630554,4304
325.5214569568634,4300
326.84257674217224,4298
327.71361327171326,4297
328.16125226020813,4296
328.615291595459,4294
329.4874653816223,4293
330.8049671649933,4292
331.243102312088,4291
331.67462968826294,4289
333.4198570251465,4288
333.86807084083557,4287
335.6109313964844,4285
336.49250531196594,4284
338.2607364654541,4283
338.6989405155182,4281
340.023784160614,4280
340.47165036201477,4279
341.79146575927734,4278
342.6675560474396,4277
343.11503887176514,4274
345.27183508872986,4272
345.70877957344055,4271
346.5751085281372,4269
347.45748686790466,4268
347.8963589668274,4267
349.2208602428436,4266
349.6621472835541,4264
350.5489413738251,4263
351.42753624916077,4262
351.8682026863098,4261
352.7270827293396,4260
353.5987877845764,4259
354.9152419567108,4258
355.793741941452,4257
356.23691058158875,4256
356.7078449726105,4254
358.0007212162018,4253
358.43044543266296,4252
358.88241744041443,4251
360.62444019317627,4250
361.50757026672363,4248
362.397451877594,4247
362.853707075119,4245
363.72634267807007,4244
364.15749764442444,4243
364.5903844833374,4241
365.92452931404114,4239
366.36071610450745,4238
368.53030467033386,4236
369.85010385513306,4234
371.15408539772034,4232
372.4588716030121,4231
372.8983681201935,4229
373.7861490249634,4228
375.11811685562134,4226
376.4360818862915,4224
378.6699113845825,4222
380.84723258018494,4220
381.28944659233093,4219
382.16727328300476,4218
382.6048276424408,4217
383.48567366600037,4216
383.91879177093506,4215
385.2428722381592,4213
386.11648058891296,4211
387.00547099113464,4210
387.87250876426697,4209
389.6136083602905,4207
390.99524092674255,4206
391.43605279922485,4205
392.32279920578003,4203
394.07184982299805,4202
394.5043501853943,4200
395.36058354377747,4199
396.6793303489685,4198
397.1140444278717,4197
397.57069277763367,4196
398.4318788051605,4195
398.8633670806885,4194
399.7356722354889,4193
400.1816053390503,4191
400.6066520214081,4190
402.364422082901,4187
404.5446331501007,4186
405.40696835517883,4185
405.86698365211487,4184
406.73558497428894,4183
408.0563795566559,4182
408.948278427124,4181
409.3847291469574,4180
410.260356426239,4179
410.69587874412537,4178
412.0078773498535,4176
413.3322944641113,4175
413.7795617580414,4173
415.96758937835693,4168
417.72832584381104,4166
418.63512349128723,4165
419.51155376434326,4164
420.3954703807831,4163
421.2644429206848,4162
422.13645005226135,4161
422.5819036960602,4160
423.4483742713928,4158
424.75647020339966,4157
425.1955192089081,4156
426.5228579044342,4155
426.9670124053955,4153
428.26299357414246,4152
430.00135254859924,4151
430.4300618171692,4150
431.3380992412567,4148
432.23111486434937,4145
433.51763439178467,4144
433.94772696495056,4142
435.2792751789093,4141
435.71317887306213,4140
436.1690745353699,4139
437.04400062561035,4138
437.4858822822571,4137
438.80142402648926,4134
440.12172,4134