0.746025562286377,4938
1.1899995803833008,4937
1.644545078277588,4936
2.1002118587493896,4935
3.0025103092193604,4933
3.4618120193481445,4932
3.9057106971740723,4930
4.812216758728027,4929
5.250592231750488,4926
5.688370227813721,4924
7.0130908489227295,4921
7.872507572174072,4920
8.744136810302734,4916
9.629426002502441,4915
10.083590269088745,4913
10.994311094284058,4912
11.914323806762695,4911
12.353284120559692,4909
13.25020432472229,4906
14.591990232467651,4904
15.039567232131958,4900
16.33621621131897,4898
16.771703004837036,4897
17.21998429298401,4895
18.093412399291992,4892
18.528218507766724,4891
18.969773054122925,4890
19.413118600845337,4889
20.281002521514893,4887
20.72176194190979,4886
21.15853452682495,4885
21.596446752548218,4884
22.04181456565857,4883
22.483056783676147,4882
22.922130346298218,4881
23.348512172698975,4880
24.230986833572388,4879
24.688884019851685,4876
25.575666904449463,4875
26.47853684425354,4874
26.918987035751343,4873
27.35629177093506,4872
28.235471963882446,4870
29.09816861152649,4867
29.969094038009644,4866
30.415716886520386,4865
30.87250804901123,4860
32.188151836395264,4859
33.067306995391846,4858
33.50733757019043,4857
33.95530414581299,4856
34.841222047805786,4853
35.72679352760315,4851
36.170499086380005,4850
36.605772972106934,4849
37.067580223083496,4848
37.533525705337524,4846
37.96596956253052,4845
38.3901104927063,4843
38.84397745132446,4840
40.15989637374878,4838
40.597450256347656,4837
41.46932911872864,4836
41.913567543029785,4835
42.79589104652405,4833
43.23304748535156,4832
43.680063247680664,4831
44.12540864944458,4828
45.00951266288757,4826
46.32879829406738,4823
47.206522941589355,4821
48.09297204017639,4820
48.525272369384766,4819
48.97965168952942,4818
49.418023347854614,4817
50.29441475868225,4816
50.73498177528381,4815
51.172295331954956,4814
51.59776163101196,4812
52.461421251297,4811
52.89583134651184,4810
53.34899115562439,4809
53.794195890426636,4807
55.541893005371094,4806
55.964261293411255,4803
56.84096598625183,4802
57.2681097984314,4801
57.709733724594116,4799
59.04107165336609,4796
59.91990518569946,4794
60.35756158828735,4793
60.794785499572754,4792
61.66998910903931,4791
62.123647689819336,4789
62.5725781917572,4788
63.46009039878845,4787
63.89933919906616,4786
64.79827165603638,4785
65.22785997390747,4784
65.6783881187439,4783
66.56049513816833,4782
66.99870586395264,4778
67.89717173576355,4777
68.3362283706665,4776
68.78516483306885,4773
69.67918539047241,4771
70.56101441383362,4770
71.00136017799377,4768
71.8825614452362,4767
72.3229968547821,4765
73.20850229263306,4764
73.64895915985107,4763
74.10147023200989,4762
74.54894661903381,4761
74.98984003067017,4760
75.4303765296936,4759
76.29041457176208,4758
76.72863340377808,4757
77.1771559715271,4756
77.62301683425903,4755
78.07154393196106,4754
78.95024991035461,4753
79.40086054801941,4752
79.8282220363617,4751
80.25652647018433,4750
81.15536379814148,4749
81.5950562953949,4748
82.0354254245758,4747
82.49027562141418,4746
82.93982458114624,4745
83.3707184791565,4744
84.25065875053406,4743
85.1290533542633,4742
85.57258319854736,4741
85.99990487098694,4740
86.87132549285889,4739
87.31445026397705,4733
88.6638069152832,4730
89.9699957370758,4727
91.28368139266968,4724
92.19098258018494,4723
92.6273353099823,4720
93.07481050491333,4719
93.96558737754822,4717
94.86641383171082,4714
95.75253772735596,4713
96.19803953170776,4711
97.55888557434082,4709
98.00485014915466,4708
98.88334274291992,4706
99.33580780029297,4704
100.21756100654602,4699
101.99099922180176,4698
102.42527604103088,4697
102.8578712940216,4696
103.75066113471985,4693
104.65036845207214,4692
105.10791611671448,4691
105.55727696418762,4688
106.89720559120178,4687
107.77683758735657,4685
109.10191631317139,4683
110.00881862640381,4682
110.45300698280334,4680
111.34733986854553,4679
111.79107880592346,4676
112.67803645133972,4673
114.0185022354126,4669
115.36647009849548,4667
115.81120562553406,4664
117.12708687782288,4663
117.57713627815247,4661
118.02760767936707,4660
118.91206789016724,4659
119.3688657283783,4658
119.80505418777466,4657
120.67936563491821,4654
121.56137728691101,4652
122.00267267227173,4651
122.88800120353699,4650
123.79139828681946,4649
124.66137313842773,4647
125.10877323150635,4646
125.57207536697388,4645
126.00960922241211,4644
126.45870304107666,4642
126.90564060211182,4641
128.24517464637756,4639
129.1380741596222,4636
129.58766627311707,4634
130.03829431533813,4633
130.46971154212952,4632
130.91540145874023,4631
131.35368537902832,4630
132.2266595363617,4629
132.66375517845154,4628
133.10180854797363,4626
133.56735253334045,4624
134.8909912109375,4622
136.21869087219238,4621
136.6550223827362,4620
137.54040598869324,4619
137.97401452064514,4616
139.74000072479248,4612
141.0531506538391,4611
141.93507933616638,4609
142.37787294387817,4608
142.82263326644897,4607
143.27482628822327,4606
143.71227979660034,4604
144.16272807121277,4601
146.3571858406067,4600
146.79476356506348,4599
147.66325521469116,4597
148.9904510974884,4595
149.4109275341034,4594
150.3054883480072,4592
151.1869125366211,4591
151.62992191314697,4590
152.50222301483154,4588
153.38032054901123,4587
154.72189688682556,4585
155.1557879447937,4583
156.4579439163208,4581
156.91760206222534,4580
157.7966823577881,4579
158.23934483528137,4577
158.67327332496643,4576
160.0084192752838,4574
160.45675492286682,4573
162.21857523918152,4572
162.65780115127563,4570
163.54553651809692,4569
164.88125562667847,4568
165.3104705810547,4566
165.73954153060913,4565
166.60431909561157,4564
167.04380655288696,4563
167.49300861358643,4562
167.9282467365265,4561
168.7977225780487,4560
169.2350845336914,4559
169.69085264205933,4558
170.567321062088,4557
171.01081252098083,4555
171.88757753372192,4553
172.78540968894958,4551
173.68948459625244,4550
174.11956310272217,4548
175.00646448135376,4547
175.8753273487091,4545
177.19950699806213,4544
177.64040303230286,4543
178.09504461288452,4542
179.86092567443848,4541
180.30036067962646,4540
181.18211388587952,4538
182.05838203430176,4536
182.9622766971588,4535
183.8437066078186,4533
184.73578882217407,4531
186.0422716140747,4529
187.35796356201172,4528
187.80543994903564,4527
188.24751496315002,4525
189.5607738494873,4524
190.0092225074768,4523
190.4541244506836,4521
192.23659300804138,4520
192.69021272659302,4519
193.55809426307678,4517
194.47063946723938,4516
194.9108579158783,4515
195.78455567359924,4513
197.11710166931152,4511
198.01035356521606,4510
198.8886592388153,4508
199.76996517181396,4507
200.2135865688324,4506
201.08746099472046,4505
201.5381519794464,4503
201.9821560382843,4501
203.3039309978485,4500
204.18614411354065,4496
205.07978916168213,4495
205.5201804637909,4494
205.97325110435486,4493
206.4080262184143,4492
206.85250282287598,4491
207.7502851486206,4489
208.19252467155457,4488
209.51466965675354,4485
210.40187191963196,4483
212.15231370925903,4480
213.46664881706238,4479
214.7654161453247,4478
215.2068955898285,4477
216.081778049469,4476
216.97008848190308,4474
217.83762049674988,4473
218.28978633880615,4472
219.16308784484863,4470
220.5297384262085,4469
220.958660364151,4468
221.40124368667603,4467
221.8388910293579,4466
222.2863268852234,4465
223.5997817516327,4463
224.47122359275818,4462
224.92111229896545,4461
225.81082820892334,4460
226.26203656196594,4459
226.71624541282654,4457
227.58219575881958,4456
228.90173387527466,4454
229.78555417060852,4452
230.23330330848694,4451
230.66853213310242,4450
231.09827303886414,4449
232.86954498291016,4447
233.79535603523254,4446
234.6795470714569,4443
236.47909140586853,4440
237.79955911636353,4438
238.67837810516357,4437
239.55900835990906,4436
240.44621109962463,4435
240.8860433101654,4433
242.23327207565308,4432
242.6831078529358,4431
243.57488107681274,4429
244.89802384376526,4428
245.7749321460724,4427
246.65338897705078,4426
247.10182905197144,4425
248.85819816589355,4423
250.18649220466614,4422
251.06038188934326,4421
251.5066306591034,4420
252.41127467155457,4419
253.29305744171143,4418
253.74297738075256,4417
254.62237358093262,4416
255.07102346420288,4413
255.9373779296875,4411
256.3784556388855,4410
257.7159869670868,4408
258.6102011203766,4406
259.94447231292725,4404
260.8387312889099,4402
261.27416491508484,4401
262.1496455669403,4400
262.5849058628082,4397
263.46083998680115,4395
264.3418388366699,4394
265.23055839538574,4392
266.1101517677307,4391
266.98981261253357,4390
267.91674304008484,4389
268.34862089157104,4388
269.2382323741913,4387
269.67494797706604,4386
270.56365513801575,4383
272.3105447292328,4381
274.0561821460724,4380
274.48899149894714,4379
276.26729679107666,4377
276.7188079357147,4376
277.6136612892151,4375
278.0598347187042,4374
278.9533808231354,4373
279.84405064582825,4372
280.2776777744293,4370
281.1793563365936,4369
281.6113471984863,4366
282.04838371276855,4365
282.48884201049805,4364
283.36682510375977,4363
284.2463982105255,4362
285.1148428916931,4361
285.5535559654236,4360
285.996463060379,4359
286.88317036628723,4358
287.7725896835327,4357
288.21553468704224,4355
288.6739454269409,4348
289.5752840042114,4347
290.4750475883484,4345
291.79418182373047,4344
292.2446768283844,4341
294.0332615375519,4339
294.92236590385437,4338
295.36866879463196,4336
297.5630238056183,4334
298.00366377830505,4333
298.9069163799286,4330
301.1398923397064,4328
302.9066050052643,4327
303.3400824069977,4325
304.6794798374176,4324
305.1183874607086,4323
306.4434893131256,4322
306.8930184841156,4321
307.7877142429352,4319
308.65779638290405,4318
309.0914399623871,4317
309.5333776473999,4316
310.4194359779358,4315
310.8570468425751,4314
312.6009600162506,4312
313.47294545173645,4311
314.35349321365356,4310
315.2498154640198,4309
315.702933549881,4308
316.5672879219055,4306
317.4531717300415,4305
318.32708835601807,4303
320.0871226787567,4302
320.98049449920654,4301
321.4247546195984,4299
321.86771392822266,4297
322.2984321117401,4296
324.06828260421753,4295
324.516081571579,4294
324.9619941711426,4293
325.3966224193573,4292
326.70367908477783,4289
328.01158595085144,4287
328.4518051147461,4285
329.3227918148041,4284
329.7594928741455,4282
331.9906656742096,4281
332.4294972419739,4280
333.3140563964844,4278
334.2114267349243,4277
335.10751461982727,4275
336.43990182876587,4274
336.88931822776794,4273
338.19585728645325,4272
338.64677691459656,4271
339.52196741104126,4270
339.9628894329071,4269
341.27575874328613,4268
342.60880947113037,4266
343.9437756538391,4264
344.8241436481476,4263
345.7230498790741,4262
346.1675124168396,4261
346.6213195323944,4260
347.94504714012146,4259
348.3920109272003,4258
348.8450915813446,4257
349.75164341926575,4256
350.1911852359772,4255
351.0859806537628,4254
351.526736497879,4253
351.9766399860382,4251
352.86411356925964,4249
353.7395746707916,4248
354.6230659484863,4246
355.94529032707214,4244
357.28447675704956,4242
358.17448902130127,4241
359.5358142852783,4240
360.4181501865387,4239
360.8669078350067,4238
361.7414000034332,4236
363.075528383255,4235
363.51597690582275,4234
364.4205274581909,4233
365.28685426712036,4231
365.7368907928467,4230
367.0580337047577,4229
367.4969174861908,4228
368.3715274333954,4226
369.26585936546326,4224
370.1659047603607,4223
372.4104769229889,4221
374.1732294559479,4219
375.08695101737976,4217
375.98223876953125,4216
377.30540442466736,4215
378.190242767334,4213
379.0676233768463,4211
379.97556376457214,4209
380.87357997894287,4208
381.3232011795044,4207
382.6506426334381,4206
383.54532074928284,4204
384.4392704963684,4203
384.8715054988861,4202
385.76868438720703,4201
386.6576955318451,4200
387.10135221481323,4198
388.86858320236206,4197
389.31458163261414,4196
390.1958599090576,4194
391.52693939208984,4193
392.4006145000458,4192
392.8421790599823,4191
394.16024518013,4190
394.60450530052185,4189
395.94748997688293,4187
396.83996510505676,4186
398.15990686416626,4184
399.4674422740936,4183
400.78892993927,4181
401.68100595474243,4180
402.55677247047424,4178
403.87442994117737,4177
404.3142120838165,4176
404.7585253715515,4175
405.6603367328644,4173
406.5524351596832,4171
407.44005823135376,4170
408.7564604282379,4169
409.19823575019836,4168
409.64141488075256,4166
411.440283536911,4164
412.7582335472107,4163
413.18632078170776,4162
414.0690348148346,4160
414.4975094795227,4159
415.387699842453,4157
416.72868847846985,4156
418.0461003780365,4154
419.8190531730652,4152
420.71908950805664,4151
422.0641007423401,4148
423.40954327583313,4147
424.29624128341675,4145
425.6007499694824,4144
426.0362536907196,4142
427.80290150642395,4140
429.1285488605499,4139
429.57036542892456,4136
432.2139883041382,4134
434.0049743652344,4132
434.4550497531891,4131
435.3388168811798,4130
436.22508931159973,4129
437.9988052845001,4127
439.31734251976013,4126
441.08763575553894,4123
442.8567817211151,4122
442.85901,4122