3.7153241634368896,14106
5.200373888015747,14104
9.721773862838745,14102
11.216743230819702,14101
12.596156120300293,14100
14.01715898513794,14098
15.567159414291382,14096
19.883153676986694,14094
21.45358157157898,14093
22.933144092559814,14092
24.406376838684082,14089
27.468477487564087,14086
30.260495901107788,14084
34.612929821014404,14082
36.03383827209473,14081
38.8556125164032,14080
41.82654285430908,14078
44.820228099823,14076
46.2710599899292,14074
47.73105192184448,14072
49.248103857040405,14070
52.17716026306152,14067
54.934202909469604,14065
59.244978189468384,14063
60.654717445373535,14060
63.63751196861267,14059
66.61691117286682,14058
68.08610320091248,14056
69.42286801338196,14055
70.85511684417725,14052
72.31765532493591,14051
75.22655391693115,14050
76.65899300575256,14049
78.09273195266724,14048
79.56569457054138,14047
82.47941279411316,14045
83.98839735984802,14043
86.8021912574768,14042
88.32310938835144,14040
89.95979619026184,14039
92.94871592521667,14037
94.41044569015503,14035
97.16519236564636,14034
98.67983889579773,14032
101.69384264945984,14031
103.09739232063293,14030
104.57045459747314,14028
107.50972247123718,14026
110.41644597053528,14024
113.27061152458191,14022
117.50595569610596,14019
121.82971334457397,14018
123.32932615280151,14016
124.77330088615417,14015
126.26443076133728,14014
129.15451955795288,14013
130.6378939151764,14012
132.11477613449097,14011
135.12840056419373,14010
136.62763047218323,14007
138.14570093154907,14006
139.6450972557068,14005
141.22028136253357,14003
144.154438495636,14002
145.67656898498535,14001
148.53984904289246,14000
149.9498372077942,13997
152.92678713798523,13996
154.4093770980835,13994
155.84623789787292,13993
157.43784379959106,13991
160.37965965270996,13990
161.9478530883789,13988
166.2109477519989,13986
169.200181722641,13985
170.64675164222717,13983
173.60473203659058,13982
176.5442054271698,13981
177.99683356285095,13980
179.51168513298035,13975
182.45230960845947,13974
183.9696662425995,13973
186.85445952415466,13972
188.30140447616577,13971
191.25555801391602,13969
194.2132215499878,13966
197.12576127052307,13963
201.43671250343323,13961
204.37413454055786,13960
205.82883429527283,13959
208.6586036682129,13957
210.14500164985657,13956
211.562077999115,13955
212.97001028060913,13954
215.83189153671265,13952
218.60624933242798,13950
220.0199568271637,13949
221.43173742294312,13948
224.2780680656433,13947
225.7213258743286,13945
228.48155760765076,13941
231.51322627067566,13940
234.55927085876465,13939
235.9573049545288,13937
238.9112412929535,13936
240.34591364860535,13935
241.7124376296997,13934
243.1695911884308,13932
245.93042278289795,13930
247.30757546424866,13929
248.73248505592346,13927
251.59499883651733,13926
252.99995255470276,13925
254.43094563484192,13924
255.83093762397766,13923
257.2305705547333,13922
260.0978789329529,13920
262.97353625297546,13919
265.8673391342163,13917
267.4217619895935,13915
268.90864992141724,13914
270.3921217918396,13913
271.9325613975525,13912
274.82344818115234,13911
276.3484673500061,13910
277.89960741996765,13909
279.3756787776947,13907
280.8024814128876,13905
283.7115070819855,13904
286.659627199173,13902
288.0458323955536,13901
289.55367612838745,13900
291.0342183113098,13898
293.8773763179779,13897
296.6474711894989,13894
298.1657221317291,13893
299.632150888443,13892
301.06289935112,13891
302.4933445453644,13890
306.77944111824036,13888
308.1708245277405,13886
312.548987865448,13884
315.4434607028961,13882
318.27139139175415,13881
319.7329535484314,13879
321.1768319606781,13878
324.10704016685486,13873
328.45065903663635,13872
331.4991581439972,13870
334.4788055419922,13867
337.4363989830017,13866
340.33573746681213,13864
341.7721965312958,13861
344.70649933815,13859
348.9721395969391,13858
350.4672360420227,13857
353.30921363830566,13855
354.76832246780396,13853
359.09722352027893,13852
360.6001498699188,13851
362.0964467525482,13849
365.0613069534302,13848
366.49422812461853,13846
367.9316487312317,13845
369.38999795913696,13844
370.8472285270691,13843
375.0160324573517,13842
376.46026706695557,13841
377.9105222225189,13840
379.2658176422119,13839
380.6905484199524,13837
386.5577461719513,13836
388.04791021347046,13835
389.5261380672455,13833
392.3512043952942,13831
393.86023592948914,13830
395.3854093551636,13828
396.8310384750366,13827
398.35171699523926,13825
401.27665734291077,13824
404.1109576225281,13822
405.5447247028351,13821
409.8636929988861,13820
411.42594718933105,13817
415.78973150253296,13816
418.74875020980835,13813
423.0773181915283,13812
424.55657505989075,13811
427.4213037490845,13809
428.8388409614563,13808
430.3521111011505,13807
431.7587172985077,13806
434.64486360549927,13804
437.6772651672363,13802
440.73123383522034,13801
442.19243264198303,13798
443.64837622642517,13797
448.01901149749756,13796
449.63889741897583,13794
453.99959897994995,13793
455.5321707725525,13791
456.92190647125244,13790
461.3714346885681,13788
462.7822473049164,13787
465.6632661819458,13785
470.0517704486847,13784
471.54951763153076,13780
474.52920484542847,13778
480.23011112213135,13775
481.6162791252136,13774
484.4268116950989,13773
485.84332036972046,13772
487.2324912548065,13770
491.6287159919739,13767
496.12636065483093,13766
497.5595827102661,13763
499.05118894577026,13761
503.341596364975,13760
504.78193831443787,13759
507.6188931465149,13757
510.7082371711731,13756
513.5816373825073,13755
515.0042681694031,13753
516.4398002624512,13751
519.2422068119049,13749
522.1070771217346,13748
523.6008713245392,13747
525.1266510486603,13745
529.2929692268372,13743
530.7957437038422,13742
533.7071180343628,13740
535.1779720783234,13738
536.6365320682526,13737
539.5368311405182,13736
541.010125875473,13734
542.4368050098419,13732
543.8450853824615,13731
547.9596445560455,13730
549.5111393928528,13729
550.9990196228027,13727
553.9479351043701,13726
556.8572380542755,13725
558.3293335437775,13724
559.807347536087,13723
562.6750581264496,13721
564.1729128360748,13720
565.6567935943604,13718
568.5637366771698,13717
570.025778055191,13716
572.9896829128265,13715
575.8750433921814,13714
577.3196039199829,13712
580.1850700378418,13711
581.6386117935181,13707
584.6468334197998,13705
586.0893058776855,13702
591.9760510921478,13701
593.3645749092102,13700
596.2344062328339,13699
597.7048916816711,13697
599.28364,13697