3.668503522872925,14106
5.033807992935181,14105
7.9648473262786865,14103
9.551766157150269,14102
12.530588388442993,14100
15.596492528915405,14098
17.060858726501465,14097
19.98307776451111,14094
22.866387605667114,14092
25.827815771102905,14091
28.7488751411438,14090
30.2173330783844,14089
31.598438024520874,14088
34.518758058547974,14085
37.50819802284241,14084
40.4759361743927,14081
46.18373775482178,14079
47.79039430618286,14077
49.234867334365845,14076
50.76072835922241,14075
52.287344217300415,14072
56.63208532333374,14066
60.88687348365784,14065
63.81453895568848,14063
65.2792284488678,14061
71.1900725364685,14060
72.64328742027283,14058
75.56658673286438,14057
77.02274513244629,14055
81.53871965408325,14052
83.02077674865723,14051
85.9982635974884,14049
87.41174745559692,14047
90.35690999031067,14045
91.7835304737091,14044
94.68341612815857,14041
97.64744019508362,14040
99.06423807144165,14039
100.66741681098938,14038
103.56313157081604,14037
104.97342038154602,14036
106.43159103393555,14035
107.95255780220032,14033
110.87657380104065,14031
113.69887018203735,14029
115.08381485939026,14027
118.06547045707703,14026
119.50014758110046,14025
120.91919207572937,14024
122.33611130714417,14023
123.79516816139221,14021
126.6709463596344,14020
129.48146891593933,14017
132.25466060638428,14016
133.73979592323303,14015
136.74170589447021,14012
139.64397168159485,14011
141.0612232685089,14009
145.35881876945496,14007
146.79435873031616,14006
149.57968878746033,14004
152.55162239074707,14001
155.43450260162354,14000
158.39427947998047,13999
159.88631796836853,13995
162.8552029132843,13994
165.70145225524902,13993
167.18825364112854,13992
169.9292323589325,13990
171.36256217956543,13989
172.91618847846985,13985
178.66234731674194,13983
180.11324429512024,13982
181.52876949310303,13980
184.49574065208435,13977
188.85285449028015,13974
193.23777031898499,13972
194.7736315727234,13971
196.25975894927979,13970
200.61019563674927,13969
202.08144426345825,13966
203.5145661830902,13965
207.77745389938354,13964
209.15821409225464,13963
212.03672051429749,13962
213.5754942893982,13961
215.06201720237732,13959
216.4279248714447,13958
217.88260436058044,13956
222.15868043899536,13953
225.10980081558228,13952
228.05845022201538,13948
232.48063325881958,13946
235.4970166683197,13942
236.96283340454102,13941
238.3152801990509,13940
241.21142864227295,13939
244.22585940361023,13937
245.70853233337402,13936
248.66019916534424,13932
251.5300030708313,13930
254.3935945034027,13929
255.9634883403778,13927
257.4074561595917,13925
260.29770064353943,13924
261.7229220867157,13923
264.73869276046753,13920
267.7870192527771,13919
270.7467682361603,13917
275.0821464061737,13916
277.87282967567444,13915
279.36509227752686,13914
280.81907320022583,13913
283.8366048336029,13912
285.27116227149963,13908
288.3075249195099,13906
291.23139214515686,13905
292.7148540019989,13904
294.20944333076477,13903
295.71632146835327,13901
298.6281170845032,13900
300.1189103126526,13899
303.1549639701843,13898
304.56280994415283,13897
307.34046959877014,13896
308.76952028274536,13894
311.73857283592224,13893
314.5800127983093,13891
315.98223423957825,13890
317.41822957992554,13889
318.8355510234833,13888
320.242116689682,13887
321.7571358680725,13886
324.6603674888611,13885
326.09953784942627,13883
329.08618927001953,13882
333.37931299209595,13878
334.75546741485596,13877
336.13891434669495,13876
340.3800845146179,13875
341.853066444397,13873
343.3593759536743,13872
346.3668637275696,13871
347.8014509677887,13869
349.23242950439453,13868
352.07905554771423,13867
354.85048389434814,13865
356.2934629917145,13863
357.8026852607727,13860
360.77457427978516,13859
362.3436493873596,13858
363.82658982276917,13857
366.75342416763306,13855
368.2613706588745,13852
372.75196170806885,13851
374.2162735462189,13849
378.5173728466034,13847
380.02615427970886,13846
382.9230499267578,13844
387.26006603240967,13842
388.6861689090729,13839
390.2091796398163,13838
391.78985595703125,13836
394.88313341140747,13834
399.3506803512573,13833
400.7416179180145,13831
402.18434143066406,13829
406.6554391384125,13826
408.1558344364166,13825
411.1207857131958,13824
412.6091046333313,13821
415.54791498184204,13817
418.413400888443,13815
421.427636384964,13813
424.23601269721985,13812
425.71245551109314,13811
427.27220392227173,13810
430.1132826805115,13809
431.55936646461487,13807
432.9206781387329,13806
437.2044343948364,13805
438.72891998291016,13803
440.21560621261597,13802
443.16004276275635,13800
444.62501978874207,13799
446.0703020095825,13798
447.50734519958496,13796
449.0300385951996,13795
450.40085673332214,13794
453.3253951072693,13793
454.703430891037,13792
456.23134565353394,13790
457.75183486938477,13789
459.2378146648407,13788
460.77372550964355,13787
462.18450903892517,13786
465.2076940536499,13784
468.16751408576965,13782
469.68921971321106,13781
472.5405514240265,13780
475.4486675262451,13779
476.91824555397034,13778
478.3223786354065,13775
479.75069665908813,13774
481.2889573574066,13772
484.23319029808044,13770
485.68233251571655,13769
488.61574244499207,13767
490.1319770812988,13765
493.0192611217499,13764
494.5223333835602,13763
496.02037620544434,13762
497.41152811050415,13761
498.85425782203674,13760
501.79690957069397,13759
503.2069857120514,13757
506.1090884208679,13756
507.5883905887604,13754
510.5346927642822,13752
512.0775332450867,13751
514.965977191925,13748
516.4480118751526,13747
517.9064476490021,13744
522.2667014598846,13743
523.7420258522034,13742
525.132262468338,13739
529.5627551078796,13737
533.9130005836487,13734
536.7035365104675,13733
539.6375985145569,13732
542.6639637947083,13731
544.2734498977661,13728
545.7951376438141,13727
550.1916403770447,13725
551.5832347869873,13723
556.1349046230316,13720
559.0816886425018,13719
560.5410015583038,13718
561.9468700885773,13716
564.8222351074219,13715
566.2729122638702,13713
567.6794891357422,13712
570.5379195213318,13711
573.4248387813568,13708
576.4199941158295,13706
577.9835200309753,13704
580.9367454051971,13703
582.3497886657715,13699
583.8002469539642,13696
589.5868215560913,13694
592.5103204250336,13693
593.9986433982849,13690
598.4474906921387,13688
598.45386,13688