2.4761011600494385,11019
4.673713445663452,11017
6.791806936264038,11015
8.902293682098389,11014
9.990186929702759,11012
12.222212791442871,11007
15.311631679534912,11006
16.441899299621582,11005
17.554043292999268,11004
18.623618125915527,11003
19.726796865463257,11002
20.788970232009888,11001
21.826199531555176,11000
23.936249494552612,10999
25.00064253807068,10998
26.11681890487671,10996
28.22458291053772,10995
29.31264305114746,10993
30.414959192276,10991
31.557435512542725,10990
33.81190252304077,10989
34.96025896072388,10986
37.113116979599,10985
38.28066873550415,10983
40.48728370666504,10981
42.66563272476196,10980
43.722712993621826,10978
45.95189571380615,10977
48.096030950546265,10976
49.17049956321716,10975
50.2202308177948,10974
52.466461181640625,10973
53.56033706665039,10971
56.74995422363281,10967
60.10708546638489,10965
61.19433355331421,10962
63.35403895378113,10961
64.41385269165039,10959
66.57835817337036,10958
67.67435884475708,10956
69.87812519073486,10955
70.94771552085876,10954
73.1812961101532,10953
74.25674891471863,10952
76.49527192115784,10950
78.60181927680969,10947
81.80802059173584,10945
82.90615010261536,10944
84.99790811538696,10942
86.08600521087646,10941
88.26874589920044,10940
89.32999777793884,10939
91.47531270980835,10938
94.70528173446655,10934
96.94578003883362,10933
98.03899192810059,10932
99.1438262462616,10929
101.30244588851929,10927
104.68602895736694,10925
106.87076044082642,10924
107.90955972671509,10923
108.99346494674683,10920
113.34293913841248,10919
114.44066190719604,10918
115.57755875587463,10917
116.65993690490723,10916
117.70406937599182,10915
119.95066618919373,10914
121.09180760383606,10912
122.18084073066711,10910
124.33512234687805,10908
125.44458484649658,10907
127.60982823371887,10906
128.77006793022156,10904
130.99073672294617,10901
134.2513563632965,10900
136.40608406066895,10899
137.51070928573608,10897
138.64487957954407,10896
139.71449780464172,10894
143.0780909061432,10893
144.1516466140747,10892
145.1920804977417,10891
147.38462615013123,10889
148.47460389137268,10888
150.63467359542847,10887
151.77360939979553,10884
157.24181151390076,10882
158.4273817539215,10881
161.65717554092407,10876
164.84923386573792,10875
167.09704065322876,10873
169.27312207221985,10872
170.2902238368988,10871
172.46446585655212,10868
176.7896225452423,10866
179.0521321296692,10862
182.38545036315918,10861
183.46645522117615,10860
184.5341055393219,10858
185.59828305244446,10857
187.82491540908813,10855
191.155033826828,10853
194.348464012146,10852
195.37654066085815,10851
196.54601883888245,10849
198.6806411743164,10846
200.7998993396759,10845
201.91134929656982,10844
202.98301362991333,10843
205.18620800971985,10842
206.27493476867676,10841
207.30832195281982,10839
211.4885470867157,10838
212.54141330718994,10835
213.59557557106018,10834
216.86996483802795,10829
217.94148993492126,10827
219.05122756958008,10825
221.19431471824646,10823
223.29456400871277,10821
224.43184781074524,10819
226.52973675727844,10818
227.56811904907227,10817
229.72883653640747,10816
230.87252831459045,10814
232.95192193984985,10813
234.06523942947388,10811
236.1987497806549,10810
238.42537879943848,10808
239.57589602470398,10806
241.74429774284363,10805
243.88813638687134,10803
244.9819996356964,10802
246.01434421539307,10800
249.18422436714172,10799
251.2971224784851,10797
253.54342699050903,10794
257.79648518562317,10793
260.0019268989563,10792
261.12782287597656,10791
264.4062395095825,10789
265.494206905365,10788
266.6012682914734,10787
268.7455403804779,10785
270.9321758747101,10784
273.1333751678467,10781
274.18390822410583,10780
276.41865515708923,10778
278.56965351104736,10776
281.8633756637573,10773
282.9527335166931,10772
285.14854979515076,10769
288.34088706970215,10768
290.526162147522,10765
294.88744735717773,10764
297.0330636501312,10762
299.10712575912476,10761
301.3117151260376,10759
303.46461033821106,10757
305.6830258369446,10756
307.841819524765,10754
309.97641921043396,10752
312.1064374446869,10750
315.36381125450134,10748
316.4397988319397,10747
317.60808277130127,10746
318.720920085907,10744
319.8516643047333,10741
323.205135345459,10739
326.40323638916016,10736
327.53816771507263,10735
329.64938974380493,10734
331.78837609291077,10732
335.0771219730377,10730
336.2033317089081,10729
337.3122844696045,10728
338.31735610961914,10727
339.38745284080505,10726
340.4674026966095,10725
341.60005927085876,10724
343.8187701702118,10723
344.9206631183624,10720
347.1255123615265,10717
350.34262347221375,10715
352.5198049545288,10713
353.51785492897034,10712
355.7304456233978,10710
358.9729974269867,10708
360.059517621994,10707
362.270037651062,10706
364.4337236881256,10705
365.5167579650879,10704
366.628137588501,10703
367.7119472026825,10702
369.8821864128113,10700
370.94052815437317,10699
374.2507526874542,10698
376.49876832962036,10696
377.60065484046936,10695
379.8344006538391,10694
380.87127923965454,10693
381.939829826355,10691
385.2776691913605,10689
386.3841016292572,10688
388.6090910434723,10687
389.69264340400696,10686
393.0241148471832,10685
394.0950162410736,10684
395.1664261817932,10682
396.23285269737244,10680
398.39741826057434,10679
400.6312253475189,10677
402.82260155677795,10676
404.97108268737793,10675
407.1625154018402,10673
410.39876794815063,10670
415.9300220012665,10667
419.21526622772217,10664
420.30541491508484,10661
424.6299726963043,10659
425.73363423347473,10658
426.8367726802826,10657
428.9914309978485,10656
430.0258979797363,10655
431.1489613056183,10653
435.5344166755676,10650
437.6348571777344,10649
438.72287368774414,10648
440.8029339313507,10647
441.9106500148773,10645
442.94105529785156,10643
445.05746483802795,10641
448.3298490047455,10640
449.47579860687256,10638
450.5557677745819,10637
451.66969084739685,10636
453.9299147129059,10635
455.0703308582306,10634
456.20168137550354,10633
458.39052844047546,10631
460.6536154747009,10629
461.8070442676544,10626
464.0290176868439,10625
465.08665776252747,10624
468.3089053630829,10621
471.4931089878082,10618
472.56724548339844,10616
473.65449571609497,10615
475.86330699920654,10613
476.94436287879944,10612
479.1007583141327,10611
481.293931722641,10608
482.39145040512085,10607
483.45787596702576,10606
485.6397774219513,10604
488.8961946964264,10602
491.17247462272644,10601
493.270592212677,10599
494.34071135520935,10597
496.56990671157837,10596
498.84056854248047,10595
501.0311949253082,10593
502.1630733013153,10590
504.39047622680664,10589
505.4960033893585,10588
508.7552897930145,10585
511.9512870311737,10582
515.238600730896,10580
519.6477289199829,10579
520.726884841919,10578
522.9227569103241,10577
525.1987867355347,10574
527.377968788147,10573
529.6105532646179,10572
531.8470048904419,10570
532.9444763660431,10568
538.3657851219177,10567
539.405882358551,10566
541.5706391334534,10565
542.6555924415588,10564
543.7117381095886,10563
544.8075206279755,10562
546.9708912372589,10561
548.0482144355774,10560
549.1388156414032,10557
551.3335132598877,10555
552.498950958252,10554
554.6880676746368,10553
557.9181377887726,10552
559.007613658905,10550
562.2238032817841,10549
563.3758008480072,10548
565.5465505123138,10546
566.6067862510681,10545
568.7626762390137,10543
569.8598163127899,10542
573.1523489952087,10541
574.2011036872864,10540
575.2880246639252,10539
577.5041422843933,10537
579.6248321533203,10535
582.9642684459686,10532
587.4446659088135,10530
588.5384979248047,10529
590.6944613456726,10528
591.8094320297241,10527
593.923442363739,10526
595.0376014709473,10525
597.1828186511993,10523
598.36183,10523