2.489284038543701,11020
3.5818498134613037,11018
5.67368483543396,11015
6.8145387172698975,11014
9.021879434585571,11012
10.101980924606323,11011
12.165938377380371,11010
13.283530473709106,11009
14.34930968284607,11005
18.66506028175354,11004
19.777852773666382,11000
20.836511850357056,10997
24.12922501564026,10996
25.190512895584106,10995
26.27652859687805,10992
27.308720588684082,10991
28.395363569259644,10990
30.554938316345215,10987
32.7030303478241,10985
35.99329352378845,10983
37.11315441131592,10982
38.1975793838501,10980
40.427693605422974,10979
42.61096239089966,10977
44.74773073196411,10975
46.746182441711426,10974
47.81005907058716,10971
48.86582684516907,10970
51.07864594459534,10968
53.19234585762024,10966
55.44218635559082,10964
57.63249444961548,10963
58.729488134384155,10962
59.80605983734131,10961
60.87742638587952,10959
61.90837502479553,10957
64.09607243537903,10956
66.23878455162048,10954
67.30684757232666,10953
68.39149785041809,10951
70.56604313850403,10950
71.60286140441895,10948
74.8211817741394,10946
75.93047499656677,10944
78.10844326019287,10942
81.35381507873535,10939
82.48293328285217,10937
86.71695613861084,10936
87.79583168029785,10935
88.84719729423523,10933
89.96978378295898,10932
92.14469909667969,10928
94.21187210083008,10923
95.27411794662476,10921
96.43376135826111,10920
98.65561556816101,10919
99.7455666065216,10918
100.80063366889954,10916
101.84092807769775,10915
104.10995292663574,10913
105.19608926773071,10912
107.33614945411682,10911
109.54032015800476,10909
110.62383460998535,10908
112.86356401443481,10906
114.99026703834534,10905
116.07354402542114,10904
117.16057991981506,10903
119.38572978973389,10901
121.55487537384033,10899
122.6367998123169,10898
123.6924741268158,10896
125.83210158348083,10891
126.8983805179596,10889
128.04288983345032,10888
129.1057960987091,10887
132.3812165260315,10884
134.56502771377563,10882
137.66797542572021,10881
139.81205892562866,10880
140.8777368068695,10877
142.06305170059204,10874
144.20182299613953,10873
146.37838554382324,10872
147.4337284564972,10871
148.55079460144043,10869
151.8127956390381,10866
154.00271344184875,10865
155.08361959457397,10864
156.1576464176178,10863
158.2664041519165,10862
159.3807017803192,10861
161.5283408164978,10858
164.79439878463745,10857
165.88894176483154,10856
166.98630118370056,10854
169.16465759277344,10852
170.25954031944275,10851
171.33127284049988,10849
173.44344639778137,10848
174.5785574913025,10847
175.70132994651794,10846
176.82593154907227,10845
180.04574298858643,10844
181.12410306930542,10842
183.36949801445007,10841
184.44377183914185,10839
185.57607626914978,10838
186.67803835868835,10837
188.83318281173706,10836
189.93514561653137,10835
191.04484820365906,10834
192.07690382003784,10832
194.22732138633728,10830
196.33493542671204,10829
197.42112684249878,10828
199.54487013816833,10827
200.65069341659546,10826
201.69886183738708,10824
203.85713863372803,10823
204.97341442108154,10821
207.13856148719788,10820
209.2673921585083,10819
210.31300258636475,10818
211.3585114479065,10816
213.45504689216614,10815
214.51480078697205,10813
215.60975098609924,10812
217.7090015411377,10810
219.81878757476807,10806
224.03815603256226,10805
225.10748076438904,10804
226.20456910133362,10802
228.37248182296753,10801
229.3917200565338,10800
230.45803093910217,10799
231.52068066596985,10798
232.59629130363464,10797
234.75660347938538,10794
237.99813151359558,10793
239.0846712589264,10791
241.22867822647095,10789
242.30319166183472,10788
244.42652654647827,10787
245.5215916633606,10786
246.5941801071167,10785
247.65110850334167,10784
249.8250606060028,10782
253.00881004333496,10780
255.1230432987213,10779
256.2057259082794,10778
257.3918180465698,10776
259.5491440296173,10775
261.7191894054413,10773
263.90089225769043,10771
267.05653738975525,10769
268.13592076301575,10768
269.1707389354706,10767
270.26712250709534,10766
272.4648787975311,10764
274.6112365722656,10762
277.842976808548,10759
278.9244747161865,10758
281.066442489624,10757
283.31514024734497,10756
284.33129501342773,10755
285.32546281814575,10754
287.4519245624542,10752
288.5255262851715,10751
289.61509013175964,10749
291.7545573711395,10747
292.8318419456482,10745
293.89543652534485,10743
296.0392310619354,10742
299.3462426662445,10740
300.40460300445557,10739
302.49037194252014,10737
306.79268503189087,10735
307.83852338790894,10734
308.96727752685547,10733
311.20942211151123,10732
312.26937651634216,10731
313.34196186065674,10729
315.61167335510254,10727
318.8803355693817,10725
319.9808437824249,10724
322.1239769458771,10722
323.1995210647583,10720
325.2966454029083,10719
326.4029700756073,10718
328.5193328857422,10715
331.908579826355,10712
335.1779761314392,10710
338.3684630393982,10709
340.5330650806427,10708
342.72005915641785,10707
343.81248331069946,10706
344.88661527633667,10704
349.2078900337219,10702
351.43533635139465,10701
352.5625808238983,10699
355.8081932067871,10698
356.93067240715027,10697
357.97913575172424,10696
359.0541832447052,10695
361.1840579509735,10694
362.3497929573059,10693
364.50705742836,10692
365.56497049331665,10691
366.5481126308441,10689
368.67657685279846,10688
369.7082448005676,10686
371.8533856868744,10684
372.93689608573914,10681
375.1157262325287,10680
377.3074736595154,10679
378.3806879520416,10677
380.5488121509552,10676
382.7107923030853,10675
383.7987620830536,10674
384.88882422447205,10673
385.93328404426575,10672
387.02756786346436,10671
389.1388256549835,10669
391.2659091949463,10667
393.3992323875427,10665
395.6274092197418,10660
399.9637887477875,10658
403.15731978416443,10656
405.28813576698303,10655
406.447860956192,10654
407.48335909843445,10653
409.6051592826843,10651
410.6857352256775,10649
413.9952483177185,10647
415.14609360694885,10646
416.215567111969,10645
418.37620425224304,10644
419.4533038139343,10643
420.57413268089294,10641
421.69931626319885,10640
422.76349115371704,10639
423.87738275527954,10638
426.06767106056213,10637
428.2119047641754,10636
429.2733278274536,10635
430.3328158855438,10633
431.37173986434937,10631
434.6564235687256,10630
436.8433907032013,10629
437.92447233200073,10627
441.17303490638733,10625
442.26171374320984,10624
443.3286681175232,10622
447.80041313171387,10621
449.97133445739746,10619
453.27691674232483,10618
454.37449741363525,10617
455.4682648181915,10616
457.5999479293823,10615
458.6405656337738,10613
459.74991393089294,10612
461.9509160518646,10611
465.15563917160034,10607
469.4441032409668,10606
470.5174558162689,10604
471.5964922904968,10603
472.7290289402008,10601
475.0400900840759,10599
477.16711354255676,10597
480.35578203201294,10595
482.52796173095703,10592
483.61525988578796,10590
487.92948818206787,10589
490.0594091415405,10588
491.14654445648193,10587
492.2984073162079,10585
494.42490673065186,10583
496.62165904045105,10582
499.77668285369873,10580
504.04157066345215,10578
506.22579431533813,10577
508.41278195381165,10575
509.5444576740265,10574
510.65309834480286,10573
511.6800956726074,10572
514.8462874889374,10571
516.9442086219788,10569
518.048376083374,10568
519.1477365493774,10567
520.2153401374817,10565
522.4095404148102,10564
524.556316614151,10562
525.5911490917206,10561
528.814115524292,10559
531.0140943527222,10557
533.1184396743774,10556
534.1880207061768,10555
536.3266792297363,10554
538.5698945522308,10553
540.7741317749023,10551
543.9135529994965,10550
546.112720489502,10549
547.1262650489807,10547
549.2690179347992,10545
551.3779246807098,10544
553.5909812450409,10541
559.0149571895599,10539
562.2760043144226,10537
563.3353590965271,10536
565.4914045333862,10534
567.7182564735413,10533
568.7957074642181,10532
572.0849213600159,10530
574.21519780159,10529
577.5306627750397,10527
579.7031426429749,10526
581.8781080245972,10524
585.1229515075684,10523
587.285808801651,10521
588.4233903884888,10519
590.5271542072296,10517
592.7256212234497,10515
595.9357697963715,10514
597.0272471904755,10513
599.1851940155029,10511
599.18943,10511