2.5115742683410645,11018
4.65718936920166,11017
6.809173583984375,11016
7.937132835388184,11015
9.069825887680054,11013
10.200075149536133,11012
11.360547304153442,11011
12.45400333404541,11010
13.57087755203247,11009
14.675823211669922,11008
15.758951663970947,11007
16.856929063796997,11006
18.02000093460083,11004
20.23886752128601,11001
21.40316677093506,11000
22.522199869155884,10997
24.70046615600586,10994
26.943081855773926,10991
28.089208364486694,10990
29.20750093460083,10989
31.466721773147583,10986
33.63099813461304,10985
34.72003746032715,10983
35.81321048736572,10981
38.993043422698975,10980
40.07832384109497,10978
42.3004732131958,10975
43.37150859832764,10974
44.477843046188354,10973
45.63957095146179,10972
46.77742338180542,10970
50.06554961204529,10968
52.248903036117554,10967
53.348753690719604,10966
54.48585224151611,10963
58.75412082672119,10961
59.83930826187134,10960
61.05262017250061,10959
63.18895626068115,10958
64.30894327163696,10956
66.53312921524048,10955
67.68371248245239,10954
68.76503086090088,10953
69.86582016944885,10952
71.01309251785278,10950
73.1598334312439,10949
74.25814199447632,10946
78.63982486724854,10944
80.88848161697388,10941
82.04626417160034,10940
84.26320290565491,10939
86.52247786521912,10937
87.69466066360474,10936
90.00874090194702,10934
91.06435298919678,10933
93.30203533172607,10930
96.59775590896606,10929
97.67004799842834,10926
98.78888082504272,10925
99.88621973991394,10922
103.2682478427887,10920
105.49244689941406,10917
109.92190456390381,10915
111.02863383293152,10913
113.31932210922241,10912
114.42111229896545,10911
115.50164914131165,10908
117.72193646430969,10907
118.85274744033813,10906
119.9053909778595,10905
121.04402279853821,10904
123.24999189376831,10902
124.38906383514404,10901
127.63342928886414,10899
129.8400366306305,10896
132.05823278427124,10894
134.261385679245,10890
136.51220321655273,10887
138.78610634803772,10885
140.95307445526123,10882
145.4307041168213,10880
146.54710054397583,10879
148.72014665603638,10876
150.88216137886047,10875
153.03092741966248,10873
156.28304600715637,10870
160.7796335220337,10868
161.8898048400879,10866
165.05863857269287,10865
166.1706326007843,10864
167.26486682891846,10863
168.34276700019836,10862
169.49357342720032,10858
176.12188935279846,10857
177.2511429786682,10856
179.39024186134338,10855
180.54708790779114,10854
181.6941339969635,10853
182.78184247016907,10852
185.05607628822327,10851
186.12546038627625,10849
189.4836037158966,10846
191.67789149284363,10844
192.81368827819824,10842
197.2056655883789,10840
198.32777214050293,10835
202.90054392814636,10833
204.00819182395935,10832
205.10237550735474,10831
206.1914186477661,10830
207.26975345611572,10828
208.31263399124146,10827
209.38220238685608,10826
212.77102899551392,10824
216.02125430107117,10823
217.16707849502563,10821
218.2656581401825,10820
219.37442135810852,10819
220.46927905082703,10818
221.57051491737366,10817
222.71903491020203,10815
224.94034957885742,10814
226.05986428260803,10812
228.26311349868774,10811
229.4111523628235,10810
230.49469113349915,10808
231.60090947151184,10807
233.7527370452881,10804
237.1092677116394,10803
238.24376153945923,10802
239.37773752212524,10801
240.46350598335266,10800
242.58700156211853,10798
243.6732051372528,10797
246.95589685440063,10793
250.31544065475464,10792
252.5821831226349,10790
255.94320797920227,10789
256.9939754009247,10788
258.1105525493622,10787
259.3029115200043,10786
260.3551776409149,10785
261.4801082611084,10782
262.6462559700012,10781
263.7603933811188,10780
264.8581540584564,10779
265.9501554965973,10777
267.0840034484863,10776
270.357558965683,10773
272.56544494628906,10772
273.7190206050873,10770
275.9545850753784,10769
279.2280385494232,10767
280.32792711257935,10766
282.51273941993713,10765
283.6415660381317,10763
286.9696636199951,10762
288.0673599243164,10761
290.3083553314209,10760
291.4365305900574,10758
294.76404333114624,10756
298.0725166797638,10754
299.17213678359985,10753
301.470342874527,10750
304.8564383983612,10747
308.146550655365,10744
311.4703414440155,10741
314.7856523990631,10740
315.90139842033386,10739
317.0686409473419,10738
319.21850204467773,10736
321.3641197681427,10734
324.77285075187683,10732
326.90739130973816,10729
328.1052305698395,10728
329.1879301071167,10726
332.4595320224762,10725
333.65121626853943,10723
334.7447786331177,10722
335.80005621910095,10721
339.09986567497253,10719
340.19208121299744,10718
342.4317877292633,10716
344.5918560028076,10715
345.75588870048523,10714
347.9980368614197,10713
349.16097474098206,10710
351.3262667655945,10709
354.72767543792725,10707
355.86563897132874,10705
358.21171832084656,10704
360.46671319007874,10702
362.70919156074524,10701
365.966276884079,10699
367.094970703125,10698
369.3856747150421,10696
371.6302936077118,10691
374.9813711643219,10689
379.3393409252167,10687
381.5673818588257,10686
382.63135051727295,10685
384.8079059123993,10684
385.87102007865906,10682
389.08359384536743,10680
392.37154626846313,10676
394.66631841659546,10674
399.15864753723145,10671
401.35009956359863,10670
402.48324632644653,10669
403.6289772987366,10668
404.77446699142456,10667
405.8682391643524,10666
406.9486815929413,10665
409.1153585910797,10663
411.2667508125305,10660
412.3581838607788,10659
413.49497532844543,10658
415.72833490371704,10656
417.9365863800049,10654
421.29555010795593,10653
422.44986152648926,10652
423.6167321205139,10650
426.9999032020569,10649
428.135272026062,10648
429.26239681243896,10647
430.40168833732605,10645
432.6235568523407,10644
433.80319356918335,10643
435.9142587184906,10641
439.30874586105347,10640
441.4772744178772,10639
442.5354754924774,10636
446.86234760284424,10635
449.133437871933,10634
450.2323775291443,10632
451.3183343410492,10631
454.7285478115082,10630
456.9079990386963,10627
458.01648807525635,10626
460.22031927108765,10624
461.34271574020386,10621
463.51328134536743,10620
465.7590010166168,10619
468.0035922527313,10616
469.1372535228729,10615
470.2748386859894,10614
473.5273857116699,10613
474.65374660491943,10611
475.78725957870483,10609
479.20245838165283,10607
482.51711535453796,10605
484.76688027381897,10603
488.0570549964905,10601
492.42514157295227,10600
493.5300073623657,10599
494.6067714691162,10597
497.92893862724304,10596
499.06009674072266,10595
501.2926869392395,10594
503.5195837020874,10592
506.8151111602783,10589
509.0550026893616,10588
512.2624354362488,10587
513.3904659748077,10586
515.5571763515472,10584
516.6692891120911,10582
519.9638817310333,10581
521.0267798900604,10579
524.2906446456909,10577
525.4223642349243,10576
528.7468318939209,10574
530.9850380420685,10573
533.1928250789642,10570
535.416743516922,10569
537.6226110458374,10568
538.7076604366302,10567
542.0661146640778,10566
544.2557325363159,10563
545.391998052597,10562
548.7079014778137,10557
553.0350985527039,10555
555.2127900123596,10553
557.3961932659149,10552
558.4728467464447,10550
560.699700832367,10548
562.9153935909271,10546
565.208945274353,10544
569.6500346660614,10542
571.885356426239,10541
572.9769606590271,10539
577.4395799636841,10537
579.7694985866547,10536
580.8338108062744,10535
583.0990850925446,10534
586.3644053936005,10533
587.5422933101654,10531
589.8037631511688,10530
590.9155678749084,10529
594.2031607627869,10527
596.4442362785339,10525
598.63694,10525