2.476102113723755,11019
3.550910234451294,11018
5.6990392208099365,11016
7.895920991897583,11015
8.994026899337769,11014
10.055322885513306,11013
11.145841360092163,11012
12.234317541122437,11011
13.344501972198486,11009
14.422128915786743,11008
16.543551445007324,11007
17.688588857650757,11005
19.825764656066895,11003
20.860307216644287,11002
21.990896224975586,11000
24.111940622329712,10998
26.33239221572876,10997
27.446052074432373,10996
28.507995128631592,10994
30.688445329666138,10992
31.760514736175537,10991
33.89180374145508,10989
35.0060350894928,10988
37.156715631484985,10986
38.29048180580139,10985
40.44961667060852,10983
42.63670778274536,10980
45.91742467880249,10978
48.119839668273926,10977
49.17211365699768,10976
50.241788387298584,10975
52.40371632575989,10974
53.47643804550171,10970
54.57679867744446,10969
57.835742473602295,10967
58.896799087524414,10966
61.10179901123047,10963
62.17927622795105,10962
64.38068199157715,10960
66.52547669410706,10959
67.64329147338867,10958
68.71432542800903,10957
69.81055331230164,10954
71.98474860191345,10953
74.23122525215149,10951
77.4873960018158,10950
78.54976010322571,10949
80.80707836151123,10947
81.97308874130249,10946
82.99255561828613,10945
84.12221455574036,10943
86.23910355567932,10942
88.4088203907013,10940
90.55083346366882,10938
93.75151300430298,10935
95.87176752090454,10934
98.0694375038147,10932
100.21488523483276,10929
103.44490838050842,10927
105.59635996818542,10925
107.76661038398743,10924
109.93874096870422,10923
111.03219437599182,10921
113.17528295516968,10920
115.30107593536377,10918
118.53768634796143,10916
119.65397882461548,10914
121.80548739433289,10911
125.11318302154541,10910
126.21355175971985,10909
127.31938743591309,10908
128.39272928237915,10906
129.5070502758026,10905
130.5702085494995,10904
132.6492817401886,10901
133.7555227279663,10899
135.97076678276062,10896
139.23616552352905,10895
140.3008954524994,10893
143.6600522994995,10892
144.74457502365112,10891
145.8423044681549,10890
149.0789144039154,10888
150.10176372528076,10887
151.18246030807495,10886
153.39455366134644,10885
154.4701657295227,10882
155.5343735218048,10880
158.82741856575012,10879
160.95370435714722,10877
163.1240599155426,10873
165.3069941997528,10872
166.3053114414215,10871
168.4796748161316,10869
169.56101608276367,10868
170.6285274028778,10867
171.7494626045227,10866
172.88977313041687,10864
175.03573441505432,10863
176.15406012535095,10861
178.42390871047974,10859
180.59294772148132,10856
181.6788158416748,10853
183.86119747161865,10851
186.04740452766418,10850
187.19329738616943,10849
189.35534167289734,10847
192.57268118858337,10845
193.61379885673523,10843
194.67565774917603,10842
196.78360509872437,10841
197.84324383735657,10840
198.90188026428223,10838
201.14171838760376,10836
202.20314741134644,10832
208.64486074447632,10831
210.75528645515442,10830
211.90687656402588,10828
214.03774428367615,10827
215.13504886627197,10825
218.36403274536133,10821
222.8065848350525,10820
223.910906791687,10819
225.06560730934143,10817
226.1234166622162,10816
228.28757882118225,10814
229.35178112983704,10813
230.4480481147766,10812
231.52670454978943,10811
232.56750535964966,10810
233.65080094337463,10809
234.73108649253845,10807
238.0327000617981,10805
240.20681166648865,10804
241.27245593070984,10801
243.44067335128784,10799
245.61094117164612,10796
247.799875497818,10795
248.97499012947083,10793
251.12086510658264,10792
252.17415237426758,10789
255.425687789917,10788
256.5455083847046,10785
257.61713337898254,10784
259.920907497406,10782
263.0560109615326,10780
265.171106338501,10778
267.40552043914795,10777
268.65510630607605,10774
269.7533061504364,10773
272.8840367794037,10771
275.12589621543884,10770
276.1767809391022,10768
278.38010001182556,10767
280.60489773750305,10766
282.8428454399109,10763
283.8682622909546,10761
287.06879901885986,10759
290.34374022483826,10757
292.51763939857483,10756
293.6350154876709,10754
294.71599197387695,10753
295.8065342903137,10751
299.0522291660309,10750
300.2019147872925,10749
301.2676227092743,10748
302.3535976409912,10746
305.61227345466614,10745
307.77133560180664,10742
308.82799553871155,10741
309.9752061367035,10740
311.0568654537201,10739
312.17614793777466,10737
315.4574556350708,10736
316.5540723800659,10734
319.7798366546631,10732
320.8749883174896,10729
323.03185772895813,10728
326.2088346481323,10724
327.2787470817566,10722
330.5008239746094,10720
332.70971846580505,10718
336.0525984764099,10715
339.2234032154083,10714
340.2426383495331,10713
341.2366259098053,10711
343.3400766849518,10710
344.4649534225464,10709
345.5637061595917,10707
348.8722314834595,10704
352.2202088832855,10703
353.3237919807434,10701
357.53147554397583,10699
360.6768014431,10697
363.9098756313324,10695
366.1705002784729,10693
368.420273065567,10691
371.7101662158966,10690
373.89427065849304,10687
376.17723965644836,10686
379.48683738708496,10685
380.526935338974,10684
381.6977713108063,10683
383.8733763694763,10681
386.07720828056335,10680
388.23012113571167,10677
390.395667552948,10675
392.51148200035095,10674
394.6817133426666,10671
395.7806944847107,10669
397.8990216255188,10668
401.12529969215393,10666
403.27246141433716,10664
404.37522745132446,10661
409.75752902030945,10660
410.95081186294556,10659
412.0628774166107,10658
413.187198638916,10654
417.6261501312256,10651
419.79175448417664,10649
421.85502219200134,10648
422.9042251110077,10647
424.0012745857239,10646
426.15624046325684,10644
428.2682218551636,10643
429.31619215011597,10641
432.46417593955994,10640
433.49705028533936,10639
434.5974214076996,10638
436.7692816257477,10636
437.7866003513336,10635
441.0613634586334,10634
442.1299636363983,10633
443.15302634239197,10632
444.20844745635986,10631
446.37960052490234,10629
447.481525182724,10628
449.6864788532257,10627
450.77883434295654,10626
451.9063866138458,10625
455.1864848136902,10623
456.2330663204193,10621
457.31609582901,10620
458.3761410713196,10619
460.50584506988525,10618
462.5920181274414,10616
464.79490089416504,10614
466.97437930107117,10613
468.0248005390167,10612
471.29385256767273,10610
472.42545461654663,10608
474.6506326198578,10606
478.9931447505951,10604
482.2995488643646,10603
483.39740657806396,10601
486.58680605888367,10600
488.7852351665497,10599
489.86332631111145,10598
490.9511544704437,10597
492.04982709884644,10596
493.18701100349426,10594
495.2780451774597,10593
496.391010761261,10592
497.5072240829468,10591
498.62768292427063,10589
501.79466485977173,10588
502.91234850883484,10586
505.08101892471313,10585
506.1278426647186,10583
509.3672261238098,10582
511.5606760978699,10580
513.7778193950653,10578
514.8386793136597,10577
517.0008499622345,10576
518.0682356357574,10575
520.2298102378845,10574
521.2834417819977,10573
522.3553347587585,10570
526.7320585250854,10568
530.0106682777405,10566
531.083338022232,10565
534.3024654388428,10564
535.3472735881805,10562
539.5903902053833,10560
540.7831947803497,10559
542.9498736858368,10557
546.0035438537598,10555
547.0694208145142,10554
549.2993049621582,10552
550.3717453479767,10551
552.5283257961273,10549
554.746205329895,10547
556.8829202651978,10546
559.1050233840942,10543
563.3429155349731,10541
565.4831757545471,10539
567.6386196613312,10538
569.8447320461273,10536
571.0021862983704,10535
574.2188396453857,10533
575.3148014545441,10532
577.491348028183,10531
579.6072278022766,10529
582.8024413585663,10528
583.9678633213043,10527
585.0306165218353,10526
587.1257712841034,10524
588.1926441192627,10523
591.4396193027496,10522
593.6155722141266,10521
594.6731371879578,10520
595.7854928970337,10519
597.9359571933746,10516
599.01974,10516