2.4290401935577393,11020
3.503779411315918,11017
4.619692087173462,11016
5.640526533126831,11014
7.845133304595947,11012
8.916021585464478,11011
10.016010284423828,11009
11.069944620132446,11008
12.165811777114868,11007
13.249013662338257,11005
16.4160635471344,11003
17.45984721183777,11002
19.536866903305054,10998
20.537760019302368,10995
24.729292631149292,10990
26.916690349578857,10988
30.18927001953125,10987
31.228254795074463,10986
32.26032471656799,10985
33.362234354019165,10982
35.45972537994385,10979
36.508859395980835,10978
39.69214224815369,10977
40.79449439048767,10975
41.89107608795166,10972
42.95764350891113,10971
46.191062927246094,10969
49.43923330307007,10967
52.63394236564636,10965
53.74523711204529,10963
55.856372594833374,10961
56.98024773597717,10960
58.06978464126587,10959
60.28093719482422,10957
61.34597301483154,10956
62.43404293060303,10955
64.50512838363647,10951
65.57349300384521,10950
66.68870186805725,10949
68.84982943534851,10948
69.85710573196411,10946
71.95395803451538,10944
73.0524492263794,10943
75.1202392578125,10939
76.17524337768555,10938
78.32759284973145,10936
79.43914866447449,10934
80.50384449958801,10932
83.74258494377136,10930
84.83457612991333,10928
85.88178133964539,10927
86.98879146575928,10926
88.06682324409485,10925
89.14801239967346,10922
92.40932488441467,10921
94.60906481742859,10919
95.71864914894104,10917
97.7955539226532,10916
98.85746455192566,10914
99.96689486503601,10912
103.18688106536865,10910
105.25571250915527,10909
106.31130290031433,10907
108.46344304084778,10906
110.62620425224304,10904
113.86821746826172,10902
114.9102041721344,10899
118.08111906051636,10897
119.19735217094421,10895
121.45542573928833,10894
122.49473237991333,10893
123.56839323043823,10890
124.57599544525146,10888
126.72898173332214,10886
129.91074204444885,10884
132.0962269306183,10883
133.18854236602783,10881
136.4077422618866,10879
137.49210381507874,10878
139.6495759487152,10877
140.68987560272217,10876
141.76414036750793,10875
142.82049536705017,10874
143.88899850845337,10873
144.94929575920105,10871
145.97720003128052,10870
147.0496654510498,10869
148.12167310714722,10867
151.36022305488586,10864
154.53775358200073,10863
155.53833556175232,10862
156.60803055763245,10860
158.73611092567444,10859
159.80937910079956,10858
160.87636590003967,10857
162.966810464859,10855
163.99972796440125,10852
166.20853209495544,10850
169.41116070747375,10848
172.62345910072327,10846
173.69156503677368,10844
174.72063326835632,10843
175.79207563400269,10842
178.0085105895996,10841
179.09819269180298,10839
181.21598958969116,10837
183.35627698898315,10836
184.42832279205322,10833
187.59600830078125,10830
190.8523871898651,10828
194.10735321044922,10826
195.22664785385132,10825
196.27604722976685,10824
198.4023666381836,10822
200.7362082004547,10821
203.15695929527283,10819
205.5136706829071,10818
206.7143199443817,10817
207.82756090164185,10816
208.92109990119934,10814
212.2045614719391,10812
213.35386037826538,10810
216.57665705680847,10808
217.7463834285736,10807
219.95576977729797,10805
221.07636547088623,10803
223.28277230262756,10802
225.45454907417297,10801
227.57870197296143,10800
228.63991832733154,10797
230.69194841384888,10796
232.91329264640808,10794
236.1130268573761,10792
237.20225739479065,10791
239.413756608963,10789
241.50081491470337,10788
242.59002661705017,10787
244.7932460308075,10786
245.92055416107178,10784
248.12483739852905,10783
249.18483066558838,10782
250.28629088401794,10780
253.54473304748535,10779
254.6130392551422,10778
256.7737100124359,10777
257.8924059867859,10776
260.04211163520813,10775
261.16441464424133,10772
264.4650068283081,10770
266.60369849205017,10769
268.78883624076843,10768
269.85185170173645,10767
272.96710419654846,10766
273.96220993995667,10764
276.12031602859497,10763
278.2911705970764,10761
280.4454710483551,10760
281.5102434158325,10759
283.6626636981964,10758
284.71332144737244,10756
286.9538424015045,10755
287.99480056762695,10754
289.0538294315338,10753
291.1754403114319,10751
293.342157125473,10750
295.5676393508911,10748
297.72502183914185,10747
298.8045868873596,10746
300.9811041355133,10744
303.1003112792969,10743
305.2940618991852,10741
307.446168422699,10740
309.63914132118225,10739
310.72006464004517,10738
311.77972435951233,10736
316.03712582588196,10732
317.0564148426056,10731
318.12971091270447,10730
321.4335250854492,10728
323.5591788291931,10727
324.68701577186584,10726
325.7608551979065,10724
327.90673565864563,10723
329.0151753425598,10721
331.12163949012756,10718
335.5344207286835,10716
337.6619613170624,10713
340.90772318840027,10712
342.01757407188416,10709
346.32493352890015,10708
347.45932269096375,10707
349.57789301872253,10706
350.6514000892639,10705
352.7954845428467,10704
354.923495054245,10702
357.22391057014465,10701
359.44053292274475,10699
361.5884919166565,10698
362.6407608985901,10697
363.7489125728607,10695
364.7956643104553,10694
365.8795790672302,10693
366.9421854019165,10691
369.14305210113525,10687
370.22911286354065,10685
373.4467132091522,10684
375.5667610168457,10683
376.73767018318176,10681
381.1239001750946,10680
382.2193524837494,10678
383.28277111053467,10677
385.3760607242584,10675
387.5127365589142,10674
388.6683247089386,10673
391.87725472450256,10671
394.08629059791565,10670
395.1401331424713,10669
396.1750807762146,10668
397.2806270122528,10666
399.3939175605774,10665
401.51272225379944,10664
402.6047887802124,10663
403.694384098053,10662
404.77727818489075,10660
405.86518955230713,10659
408.01257705688477,10658
409.0941231250763,10656
410.1736705303192,10655
413.32889676094055,10654
414.36476159095764,10653
415.49268102645874,10652
416.5461165904999,10651
417.6450424194336,10650
418.7317867279053,10649
419.88238406181335,10648
422.0374267101288,10647
423.0896780490875,10645
426.3088209629059,10644
427.4304075241089,10643
429.55154609680176,10641
432.8871636390686,10639
433.9899535179138,10637
437.22621726989746,10634
439.34854197502136,10633
440.42396330833435,10632
442.6002507209778,10631
443.6858994960785,10630
444.7512860298157,10628
448.1013345718384,10626
449.2057149410248,10625
451.32243609428406,10624
452.36739444732666,10623
453.43659496307373,10622
456.6661419868469,10619
458.6860294342041,10618
459.818781375885,10616
462.0436725616455,10615
464.2628095149994,10613
466.3932943344116,10612
468.5770015716553,10611
469.6385009288788,10610
470.7061057090759,10609
473.9106619358063,10606
476.0302827358246,10604
478.1849467754364,10602
481.4290027618408,10601
483.51417350769043,10600
484.57518887519836,10598
486.79410886764526,10597
490.07467913627625,10594
491.20595359802246,10593
494.599720954895,10590
497.8069803714752,10589
498.8862626552582,10588
499.9494848251343,10586
503.0874981880188,10585
504.1794002056122,10584
507.37716913223267,10583
508.441792011261,10581
512.7164435386658,10580
513.7664873600006,10579
514.8108341693878,10578
516.9896640777588,10576
519.11163854599,10574
523.3567788600922,10573
524.4911501407623,10572
525.5378813743591,10570
527.7283368110657,10569
528.8247005939484,10568
530.9529910087585,10567
532.0937831401825,10566
533.1803014278412,10564
535.2865562438965,10562
537.4313275814056,10559
542.750058889389,10558
543.8822903633118,10557
547.1317391395569,10555
548.2782695293427,10553
550.3846583366394,10551
553.5734560489655,10549
556.7843587398529,10548
557.8305418491364,10547
559.9983539581299,10546
562.2090802192688,10544
563.2874493598938,10540
566.495228767395,10539
567.5560023784637,10538
569.7702479362488,10536
571.9436149597168,10535
573.0243237018585,10534
576.2223398685455,10533
579.4577989578247,10530
580.4842264652252,10529
583.7675697803497,10527
585.9182741641998,10526
589.1327064037323,10525
590.1883742809296,10523
593.4936859607697,10522
596.6594407558441,10520
597.7293164730072,10519
598.846177816391,10516
598.85168,10516