2.5107412338256836,11018
3.620835781097412,11017
4.731067895889282,11016
5.845431566238403,11013
8.037082433700562,11011
10.198331832885742,11010
12.380451202392578,11009
13.503395795822144,11006
14.663076877593994,11005
15.686054229736328,11004
17.938613891601562,11001
19.054126501083374,11000
20.159616708755493,10999
21.187132358551025,10997
23.413164854049683,10996
25.60488986968994,10993
27.8113956451416,10992
28.89756679534912,10988
31.081103324890137,10987
33.23653984069824,10985
34.36024212837219,10984
35.430362939834595,10983
36.5308678150177,10982
38.74165344238281,10980
39.83679008483887,10978
43.002100229263306,10977
44.15969491004944,10976
45.1964910030365,10975
47.318708419799805,10974
48.43144512176514,10972
50.66009569168091,10970
51.73060750961304,10969
52.78099799156189,10967
54.97835874557495,10965
56.04121494293213,10963
58.259960412979126,10962
59.377010345458984,10960
61.59064245223999,10959
62.62161159515381,10958
63.69921541213989,10956
66.89576077461243,10954
70.12085223197937,10953
71.22115325927734,10952
73.37821865081787,10949
75.63779377937317,10948
76.70404934883118,10947
77.75551533699036,10944
79.94475603103638,10942
82.13174271583557,10940
83.23284316062927,10938
85.37169599533081,10937
87.48320937156677,10935
88.585196018219,10934
89.65305233001709,10931
91.81225419044495,10930
94.0136387348175,10927
96.23118710517883,10926
98.48220229148865,10925
99.56517171859741,10922
101.73002934455872,10920
102.85834693908691,10919
105.10407757759094,10918
106.22254514694214,10916
108.43190670013428,10914
111.70716404914856,10912
113.87708711624146,10911
114.97064065933228,10910
117.05407547950745,10907
119.20741486549377,10906
120.29325580596924,10905
121.37318515777588,10904
122.44887280464172,10903
123.51635980606079,10901
125.66418814659119,10900
127.84120464324951,10896
131.1423065662384,10894
132.17916178703308,10893
133.23129844665527,10892
134.3852882385254,10891
135.442857503891,10890
136.49757409095764,10888
137.51823902130127,10887
139.71635794639587,10886
140.72491478919983,10885
142.8929796218872,10884
143.9492542743683,10883
145.06711196899414,10882
146.119375705719,10881
147.19574403762817,10879
149.372545003891,10878
150.4800181388855,10876
151.5779163837433,10875
152.69166135787964,10874
154.87864685058594,10873
155.99020290374756,10872
157.06652784347534,10871
158.08078718185425,10870
159.19333124160767,10866
160.30275464057922,10864
161.3604543209076,10863
163.61544966697693,10862
164.65859055519104,10861
166.79902815818787,10859
167.79532551765442,10858
168.88153266906738,10857
171.06612992286682,10856
172.12310886383057,10852
173.2089831829071,10850
174.29398918151855,10849
177.51869559288025,10847
179.7569785118103,10846
181.95709013938904,10844
184.21269345283508,10843
185.25914573669434,10841
188.42609786987305,10839
189.48000478744507,10837
193.71399784088135,10836
194.81867718696594,10833
198.01611232757568,10832
199.1396472454071,10829
201.34259295463562,10828
203.5275101661682,10825
205.7027394771576,10824
206.80449533462524,10823
207.9025058746338,10822
210.07859539985657,10821
211.1468985080719,10820
212.21293830871582,10819
214.34028601646423,10817
215.3852255344391,10816
217.6062650680542,10815
218.68823432922363,10814
219.7135329246521,10811
221.96318984031677,10809
223.00634336471558,10808
225.216814994812,10806
226.30495309829712,10805
227.402268409729,10802
230.64370036125183,10800
231.74986743927002,10799
233.9875431060791,10798
235.1021978855133,10797
237.2397050857544,10796
239.45552730560303,10794
241.63113641738892,10791
243.7521104812622,10790
244.83279299736023,10788
247.0947539806366,10786
250.39618635177612,10785
251.47695636749268,10783
253.64361333847046,10778
259.17040371894836,10777
260.27137422561646,10776
261.35447907447815,10774
264.5352005958557,10773
265.6896913051605,10770
267.8644573688507,10768
270.10376048088074,10767
272.2642340660095,10764
274.5723326206207,10761
276.7592668533325,10760
277.8313672542572,10758
280.0459225177765,10757
283.3864743709564,10754
284.5201253890991,10753
285.6412720680237,10752
286.7337257862091,10751
290.0323898792267,10749
292.2317109107971,10747
293.279372215271,10746
294.3650507926941,10745
297.6126563549042,10742
298.660138130188,10741
299.76730012893677,10740
300.85615634918213,10739
301.9735405445099,10738
303.0660603046417,10736
305.25570726394653,10734
307.4149467945099,10732
310.7229309082031,10729
312.95843601226807,10728
314.02570939064026,10727
315.12131333351135,10726
316.16807675361633,10724
318.38978099823,10723
320.58824372291565,10722
321.7672083377838,10720
325.0518436431885,10719
326.1482605934143,10718
328.28817105293274,10717
330.42588448524475,10715
331.4823293685913,10714
333.68666195869446,10713
335.86809492111206,10709
339.1592378616333,10707
341.3397943973541,10705
343.53624200820923,10704
345.7870149612427,10703
346.83703541755676,10701
347.8912136554718,10700
350.1086702346802,10699
351.26644110679626,10698
354.5755970478058,10696
355.62739181518555,10695
357.82412099838257,10693
359.00144124031067,10692
362.20748591423035,10690
365.4526250362396,10688
367.76630687713623,10686
369.94431352615356,10685
371.0527112483978,10684
373.1099171638489,10683
375.30836057662964,10682
376.4150950908661,10681
377.4505467414856,10680
379.595356464386,10679
381.77107214927673,10678
382.84929275512695,10677
383.9327669143677,10676
385.0861761569977,10674
388.3048486709595,10673
390.4019331932068,10672
391.4500548839569,10670
393.6085922718048,10669
395.7444190979004,10667
397.91262769699097,10666
400.1096386909485,10665
401.19330763816833,10663
402.25714349746704,10661
405.49128913879395,10660
407.6717631816864,10658
408.7172863483429,10657
410.8376727104187,10655
414.13975286483765,10653
416.3674740791321,10652
417.4163920879364,10650
419.5807704925537,10649
420.64954352378845,10648
422.75044775009155,10647
423.8113520145416,10646
424.9013133049011,10644
427.12710905075073,10643
429.19871520996094,10642
430.3217046260834,10641
431.5005190372467,10640
432.60687947273254,10638
433.72505807876587,10636
436.9919571876526,10635
438.1320745944977,10633
439.1863532066345,10632
442.49173855781555,10630
444.7032423019409,10627
447.95732164382935,10626
450.19176864624023,10624
453.4632053375244,10622
454.5519001483917,10621
457.7815520763397,10620
461.07683062553406,10619
462.1577699184418,10617
465.45539355278015,10615
466.5269138813019,10613
472.0750558376312,10611
473.14095854759216,10609
477.47398018836975,10608
478.57419538497925,10607
479.8020176887512,10606
480.9337480068207,10605
483.0884037017822,10604
485.2453145980835,10601
486.29246640205383,10600
488.5292489528656,10598
491.71306896209717,10596
492.88537311553955,10595
496.14831829071045,10593
499.3602397441864,10591
501.5072958469391,10589
503.76820373535156,10588
504.84642720222473,10587
507.15356040000916,10585
509.3050465583801,10584
511.48980045318604,10582
513.6131644248962,10581
514.746485710144,10580
516.951575756073,10579
518.0392546653748,10577
520.2360332012177,10576
522.4159276485443,10575
523.4571759700775,10574
525.5894758701324,10573
526.6317930221558,10572
527.7486746311188,10571
528.8100936412811,10569
531.9591286182404,10568
533.1151556968689,10566
536.3493854999542,10563
538.5193011760712,10562
541.7863533496857,10560
542.8303482532501,10557
545.0802178382874,10556
546.2038967609406,10553
549.4928369522095,10552
551.6061956882477,10551
553.7710983753204,10550
555.9747064113617,10549
557.0873785018921,10547
561.530115365982,10545
562.6811814308167,10542
565.9007761478424,10539
568.113115310669,10537
570.312447309494,10536
573.6236000061035,10534
576.8381900787354,10531
580.0949468612671,10529
583.3040285110474,10528
584.413325548172,10526
586.602216720581,10524
588.8239233493805,10523
589.9782857894897,10521
593.376668214798,10519
595.4929485321045,10518
597.6900658607483,10517
598.8268189430237,10514
598.83135,10514