2.530134677886963,11020
3.6352717876434326,11019
4.776044845581055,11018
5.860376596450806,11017
8.047227621078491,11016
9.140601873397827,11014
11.369325160980225,11013
13.552615404129028,11012
14.702380895614624,11011
16.830514430999756,11010
17.99443531036377,11007
20.226965188980103,11006
22.395336389541626,11004
23.455701112747192,11002
25.614341259002686,11001
27.834149599075317,11000
28.918235063552856,10999
31.128636837005615,10996
32.19826674461365,10995
34.322537660598755,10994
35.433324098587036,10993
37.59095859527588,10991
38.700361251831055,10990
39.77644491195679,10989
40.86500573158264,10988
43.073195695877075,10987
44.15300703048706,10986
45.258788108825684,10985
46.351179122924805,10984
48.5212562084198,10983
49.630404233932495,10981
50.683854818344116,10979
53.91937279701233,10978
55.035492181777954,10977
56.09642434120178,10973
57.166892290115356,10972
58.27735662460327,10968
60.48878884315491,10967
62.60927748680115,10966
63.72102093696594,10963
64.79537105560303,10962
66.97539401054382,10960
69.12806725502014,10959
70.23105001449585,10958
71.3522720336914,10957
73.4847400188446,10955
74.56043553352356,10953
75.70753264427185,10950
76.785804271698,10947
79.05351376533508,10946
80.09467911720276,10945
81.1573851108551,10944
82.23057460784912,10943
84.40907669067383,10942
86.65218329429626,10940
87.7577748298645,10939
88.82588028907776,10938
89.86798071861267,10937
90.98001289367676,10934
93.1044282913208,10933
94.16486287117004,10930
96.26976227760315,10929
97.35081553459167,10927
99.61549925804138,10923
102.90756821632385,10922
103.93810772895813,10921
105.0218071937561,10920
106.06669569015503,10919
107.17145109176636,10916
110.4602530002594,10913
112.72352242469788,10910
113.82268357276917,10909
115.96136355400085,10908
118.12244009971619,10906
119.18298554420471,10904
121.36187076568604,10903
123.58920955657959,10902
124.73437857627869,10901
125.83405995368958,10898
129.06503772735596,10897
130.12970232963562,10895
133.36497926712036,10894
134.4394450187683,10892
135.5774667263031,10891
137.73459696769714,10889
139.97820281982422,10887
141.05153489112854,10886
144.35817646980286,10883
146.59065508842468,10882
148.7183666229248,10880
149.8673391342163,10878
152.06255841255188,10877
153.185777425766,10875
155.4350390434265,10874
156.4727213382721,10873
157.58015203475952,10870
159.7678346633911,10868
162.9788568019867,10867
165.23339080810547,10864
166.33544373512268,10863
169.48773217201233,10862
171.6936993598938,10861
172.79267072677612,10860
173.85321736335754,10857
176.05453634262085,10856
177.16301703453064,10854
179.4095687866211,10851
182.6095826625824,10847
184.8528459072113,10844
186.95754265785217,10842
189.16110825538635,10841
190.27700686454773,10839
192.44096970558167,10837
195.64399814605713,10834
199.00863790512085,10833
200.10070967674255,10832
201.1692283153534,10829
203.42315030097961,10825
205.62498235702515,10824
206.69862627983093,10823
208.88008403778076,10821
212.15419816970825,10818
215.3207426071167,10817
216.44069695472717,10814
218.66215991973877,10813
219.7584400177002,10811
221.84963655471802,10810
223.95031929016113,10809
225.0571699142456,10808
226.18640279769897,10807
227.29739356040955,10806
228.38981080055237,10805
230.5923628807068,10804
231.65996432304382,10803
232.78713130950928,10800
234.98406958580017,10798
238.25083947181702,10797
239.34071707725525,10796
241.51103258132935,10794
243.6827359199524,10792
245.93598651885986,10791
246.9857976436615,10789
250.22068786621094,10787
251.3033950328827,10785
253.4831681251526,10784
255.69479322433472,10783
256.84107279777527,10782
258.0092227458954,10781
259.1201345920563,10779
262.3273358345032,10778
263.3967168331146,10777
264.49947452545166,10775
267.7409567832947,10774
270.00515937805176,10772
272.18493461608887,10769
275.4148681163788,10766
277.4926788806915,10765
278.64558124542236,10764
279.7523365020752,10763
280.86313462257385,10762
281.9994442462921,10761
283.0990810394287,10759
286.3766174316406,10758
287.4224877357483,10756
289.57544898986816,10755
290.6956753730774,10754
292.9842908382416,10752
295.0944731235504,10751
296.20106315612793,10750
297.3398668766022,10748
298.40143871307373,10746
300.6914448738098,10745
303.9934792518616,10744
305.1112756729126,10743
306.28110814094543,10740
309.6364462375641,10738
311.8343708515167,10737
312.88354778289795,10736
315.042382478714,10735
316.1352982521057,10733
317.2043967247009,10732
318.3156168460846,10731
319.4557077884674,10729
322.77016258239746,10728
323.91046261787415,10727
326.0133852958679,10725
328.24277329444885,10721
331.5890429019928,10719
333.74176001548767,10718
337.0126259326935,10716
338.1084451675415,10714
340.2220070362091,10713
342.4890196323395,10711
344.6424059867859,10710
345.7208924293518,10709
347.90541791915894,10708
350.06568002700806,10706
352.1503231525421,10705
354.3147830963135,10704
355.42384457588196,10703
356.51021218299866,10701
359.82313442230225,10699
360.8993971347809,10697
363.0061733722687,10696
364.09282398223877,10695
365.1975691318512,10694
366.2853991985321,10692
367.408207654953,10691
368.4826936721802,10689
370.63048028945923,10688
372.8588991165161,10687
373.9693582057953,10686
376.1374979019165,10685
377.2236793041229,10683
378.3295929431915,10682
380.51110219955444,10681
381.6271879673004,10679
384.8292691707611,10678
385.8977675437927,10676
389.1624138355255,10674
391.30162620544434,10671
395.76697874069214,10669
399.0818655490875,10667
401.3351490497589,10666
402.47880268096924,10663
405.7072341442108,10661
408.92034792900085,10659
409.98504424095154,10658
411.0799627304077,10656
413.2562963962555,10653
416.5913338661194,10652
418.7447955608368,10651
419.88902831077576,10649
420.9785590171814,10648
423.1538200378418,10647
424.23356533050537,10645
425.31269454956055,10644
426.3947379589081,10643
427.43212604522705,10642
429.6565771102905,10641
431.7913167476654,10639
434.05183482170105,10637
436.2687563896179,10636
437.3905551433563,10635
439.58751702308655,10634
440.660254240036,10633
441.80644273757935,10632
444.04383850097656,10631
445.14718866348267,10630
447.3860695362091,10629
448.4446144104004,10628
450.58689522743225,10626
452.88652992248535,10624
456.0976662635803,10623
457.2173845767975,10619
460.4209885597229,10617
461.4721200466156,10616
463.6539797782898,10613
465.9082396030426,10612
466.9472405910492,10611
468.04912638664246,10610
471.3225746154785,10609
472.4541554450989,10608
474.6648530960083,10606
476.8631491661072,10605
478.95744729042053,10603
480.08440923690796,10601
481.13476061820984,10600
484.50089287757874,10599
486.6868155002594,10596
488.84783935546875,10595
491.06292629241943,10594
493.26778411865234,10593
494.3513216972351,10592
495.40214109420776,10591
497.4528429508209,10590
499.69312500953674,10589
500.78390192985535,10587
501.85894536972046,10586
504.0199818611145,10585
505.1710410118103,10584
507.37666964530945,10583
510.5633633136749,10580
511.71322107315063,10579
512.8240966796875,10578
513.9770457744598,10577
516.1122007369995,10576
517.2186019420624,10574
520.5142328739166,10572
521.6415433883667,10571
524.9763615131378,10568
527.182286977768,10567
529.3742980957031,10566
531.4916663169861,10565
532.5888857841492,10564
533.7020471096039,10563
534.7874228954315,10562
537.0019376277924,10560
538.0702886581421,10559
540.2535581588745,10557
543.5840456485748,10555
546.842663526535,10553
547.9222502708435,10552
548.9976139068604,10551
551.166445016861,10550
552.1984574794769,10548
553.2772583961487,10547
556.5154552459717,10544
558.7396004199982,10543
560.8878116607666,10542
561.9945583343506,10541
564.2355337142944,10539
565.322286605835,10537
568.6976158618927,10535
570.8068346977234,10534
573.0220835208893,10533
574.1349568367004,10532
575.3602123260498,10530
576.4663138389587,10528
579.7112753391266,10527
581.8772225379944,10526
582.951648235321,10525
585.0999405384064,10523
587.396290063858,10522
589.5325853824615,10520
590.6103653907776,10519
592.8833601474762,10518
593.9353437423706,10516
594.9745032787323,10515
598.34991,10515