3.666249990463257,14104
6.646651268005371,14103
9.546300172805786,14100
10.971842527389526,14099
13.960330963134766,14098
15.502875328063965,14096
18.43701672554016,14093
21.407634735107422,14091
24.29522395133972,14088
27.265547513961792,14087
30.20041537284851,14084
31.672003269195557,14083
33.109692335128784,14082
34.62982726097107,14081
36.06498670578003,14079
40.401708364486694,14074
44.65550446510315,14072
47.54410672187805,14071
48.989423513412476,14070
50.45413136482239,14069
51.9300754070282,14068
53.42291879653931,14067
56.29785776138306,14066
57.752846002578735,14064
59.202816009521484,14063
62.175196170806885,14060
65.04074668884277,14059
67.92195844650269,14056
72.29597330093384,14054
73.73298478126526,14052
79.56482410430908,14051
81.01007580757141,14049
82.52868413925171,14048
83.95010805130005,14047
85.48968195915222,14046
88.40623068809509,14044
89.86672377586365,14041
92.73911428451538,14039
95.58024573326111,14038
97.1095724105835,14036
98.54522705078125,14035
101.51837062835693,14034
102.92559576034546,14032
105.88145565986633,14030
107.39002871513367,14029
108.93174266815186,14028
110.43285059928894,14026
114.73912072181702,14024
117.73501539230347,14023
119.1517972946167,14022
122.03170824050903,14020
124.98185420036316,14017
126.36510014533997,14016
127.76705050468445,14014
129.2495732307434,14013
130.75042819976807,14011
133.67543983459473,14009
138.026447057724,14008
139.517924785614,14006
142.45733094215393,14005
143.9569799900055,14004
145.47512340545654,14002
148.34344363212585,14000
149.79380249977112,13999
151.20802068710327,13997
152.63577556610107,13995
154.18795919418335,13994
155.7098033428192,13993
158.5953242778778,13992
161.56612610816956,13991
162.9392170906067,13990
164.4959545135498,13988
167.53664183616638,13984
171.95317220687866,13981
173.3659884929657,13980
176.2777760028839,13977
180.65820360183716,13975
182.04992747306824,13974
183.57787585258484,13973
184.98798322677612,13972
186.59284687042236,13971
188.17643523216248,13970
191.24496579170227,13967
192.77048468589783,13965
194.13984036445618,13963
198.6469428539276,13961
201.53431916236877,13960
204.5298206806183,13956
207.40963196754456,13955
208.79899096488953,13952
213.26647758483887,13951
214.76756644248962,13950
216.24723148345947,13948
219.15169215202332,13947
220.5968189239502,13946
221.94833326339722,13945
223.45204186439514,13944
224.85582494735718,13942
227.7943832874298,13941
229.23874306678772,13940
230.69876956939697,13939
232.12636613845825,13938
233.58303713798523,13937
236.49685335159302,13936
237.91605496406555,13934
239.3225257396698,13931
243.7244017124176,13930
245.24505019187927,13927
246.78206205368042,13926
249.66735768318176,13925
252.50670742988586,13923
255.40679121017456,13921
256.9020326137543,13919
259.93999195098877,13918
262.7999691963196,13916
264.28623723983765,13915
265.72508573532104,13913
268.8074655532837,13912
270.2995059490204,13910
273.3883173465729,13907
276.334495306015,13906
279.304025888443,13904
280.6778738498688,13903
283.40342807769775,13902
284.98619747161865,13901
286.471040725708,13900
287.9721188545227,13899
289.45334029197693,13897
293.82558155059814,13895
296.6315221786499,13893
297.99585342407227,13891
300.8943872451782,13890
302.3463611602783,13887
305.2505028247833,13884
308.2494640350342,13882
314.10872888565063,13880
315.55009508132935,13878
318.47115755081177,13877
319.9180061817169,13876
321.42257714271545,13873
324.47907543182373,13871
327.4499020576477,13868
328.9203109741211,13867
330.4528284072876,13863
333.2695951461792,13862
336.21665477752686,13859
340.7840349674225,13858
342.1880028247833,13857
345.12010622024536,13854
347.98901295661926,13853
349.5226163864136,13851
352.452351808548,13850
353.9004864692688,13848
355.3559477329254,13847
356.7953383922577,13846
358.15867280960083,13844
359.5259778499603,13843
363.74702310562134,13842
365.18676114082336,13841
366.6434817314148,13839
368.1707830429077,13838
369.5880823135376,13836
372.5231010913849,13835
374.0193512439728,13833
376.94749760627747,13832
378.4689910411835,13831
379.8789577484131,13830
381.35540556907654,13829
384.27946281433105,13827
385.83270263671875,13825
387.2439241409302,13824
391.51603507995605,13823
392.9465446472168,13821
395.9853479862213,13820
397.48950695991516,13819
399.0124177932739,13818
400.4297387599945,13815
403.37588381767273,13813
406.3688464164734,13812
407.8782720565796,13811
409.34981179237366,13810
410.86228370666504,13809
413.8272068500519,13808
415.36483240127563,13807
416.8142743110657,13806
418.2881064414978,13804
419.73197889328003,13803
424.15261125564575,13800
428.609090089798,13799
430.21735072135925,13795
431.6142921447754,13794
433.04052734375,13791
435.9552881717682,13790
437.39309906959534,13788
440.215589761734,13787
441.675909280777,13786
443.07728123664856,13785
444.64823961257935,13784
447.5787510871887,13782
449.10358142852783,13781
450.48355436325073,13780
451.95157051086426,13779
453.3434178829193,13777
457.70394253730774,13776
459.2031605243683,13773
463.6536693572998,13771
465.1715075969696,13770
467.9820945262909,13769
469.46049761772156,13767
472.4043037891388,13766
473.9290261268616,13765
475.3765494823456,13764
476.8124659061432,13763
478.30591678619385,13761
481.24864077568054,13760
482.7048032283783,13758
485.5690531730652,13757
488.6683211326599,13754
491.6906762123108,13752
494.61116433143616,13750
496.0654547214508,13748
500.5159902572632,13747
501.97157859802246,13745
504.98793625831604,13743
506.5211675167084,13742
509.54282116889954,13741
512.4196970462799,13740
513.8211822509766,13738
518.2813949584961,13736
521.0839803218842,13734
522.5150587558746,13733
525.4727113246918,13730
526.8814356327057,13729
529.739987373352,13727
531.2119629383087,13726
535.5445501804352,13724
537.0803320407867,13723
538.6195864677429,13722
541.3832643032074,13719
542.8925657272339,13717
545.846319437027,13715
548.7741706371307,13713
550.3008835315704,13712
551.787091255188,13711
553.2045209407806,13710
557.6416473388672,13708
559.0941042900085,13707
560.5323395729065,13705
561.9708414077759,13703
564.8446311950684,13702
567.6596524715424,13700
572.0653493404388,13698
573.6002390384674,13697
576.5253567695618,13695
577.9938509464264,13694
579.5069687366486,13693
580.95450091362,13692
583.793398141861,13689
586.6713290214539,13688
591.0297498703003,13687
592.4487676620483,13686
593.8850538730621,13685
595.3759105205536,13684
596.810464143753,13682
598.34049,13682