2.4782943725585938,11020
3.620335817337036,11018
5.8035173416137695,11015
6.894785642623901,11014
7.98188853263855,11013
9.065409898757935,11012
11.181344509124756,11011
12.202406167984009,11010
13.322746515274048,11007
15.487814903259277,11006
16.552058696746826,11005
17.658243656158447,11003
19.847699403762817,11001
21.904179096221924,10999
23.048945903778076,10996
25.145344495773315,10995
26.31350588798523,10994
27.3631911277771,10992
30.635507345199585,10989
32.839619159698486,10988
33.922308683395386,10986
36.08949685096741,10984
38.151320695877075,10982
40.2798490524292,10979
41.3967502117157,10977
44.61143612861633,10975
46.78950595855713,10972
48.981430530548096,10970
50.02740836143494,10969
51.075639724731445,10968
53.20115947723389,10966
56.468180656433105,10965
57.55146527290344,10963
59.67353177070618,10961
61.83860683441162,10959
63.983654737472534,10958
65.04308867454529,10957
67.20668411254883,10956
68.25409579277039,10955
69.31736516952515,10954
70.41925549507141,10953
71.51067543029785,10952
72.62069988250732,10951
73.69592595100403,10950
74.75523233413696,10948
75.83096075057983,10947
76.88555550575256,10946
77.93123483657837,10945
80.04987525939941,10943
82.2603280544281,10937
86.53247046470642,10933
88.758371591568,10931
90.92139387130737,10928
91.99180769920349,10927
94.13980078697205,10926
95.22586417198181,10923
99.50529170036316,10920
101.66725277900696,10918
102.81001949310303,10916
106.08881521224976,10913
109.32802200317383,10912
111.5249707698822,10910
112.6467297077179,10909
113.73176121711731,10908
114.89109230041504,10907
115.98650407791138,10906
117.09457159042358,10904
119.29063725471497,10902
121.48368549346924,10900
122.623379945755,10899
124.842120885849,10896
128.09835982322693,10894
129.18040084838867,10893
131.31221723556519,10892
132.41641306877136,10889
137.78155827522278,10887
140.0802230834961,10886
141.14934372901917,10885
142.16886520385742,10883
144.42803978919983,10882
146.69944548606873,10880
148.9441249370575,10879
150.0407474040985,10877
152.16902208328247,10874
154.33117985725403,10871
156.36413478851318,10870
157.45453763008118,10869
158.53725790977478,10867
161.727055311203,10866
162.81931161880493,10863
164.982275724411,10861
167.1336374282837,10860
169.25723481178284,10859
170.37777757644653,10856
172.5447814464569,10855
174.7784287929535,10852
178.00284504890442,10850
179.15911269187927,10848
181.27812337875366,10847
182.32527112960815,10846
183.41157293319702,10845
184.46078944206238,10844
185.52501511573792,10841
188.84587836265564,10840
190.95797538757324,10838
194.23907804489136,10835
195.33674955368042,10834
196.41073775291443,10833
198.65680408477783,10832
199.8083610534668,10831
200.90441918373108,10829
203.08786511421204,10828
205.1762571334839,10825
207.29651999473572,10823
208.49790692329407,10820
210.72970604896545,10819
211.85726642608643,10817
214.11399030685425,10815
216.35533809661865,10814
217.48772764205933,10812
218.532879114151,10810
219.6338586807251,10809
222.947820186615,10807
225.0872311592102,10805
228.44294047355652,10802
231.71500635147095,10799
232.80960655212402,10798
233.83907079696655,10797
235.9988465309143,10795
238.18815302848816,10793
239.27256894111633,10792
241.35250544548035,10791
242.47679662704468,10789
244.72113370895386,10786
245.8298225402832,10784
246.9400246143341,10783
249.2097089290619,10781
251.44493007659912,10780
252.55702781677246,10779
254.8521912097931,10777
255.95627403259277,10776
258.0624363422394,10775
259.16485476493835,10774
260.3730499744415,10773
262.5727608203888,10772
264.7193994522095,10770
265.75114583969116,10769
266.92895340919495,10768
269.1109993457794,10767
272.40170407295227,10765
273.46109080314636,10763
275.75858306884766,10759
277.9068763256073,10758
279.06631898880005,10756
281.2132787704468,10755
282.279988527298,10754
283.46182656288147,10752
284.5084490776062,10748
287.77217650413513,10747
288.87116527557373,10744
290.07499742507935,10743
291.22485303878784,10742
293.33935022354126,10740
294.443323135376,10739
295.59637665748596,10737
297.7938914299011,10736
298.85901737213135,10735
301.01232647895813,10734
302.15515422821045,10732
304.32621455192566,10730
305.4498167037964,10729
308.708456993103,10726
310.8956825733185,10725
312.01345467567444,10723
314.27632308006287,10721
318.55445075035095,10720
319.71559262275696,10718
320.8633735179901,10716
321.9481725692749,10715
324.1222457885742,10713
326.33287239074707,10711
329.64680218696594,10709
330.69226026535034,10708
331.7667021751404,10707
332.8840322494507,10706
333.94898438453674,10704
338.3757257461548,10703
340.63296270370483,10702
342.7973082065582,10700
343.92346239089966,10698
346.0873465538025,10696
349.51652574539185,10694
350.7077407836914,10693
352.8767113685608,10692
355.055287361145,10691
356.1010868549347,10689
360.4253406524658,10687
361.4817819595337,10686
364.7970943450928,10683
366.97864031791687,10681
368.1431612968445,10679
370.2841019630432,10678
371.3295485973358,10677
372.35381388664246,10676
374.5889916419983,10675
376.78097319602966,10673
378.8835508823395,10672
380.0199074745178,10671
381.1627006530762,10670
382.24003744125366,10669
384.4626052379608,10667
385.5969078540802,10665
388.7591588497162,10664
389.88053011894226,10663
392.03111720085144,10662
393.07427501678467,10661
395.23051047325134,10658
397.3615550994873,10657
398.4598605632782,10656
401.7954752445221,10654
402.8317184448242,10652
406.2032220363617,10650
408.33587408065796,10649
409.53587555885315,10647
412.8714711666107,10646
415.03692984580994,10644
418.2342028617859,10641
419.3763749599457,10640
422.66626501083374,10638
423.7671904563904,10637
427.0172894001007,10635
428.1576542854309,10630
432.6127564907074,10628
434.85279273986816,10627
438.13194704055786,10625
440.3849537372589,10624
441.48131108283997,10623
443.64201259613037,10620
444.7343623638153,10619
448.0289640426636,10618
449.17726612091064,10615
452.5092294216156,10614
454.72219920158386,10613
456.9522852897644,10612
458.01271080970764,10611
460.26896142959595,10608
463.6625347137451,10606
464.73271083831787,10605
468.0610783100128,10604
470.2940239906311,10602
471.45862650871277,10601
474.7157361507416,10600
476.9822778701782,10599
479.16765213012695,10598
480.2601671218872,10597
482.44503021240234,10594
486.9309537410736,10592
488.02925992012024,10591
490.24918508529663,10590
491.3497111797333,10588
494.6925346851349,10587
495.8406674861908,10586
496.9496331214905,10585
498.04266834259033,10584
500.22152853012085,10582
503.6143202781677,10579
505.8419005870819,10578
506.95893478393555,10577
508.09722542762756,10576
511.48236775398254,10575
513.7261550426483,10573
516.9833588600159,10572
518.0720121860504,10571
519.2007911205292,10570
522.6051194667816,10569
523.7279798984528,10568
525.9341535568237,10567
527.0579192638397,10566
528.1350471973419,10565
529.1926915645599,10564
531.3899459838867,10563
532.5248513221741,10562
534.7701740264893,10561
535.8487417697906,10559
537.9855782985687,10558
540.248782157898,10556
542.3889737129211,10555
543.4871008396149,10554
544.6740620136261,10553
546.9298498630524,10550
551.3395531177521,10549
552.4987878799438,10547
554.6481156349182,10546
555.7406687736511,10545
557.9362823963165,10544
559.0320165157318,10543
560.1048195362091,10542
562.3227062225342,10541
563.4742512702942,10540
564.5851843357086,10539
567.8825101852417,10537
568.9645006656647,10536
571.1147878170013,10535
573.2960124015808,10534
574.4252526760101,10533
575.5485904216766,10532
577.790693283081,10530
578.90562748909,10528
582.2072784900665,10526
584.4379031658173,10525
586.6165640354156,10523
589.8760912418365,10522
590.9944031238556,10520
594.3264791965485,10518
598.7059845924377,10516
598.71089,10516