2.4633471965789795,11020
3.5802528858184814,11019
4.733788251876831,11016
5.793063402175903,11015
7.955704212188721,11013
9.101571083068848,11012
11.305960893630981,11010
13.487094402313232,11009
14.594879865646362,11007
16.785076141357422,11005
17.863847732543945,11003
19.995064735412598,11002
21.121492385864258,11001
23.361421585083008,10998
24.509342908859253,10997
26.652846574783325,10995
27.75019383430481,10994
29.955896139144897,10993
32.13977932929993,10992
33.21362638473511,10990
35.27307939529419,10989
36.34697985649109,10988
37.4286253452301,10987
38.550238609313965,10986
39.641881465911865,10985
41.80849075317383,10982
45.163769245147705,10981
46.28718423843384,10980
47.40751624107361,10978
48.5273323059082,10975
50.69765496253967,10972
55.084434032440186,10970
56.1955943107605,10967
59.35022759437561,10966
61.58481287956238,10963
64.85909295082092,10961
67.1202507019043,10960
69.37206029891968,10958
70.4709951877594,10957
72.65761685371399,10956
73.78480672836304,10954
75.97638273239136,10950
79.31374859809875,10948
81.54968690872192,10947
82.68221759796143,10946
83.82503080368042,10944
84.91137146949768,10943
86.05052328109741,10942
87.18090581893921,10941
88.23917984962463,10940
89.28155660629272,10938
90.33742237091064,10936
92.52714514732361,10931
96.95365762710571,10927
98.00573301315308,10926
99.11993622779846,10924
102.44340085983276,10922
104.64514589309692,10920
105.77974462509155,10917
106.8704924583435,10916
109.02105784416199,10914
111.11761450767517,10910
113.26572966575623,10909
115.49235415458679,10905
117.77531337738037,10902
118.85850405693054,10900
122.21240401268005,10899
123.33313417434692,10898
124.41442084312439,10897
125.5315113067627,10895
127.72362208366394,10893
129.9021201133728,10891
131.9878432750702,10890
133.14103507995605,10889
134.19511938095093,10888
136.36538648605347,10887
137.4440414905548,10885
138.57928657531738,10884
140.91937923431396,10882
143.07603216171265,10880
144.12844491004944,10879
146.36701583862305,10877
148.53363680839539,10875
150.75575137138367,10874
151.85764694213867,10872
152.96336317062378,10871
154.1312267780304,10869
155.22192239761353,10868
157.51058864593506,10867
158.59340143203735,10866
159.7549922466278,10865
160.8222734928131,10863
164.04757523536682,10862
165.12852096557617,10860
166.21094512939453,10859
168.36818599700928,10856
170.5849802494049,10854
173.8383595943451,10852
176.043123960495,10851
177.1686248779297,10849
179.43017292022705,10848
180.48514795303345,10847
181.5792944431305,10846
183.69727420806885,10845
184.78906774520874,10844
185.8952887058258,10842
188.1364243030548,10839
189.26293992996216,10838
192.55107045173645,10837
193.64878010749817,10834
195.81810760498047,10832
199.0802240371704,10830
200.23797035217285,10829
202.45218968391418,10828
203.57453966140747,10826
204.66057538986206,10825
205.75828671455383,10823
209.00489282608032,10819
212.31140184402466,10817
215.5554871559143,10816
216.66457629203796,10814
217.7347173690796,10813
218.79639601707458,10812
221.02400827407837,10810
223.30723190307617,10808
225.45346093177795,10807
226.55009412765503,10805
227.6279592514038,10804
228.72309589385986,10801
229.78766512870789,10799
230.92981338500977,10797
233.140643119812,10795
234.1923975944519,10794
235.27930402755737,10792
237.4057538509369,10790
239.57534050941467,10789
240.66440725326538,10788
242.8827736377716,10786
245.0573534965515,10785
246.16029167175293,10784
247.24292707443237,10783
248.28108835220337,10782
250.57756900787354,10779
254.93954253196716,10777
257.0970869064331,10776
258.2077753543854,10774
260.42896938323975,10772
263.7599763870239,10771
264.87094259262085,10770
265.9893250465393,10769
267.09093379974365,10768
268.2726547718048,10767
269.4241223335266,10763
272.79958844184875,10762
274.98147344589233,10760
276.0509526729584,10759
278.2907040119171,10757
280.5196177959442,10756
282.65973138809204,10755
283.69349241256714,10754
284.7824935913086,10753
285.84759187698364,10752
286.9286868572235,10750
290.1853840351105,10749
291.31259655952454,10747
294.61801505088806,10746
295.7400839328766,10745
296.81412959098816,10744
299.0369174480438,10741
301.22636342048645,10739
303.45194029808044,10738
305.6225678920746,10736
307.8795075416565,10735
308.9318459033966,10734
310.0465488433838,10733
311.18973660469055,10732
312.26862692832947,10731
314.52390217781067,10729
315.61232590675354,10728
317.77377915382385,10727
319.96775221824646,10726
321.0460708141327,10724
323.247305393219,10723
325.4201967716217,10721
326.53596663475037,10720
327.6406307220459,10719
329.84209728240967,10718
330.92535305023193,10716
333.16681575775146,10714
334.2300133705139,10713
337.5006408691406,10712
338.64364409446716,10711
339.7126212120056,10709
340.8163335323334,10708
341.8946795463562,10707
345.02982115745544,10704
347.2063639163971,10703
348.24732518196106,10702
349.3694980144501,10701
351.5564339160919,10700
353.8201518058777,10696
358.09255504608154,10694
360.2961218357086,10693
362.44230914115906,10692
365.7659201622009,10690
366.78735876083374,10689
369.00703620910645,10687
370.121542930603,10685
372.3335745334625,10684
375.6178710460663,10683
376.7463457584381,10682
377.85686707496643,10680
381.0242221355438,10679
382.17466139793396,10678
383.23794651031494,10677
385.43767285346985,10673
390.8653540611267,10671
391.98387122154236,10670
393.0766704082489,10669
394.17887711524963,10668
396.35380601882935,10666
399.77085542678833,10663
401.96591544151306,10662
404.0925307273865,10661
405.18398094177246,10660
406.26912546157837,10659
408.4563970565796,10657
409.5460364818573,10656
410.64366388320923,10655
413.91258788108826,10654
414.9862902164459,10653
417.193932056427,10652
418.28580260276794,10651
420.5104055404663,10650
422.6484327316284,10649
424.7166397571564,10648
425.92149806022644,10646
428.13041067123413,10644
431.4208242893219,10642
432.58966159820557,10641
433.6682620048523,10640
436.93768668174744,10638
438.0387842655182,10637
440.2532391548157,10636
442.39367842674255,10634
445.69416904449463,10632
447.88252782821655,10631
448.9816541671753,10630
450.10016226768494,10628
453.3927822113037,10626
454.4725167751312,10624
456.5738115310669,10620
458.77506256103516,10619
460.95983719825745,10618
462.02032375335693,10617
465.3169331550598,10616
466.42604994773865,10615
468.62576842308044,10614
469.73038268089294,10613
471.8840653896332,10612
473.01784086227417,10611
475.15927290916443,10610
476.25899958610535,10608
477.3188371658325,10607
479.3848195075989,10606
480.5339562892914,10605
482.73355507850647,10604
483.84953927993774,10603
486.0822367668152,10602
489.4236238002777,10601
491.5276165008545,10599
494.80179738998413,10598
497.0436489582062,10597
498.09765005111694,10596
499.2170374393463,10594
500.3652436733246,10593
502.5577368736267,10592
503.6456389427185,10591
505.85001492500305,10590
507.0004279613495,10589
509.1251151561737,10588
511.26692962646484,10585
512.3237528800964,10584
515.6410827636719,10582
516.7109632492065,10581
518.8577110767365,10580
521.0422337055206,10579
523.2827851772308,10577
524.3767020702362,10576
525.458420753479,10574
527.610983133316,10572
529.8020534515381,10570
531.9993495941162,10569
535.319830417633,10567
537.4942743778229,10566
539.6537535190582,10565
540.726772069931,10562
544.0450291633606,10561
545.1400933265686,10559
548.4320149421692,10558
549.513781785965,10557
550.6202840805054,10556
551.8259963989258,10555
552.9160490036011,10554
554.9861087799072,10553
556.0768854618073,10551
560.4498393535614,10549
561.598527431488,10548
562.6732439994812,10547
564.9385364055634,10544
567.1472194194794,10542
568.2543933391571,10541
569.4596312046051,10540
572.7617907524109,10538
575.0182151794434,10536
579.4113898277283,10533
580.492687702179,10531
583.7657341957092,10530
585.9627161026001,10529
588.1644978523254,10528
590.4023966789246,10526
592.664243221283,10525
593.6954658031464,10524
594.8472785949707,10522
595.9357645511627,10521
598.19254,10521