4.01752233505249,3323
4.027510404586792,3323
4.426032543182373,3322
4.4715025424957275,3321
4.993963956832886,3320
5.270752191543579,3319
5.271392107009888,3318
5.949793815612793,3317
6.734199047088623,3316
6.960080623626709,3315
8.14402437210083,3314
8.85315203666687,3313
8.99175763130188,3312
10.438195943832397,3311
11.149009943008423,3310
11.784935235977173,3309
13.12306833267212,3308
13.873823642730713,3307
15.023518800735474,3306
21.764549255371094,3305
23.545591354370117,3304
26.264225959777832,3303
