4.002253532409668,3323
4.012219667434692,3323
4.888240098953247,3322
5.019049882888794,3321
5.51488184928894,3320
6.076106548309326,3319
6.266173601150513,3318
6.80523681640625,3317
6.82642674446106,3316
7.614980459213257,3315
7.729035377502441,3314
8.639814376831055,3313
10.28820013999939,3312
11.855796337127686,3311
11.856484174728394,3310
14.247438907623291,3309
15.612074136734009,3308
17.63502597808838,3307
18.90644598007202,3306
21.890467643737793,3305
27.59602999687195,3304
59.704838514328,3303
