4.08435845375061,3323
4.094500303268433,3323
4.648571014404297,3322
6.149939060211182,3321
6.677495241165161,3320
6.8185133934021,3319
7.2811667919158936,3318
7.346922159194946,3317
7.38600754737854,3316
7.729580640792847,3315
8.187966585159302,3314
8.927127838134766,3313
11.854087114334106,3312
12.517732381820679,3311
13.22406554222107,3310
17.162294626235962,3309
21.476572275161743,3308
25.08440113067627,3307
25.19054937362671,3306
27.27371120452881,3305
35.648680686950684,3304
44.45803928375244,3303
