4.017277240753174,3323
4.027310609817505,3323
4.562572956085205,3322
4.972242593765259,3321
5.266761779785156,3320
6.217829942703247,3319
6.9416823387146,3318
7.764655590057373,3317
7.859988451004028,3316
8.773777484893799,3315
9.046835899353027,3314
9.060972690582275,3313
9.827717065811157,3312
9.969385147094727,3311
10.678765535354614,3310
12.321025609970093,3309
14.768448829650879,3308
14.818946361541748,3307
21.06582736968994,3306
21.388541221618652,3305
31.519837617874146,3304
45.07794523239136,3303
