4.011370897293091,3323
4.021031618118286,3323
4.24888277053833,3322
4.6906328201293945,3321
5.6129772663116455,3320
5.633554220199585,3319
5.727082014083862,3318
6.199234247207642,3317
7.544931411743164,3316
9.673389911651611,3315
9.997189998626709,3314
13.02364993095398,3313
17.55741786956787,3312
17.60816502571106,3311
18.553236484527588,3310
19.36430025100708,3309
20.10401153564453,3308
20.203450679779053,3307
24.665797233581543,3306
24.77799153327942,3305
32.258013010025024,3304
46.57528877258301,3303
