3.988203763961792,3323
3.9981319904327393,3323
4.45636773109436,3322
5.850409984588623,3321
6.695817232131958,3320
6.856750011444092,3319
7.977007627487183,3318
8.751456499099731,3317
9.36739468574524,3316
10.185423851013184,3315
11.0263671875,3314
11.260225534439087,3313
11.967437028884888,3312
13.27805471420288,3311
13.45371413230896,3310
13.506083488464355,3309
16.940724849700928,3308
19.827354431152344,3307
23.50488257408142,3306
26.804643630981445,3305
27.331992864608765,3304
31.153977632522583,3303
