4.056849718093872,3323
4.06713342666626,3323
4.883051872253418,3322
4.899454832077026,3321
6.057626485824585,3320
6.186983823776245,3319
6.365206241607666,3318
6.450676202774048,3317
6.478099346160889,3316
6.559220790863037,3315
7.115679979324341,3314
7.720008134841919,3313
8.385189056396484,3312
10.194474220275879,3311
11.19530439376831,3310
11.572879076004028,3309
11.655413627624512,3308
12.427000999450684,3307
12.602286100387573,3306
14.690879583358765,3305
33.92811965942383,3304
35.247551918029785,3303
