4.0492212772369385,3323
4.059390068054199,3323
4.996887922286987,3322
5.026247024536133,3321
5.322641134262085,3320
5.754150390625,3319
5.9103710651397705,3318
8.807655572891235,3317
9.138837575912476,3316
10.093979597091675,3315
10.372084140777588,3314
10.929457902908325,3313
10.95488691329956,3312
11.558272123336792,3311
12.457035064697266,3310
15.041624784469604,3309
15.240692853927612,3308
15.690011501312256,3307
16.191073179244995,3306
16.46713638305664,3305
19.781240701675415,3304
25.966574907302856,3303
