4.0743982791900635,3323
4.084447860717773,3323
4.433930158615112,3322
5.1036951541900635,3321
5.366518020629883,3320
6.364634990692139,3319
7.179837465286255,3318
7.596724510192871,3317
7.980499029159546,3316
8.61308765411377,3315
9.477355480194092,3314
9.714138746261597,3313
11.328499794006348,3312
11.782584428787231,3311
11.808549880981445,3310
11.837968349456787,3309
12.031668186187744,3308
12.751980543136597,3307
15.190283298492432,3306
16.06773066520691,3305
16.275407314300537,3304
16.356165885925293,3303
