4.042957544326782,3323
4.071787595748901,3323
4.41369366645813,3322
5.17595911026001,3321
5.477383375167847,3320
7.639883995056152,3319
7.74408221244812,3318
7.975804090499878,3317
8.480193138122559,3316
9.024116039276123,3315
9.704222440719604,3314
9.711808919906616,3313
10.798512697219849,3312
11.469743251800537,3311
13.050785541534424,3310
15.226250648498535,3309
17.279253005981445,3308
17.522799968719482,3307
19.032055854797363,3306
20.153841733932495,3305
28.844620943069458,3304
55.38602256774902,3303
