0.0442957878112793,746
0.04459095001220703,746
0.05596280097961426,745
0.07131600379943848,744
0.07457304000854492,743
0.10274410247802734,742
0.11303353309631348,741
0.13128304481506348,740
0.1333904266357422,739
0.14895963668823242,738
0.1663990020751953,737
0.17684125900268555,736
0.1931755542755127,735
0.19466376304626465,734
0.20324110984802246,733
0.20894265174865723,732
0.21586012840270996,731
0.2563598155975342,730
0.26118040084838867,729
0.34943389892578125,728
0.39046287536621094,727
0.4533579349517822,726
0.46190857887268066,725
0.4772512912750244,724
0.4913668632507324,723
0.5178444385528564,722
0.5268290042877197,721
0.6084439754486084,720
0.799823522567749,719
0.8396923542022705,718
1.0219001770019531,717
1.1157708168029785,716
1.125098466873169,715
1.2878165245056152,714
1.3335566520690918,713
1.40708589553833,712
1.802037239074707,711
1.8886141777038574,710
2.650315523147583,709
4.046370983123779,708
4.81587290763855,707
4.990818977355957,706
9.345134496688843,705
10.088198900222778,704
15.10261583328247,703
