0.0442960262298584,746
0.0445857048034668,746
0.058263540267944336,745
0.06657266616821289,744
0.0760033130645752,743
0.08571529388427734,742
0.09070801734924316,741
0.09781312942504883,740
0.09784483909606934,739
0.11324477195739746,738
0.12799739837646484,737
0.12827610969543457,736
0.14616680145263672,735
0.1589038372039795,734
0.17149066925048828,733
0.2041923999786377,732
0.22276067733764648,731
0.2234203815460205,730
0.22888469696044922,729
0.2508833408355713,728
0.30864906311035156,727
0.33149099349975586,726
0.33930063247680664,725
0.45502781867980957,724
0.4741642475128174,723
0.477306604385376,722
0.5579197406768799,721
0.604649543762207,720
0.6416378021240234,719
0.7259197235107422,718
0.7281816005706787,717
0.7819557189941406,716
0.8419082164764404,715
0.850226879119873,714
0.9145128726959229,713
1.0844769477844238,712
1.1651358604431152,711
1.2306461334228516,710
1.5720667839050293,709
1.79292893409729,708
6.08098840713501,707
8.481935262680054,706
15.89846134185791,705
25.409374713897705,704
73.99600648880005,703
