0.04449176788330078,746
0.0447843074798584,746
0.056485652923583984,745
0.06455636024475098,744
0.06886100769042969,743
0.06900906562805176,742
0.07698416709899902,741
0.08512187004089355,740
0.11123991012573242,739
0.12496232986450195,738
0.14218735694885254,737
0.15078186988830566,736
0.153550386428833,735
0.16032767295837402,734
0.214555025100708,733
0.2165076732635498,732
0.23585891723632812,731
0.24305248260498047,730
0.24644756317138672,729
0.27397823333740234,728
0.28902721405029297,727
0.3010373115539551,726
0.36170434951782227,725
0.3653385639190674,724
0.41595983505249023,723
0.44120311737060547,722
0.48720836639404297,721
0.5074963569641113,720
0.5535116195678711,719
0.5811142921447754,718
0.6402254104614258,717
0.6444730758666992,716
0.6954944133758545,715
0.6991229057312012,714
0.7007369995117188,713
1.1660239696502686,712
1.2115507125854492,711
1.490034818649292,710
1.5995640754699707,709
1.8365209102630615,708
2.306776523590088,707
2.4048216342926025,706
7.445348501205444,705
73.98412823677063,704
