0.044500112533569336,746
0.044792890548706055,746
0.059003353118896484,745
0.06302809715270996,744
0.09231996536254883,743
0.09435343742370605,742
0.09483504295349121,741
0.09529638290405273,740
0.09850811958312988,739
0.10398030281066895,738
0.11147642135620117,737
0.13031244277954102,736
0.1386880874633789,735
0.169050931930542,734
0.1887040138244629,733
0.1891798973083496,732
0.1934652328491211,731
0.19866609573364258,730
0.226698637008667,729
0.24651360511779785,728
0.31114649772644043,727
0.3194706439971924,726
0.435549259185791,725
0.4495418071746826,724
0.4597651958465576,723
0.5521323680877686,722
0.6047458648681641,721
0.6645092964172363,720
0.730785608291626,719
0.8201889991760254,718
0.8539087772369385,717
0.938913106918335,716
0.9736514091491699,715
1.0246655941009521,714
1.071784257888794,713
1.1462180614471436,712
1.2963101863861084,711
1.3638226985931396,710
2.0164334774017334,709
3.769575834274292,708
7.414973258972168,707
7.657467842102051,706
13.647292375564575,705
26.79925847053528,704
