0.04449653625488281,746
0.04478764533996582,746
0.05968332290649414,745
0.06877636909484863,744
0.06941437721252441,743
0.07583737373352051,742
0.07867050170898438,741
0.07878756523132324,740
0.0898447036743164,739
0.09757304191589355,738
0.12886786460876465,737
0.14995908737182617,736
0.16405582427978516,735
0.2458500862121582,734
0.24614953994750977,733
0.2719228267669678,732
0.29313182830810547,731
0.3087797164916992,730
0.3845806121826172,729
0.4358937740325928,728
0.5054810047149658,727
0.5082166194915771,726
0.5714657306671143,725
0.6178703308105469,724
0.6593518257141113,723
0.6828835010528564,722
0.7935113906860352,721
0.9122931957244873,720
0.9222276210784912,719
0.9575667381286621,718
1.0123341083526611,717
1.1207969188690186,716
1.2249996662139893,715
1.2424077987670898,714
1.6828346252441406,713
1.904832363128662,712
2.135861396789551,711
2.3353829383850098,710
2.4212417602539062,709
2.433668851852417,708
3.0831074714660645,707
14.607954025268555,706
20.531296730041504,705
63.78457951545715,704
131.01579594612122,703
