0.0447084903717041,746
0.04500079154968262,746
0.06325888633728027,745
0.06985807418823242,744
0.08799338340759277,743
0.09412813186645508,742
0.10165739059448242,741
0.1048734188079834,740
0.1132655143737793,739
0.11417341232299805,738
0.14012384414672852,737
0.15152263641357422,736
0.16432571411132812,735
0.168304443359375,734
0.17828369140625,733
0.19352936744689941,732
0.21012187004089355,731
0.21473455429077148,730
0.21735334396362305,729
0.2570199966430664,728
0.2980208396911621,727
0.3147861957550049,726
0.35939621925354004,725
0.36285948753356934,724
0.3764610290527344,723
0.4697990417480469,722
0.4720594882965088,721
0.5111911296844482,720
0.7248122692108154,719
0.8658533096313477,718
0.9210448265075684,717
0.9423530101776123,716
0.9829087257385254,715
1.1261272430419922,714
1.4597361087799072,713
1.9133734703063965,712
2.4047048091888428,711
2.4972875118255615,710
2.739527940750122,709
2.882457971572876,708
3.372466564178467,707
3.6427834033966064,706
9.418402194976807,705
28.888187646865845,704
