0.04418826103210449,746
0.044658660888671875,746
0.05747699737548828,745
0.07722091674804688,744
0.08911871910095215,743
0.0977783203125,742
0.10324287414550781,741
0.10940122604370117,740
0.12720561027526855,739
0.13872170448303223,738
0.16653895378112793,737
0.18227529525756836,736
0.18410563468933105,735
0.20210957527160645,734
0.21570539474487305,733
0.22782683372497559,732
0.24585461616516113,731
0.25574517250061035,730
0.26590609550476074,729
0.27236390113830566,728
0.34569358825683594,727
0.40046072006225586,726
0.40497684478759766,725
0.4488208293914795,724
0.5485014915466309,723
0.548853874206543,722
0.6378843784332275,721
0.8295834064483643,720
1.1311638355255127,719
1.1756672859191895,718
1.3272109031677246,717
1.3915362358093262,716
1.4239447116851807,715
1.4249286651611328,714
1.8001432418823242,713
1.9004878997802734,712
2.0928564071655273,711
2.1458938121795654,710
2.52964186668396,709
2.689497709274292,708
3.3235926628112793,707
3.702460765838623,706
8.041294813156128,705
137.41408681869507,704
157.90396738052368,703
