0.044382333755493164,746
0.044689178466796875,746
0.07524609565734863,745
0.07965302467346191,744
0.08692526817321777,743
0.09864997863769531,742
0.11677408218383789,741
0.12485384941101074,740
0.12621617317199707,739
0.1450061798095703,738
0.18517351150512695,737
0.22481179237365723,736
0.2264387607574463,735
0.25265026092529297,734
0.2658553123474121,733
0.285520076751709,732
0.2857937812805176,731
0.3056907653808594,730
0.34613823890686035,729
0.3650400638580322,728
0.4494805335998535,727
0.46967148780822754,726
0.4999992847442627,725
0.528965950012207,724
0.5392873287200928,723
0.611241340637207,722
0.6344454288482666,721
0.6658554077148438,720
0.68572998046875,719
0.6967930793762207,718
0.7336299419403076,717
0.7752652168273926,716
0.869499683380127,715
0.8917481899261475,714
1.201244831085205,713
1.4232969284057617,712
1.6588830947875977,711
1.7100229263305664,710
2.0299761295318604,709
2.897737503051758,708
3.1266040802001953,707
4.555954217910767,706
4.7306904792785645,705
22.303340673446655,704
