0.04431629180908203,746
0.04461336135864258,746
0.05349469184875488,745
0.07588052749633789,744
0.07802700996398926,743
0.11553597450256348,742
0.15278220176696777,741
0.1538403034210205,740
0.16559958457946777,739
0.18314170837402344,738
0.1883082389831543,737
0.19123482704162598,736
0.19822430610656738,735
0.2152690887451172,734
0.22588062286376953,733
0.2349088191986084,732
0.24116802215576172,731
0.253389835357666,730
0.2542424201965332,729
0.28697681427001953,728
0.29155826568603516,727
0.3136875629425049,726
0.3189678192138672,725
0.3617699146270752,724
0.3658006191253662,723
0.38790059089660645,722
0.43773961067199707,721
0.4634549617767334,720
0.5618360042572021,719
0.6840851306915283,718
0.7434701919555664,717
0.7581830024719238,716
0.9158906936645508,715
0.9535460472106934,714
0.9822289943695068,713
1.0818941593170166,712
1.1415479183197021,711
1.1525509357452393,710
1.7593445777893066,709
2.0088388919830322,708
4.833827972412109,707
6.189695119857788,706
6.399156093597412,705
52.00869536399841,704
170.4848370552063,703
