0.04443955421447754,746
0.044730424880981445,746
0.06586909294128418,745
0.07448148727416992,744
0.08237934112548828,743
0.08540797233581543,742
0.09872102737426758,741
0.10123753547668457,740
0.10660743713378906,739
0.11252570152282715,738
0.12975311279296875,737
0.15358996391296387,736
0.1571953296661377,735
0.1695854663848877,734
0.17077302932739258,733
0.2057945728302002,732
0.21092462539672852,731
0.23490595817565918,730
0.23850083351135254,729
0.25193214416503906,728
0.26145267486572266,727
0.3105647563934326,726
0.32613396644592285,725
0.39383840560913086,724
0.41328930854797363,723
0.5286555290222168,722
0.7258322238922119,721
0.7303380966186523,720
0.7480463981628418,719
0.8188445568084717,718
0.8268852233886719,717
0.8793206214904785,716
1.1991896629333496,715
1.4806718826293945,714
1.5256516933441162,713
1.8304328918457031,712
2.0007550716400146,711
2.0579402446746826,710
2.297626256942749,709
4.959478378295898,708
5.104862213134766,707
6.475452184677124,706
17.262768745422363,705
17.456419467926025,704
52.878538608551025,703
