0.05700874328613281,614
0.05733776092529297,614
0.08344125747680664,613
0.10076093673706055,612
0.12151241302490234,611
0.14325809478759766,610
0.14899826049804688,609
0.16479063034057617,608
0.17137861251831055,607
0.23376131057739258,606
0.23406720161437988,605
0.4175117015838623,604
0.4466242790222168,603
0.486574649810791,602
0.5753326416015625,601
0.5995306968688965,600
0.6232128143310547,599
0.6558525562286377,598
0.6862173080444336,597
0.7164633274078369,596
0.8643143177032471,595
3.776268720626831,594
