0.0567624568939209,614
0.05708622932434082,614
0.0675516128540039,613
0.0921471118927002,612
0.09997701644897461,611
0.13294696807861328,610
0.1344010829925537,609
0.13530230522155762,608
0.15755820274353027,607
0.16010046005249023,606
0.16043639183044434,605
0.16078782081604004,604
0.18104958534240723,603
0.19907069206237793,602
0.22647309303283691,601
0.28599023818969727,600
0.3479132652282715,599
0.5754897594451904,598
0.7639181613922119,597
1.0096769332885742,596
3.7961647510528564,595
5.6943817138671875,594
