0.05696296691894531,614
0.05728030204772949,614
0.090301513671875,613
0.09148168563842773,612
0.0968470573425293,611
0.10829949378967285,610
0.1389479637145996,609
0.14717864990234375,608
0.1667625904083252,607
0.18484783172607422,606
0.1901557445526123,605
0.24558210372924805,604
0.2664182186126709,603
0.27524757385253906,602
0.2917795181274414,601
0.30691027641296387,600
0.3782017230987549,599
0.5504550933837891,598
0.6472156047821045,597
0.9084880352020264,596
1.2222914695739746,595
6.667554616928101,594
