0.05701184272766113,614
0.05736541748046875,614
0.0850076675415039,613
0.0908200740814209,612
0.11753487586975098,611
0.15234804153442383,610
0.1643047332763672,609
0.18904519081115723,608
0.2068636417388916,607
0.2348182201385498,606
0.2451009750366211,605
0.262345552444458,604
0.29274582862854004,603
0.29996228218078613,602
0.30129218101501465,601
0.3680460453033447,600
0.39856410026550293,599
0.4368734359741211,598
0.6045265197753906,597
0.7109529972076416,596
2.105104923248291,595
8.474244356155396,594
