0.057082414627075195,614
0.057412147521972656,614
0.06804394721984863,613
0.07398128509521484,612
0.08389425277709961,611
0.09743452072143555,610
0.10302281379699707,609
0.10533332824707031,608
0.11372566223144531,607
0.13253092765808105,606
0.1522207260131836,605
0.178328275680542,604
0.18847298622131348,603
0.23713898658752441,602
0.2954730987548828,601
0.37982916831970215,600
0.46315956115722656,599
0.533961296081543,598
0.5637044906616211,597
0.6932210922241211,596
0.7420003414154053,595
1.3028030395507812,594
