0.05678391456604004,614
0.057105064392089844,614
0.06377100944519043,613
0.06745433807373047,612
0.08472561836242676,611
0.09544539451599121,610
0.10981607437133789,609
0.1240682601928711,608
0.17078924179077148,607
0.1708061695098877,606
0.1825122833251953,605
0.1973433494567871,604
0.21362948417663574,603
0.22954368591308594,602
0.24539566040039062,601
0.280364990234375,600
0.3202788829803467,599
0.32738685607910156,598
0.32904934883117676,597
0.6519298553466797,596
0.7087907791137695,595
7.180999994277954,594
