0.05713629722595215,614
0.05746316909790039,614
0.0887594223022461,613
0.09069061279296875,612
0.09198975563049316,611
0.10380172729492188,610
0.14899206161499023,609
0.1706099510192871,608
0.2242417335510254,607
0.23329901695251465,606
0.2609364986419678,605
0.2725956439971924,604
0.28418946266174316,603
0.298311710357666,602
0.35904979705810547,601
0.3939051628112793,600
0.42221760749816895,599
0.6778092384338379,598
0.8226475715637207,597
0.8583390712738037,596
0.8796885013580322,595
2.068084239959717,594
