0.05837821960449219,614
0.05872464179992676,614
0.06918597221374512,613
0.09299993515014648,612
0.09480595588684082,611
0.10228872299194336,610
0.10234904289245605,609
0.12688207626342773,608
0.15959787368774414,607
0.16313600540161133,606
0.165910005569458,605
0.2136843204498291,604
0.3343021869659424,603
0.3549227714538574,602
0.4017794132232666,601
0.5147080421447754,600
0.6700034141540527,599
0.7515735626220703,598
0.9224991798400879,597
1.2118606567382812,596
1.668053150177002,595
1.9768080711364746,594
