0.057115793228149414,614
0.05744624137878418,614
0.05945563316345215,613
0.1173853874206543,612
0.13533496856689453,611
0.13767099380493164,610
0.14150047302246094,609
0.14339065551757812,608
0.18501019477844238,607
0.19726109504699707,606
0.22404956817626953,605
0.24347662925720215,604
0.2642858028411865,603
0.32175159454345703,602
0.38104796409606934,601
0.4054985046386719,600
0.4130566120147705,599
0.47797536849975586,598
0.5961153507232666,597
1.0346627235412598,596
1.0758213996887207,595
1.147705316543579,594
