0.057028770446777344,614
0.05735921859741211,614
0.08107948303222656,613
0.08589410781860352,612
0.0986948013305664,611
0.14702153205871582,610
0.1621387004852295,609
0.19057226181030273,608
0.21693992614746094,607
0.23892569541931152,606
0.28068995475769043,605
0.4294767379760742,604
0.5374479293823242,603
0.5470106601715088,602
0.6214585304260254,601
0.7210369110107422,600
0.7380499839782715,599
0.7801306247711182,598
0.7802777290344238,597
0.8269951343536377,596
1.5263965129852295,595
2.768348217010498,594
