0.2913167476654053,2269
0.2928886413574219,2269
0.3465709686279297,2268
0.354525089263916,2267
0.373171329498291,2266
0.3778350353240967,2265
0.43286895751953125,2264
0.49443507194519043,2263
0.496795654296875,2262
0.5220508575439453,2261
0.575141429901123,2260
0.5757510662078857,2259
0.5885090827941895,2258
0.6407792568206787,2257
0.6833474636077881,2256
0.814277172088623,2255
0.81982421875,2254
0.9114601612091064,2253
0.9123239517211914,2252
0.9646730422973633,2251
1.0655887126922607,2250
1.1177444458007812,2249
1.1881628036499023,2248
1.2761244773864746,2247
1.3464200496673584,2246
1.3606913089752197,2245
1.364621877670288,2244
1.3664937019348145,2243
1.368241310119629,2242
1.5322959423065186,2241
1.5557236671447754,2240
1.5707159042358398,2239
1.673464298248291,2238
1.674591302871704,2237
1.7635326385498047,2236
1.8345253467559814,2235
1.8821210861206055,2234
1.9460852146148682,2233
2.1637325286865234,2232
2.338904619216919,2231
2.3406589031219482,2230
2.670292377471924,2229
2.7867276668548584,2228
2.926182746887207,2227
2.9421398639678955,2226
2.955888509750366,2225
3.657366991043091,2224
3.889439821243286,2223
3.9324097633361816,2222
4.213698863983154,2221
4.2602410316467285,2220
4.278222322463989,2219
4.31848669052124,2218
4.766072034835815,2217
5.0777482986450195,2216
5.154873847961426,2215
5.665209770202637,2214
6.239807605743408,2213
6.910005807876587,2212
7.86559271812439,2211
8.21302318572998,2210
8.263576745986938,2209
8.62914490699768,2208
17.55700945854187,2207
19.055880069732666,2206
20.133852243423462,2205
51.57906627655029,2204
108.35938000679016,2203
