0.29041600227355957,2269
0.2919631004333496,2269
0.3393278121948242,2268
0.3701457977294922,2267
0.4437541961669922,2266
0.4934396743774414,2265
0.5077085494995117,2264
0.522918701171875,2263
0.5404176712036133,2262
0.5817170143127441,2261
0.6206789016723633,2260
0.6458454132080078,2259
0.7032995223999023,2258
0.7183389663696289,2257
0.7436261177062988,2256
0.7594301700592041,2255
0.8065552711486816,2254
0.8350889682769775,2253
0.8379218578338623,2252
0.9008324146270752,2251
0.9182584285736084,2250
0.9282548427581787,2249
0.9290120601654053,2248
1.1126034259796143,2247
1.1680629253387451,2246
1.2113029956817627,2245
1.3234615325927734,2244
1.333357810974121,2243
1.4248175621032715,2242
1.4371716976165771,2241
1.4659860134124756,2240
1.5098912715911865,2239
1.58902907371521,2238
1.645076036453247,2237
1.6905195713043213,2236
1.7214117050170898,2235
1.8240594863891602,2234
1.843778133392334,2233
1.8862395286560059,2232
1.8992726802825928,2231
2.0995099544525146,2230
2.2931325435638428,2229
2.3129091262817383,2228
2.353459119796753,2227
2.6762940883636475,2226
2.8798978328704834,2225
3.12166166305542,2224
3.4176971912384033,2223
3.573901653289795,2222
3.890779733657837,2221
4.077625513076782,2220
4.231868028640747,2219
4.4488255977630615,2218
4.770043849945068,2217
5.253599166870117,2216
5.5112223625183105,2215
6.11626935005188,2214
6.602823257446289,2213
6.964306592941284,2212
6.976500511169434,2211
6.978585481643677,2210
7.372596263885498,2209
8.255680561065674,2208
12.149100542068481,2207
25.797385215759277,2206
26.405855178833008,2205
28.04481554031372,2204
58.4599494934082,2203
