0.29059481620788574,2269
0.29215192794799805,2269
0.3518552780151367,2268
0.41836094856262207,2267
0.4332549571990967,2266
0.5258166790008545,2265
0.5720508098602295,2264
0.7029380798339844,2263
0.7176852226257324,2262
0.7304272651672363,2261
0.7358202934265137,2260
0.7396564483642578,2259
0.7546277046203613,2258
0.7624218463897705,2257
0.8153376579284668,2256
0.8363277912139893,2255
0.958965539932251,2254
0.9780185222625732,2253
1.0028841495513916,2252
1.0325782299041748,2251
1.144594669342041,2250
1.255629539489746,2249
1.2556796073913574,2248
1.3918323516845703,2247
1.4028112888336182,2246
1.4114439487457275,2245
1.4320964813232422,2244
1.439077615737915,2243
1.5061118602752686,2242
1.6071326732635498,2241
1.607192039489746,2240
1.6278133392333984,2239
1.6361968517303467,2238
1.6367404460906982,2237
1.6594960689544678,2236
1.6617844104766846,2235
1.6683804988861084,2234
1.7012646198272705,2233
1.7023162841796875,2232
1.7536039352416992,2231
1.9423043727874756,2230
2.0306191444396973,2229
2.1527276039123535,2228
2.2067806720733643,2227
2.2577545642852783,2226
2.4605345726013184,2225
2.554888963699341,2224
2.6117489337921143,2223
2.7235758304595947,2222
2.8213253021240234,2221
3.1207456588745117,2220
3.4602627754211426,2219
3.5618083477020264,2218
3.5979528427124023,2217
3.706352472305298,2216
3.725515127182007,2215
3.8026139736175537,2214
3.8354332447052,2213
3.92761492729187,2212
4.154769420623779,2211
6.098751783370972,2210
7.397604703903198,2209
14.741879940032959,2208
15.455723762512207,2207
19.52989959716797,2206
19.873633861541748,2205
31.602445363998413,2204
156.18573331832886,2203
