0.2907121181488037,2269
0.29222726821899414,2269
0.42124414443969727,2268
0.44150781631469727,2267
0.45259666442871094,2266
0.4629964828491211,2265
0.47215700149536133,2264
0.5177507400512695,2263
0.52518630027771,2262
0.5310547351837158,2261
0.5435903072357178,2260
0.5518708229064941,2259
0.6038815975189209,2258
0.6734161376953125,2257
0.760772705078125,2256
0.8083007335662842,2255
0.8656272888183594,2254
0.8739032745361328,2253
0.907942533493042,2252
0.9717819690704346,2251
0.995307207107544,2250
1.0799615383148193,2249
1.210587739944458,2248
1.2471065521240234,2247
1.2692821025848389,2246
1.2813849449157715,2245
1.3324170112609863,2244
1.3442566394805908,2243
1.4689373970031738,2242
1.5008997917175293,2241
1.531369924545288,2240
1.5958538055419922,2239
1.6478569507598877,2238
1.6736500263214111,2237
1.759279489517212,2236
1.7916436195373535,2235
1.8385419845581055,2234
1.8467316627502441,2233
1.8477208614349365,2232
1.955019235610962,2231
1.956057071685791,2230
2.0011537075042725,2229
2.0484282970428467,2228
2.0978140830993652,2227
2.1621363162994385,2226
2.200103521347046,2225
2.223153591156006,2224
2.2470295429229736,2223
2.3498618602752686,2222
2.856417417526245,2221
2.8768551349639893,2220
3.310424566268921,2219
3.5326647758483887,2218
4.214883327484131,2217
4.406994819641113,2216
4.832566261291504,2215
5.570169448852539,2214
5.653314113616943,2213
5.766045570373535,2212
5.87004280090332,2211
6.797743320465088,2210
7.5312018394470215,2209
7.782516002655029,2208
8.803514957427979,2207
9.558215618133545,2206
14.335850954055786,2205
24.41960382461548,2204
33.90648865699768,2203
