0.2910792827606201,2269
0.2928478717803955,2269
0.3413515090942383,2268
0.35098743438720703,2267
0.35202527046203613,2266
0.3556995391845703,2265
0.36905622482299805,2264
0.4377148151397705,2263
0.4447636604309082,2262
0.44585418701171875,2261
0.46694064140319824,2260
0.4883565902709961,2259
0.4991910457611084,2258
0.5768189430236816,2257
0.5935807228088379,2256
0.5968718528747559,2255
0.6151647567749023,2254
0.6759083271026611,2253
0.6775414943695068,2252
0.7823560237884521,2251
0.7911868095397949,2250
0.8153369426727295,2249
0.8177273273468018,2248
0.8186547756195068,2247
0.833115816116333,2246
0.8962152004241943,2245
0.8999342918395996,2244
0.9508109092712402,2243
0.9615159034729004,2242
0.9640536308288574,2241
0.9905531406402588,2240
1.063828468322754,2239
1.0896978378295898,2238
1.1042242050170898,2237
1.1241838932037354,2236
1.1547091007232666,2235
1.1858956813812256,2234
1.2653889656066895,2233
1.3300304412841797,2232
1.4227149486541748,2231
1.6681232452392578,2230
1.7717225551605225,2229
1.9015123844146729,2228
1.946333885192871,2227
2.0370185375213623,2226
2.338026285171509,2225
2.474923610687256,2224
2.5614802837371826,2223
2.5747568607330322,2222
2.625823974609375,2221
2.736224889755249,2220
2.824341058731079,2219
2.9691007137298584,2218
3.0817604064941406,2217
3.205012559890747,2216
3.2766611576080322,2215
3.380242347717285,2214
3.7119274139404297,2213
3.8007116317749023,2212
4.067517280578613,2211
4.324591875076294,2210
5.158639907836914,2209
5.1891865730285645,2208
5.29683256149292,2207
7.74070930480957,2206
7.9061150550842285,2205
33.558648347854614,2204
47.55880808830261,2203
