0.29065728187561035,2269
0.29231810569763184,2269
0.33650922775268555,2268
0.4456155300140381,2267
0.4744839668273926,2266
0.49390721321105957,2265
0.49739527702331543,2264
0.5630373954772949,2263
0.5692708492279053,2262
0.5922486782073975,2261
0.5942723751068115,2260
0.5970888137817383,2259
0.6120486259460449,2258
0.631575345993042,2257
0.6556477546691895,2256
0.708662748336792,2255
0.7279043197631836,2254
0.7651650905609131,2253
0.890146017074585,2252
0.9653863906860352,2251
1.009404182434082,2250
1.0187504291534424,2249
1.0318050384521484,2248
1.0587854385375977,2247
1.082434892654419,2246
1.1975741386413574,2245
1.2012109756469727,2244
1.2464191913604736,2243
1.2913124561309814,2242
1.3466923236846924,2241
1.3646645545959473,2240
1.4073045253753662,2239
1.4267094135284424,2238
1.4947731494903564,2237
1.6618585586547852,2236
1.7387714385986328,2235
1.807375192642212,2234
1.9284753799438477,2233
2.0787179470062256,2232
2.142899513244629,2231
2.14381742477417,2230
2.1839981079101562,2229
2.3011934757232666,2228
2.330803871154785,2227
2.3498337268829346,2226
2.4087605476379395,2225
2.90529727935791,2224
3.3574485778808594,2223
3.5895893573760986,2222
3.680088996887207,2221
3.880389928817749,2220
4.354556083679199,2219
4.780836343765259,2218
4.807576656341553,2217
5.08933687210083,2216
5.30333137512207,2215
5.369048357009888,2214
5.9674437046051025,2213
6.6446099281311035,2212
6.891407489776611,2211
11.315443515777588,2210
12.699331760406494,2209
13.083018064498901,2208
13.69883942604065,2207
16.14622402191162,2206
19.565778493881226,2205
32.03236174583435,2204
103.40919327735901,2203
