0.2909095287322998,2269
0.29248833656311035,2269
0.39084935188293457,2268
0.4471404552459717,2267
0.4664778709411621,2266
0.4788827896118164,2265
0.5251872539520264,2264
0.5388772487640381,2263
0.545438289642334,2262
0.5485482215881348,2261
0.645313024520874,2260
0.7458498477935791,2259
0.8330810070037842,2258
0.8428306579589844,2257
0.8470933437347412,2256
0.858809232711792,2255
0.8792760372161865,2254
0.934478759765625,2253
0.9706318378448486,2252
1.0739400386810303,2251
1.0739712715148926,2250
1.1104025840759277,2249
1.1365575790405273,2248
1.2088844776153564,2247
1.2138359546661377,2246
1.218897819519043,2245
1.2284326553344727,2244
1.3572344779968262,2243
1.3823118209838867,2242
1.4168241024017334,2241
1.4272620677947998,2240
1.4545254707336426,2239
1.457315444946289,2238
1.5075056552886963,2237
1.5219271183013916,2236
1.5632641315460205,2235
1.5737948417663574,2234
1.590461015701294,2233
1.7619059085845947,2232
1.906256914138794,2231
1.933359146118164,2230
1.9334101676940918,2229
2.1101272106170654,2228
2.1961510181427,2227
2.2133004665374756,2226
2.2169222831726074,2225
2.326385498046875,2224
2.3857810497283936,2223
2.4490509033203125,2222
2.599895477294922,2221
2.792717456817627,2220
3.130598306655884,2219
3.7242045402526855,2218
3.907223701477051,2217
4.570546865463257,2216
4.962435245513916,2215
5.664724349975586,2214
5.850000381469727,2213
6.258496046066284,2212
6.369892120361328,2211
6.70819616317749,2210
10.127699851989746,2209
10.670952796936035,2208
14.129437446594238,2207
15.131880760192871,2206
18.494667530059814,2205
43.88810706138611,2204
52.514081716537476,2203
