0.29110145568847656,2269
0.29265499114990234,2269
0.3303797245025635,2268
0.35704612731933594,2267
0.41673898696899414,2266
0.42914271354675293,2265
0.5119571685791016,2264
0.5181140899658203,2263
0.5189950466156006,2262
0.5213742256164551,2261
0.5332839488983154,2260
0.5669546127319336,2259
0.6443350315093994,2258
0.7094595432281494,2257
0.742485761642456,2256
0.7553126811981201,2255
0.7614693641662598,2254
0.7695205211639404,2253
0.8228821754455566,2252
0.8500306606292725,2251
0.898287296295166,2250
0.9334685802459717,2249
0.9558837413787842,2248
0.9647223949432373,2247
1.0055832862854004,2246
1.045781135559082,2245
1.1324751377105713,2244
1.1519086360931396,2243
1.19718599319458,2242
1.3932125568389893,2241
1.4359571933746338,2240
1.6049351692199707,2239
1.6311225891113281,2238
1.7367546558380127,2237
1.8261656761169434,2236
1.8331232070922852,2235
1.856311559677124,2234
1.8714120388031006,2233
2.2153003215789795,2232
2.340346574783325,2231
2.476808547973633,2230
2.5171189308166504,2229
2.53185772895813,2228
2.9153058528900146,2227
2.9257397651672363,2226
3.1379754543304443,2225
3.832751989364624,2224
4.277164697647095,2223
4.74568247795105,2222
4.9355597496032715,2221
5.049456357955933,2220
5.097597360610962,2219
5.2856035232543945,2218
6.159296989440918,2217
6.82674241065979,2216
7.1662914752960205,2215
8.002224922180176,2214
8.842690229415894,2213
9.989321947097778,2212
11.461729764938354,2211
11.741086959838867,2210
12.96256947517395,2209
13.814347743988037,2208
15.206539869308472,2207
16.21032452583313,2206
24.002162218093872,2205
28.866056442260742,2204
47.17231225967407,2203
