0.29090142250061035,2269
0.2924680709838867,2269
0.30152130126953125,2268
0.42652177810668945,2267
0.43199896812438965,2266
0.4388585090637207,2265
0.4529445171356201,2264
0.4534726142883301,2263
0.46254467964172363,2262
0.5928232669830322,2261
0.6246399879455566,2260
0.6533505916595459,2259
0.6753532886505127,2258
0.8005309104919434,2257
0.8152141571044922,2256
0.8601212501525879,2255
0.933837890625,2254
0.9412477016448975,2253
0.9448604583740234,2252
0.952465295791626,2251
1.1486494541168213,2250
1.1506083011627197,2249
1.1596102714538574,2248
1.2073769569396973,2247
1.2097923755645752,2246
1.236638069152832,2245
1.327378749847412,2244
1.3469963073730469,2243
1.4295334815979004,2242
1.50239896774292,2241
1.5114293098449707,2240
1.5147604942321777,2239
1.5856812000274658,2238
1.6199731826782227,2237
1.8606255054473877,2236
1.9155972003936768,2235
1.9436266422271729,2234
1.9489812850952148,2233
2.107198476791382,2232
2.1692261695861816,2231
2.2503862380981445,2230
2.259202241897583,2229
2.4839329719543457,2228
2.5663394927978516,2227
2.5919103622436523,2226
2.614206314086914,2225
2.69944429397583,2224
2.793435573577881,2223
2.839372396469116,2222
2.8804268836975098,2221
3.0827131271362305,2220
3.400411605834961,2219
3.414811372756958,2218
3.715874195098877,2217
4.31672739982605,2216
4.83914041519165,2215
4.873123645782471,2214
5.028620481491089,2213
5.81589937210083,2212
6.551767587661743,2211
8.516277551651001,2210
8.909240007400513,2209
11.271468162536621,2208
11.864753723144531,2207
14.749805927276611,2206
21.422785997390747,2205
62.78907513618469,2204
99.03109788894653,2203
