0.29140329360961914,2269
0.292985200881958,2269
0.3231997489929199,2268
0.33104681968688965,2267
0.33608579635620117,2266
0.41591405868530273,2265
0.4323551654815674,2264
0.45989418029785156,2263
0.49056553840637207,2262
0.5447471141815186,2261
0.5751931667327881,2260
0.5836329460144043,2259
0.6188132762908936,2258
0.6486392021179199,2257
0.6920778751373291,2256
0.7115695476531982,2255
0.7846543788909912,2254
0.7961990833282471,2253
0.8025660514831543,2252
0.8976991176605225,2251
0.9705085754394531,2250
1.035825252532959,2249
1.0877113342285156,2248
1.102492332458496,2247
1.1158461570739746,2246
1.1525778770446777,2245
1.2064268589019775,2244
1.2205314636230469,2243
1.2357304096221924,2242
1.315258502960205,2241
1.4005804061889648,2240
1.4221527576446533,2239
1.4782288074493408,2238
1.5182538032531738,2237
1.6508104801177979,2236
1.6589992046356201,2235
1.6616151332855225,2234
1.692467212677002,2233
1.7494652271270752,2232
1.8557565212249756,2231
2.0668222904205322,2230
2.3974902629852295,2229
2.400684118270874,2228
2.7540576457977295,2227
2.7709195613861084,2226
2.860168695449829,2225
3.096991777420044,2224
3.427398681640625,2223
3.4847307205200195,2222
3.6649763584136963,2221
3.9076991081237793,2220
3.928659677505493,2219
4.193636178970337,2218
4.202096939086914,2217
4.29876708984375,2216
4.379539489746094,2215
4.630509853363037,2214
5.140209913253784,2213
5.292128086090088,2212
6.042733669281006,2211
6.540431499481201,2210
6.9471306800842285,2209
7.201855897903442,2208
13.289131879806519,2207
13.801806449890137,2206
15.879877090454102,2205
69.66334271430969,2204
143.6716992855072,2203
