4.917107582092285,7017
4.922055959701538,7017
9.995338201522827,7016
12.003545761108398,7015
15.664938688278198,7014
25.196675062179565,7013
25.63769841194153,7012
26.832518100738525,7011
27.510707139968872,7010
27.927628993988037,7009
32.69788455963135,7008
34.427536725997925,7007
45.801207304000854,7006
48.19396090507507,7005
49.64955735206604,7004
57.007307291030884,7003
63.4929678440094,7002
65.27863430976868,7001
68.53996872901917,7000
71.3917145729065,6999
72.11681723594666,6998
76.24744534492493,6997
83.57965421676636,6996
84.39720749855042,6995
90.58017325401306,6994
103.01533651351929,6993
106.53173637390137,6992
113.62807607650757,6991
115.94638633728027,6990
118.04545187950134,6989
119.55287456512451,6988
127.361248254776,6987
134.77783465385437,6986
143.96519255638123,6985
151.4388039112091,6984
155.98446416854858,6983
165.34208798408508,6982
175.92985701560974,6981
180.27667665481567,6980
181.05960249900818,6979
185.68578243255615,6978
193.50212407112122,6977
194.80677342414856,6976
195.55020308494568,6975
199.76802730560303,6974
203.74505949020386,6973
216.81220293045044,6972
233.75756287574768,6971
263.84454584121704,6970
317.8304588794708,6969
401.95491099357605,6968
417.15487337112427,6967
443.4459319114685,6966
503.6627449989319,6965
505.86774706840515,6964
552.9714586734772,6963
574.017626285553,6962
