4.7881200313568115,7017
4.793040752410889,7017
9.314940214157104,7016
19.26774787902832,7015
21.33796739578247,7014
25.151378393173218,7013
30.513303756713867,7012
33.25679159164429,7011
36.06927800178528,7010
40.82797646522522,7009
46.82810425758362,7008
49.15010666847229,7007
49.17432355880737,7006
53.9854998588562,7005
58.212398290634155,7004
61.42199897766113,7003
73.30221724510193,7002
75.2053165435791,7001
87.37848997116089,7000
92.95261454582214,6999
112.87049555778503,6998
114.14467883110046,6997
115.91360235214233,6996
119.51380753517151,6995
139.8404152393341,6994
143.95357060432434,6993
164.8615207672119,6992
166.59927821159363,6991
174.09876251220703,6990
204.59374690055847,6989
204.96137404441833,6988
207.9511857032776,6987
233.04186725616455,6986
250.28755521774292,6985
268.1443576812744,6984
294.82492423057556,6983
297.6138696670532,6982
301.2861089706421,6981
303.7132339477539,6980
307.10527896881104,6979
312.25445437431335,6978
316.34941053390503,6977
326.74841594696045,6976
354.1388466358185,6975
360.7311728000641,6974
370.33832240104675,6973
390.1200735569,6972
396.74909114837646,6971
429.2048671245575,6970
453.19138622283936,6969
467.82535099983215,6968
481.4143283367157,6967
520.373030424118,6966
534.4050981998444,6965
591.6845555305481,6964
