4.83524751663208,7017
4.840117454528809,7017
15.298074007034302,7016
19.29204559326172,7015
20.42961835861206,7014
21.454896211624146,7013
27.024795293807983,7012
30.818626880645752,7011
32.074249267578125,7010
34.22020673751831,7009
35.65633249282837,7008
37.92255783081055,7007
39.391337156295776,7006
46.319488525390625,7005
46.51698088645935,7004
47.92331600189209,7003
48.05916666984558,7002
50.924548864364624,7001
57.49771690368652,7000
82.94387674331665,6999
84.76946568489075,6998
93.02979731559753,6997
125.86303734779358,6996
126.98209834098816,6995
177.02517247200012,6994
204.2551462650299,6993
222.51263451576233,6992
279.62273263931274,6991
290.05322098731995,6990
334.44319915771484,6989
338.5416433811188,6988
349.4417726993561,6987
367.1349675655365,6986
383.25767850875854,6985
401.8388183116913,6984
408.1940484046936,6983
420.7938561439514,6982
421.70404171943665,6981
425.6518726348877,6980
470.8418347835541,6979
488.2201476097107,6978
506.6941032409668,6977
540.9619841575623,6976
547.3462932109833,6975
552.477037191391,6974
583.5314617156982,6973
587.5605511665344,6972
