10.058932781219482,4858
10.066635847091675,4858
11.334896087646484,4857
11.787998914718628,4856
12.006998538970947,4855
12.141258239746094,4854
12.357297420501709,4853
12.506304502487183,4852
13.113455772399902,4851
13.113609075546265,4850
13.5929274559021,4849
13.802366256713867,4848
13.85550332069397,4847
14.186771392822266,4846
14.284205675125122,4845
14.32550835609436,4844
14.902065753936768,4843
14.978721141815186,4842
15.025308609008789,4841
15.03450894355774,4840
15.110590696334839,4839
15.362578630447388,4838
15.376047849655151,4837
15.403072118759155,4836
15.403296709060669,4835
15.62042760848999,4834
15.62730622291565,4833
15.723824501037598,4832
15.743538618087769,4831
15.996817350387573,4830
16.12792468070984,4829
16.212008237838745,4828
16.25595474243164,4827
16.385642766952515,4826
16.389879941940308,4825
16.499287843704224,4824
16.5389621257782,4823
17.312092304229736,4822
17.336776971817017,4821
17.338749408721924,4820
17.547658681869507,4819
17.885438680648804,4818
18.121792793273926,4817
18.20473027229309,4816
18.20810079574585,4815
18.230108499526978,4814
18.263817310333252,4813
18.453856229782104,4812
18.457831621170044,4811
18.473137140274048,4810
18.496089696884155,4809
18.629711151123047,4808
18.866528272628784,4807
18.93065071105957,4806
19.027258157730103,4805
19.02872395515442,4804
19.106420516967773,4803
19.66219687461853,4802
19.98360514640808,4801
19.990285396575928,4800
20.0004665851593,4799
20.05226969718933,4798
20.19855570793152,4797
20.27322793006897,4796
20.64905881881714,4795
20.735071420669556,4794
20.97591257095337,4793
20.985791444778442,4792
20.98827338218689,4791
20.99530267715454,4790
21.16395378112793,4789
21.16686177253723,4788
21.379831552505493,4787
21.656977653503418,4786
21.859222650527954,4785
21.868266105651855,4784
21.89235019683838,4783
22.231396913528442,4782
22.531017541885376,4781
22.542407751083374,4780
22.697036266326904,4779
22.835904359817505,4778
23.063772916793823,4777
23.087299585342407,4776
23.108792066574097,4775
23.30366611480713,4774
23.30386757850647,4773
23.410167932510376,4772
23.60139799118042,4771
23.794318914413452,4770
23.994811534881592,4769
24.472699880599976,4768
24.829827547073364,4767
24.859033346176147,4766
24.951866388320923,4765
24.96434783935547,4764
25.20037055015564,4763
25.491245985031128,4762
25.51009964942932,4761
25.756122827529907,4760
25.934487342834473,4759
26.032607793807983,4758
26.173096179962158,4757
26.362101554870605,4756
26.871665239334106,4755
27.120240926742554,4754
27.384552478790283,4753
27.662557125091553,4752
27.705254077911377,4751
27.792726278305054,4750
27.834755420684814,4749
27.96757411956787,4748
28.01622176170349,4747
28.170289754867554,4746
28.27436137199402,4745
28.483664512634277,4744
28.85073971748352,4743
29.23955225944519,4742
29.771499156951904,4741
29.92586660385132,4740
29.93830418586731,4739
30.527925729751587,4738
30.712648630142212,4737
30.718777656555176,4736
31.18589997291565,4735
31.195072889328003,4734
31.81586217880249,4733
31.930325746536255,4732
32.000460624694824,4731
32.02893042564392,4730
32.03015327453613,4729
32.03478956222534,4728
32.221816539764404,4727
32.40156626701355,4726
32.58362364768982,4725
32.836780309677124,4724
32.9255268573761,4723
33.04604125022888,4722
33.06302571296692,4721
33.94108772277832,4720
34.01947331428528,4719
34.780409812927246,4718
34.82906770706177,4717
34.838414907455444,4716
34.91513633728027,4715
35.04316282272339,4714
35.58906650543213,4713
35.673224687576294,4712
36.0543155670166,4711
36.1677885055542,4710
36.17140030860901,4709
36.892733335494995,4708
36.91953086853027,4707
37.11135005950928,4706
37.25693464279175,4705
37.79012155532837,4704
38.358189821243286,4703
38.41247224807739,4702
38.55624842643738,4701
38.799065351486206,4700
38.828858375549316,4699
39.22451877593994,4698
39.309324741363525,4697
39.37720537185669,4696
39.77826714515686,4695
39.922152280807495,4694
40.47338008880615,4693
41.533453941345215,4692
41.554484128952026,4691
41.679667711257935,4690
42.04716777801514,4689
42.50274109840393,4688
42.54067778587341,4687
43.05286240577698,4686
43.51214551925659,4685
44.37451791763306,4684
44.581297159194946,4683
44.6689772605896,4682
44.820478677749634,4681
44.84041905403137,4680
44.92259359359741,4679
45.49712347984314,4678
46.006494998931885,4677
46.72338080406189,4676
47.05940651893616,4675
47.171398878097534,4674
47.98702335357666,4673
48.135502338409424,4672
48.42331576347351,4671
48.451645851135254,4670
48.81791400909424,4669
49.015464067459106,4668
49.93579840660095,4667
50.49470520019531,4666
50.57546663284302,4665
51.09204888343811,4664
51.153236627578735,4663
51.65001916885376,4662
51.88723421096802,4661
52.911628007888794,4660
53.178569078445435,4659
53.67095327377319,4658
54.248074531555176,4657
55.12983179092407,4656
56.1967875957489,4655
57.935559034347534,4654
57.93614602088928,4653
58.1672523021698,4652
58.31268763542175,4651
58.38112425804138,4650
59.269259214401245,4649
61.18408799171448,4648
61.54296135902405,4647
61.902071714401245,4646
63.057791233062744,4645
63.35832738876343,4644
63.39797234535217,4643
63.415191411972046,4642
63.430349349975586,4641
63.67626476287842,4640
64.61991024017334,4639
64.65332555770874,4638
64.71076321601868,4637
65.02182149887085,4636
65.61862683296204,4635
67.7470109462738,4634
67.7651515007019,4633
69.70053577423096,4632
69.70951342582703,4631
70.0583438873291,4630
70.44792246818542,4629
70.69006085395813,4628
71.27862977981567,4627
71.81782102584839,4626
74.33417749404907,4625
75.30221843719482,4624
75.46642208099365,4623
75.8217716217041,4622
76.28903985023499,4621
76.53542017936707,4620
77.18670725822449,4619
77.72582793235779,4618
77.7693383693695,4617
78.26423454284668,4616
78.71836972236633,4615
81.01394009590149,4614
81.88368248939514,4613
83.27512979507446,4612
83.34863328933716,4611
83.53086519241333,4610
83.94542527198792,4609
84.11397409439087,4608
84.52448773384094,4607
86.27495121955872,4606
86.52804160118103,4605
88.33279395103455,4604
88.96073484420776,4603
89.8668782711029,4602
90.18948483467102,4601
90.91799855232239,4600
91.87866806983948,4599
92.57452034950256,4598
93.27033495903015,4597
93.29945063591003,4596
93.37774920463562,4595
93.65153813362122,4594
93.68701839447021,4593
95.8697988986969,4592
96.56137704849243,4591
97.66280508041382,4590
100.64459085464478,4589
104.83916997909546,4588
105.88077902793884,4587
107.56347680091858,4586
108.34051132202148,4585
109.50812244415283,4584
110.30701160430908,4583
114.37468576431274,4582
116.98889398574829,4581
117.16984224319458,4580
117.91861963272095,4579
118.35221576690674,4578
118.40864038467407,4577
120.23512125015259,4576
120.59706377983093,4575
123.2446608543396,4574
128.62801265716553,4573
132.6293933391571,4572
135.48736596107483,4571
135.63246083259583,4570
136.83077430725098,4569
137.66273951530457,4568
139.25821208953857,4567
139.86339735984802,4566
141.82261657714844,4565
152.69045400619507,4564
152.97869896888733,4563
156.66334629058838,4562
157.02081894874573,4561
169.9354383945465,4560
181.4429416656494,4559
192.569340467453,4558
192.5908019542694,4557
235.1180980205536,4556
235.64821362495422,4555
245.26250004768372,4554
253.3608591556549,4553
266.2102303504944,4552
298.0064628124237,4551
347.19845175743103,4550
367.7693178653717,4549
395.5089294910431,4548
431.783704996109,4547
