4.835519075393677,7017
4.840619087219238,7017
20.39380669593811,7016
25.7652006149292,7015
33.56180810928345,7014
41.2774133682251,7013
42.112911224365234,7012
44.300172328948975,7011
46.93956518173218,7010
48.266743659973145,7009
53.168214559555054,7008
54.58279490470886,7007
63.484214782714844,7006
65.30954718589783,7005
68.14047145843506,7004
71.1618139743805,7003
72.58766984939575,7002
79.95475482940674,7001
82.41034412384033,7000
88.246408700943,6999
97.9141697883606,6998
98.17963981628418,6997
99.81901669502258,6996
103.44629454612732,6995
104.90675830841064,6994
107.64251399040222,6993
109.29996252059937,6992
109.90031385421753,6991
114.46284818649292,6990
126.13508987426758,6989
128.38897967338562,6988
152.47370743751526,6987
152.5721094608307,6986
156.37264394760132,6985
167.41692399978638,6984
167.48972296714783,6983
178.97618341445923,6982
186.4660620689392,6981
198.40342783927917,6980
207.3896927833557,6979
221.65017819404602,6978
249.90962839126587,6977
276.5694811344147,6976
291.65255665779114,6975
294.93302369117737,6974
336.41126012802124,6973
349.59647393226624,6972
371.9951581954956,6971
404.4539680480957,6970
412.2267117500305,6969
431.53254222869873,6968
444.50813245773315,6967
472.3862910270691,6966
486.4399344921112,6965
533.4929091930389,6964
571.4134957790375,6963
579.2811574935913,6962
586.9440381526947,6961
