10.126725912094116,4858
10.13468313217163,4858
10.585366487503052,4857
10.603935956954956,4856
11.184731483459473,4855
11.262885808944702,4854
11.509896993637085,4853
11.754330396652222,4852
12.217419624328613,4851
12.233590841293335,4850
12.344743728637695,4849
12.576344013214111,4848
12.666044235229492,4847
12.824939727783203,4846
13.139513731002808,4845
13.15855073928833,4844
13.689764499664307,4843
13.8873610496521,4842
13.909577369689941,4841
13.912455797195435,4840
14.145879983901978,4839
14.411118745803833,4838
14.468967199325562,4837
14.864498615264893,4836
14.90341305732727,4835
14.911760330200195,4834
15.172377109527588,4833
15.198110103607178,4832
15.344812154769897,4831
15.496597051620483,4830
15.590127944946289,4829
15.963951349258423,4828
15.978858709335327,4827
16.282570838928223,4826
16.672956466674805,4825
16.71001935005188,4824
16.83985996246338,4823
17.22603750228882,4822
17.52729082107544,4821
17.547669410705566,4820
17.5780668258667,4819
17.736027002334595,4818
17.74012064933777,4817
17.94465160369873,4816
18.061238765716553,4815
18.328686714172363,4814
18.33308434486389,4813
18.37274432182312,4812
18.394052028656006,4811
18.421854496002197,4810
18.574827671051025,4809
18.911540031433105,4808
18.974900722503662,4807
19.11477255821228,4806
19.15150237083435,4805
19.442547082901,4804
19.541464805603027,4803
19.928005933761597,4802
19.946547746658325,4801
20.056232929229736,4800
20.06258487701416,4799
20.183820962905884,4798
20.229048490524292,4797
20.244864225387573,4796
20.620344400405884,4795
20.9411883354187,4794
20.962360620498657,4793
21.011616468429565,4792
21.04557180404663,4791
21.475944757461548,4790
21.47616147994995,4789
21.529705047607422,4788
22.295660257339478,4787
22.532835006713867,4786
22.703338623046875,4785
23.290546655654907,4784
23.663002490997314,4783
23.731518268585205,4782
23.978572368621826,4781
24.117267608642578,4780
24.449203491210938,4779
24.45704483985901,4778
24.633519172668457,4777
24.64442467689514,4776
24.90869450569153,4775
25.040566205978394,4774
25.059016704559326,4773
25.071752309799194,4772
25.36921739578247,4771
25.369317293167114,4770
25.642897367477417,4769
25.847774744033813,4768
25.901298999786377,4767
26.04897427558899,4766
26.082857370376587,4765
26.09295105934143,4764
26.146848917007446,4763
26.209604263305664,4762
26.637040376663208,4761
27.042962789535522,4760
27.367748737335205,4759
27.433965921401978,4758
27.816105127334595,4757
27.91367244720459,4756
27.960391759872437,4755
28.42769432067871,4754
28.57417607307434,4753
28.593225240707397,4752
28.949970483779907,4751
28.979806184768677,4750
28.990565538406372,4749
29.017144680023193,4748
29.059072732925415,4747
29.311593770980835,4746
29.324273824691772,4745
29.47922158241272,4744
29.564698219299316,4743
29.722432851791382,4742
29.844202518463135,4741
29.945733308792114,4740
29.990904092788696,4739
30.189021110534668,4738
30.556073427200317,4737
30.751503944396973,4736
30.800328254699707,4735
30.882004261016846,4734
30.94702959060669,4733
30.950473308563232,4732
31.094667196273804,4731
32.01231646537781,4730
32.23246717453003,4729
32.41053605079651,4728
32.87993025779724,4727
33.09984064102173,4726
33.11046624183655,4725
33.334044218063354,4724
33.78460717201233,4723
33.82380294799805,4722
34.02509331703186,4721
34.067214250564575,4720
34.080687046051025,4719
34.08107089996338,4718
34.132269620895386,4717
34.51885175704956,4716
34.53708481788635,4715
34.581361293792725,4714
34.92579126358032,4713
35.10596704483032,4712
35.706139087677,4711
35.81772184371948,4710
35.81872200965881,4709
36.413262367248535,4708
36.63434076309204,4707
36.710418939590454,4706
36.75123620033264,4705
36.79515790939331,4704
37.6560332775116,4703
37.68686318397522,4702
37.77364706993103,4701
37.91453146934509,4700
38.015100955963135,4699
38.7135808467865,4698
39.52702808380127,4697
39.91791486740112,4696
40.14829778671265,4695
40.54885673522949,4694
40.89108848571777,4693
41.06484913825989,4692
41.23877930641174,4691
41.73476457595825,4690
41.741106033325195,4689
42.399813413619995,4688
42.72904896736145,4687
42.72937321662903,4686
42.96295189857483,4685
43.206292152404785,4684
43.761773347854614,4683
43.96898031234741,4682
44.21420907974243,4681
45.24976348876953,4680
45.539212226867676,4679
45.566123485565186,4678
45.60804605484009,4677
47.365835428237915,4676
47.59671115875244,4675
48.01818513870239,4674
48.09898662567139,4673
48.19780731201172,4672
48.4870810508728,4671
48.48744177818298,4670
49.57227826118469,4669
49.60470795631409,4668
49.66660475730896,4667
50.260724782943726,4666
50.31515336036682,4665
50.344319581985474,4664
51.22947883605957,4663
51.465747117996216,4662
52.668599128723145,4661
52.82943892478943,4660
53.72143197059631,4659
54.06528568267822,4658
54.88557410240173,4657
55.87392234802246,4656
56.08427143096924,4655
56.79692220687866,4654
57.37794542312622,4653
57.86821889877319,4652
57.951913356781006,4651
58.94409942626953,4650
59.06611394882202,4649
60.631136894226074,4648
60.74915146827698,4647
61.040793895721436,4646
63.31324076652527,4645
63.40679907798767,4644
63.648141622543335,4643
63.70724940299988,4642
63.958293199539185,4641
64.00235104560852,4640
64.17495799064636,4639
64.72880744934082,4638
65.13757705688477,4637
65.6590793132782,4636
66.01808381080627,4635
66.04589676856995,4634
66.40545630455017,4633
67.18684482574463,4632
67.7053542137146,4631
68.03162741661072,4630
68.27929306030273,4629
68.6080002784729,4628
68.67915105819702,4627
69.09328269958496,4626
69.66295433044434,4625
69.87970042228699,4624
70.0675642490387,4623
70.55685806274414,4622
70.61451506614685,4621
70.68233299255371,4620
70.85569095611572,4619
71.04224729537964,4618
71.75397944450378,4617
72.17932510375977,4616
72.21639108657837,4615
74.01470041275024,4614
74.48348546028137,4613
74.82993841171265,4612
75.53334450721741,4611
76.65432047843933,4610
76.8541944026947,4609
80.1285707950592,4608
80.91923999786377,4607
81.61293148994446,4606
82.53515458106995,4605
82.78624749183655,4604
83.66808533668518,4603
86.18954014778137,4602
86.32049989700317,4601
86.53280329704285,4600
86.59567785263062,4599
87.69358444213867,4598
88.98877549171448,4597
91.4419469833374,4596
92.69974565505981,4595
93.06491613388062,4594
97.32579731941223,4593
97.67596483230591,4592
98.17811822891235,4591
100.99379587173462,4590
102.5712058544159,4589
103.8617148399353,4588
106.28008437156677,4587
106.85577750205994,4586
107.1320424079895,4585
109.49256300926208,4584
110.92951846122742,4583
111.92723035812378,4582
112.06356072425842,4581
112.80710506439209,4580
113.26731419563293,4579
113.80142211914062,4578
114.21378207206726,4577
115.96975708007812,4576
116.59192681312561,4575
120.89979910850525,4574
121.72401714324951,4573
123.40143203735352,4572
124.06107306480408,4571
124.51956748962402,4570
125.93394494056702,4569
130.55441784858704,4568
133.16299748420715,4567
137.18978881835938,4566
139.36819100379944,4565
143.34410762786865,4564
151.39333319664001,4563
154.36090922355652,4562
157.80577898025513,4561
162.91463088989258,4560
166.64920043945312,4559
177.84824323654175,4558
181.88309335708618,4557
187.80484414100647,4556
190.99021458625793,4555
205.61024260520935,4554
221.62447261810303,4553
259.5695171356201,4552
266.7195179462433,4551
288.22801995277405,4550
310.4635615348816,4549
471.3044445514679,4548
482.1038465499878,4547
