4.8428850173950195,7017
4.847802400588989,7017
7.977862596511841,7016
11.926815032958984,7015
21.731086254119873,7014
23.338932991027832,7013
29.08596920967102,7012
30.122567176818848,7011
32.72529053688049,7010
38.88747191429138,7009
41.370070695877075,7008
43.90713620185852,7007
45.05436635017395,7006
52.75325274467468,7005
68.65204882621765,7004
78.67972421646118,7003
82.45563697814941,7002
93.56145811080933,7001
93.95751881599426,7000
99.99637079238892,6999
102.8543860912323,6998
103.49607539176941,6997
129.87351489067078,6996
139.8610405921936,6995
162.53807544708252,6994
166.62649035453796,6993
183.94237303733826,6992
190.86704850196838,6991
206.7333071231842,6990
210.14118361473083,6989
221.5257716178894,6988
223.83026123046875,6987
226.18600797653198,6986
244.97771525382996,6985
261.6524705886841,6984
265.3434224128723,6983
277.9405288696289,6982
280.254056930542,6981
333.3202793598175,6980
352.58760714530945,6979
374.1381540298462,6978
394.7369532585144,6977
427.24623346328735,6976
434.72795271873474,6975
447.95937871932983,6974
483.8191213607788,6973
490.6056044101715,6972
506.34430980682373,6971
531.7192211151123,6970
568.8935742378235,6969
586.4186856746674,6968
