4.862177610397339,7017
4.867111682891846,7017
12.85644006729126,7016
23.62338399887085,7015
25.834242582321167,7014
32.988415241241455,7013
36.608545780181885,7012
36.677289724349976,7011
39.68291902542114,7010
42.21046590805054,7009
53.167712450027466,7008
58.57400941848755,7007
60.41615009307861,7006
71.04561138153076,7005
73.77343153953552,7004
75.5236222743988,7003
77.12884473800659,7002
90.42520880699158,7001
98.7071521282196,7000
98.83151531219482,6999
102.05282425880432,6998
102.33587646484375,6997
105.57076621055603,6996
122.82386183738708,6995
129.0132713317871,6994
131.28227019309998,6993
132.6276957988739,6992
144.40261936187744,6991
156.5169916152954,6990
160.29464411735535,6989
172.61681866645813,6988
179.86706042289734,6987
184.83774328231812,6986
217.72326850891113,6985
225.2401864528656,6984
241.29767441749573,6983
241.78757762908936,6982
263.6957643032074,6981
276.9970963001251,6980
279.1342759132385,6979
281.17704939842224,6978
288.491131067276,6977
295.8748724460602,6976
301.27333211898804,6975
310.9750521183014,6974
326.60537242889404,6973
336.0950527191162,6972
341.8746979236603,6971
350.62808537483215,6970
395.83815026283264,6969
426.99038553237915,6968
438.30081057548523,6967
455.7988188266754,6966
467.84538435935974,6965
470.2813174724579,6964
491.833847284317,6963
498.7737789154053,6962
511.3195176124573,6961
515.2737460136414,6960
523.9087359905243,6959
535.5309398174286,6958
581.17595911026,6957
592.954217672348,6956
