4.7933433055877686,7017
4.798159837722778,7017
11.784907817840576,7016
14.658271789550781,7015
17.358925580978394,7014
18.91191267967224,7013
19.157238960266113,7012
20.14982509613037,7011
29.987367153167725,7010
33.81788110733032,7009
34.09190630912781,7008
34.284358978271484,7007
37.76754188537598,7006
38.8845329284668,7005
40.596503019332886,7004
44.76501965522766,7003
52.533647298812866,7002
54.51115703582764,7001
61.70127773284912,7000
63.98523139953613,6999
65.70661401748657,6998
66.42184948921204,6997
70.2133150100708,6996
76.35003113746643,6995
77.03423810005188,6994
86.10164022445679,6993
95.48058438301086,6992
105.72668790817261,6991
113.39679956436157,6990
125.1233069896698,6989
131.52238154411316,6988
147.2978527545929,6987
161.38804411888123,6986
167.88239240646362,6985
171.31610989570618,6984
174.56682229042053,6983
219.20226311683655,6982
232.74683690071106,6981
236.3207859992981,6980
241.4332399368286,6979
270.9881319999695,6978
272.06651973724365,6977
278.2402331829071,6976
284.14401960372925,6975
338.4773712158203,6974
352.6546404361725,6973
414.46633529663086,6972
428.0256667137146,6971
459.47446155548096,6970
473.0068073272705,6969
477.5274739265442,6968
508.34576654434204,6967
519.5971522331238,6966
565.6392650604248,6965
