10.177357912063599,4858
10.185177326202393,4858
10.704298496246338,4857
11.68384051322937,4856
11.814659118652344,4855
11.833996772766113,4854
12.352332353591919,4853
13.03885293006897,4852
13.344715356826782,4851
13.779256820678711,4850
14.334933757781982,4849
14.392467260360718,4848
14.632467985153198,4847
14.736623048782349,4846
14.738041162490845,4845
14.770743608474731,4844
15.395233869552612,4843
15.516996622085571,4842
15.839559316635132,4841
15.953709125518799,4840
16.154830932617188,4839
16.380836248397827,4838
16.58812952041626,4837
16.670613527297974,4836
16.774354457855225,4835
16.845529079437256,4834
17.030563831329346,4833
17.075611352920532,4832
17.424347162246704,4831
17.450926780700684,4830
17.461883544921875,4829
17.87667489051819,4828
18.390857696533203,4827
18.484347343444824,4826
18.58137345314026,4825
18.59742522239685,4824
18.682861328125,4823
18.7088942527771,4822
18.741793394088745,4821
19.28192114830017,4820
19.359609127044678,4819
19.866777896881104,4818
20.034687280654907,4817
20.333068370819092,4816
20.397050380706787,4815
20.464871406555176,4814
20.498276948928833,4813
20.53485131263733,4812
20.55953097343445,4811
20.606892824172974,4810
20.753690004348755,4809
20.765557050704956,4808
20.783663511276245,4807
20.82260489463806,4806
20.826212882995605,4805
20.892162799835205,4804
20.902894496917725,4803
21.08422088623047,4802
21.10571551322937,4801
21.115023612976074,4800
21.195516109466553,4799
21.274689435958862,4798
21.535608053207397,4797
21.57970428466797,4796
21.646433353424072,4795
21.676380395889282,4794
21.80439019203186,4793
21.881975889205933,4792
21.98190450668335,4791
22.007527589797974,4790
22.1330246925354,4789
22.77465319633484,4788
22.80294704437256,4787
22.881078720092773,4786
23.153515100479126,4785
23.336849212646484,4784
23.51966404914856,4783
23.922513008117676,4782
23.928454399108887,4781
24.158020973205566,4780
24.163952827453613,4779
24.763172388076782,4778
24.902700662612915,4777
25.07859468460083,4776
25.251073122024536,4775
25.47258496284485,4774
25.474027633666992,4773
25.729267358779907,4772
25.73913335800171,4771
25.77246356010437,4770
25.914774656295776,4769
26.126097440719604,4768
26.384041786193848,4767
26.6303813457489,4766
26.727943420410156,4765
26.905466318130493,4764
27.077330112457275,4763
27.1269211769104,4762
27.714207410812378,4761
27.72243857383728,4760
27.982616424560547,4759
28.367302894592285,4758
28.38905096054077,4757
28.390143156051636,4756
28.53635883331299,4755
28.63442635536194,4754
28.672190189361572,4753
29.08761239051819,4752
29.210336923599243,4751
29.346288681030273,4750
29.860230445861816,4749
30.34268856048584,4748
30.793943881988525,4747
30.905407905578613,4746
31.08690643310547,4745
31.123473405838013,4744
31.24703335762024,4743
31.26403784751892,4742
31.279359579086304,4741
31.34521222114563,4740
32.384042501449585,4739
32.693479776382446,4738
32.805548906326294,4737
32.83229899406433,4736
33.034592628479004,4735
33.61746382713318,4734
34.07984805107117,4733
34.384371280670166,4732
34.51690316200256,4731
34.64875102043152,4730
35.00042223930359,4729
35.274205923080444,4728
35.47878623008728,4727
35.50696539878845,4726
35.521520376205444,4725
36.18088388442993,4724
37.03752946853638,4723
37.087931871414185,4722
37.13323426246643,4721
37.371304988861084,4720
37.854894399642944,4719
37.87458252906799,4718
38.289007902145386,4717
38.29690146446228,4716
38.68984651565552,4715
38.720869064331055,4714
38.721049785614014,4713
39.033114433288574,4712
39.099369764328,4711
39.55908465385437,4710
39.83104729652405,4709
39.87744498252869,4708
40.02110719680786,4707
40.06161403656006,4706
40.07768630981445,4705
40.465038537979126,4704
40.92684030532837,4703
41.00963091850281,4702
41.3467972278595,4701
41.461590051651,4700
41.74814963340759,4699
41.76551389694214,4698
42.120157957077026,4697
42.20957326889038,4696
43.11472487449646,4695
43.285183906555176,4694
43.42878818511963,4693
43.56555676460266,4692
43.565884828567505,4691
44.35827708244324,4690
44.66430711746216,4689
45.05174016952515,4688
45.069708824157715,4687
45.302910804748535,4686
45.72725439071655,4685
45.777567863464355,4684
45.78159141540527,4683
46.81894564628601,4682
47.73857259750366,4681
48.37664198875427,4680
48.45619821548462,4679
48.462512731552124,4678
48.81178092956543,4677
49.22652626037598,4676
49.57494568824768,4675
49.65649724006653,4674
49.65717911720276,4673
49.827587842941284,4672
50.1023588180542,4671
50.157546520233154,4670
50.18489956855774,4669
50.29696440696716,4668
50.33086848258972,4667
50.42851257324219,4666
50.72038245201111,4665
50.74364733695984,4664
50.743921756744385,4663
51.102386474609375,4662
51.57170391082764,4661
51.91221070289612,4660
52.32303237915039,4659
52.44457745552063,4658
52.54218316078186,4657
53.08863687515259,4656
53.16664242744446,4655
53.46806478500366,4654
53.656715869903564,4653
53.74822783470154,4652
54.22196435928345,4651
54.452441453933716,4650
54.71995139122009,4649
55.83068776130676,4648
56.70185375213623,4647
57.555086612701416,4646
57.650267124176025,4645
57.690404415130615,4644
58.15116548538208,4643
59.237571239471436,4642
59.28364157676697,4641
59.47359895706177,4640
59.49133539199829,4639
60.58085227012634,4638
60.58791446685791,4637
60.912083864212036,4636
61.24899244308472,4635
61.25884222984314,4634
62.61580944061279,4633
63.280126333236694,4632
63.51218914985657,4631
64.54966688156128,4630
64.56321930885315,4629
64.88210988044739,4628
65.392409324646,4627
66.10837936401367,4626
66.7990334033966,4625
67.18273377418518,4624
67.34101462364197,4623
67.41506695747375,4622
67.85897207260132,4621
69.05960130691528,4620
69.18675708770752,4619
69.53477764129639,4618
70.18748044967651,4617
70.6389307975769,4616
71.8419337272644,4615
73.36857986450195,4614
73.5224380493164,4613
73.7017674446106,4612
74.14212560653687,4611
74.16016817092896,4610
76.19731950759888,4609
77.128103017807,4608
77.86090517044067,4607
77.88930797576904,4606
79.05038380622864,4605
81.43562173843384,4604
81.75655698776245,4603
82.5953722000122,4602
83.05071973800659,4601
84.91795754432678,4600
86.07920026779175,4599
87.33327460289001,4598
88.55797028541565,4597
91.48795413970947,4596
92.04294562339783,4595
93.08602738380432,4594
93.26370096206665,4593
93.53432083129883,4592
93.71683669090271,4591
98.31698536872864,4590
98.32097506523132,4589
99.12271070480347,4588
101.6437726020813,4587
104.2861065864563,4586
108.43813061714172,4585
113.88661980628967,4584
114.34595680236816,4583
114.42979836463928,4582
116.21860003471375,4581
118.12873721122742,4580
119.62699127197266,4579
121.08567190170288,4578
121.08680653572083,4577
123.2712938785553,4576
129.0992648601532,4575
129.6359522342682,4574
132.98884510993958,4573
134.1895260810852,4572
144.8460602760315,4571
151.18940567970276,4570
156.50514483451843,4569
158.5548164844513,4568
164.52663135528564,4567
178.95802426338196,4566
179.05316066741943,4565
181.03370904922485,4564
181.26057720184326,4563
183.13224387168884,4562
221.69701290130615,4561
256.1852593421936,4560
262.1792860031128,4559
318.53281259536743,4558
348.7273819446564,4557
375.05751061439514,4556
426.4883484840393,4555
455.5996296405792,4554
455.64404106140137,4553
463.6429007053375,4552
528.2449431419373,4551
557.0073528289795,4550
