10.203991651535034,4858
10.211893320083618,4858
12.685772180557251,4857
12.852645635604858,4856
13.123547315597534,4855
13.433282136917114,4854
13.62229323387146,4853
13.622843265533447,4852
13.91685152053833,4851
13.98370099067688,4850
14.07002568244934,4849
14.095876693725586,4848
14.398217916488647,4847
14.401901006698608,4846
14.428094148635864,4845
14.499218940734863,4844
14.509349822998047,4843
14.898430109024048,4842
14.898797988891602,4841
15.141046285629272,4840
15.218485355377197,4839
15.548346519470215,4838
16.466535091400146,4837
16.608541011810303,4836
16.632172346115112,4835
16.639848470687866,4834
17.114507913589478,4833
17.128973722457886,4832
17.144817113876343,4831
17.5301992893219,4830
17.640010118484497,4829
17.72387146949768,4828
17.842033863067627,4827
17.95412850379944,4826
17.981581449508667,4825
18.211578845977783,4824
18.22059655189514,4823
18.61103391647339,4822
19.103708505630493,4821
19.30554461479187,4820
19.4196560382843,4819
19.448697090148926,4818
19.46919012069702,4817
19.499826431274414,4816
19.788787364959717,4815
19.801142930984497,4814
19.802735328674316,4813
19.838324308395386,4812
19.85807991027832,4811
19.985421419143677,4810
20.319058895111084,4809
20.69734501838684,4808
21.01030468940735,4807
21.39382266998291,4806
21.406001091003418,4805
21.441425323486328,4804
21.50680947303772,4803
21.54441499710083,4802
21.72088623046875,4801
21.818007469177246,4800
21.926941633224487,4799
22.030733585357666,4798
22.177713632583618,4797
22.313111543655396,4796
22.344175577163696,4795
22.398152351379395,4794
22.4311420917511,4793
22.458293914794922,4792
22.797964096069336,4791
22.809109687805176,4790
22.94519281387329,4789
23.093726873397827,4788
23.169053554534912,4787
23.303694486618042,4786
23.44254755973816,4785
23.60292387008667,4784
23.603996753692627,4783
23.788214921951294,4782
23.822312831878662,4781
23.874778270721436,4780
23.961092233657837,4779
23.96771478652954,4778
24.365081310272217,4777
24.37073516845703,4776
24.546190977096558,4775
25.180917978286743,4774
25.48846936225891,4773
25.954030752182007,4772
26.23399591445923,4771
26.31613254547119,4770
26.484723806381226,4769
26.842686653137207,4768
26.87299680709839,4767
26.91695284843445,4766
27.112014770507812,4765
27.41211724281311,4764
27.424334287643433,4763
27.447179794311523,4762
27.471171855926514,4761
27.5111722946167,4760
27.592731475830078,4759
27.593032360076904,4758
27.60504412651062,4757
27.980178117752075,4756
27.98530864715576,4755
28.056865692138672,4754
28.330613613128662,4753
28.444859504699707,4752
28.4681499004364,4751
28.516026973724365,4750
28.556476593017578,4749
28.56937575340271,4748
28.825191020965576,4747
28.967862129211426,4746
29.038012981414795,4745
29.15885877609253,4744
29.342968225479126,4743
29.55066728591919,4742
29.72569727897644,4741
29.739315509796143,4740
29.812785863876343,4739
29.89090323448181,4738
29.902539014816284,4737
29.951903343200684,4736
30.02349019050598,4735
30.31890344619751,4734
30.627613067626953,4733
30.68708848953247,4732
31.103307962417603,4731
31.12799048423767,4730
31.223135709762573,4729
31.24628186225891,4728
31.609822273254395,4727
31.65696430206299,4726
31.752907514572144,4725
32.112918853759766,4724
32.233970642089844,4723
32.32106876373291,4722
32.49853205680847,4721
32.50012254714966,4720
32.509334325790405,4719
32.62635564804077,4718
32.64588522911072,4717
32.92218828201294,4716
33.21113181114197,4715
33.21286463737488,4714
33.227107524871826,4713
33.55744242668152,4712
33.72124123573303,4711
33.72293829917908,4710
33.783804416656494,4709
33.81324601173401,4708
33.867743730545044,4707
34.17346382141113,4706
34.59569025039673,4705
34.60687327384949,4704
34.623886585235596,4703
34.78265309333801,4702
35.19217658042908,4701
35.51144814491272,4700
36.00574994087219,4699
36.395357847213745,4698
36.46352815628052,4697
36.46636891365051,4696
36.47352957725525,4695
36.649171590805054,4694
36.69563126564026,4693
37.361130475997925,4692
37.876062870025635,4691
38.158745765686035,4690
38.175684690475464,4689
38.18408489227295,4688
38.353097915649414,4687
38.411704540252686,4686
39.54827070236206,4685
40.27975344657898,4684
40.28169369697571,4683
40.64952540397644,4682
40.65967631340027,4681
41.559502601623535,4680
41.7413227558136,4679
41.75667071342468,4678
41.904757261276245,4677
41.920531272888184,4676
41.94926357269287,4675
42.03588557243347,4674
42.130820512771606,4673
42.24234104156494,4672
42.37431263923645,4671
42.872334241867065,4670
43.21112847328186,4669
43.25828981399536,4668
43.661255836486816,4667
43.732256174087524,4666
44.01171565055847,4665
44.147608280181885,4664
44.47808027267456,4663
45.01290535926819,4662
45.30363345146179,4661
45.606903314590454,4660
45.88973951339722,4659
46.78649616241455,4658
46.92829465866089,4657
47.289878606796265,4656
47.31379699707031,4655
47.32434368133545,4654
47.455570220947266,4653
47.86572074890137,4652
48.49769425392151,4651
48.52742338180542,4650
48.6988320350647,4649
48.79835081100464,4648
49.04623484611511,4647
50.03737545013428,4646
50.32163906097412,4645
51.17103099822998,4644
51.47525882720947,4643
51.55632710456848,4642
51.57087731361389,4641
51.71357870101929,4640
51.80882167816162,4639
51.841187715530396,4638
52.120763301849365,4637
52.24546718597412,4636
52.424973487854004,4635
52.483882188797,4634
52.48542642593384,4633
52.978150844573975,4632
53.16315460205078,4631
53.90295219421387,4630
54.90873861312866,4629
54.90995407104492,4628
55.56651306152344,4627
55.586286783218384,4626
55.595521450042725,4625
55.80306696891785,4624
55.88339686393738,4623
56.398773431777954,4622
56.402366161346436,4621
56.711050033569336,4620
57.122406005859375,4619
57.55161666870117,4618
57.893187284469604,4617
58.28350043296814,4616
58.686376094818115,4615
59.042617082595825,4614
59.17181086540222,4613
60.1595242023468,4612
61.42070412635803,4611
62.462228536605835,4610
63.169493198394775,4609
64.7808666229248,4608
65.17675423622131,4607
65.25506544113159,4606
66.70889592170715,4605
66.88381767272949,4604
67.27878189086914,4603
67.47503733634949,4602
68.64016318321228,4601
70.32215332984924,4600
71.2686231136322,4599
73.4243483543396,4598
77.07017111778259,4597
77.48701310157776,4596
79.70459866523743,4595
82.40891981124878,4594
84.5115122795105,4593
84.89374494552612,4592
88.7072639465332,4591
92.30493116378784,4590
95.43229508399963,4589
98.52809429168701,4588
98.54582405090332,4587
100.13531184196472,4586
101.23461055755615,4585
102.87140393257141,4584
102.89844632148743,4583
103.9291844367981,4582
106.00669145584106,4581
106.734384059906,4580
107.30200624465942,4579
108.58619904518127,4578
110.85277795791626,4577
112.24569582939148,4576
115.8408317565918,4575
117.62605357170105,4574
120.66747117042542,4573
120.98885250091553,4572
125.99869227409363,4571
132.78502988815308,4570
137.01210522651672,4569
139.04855966567993,4568
142.58862113952637,4567
142.91304540634155,4566
143.77485537528992,4565
147.34300255775452,4564
147.49084091186523,4563
149.33065938949585,4562
152.81912446022034,4561
162.84565329551697,4560
169.10963773727417,4559
195.5139515399933,4558
212.46236658096313,4557
219.54713702201843,4556
265.11720871925354,4555
281.5923550128937,4554
390.7700891494751,4553
488.70136189460754,4552
508.7402627468109,4551
548.2303645610809,4550
591.917680978775,4549
