4.8999433517456055,7017
4.904903173446655,7017
14.349692106246948,7016
14.871604442596436,7015
17.21613883972168,7014
19.722209930419922,7013
19.735242128372192,7012
25.25628352165222,7011
26.90990686416626,7010
28.043718099594116,7009
29.59667158126831,7008
31.15888738632202,7007
34.44385242462158,7006
36.74775004386902,7005
38.72594857215881,7004
38.77679085731506,7003
38.905641078948975,7002
42.10860252380371,7001
42.547136068344116,7000
43.71421766281128,6999
50.32577395439148,6998
64.02579021453857,6997
80.4744484424591,6996
81.07512497901917,6995
109.303546667099,6994
127.53175830841064,6993
160.30030155181885,6992
170.4671151638031,6991
178.76725316047668,6990
183.70889544487,6989
187.85569262504578,6988
188.62398219108582,6987
191.49137115478516,6986
193.0342755317688,6985
195.56179904937744,6984
200.46358585357666,6983
201.34279799461365,6982
211.2995572090149,6981
226.8178198337555,6980
247.81313848495483,6979
270.9747941493988,6978
274.21114706993103,6977
279.9402964115143,6976
340.92890548706055,6975
342.67991280555725,6974
349.6754312515259,6973
369.83581471443176,6972
375.23623490333557,6971
405.47313833236694,6970
461.6796088218689,6969
470.2400107383728,6968
489.40130710601807,6967
504.50553607940674,6966
560.3261358737946,6965
594.8206100463867,6964
