4.803057432174683,7017
4.807900428771973,7017
7.492560386657715,7016
13.690881490707397,7015
23.21289563179016,7014
24.43236494064331,7013
27.874373197555542,7012
32.149577617645264,7011
35.86043429374695,7010
39.068724393844604,7009
50.71115970611572,7008
55.3707537651062,7007
62.25681710243225,7006
66.84574937820435,7005
67.68057680130005,7004
70.85516023635864,7003
76.18736720085144,7002
79.95836353302002,7001
82.7260673046112,7000
84.33550930023193,6999
89.40881586074829,6998
94.07171535491943,6997
94.40632438659668,6996
104.56441187858582,6995
128.0360770225525,6994
128.48758697509766,6993
130.88531708717346,6992
134.3015615940094,6991
142.47620749473572,6990
160.0929548740387,6989
160.26385116577148,6988
167.94408893585205,6987
168.20012664794922,6986
176.85977983474731,6985
176.93236088752747,6984
184.3227732181549,6983
187.82982540130615,6982
189.50379490852356,6981
240.61430430412292,6980
247.55544209480286,6979
254.9259271621704,6978
263.948694229126,6977
273.61267614364624,6976
287.9510860443115,6975
313.34090924263,6974
338.5567874908447,6973
361.95203614234924,6972
395.0112111568451,6971
490.3549642562866,6970
496.2459316253662,6969
595.9799373149872,6968
