10.092719316482544,4858
10.100467205047607,4858
10.880480766296387,4857
10.886735200881958,4856
10.924525499343872,4855
11.000365018844604,4854
11.097351551055908,4853
12.119618654251099,4852
12.517920017242432,4851
12.668874263763428,4850
12.988522291183472,4849
13.066771507263184,4848
13.544892311096191,4847
14.279967546463013,4846
14.302176237106323,4845
14.75936508178711,4844
14.988953351974487,4843
15.542940855026245,4842
16.036783933639526,4841
16.140950441360474,4840
16.360575437545776,4839
16.637712955474854,4838
16.883371353149414,4837
16.93493127822876,4836
16.94113779067993,4835
17.226081609725952,4834
17.325550317764282,4833
17.402763843536377,4832
17.407517194747925,4831
17.502803564071655,4830
17.774998426437378,4829
17.975298404693604,4828
17.987624883651733,4827
18.496838331222534,4826
18.52557873725891,4825
18.5695641040802,4824
18.59534525871277,4823
18.61386752128601,4822
18.768887996673584,4821
18.954282999038696,4820
18.958468914031982,4819
18.999893188476562,4818
19.06127405166626,4817
19.186394691467285,4816
19.441254138946533,4815
19.840652227401733,4814
20.310896158218384,4813
20.3112895488739,4812
20.31327247619629,4811
20.439959049224854,4810
20.469910860061646,4809
20.48712730407715,4808
20.524203300476074,4807
20.560819387435913,4806
20.830315828323364,4805
21.15952157974243,4804
21.188602209091187,4803
21.432280778884888,4802
21.46376943588257,4801
21.47505235671997,4800
21.520732879638672,4799
21.86271905899048,4798
22.006009817123413,4797
22.05470561981201,4796
22.254159927368164,4795
22.39949655532837,4794
22.772873878479004,4793
22.935516357421875,4792
23.084896087646484,4791
23.23925805091858,4790
23.633293628692627,4789
23.64742922782898,4788
23.807273149490356,4787
23.828717470169067,4786
23.833415746688843,4785
23.894575834274292,4784
24.075016498565674,4783
24.107909202575684,4782
24.251688957214355,4781
24.918165683746338,4780
25.36340355873108,4779
25.36892867088318,4778
25.476796627044678,4777
25.657005310058594,4776
25.778867483139038,4775
25.782124519348145,4774
25.796212196350098,4773
25.95940136909485,4772
26.458624839782715,4771
26.549497842788696,4770
26.81310749053955,4769
27.00424814224243,4768
27.168216943740845,4767
27.205101013183594,4766
27.347691774368286,4765
27.347996950149536,4764
27.38925814628601,4763
28.029290914535522,4762
28.033339262008667,4761
28.071224451065063,4760
28.091291904449463,4759
28.12221646308899,4758
28.433051109313965,4757
28.435643434524536,4756
28.528220176696777,4755
28.528448581695557,4754
29.095370769500732,4753
29.130271673202515,4752
29.1450936794281,4751
29.179522275924683,4750
29.18147563934326,4749
29.38350224494934,4748
29.387274980545044,4747
29.400617837905884,4746
29.422608613967896,4745
29.463162660598755,4744
29.507460594177246,4743
30.029102325439453,4742
30.201562643051147,4741
30.20733404159546,4740
30.805351972579956,4739
31.417364597320557,4738
31.44090962409973,4737
31.45480751991272,4736
31.627578496932983,4735
31.79436707496643,4734
31.8132963180542,4733
31.909281969070435,4732
31.951048612594604,4731
32.1625599861145,4730
32.16831111907959,4729
32.28475522994995,4728
32.420665979385376,4727
32.79078245162964,4726
33.01846098899841,4725
33.25826621055603,4724
33.302186727523804,4723
33.63321900367737,4722
33.65996050834656,4721
33.78930592536926,4720
34.06594634056091,4719
34.07569408416748,4718
35.07708501815796,4717
35.56575870513916,4716
35.776597023010254,4715
36.092894077301025,4714
36.10659670829773,4713
36.23510408401489,4712
36.95394015312195,4711
36.98622465133667,4710
36.98641109466553,4709
37.00551080703735,4708
37.1869261264801,4707
37.18898963928223,4706
37.44203543663025,4705
37.60606789588928,4704
37.609127044677734,4703
37.87700533866882,4702
37.92673635482788,4701
38.19450354576111,4700
38.82543969154358,4699
39.144744634628296,4698
39.46680569648743,4697
39.61939215660095,4696
39.82277989387512,4695
40.395833253860474,4694
40.42801642417908,4693
40.97938132286072,4692
41.15161490440369,4691
41.28550434112549,4690
41.501887798309326,4689
41.55399537086487,4688
41.60535478591919,4687
41.954479932785034,4686
42.528706073760986,4685
42.681402921676636,4684
42.95740246772766,4683
43.00543665885925,4682
43.1669385433197,4681
43.38344860076904,4680
43.41064143180847,4679
43.61287069320679,4678
44.420777559280396,4677
44.43494367599487,4676
44.500964641571045,4675
44.91621255874634,4674
45.25712037086487,4673
45.330358028411865,4672
46.06529664993286,4671
46.30716586112976,4670
46.75729060173035,4669
46.88643836975098,4668
47.04351234436035,4667
47.23080611228943,4666
47.26002764701843,4665
47.574673891067505,4664
48.07028102874756,4663
48.0811128616333,4662
48.12260723114014,4661
48.137664556503296,4660
48.165223360061646,4659
48.47109079360962,4658
49.046032428741455,4657
49.10494136810303,4656
49.22191023826599,4655
50.78580141067505,4654
50.81350040435791,4653
51.131805419921875,4652
51.540687084198,4651
52.094295501708984,4650
52.373656272888184,4649
53.06835460662842,4648
53.23553681373596,4647
53.434661626815796,4646
53.616371870040894,4645
54.88294696807861,4644
54.972824573516846,4643
54.9810733795166,4642
55.60147428512573,4641
55.657952547073364,4640
55.71803665161133,4639
55.71813702583313,4638
55.74190974235535,4637
56.225268602371216,4636
56.31748008728027,4635
58.13678979873657,4634
58.31050753593445,4633
58.39296054840088,4632
58.87310266494751,4631
59.175636291503906,4630
59.29232335090637,4629
59.305928230285645,4628
59.66553282737732,4627
60.14191031455994,4626
60.21920871734619,4625
60.626033782958984,4624
61.1148521900177,4623
61.15088772773743,4622
61.27162051200867,4621
61.8199987411499,4620
62.19698476791382,4619
63.152188777923584,4618
63.81100296974182,4617
64.19973564147949,4616
64.20263576507568,4615
64.4370973110199,4614
64.98822236061096,4613
65.3642737865448,4612
65.8366904258728,4611
67.05732035636902,4610
69.01049971580505,4609
70.19306468963623,4608
71.81474328041077,4607
74.76936674118042,4606
75.10782551765442,4605
75.20862054824829,4604
76.16835761070251,4603
76.32311749458313,4602
79.15071725845337,4601
79.15908169746399,4600
79.8882622718811,4599
80.25310277938843,4598
82.56984877586365,4597
84.09521579742432,4596
86.56316208839417,4595
87.43188047409058,4594
87.69000887870789,4593
88.70993709564209,4592
91.33360815048218,4591
92.32864379882812,4590
92.33537817001343,4589
93.91453385353088,4588
95.14538526535034,4587
102.09130215644836,4586
104.02282214164734,4585
104.63156318664551,4584
104.718190908432,4583
105.59905314445496,4582
106.48821330070496,4581
120.4824788570404,4580
128.2172749042511,4579
128.3660159111023,4578
129.80664610862732,4577
140.90591096878052,4576
142.78323912620544,4575
146.2459876537323,4574
148.73019528388977,4573
149.10538148880005,4572
151.6069850921631,4571
159.57931566238403,4570
164.5449094772339,4569
174.95414400100708,4568
178.215961933136,4567
184.65236806869507,4566
186.61807417869568,4565
193.64861416816711,4564
208.3109872341156,4563
216.74549412727356,4562
222.92811584472656,4561
223.79848170280457,4560
231.90790677070618,4559
236.40835857391357,4558
242.87924909591675,4557
271.77061009407043,4556
299.4283080101013,4555
324.7211821079254,4554
330.15381598472595,4553
345.5890910625458,4552
421.0501022338867,4551
431.69149827957153,4550
483.7577021121979,4549
538.0654666423798,4548
553.8911187648773,4547
