4.856143474578857,7017
4.861051321029663,7017
8.894739627838135,7016
23.839963912963867,7015
25.192157745361328,7014
41.051499128341675,7013
43.13309597969055,7012
49.83975911140442,7011
51.51881146430969,7010
70.35760259628296,7009
73.63719415664673,7008
77.07252526283264,7007
78.75319504737854,7006
90.7584011554718,7005
91.73098540306091,7004
93.64441061019897,7003
95.10536408424377,7002
95.76736235618591,7001
98.86148738861084,7000
100.76978158950806,6999
103.06211113929749,6998
113.09705877304077,6997
115.43660092353821,6996
115.93502426147461,6995
119.92600536346436,6994
127.74871945381165,6993
133.91606378555298,6992
144.74551963806152,6991
155.75334215164185,6990
157.88482642173767,6989
160.88134670257568,6988
166.2347161769867,6987
168.17700791358948,6986
169.1204195022583,6985
169.37094283103943,6984
170.74947953224182,6983
183.7977442741394,6982
188.86722874641418,6981
190.64570546150208,6980
191.4818172454834,6979
202.26895833015442,6978
211.85401010513306,6977
227.43707418441772,6976
228.5722267627716,6975
247.83051943778992,6974
254.3999719619751,6973
260.03791403770447,6972
264.12322092056274,6971
265.86906337738037,6970
282.1809175014496,6969
282.4126675128937,6968
287.39977383613586,6967
337.09223890304565,6966
342.1665413379669,6965
361.61950874328613,6964
381.9868025779724,6963
389.0675678253174,6962
392.8980040550232,6961
403.2075786590576,6960
419.58516359329224,6959
453.6319332122803,6958
476.30088210105896,6957
498.665917634964,6956
540.3798196315765,6955
557.8721759319305,6954
