10.111851930618286,4858
10.119676351547241,4858
11.05084228515625,4857
11.058308362960815,4856
11.098276138305664,4855
11.364250898361206,4854
11.435452938079834,4853
11.84499716758728,4852
12.053993940353394,4851
12.086466312408447,4850
12.338136196136475,4849
13.038953065872192,4848
13.434750318527222,4847
13.446136474609375,4846
13.883489847183228,4845
13.883675336837769,4844
14.435386180877686,4843
14.677626132965088,4842
14.809995889663696,4841
15.087687253952026,4840
15.37284779548645,4839
15.395398139953613,4838
16.100818395614624,4837
16.261378288269043,4836
16.26370930671692,4835
16.40725803375244,4834
16.67926263809204,4833
16.870653867721558,4832
17.21639370918274,4831
17.516430616378784,4830
17.543060541152954,4829
17.686941862106323,4828
17.696767568588257,4827
17.77518105506897,4826
17.783312797546387,4825
17.87837839126587,4824
17.962400197982788,4823
18.10161781311035,4822
18.319119691848755,4821
18.623404264450073,4820
19.2683367729187,4819
19.270174503326416,4818
19.429625511169434,4817
19.431612968444824,4816
19.582382202148438,4815
19.62909984588623,4814
19.883682250976562,4813
20.00571322441101,4812
20.040342569351196,4811
20.313905954360962,4810
20.602924346923828,4809
20.68586039543152,4808
20.71764373779297,4807
20.747121572494507,4806
21.041339635849,4805
21.066206693649292,4804
21.283289194107056,4803
21.28422784805298,4802
21.43712019920349,4801
21.598451137542725,4800
21.802600145339966,4799
21.818517208099365,4798
21.828320026397705,4797
21.83905529975891,4796
21.847867727279663,4795
21.87294054031372,4794
21.887353897094727,4793
22.10857582092285,4792
22.517465353012085,4791
22.586447954177856,4790
22.785512447357178,4789
22.904351234436035,4788
23.128679275512695,4787
23.443609714508057,4786
23.681875467300415,4785
23.895339250564575,4784
24.045634984970093,4783
24.055361032485962,4782
24.089418411254883,4781
24.150352716445923,4780
24.359848737716675,4779
24.380054473876953,4778
24.50314450263977,4777
24.644923448562622,4776
24.94629430770874,4775
25.01744246482849,4774
25.04364037513733,4773
25.133527994155884,4772
25.20750617980957,4771
25.41882610321045,4770
25.474588632583618,4769
25.75431180000305,4768
25.75952935218811,4767
25.8338942527771,4766
26.074323892593384,4765
26.111435174942017,4764
26.325475454330444,4763
26.49173903465271,4762
26.539427042007446,4761
26.575359106063843,4760
26.652964115142822,4759
26.791463136672974,4758
26.804667711257935,4757
26.89376401901245,4756
26.950753211975098,4755
27.093921899795532,4754
27.1431827545166,4753
27.389180421829224,4752
28.083566665649414,4751
28.110997200012207,4750
28.683515787124634,4749
28.795084714889526,4748
28.800394296646118,4747
28.89319372177124,4746
28.905729055404663,4745
29.555367708206177,4744
29.556159496307373,4743
30.044540882110596,4742
30.089365243911743,4741
30.120291709899902,4740
30.4708833694458,4739
30.65906000137329,4738
31.06569242477417,4737
31.17367458343506,4736
31.2870991230011,4735
31.31678009033203,4734
31.33699870109558,4733
31.467025995254517,4732
31.742182731628418,4731
31.86249566078186,4730
31.951664447784424,4729
31.969473838806152,4728
32.5800416469574,4727
32.862618923187256,4726
33.544283390045166,4725
33.674580812454224,4724
33.71374869346619,4723
33.75235462188721,4722
34.019864320755005,4721
34.46189641952515,4720
34.58621096611023,4719
34.59697341918945,4718
34.71571469306946,4717
34.90279698371887,4716
35.24734354019165,4715
35.25500512123108,4714
35.29493236541748,4713
35.47477889060974,4712
35.4879047870636,4711
35.512446880340576,4710
36.12670707702637,4709
36.34892153739929,4708
36.58799505233765,4707
36.59447932243347,4706
36.828853368759155,4705
36.84998297691345,4704
36.86101961135864,4703
36.99649357795715,4702
37.36953139305115,4701
38.310978412628174,4700
39.09554982185364,4699
39.26344299316406,4698
39.73965287208557,4697
39.763646841049194,4696
39.87866187095642,4695
39.89061689376831,4694
40.11220121383667,4693
40.56102228164673,4692
41.76827549934387,4691
41.782222032547,4690
41.805612087249756,4689
42.143333196640015,4688
42.20707988739014,4687
43.681758880615234,4686
43.68983435630798,4685
43.95084095001221,4684
44.76304507255554,4683
45.501171588897705,4682
45.6108717918396,4681
46.01168155670166,4680
46.07846236228943,4679
46.166136264801025,4678
47.32241201400757,4677
47.408355474472046,4676
47.71667265892029,4675
47.876625299453735,4674
47.956676721572876,4673
48.16710448265076,4672
48.46375846862793,4671
49.456966161727905,4670
49.71373510360718,4669
49.91435885429382,4668
50.21720051765442,4667
50.85910892486572,4666
51.69396638870239,4665
51.813424825668335,4664
52.217851400375366,4663
52.701786279678345,4662
53.63368368148804,4661
53.824060678482056,4660
55.80617594718933,4659
55.83683776855469,4658
56.812742471694946,4657
57.329716205596924,4656
57.34055733680725,4655
57.35155653953552,4654
57.37845158576965,4653
58.18493676185608,4652
58.33218812942505,4651
58.786548137664795,4650
59.06401062011719,4649
59.2638373374939,4648
59.39300322532654,4647
60.16749048233032,4646
60.98589777946472,4645
61.09219479560852,4644
61.30367422103882,4643
61.999274492263794,4642
62.0554895401001,4641
63.35875868797302,4640
63.530986070632935,4639
64.58970975875854,4638
64.668137550354,4637
65.5791494846344,4636
66.63056898117065,4635
66.8189115524292,4634
66.86640620231628,4633
68.69571232795715,4632
68.91061091423035,4631
68.91240930557251,4630
70.04961013793945,4629
70.63682460784912,4628
74.37987613677979,4627
74.67704725265503,4626
75.5779550075531,4625
75.99328589439392,4624
76.11616683006287,4623
76.13554883003235,4622
77.72206211090088,4621
78.56350469589233,4620
79.17673063278198,4619
79.65213584899902,4618
80.3174319267273,4617
80.8907060623169,4616
82.59944295883179,4615
82.73562598228455,4614
83.99099612236023,4613
87.4404525756836,4612
87.75571250915527,4611
87.82517576217651,4610
90.00547623634338,4609
90.7223641872406,4608
91.2163155078888,4607
93.19973468780518,4606
93.77903962135315,4605
94.2153708934784,4604
94.79459595680237,4603
95.42932915687561,4602
96.3011646270752,4601
96.64608263969421,4600
97.84950041770935,4599
97.89032006263733,4598
99.10184597969055,4597
99.13687038421631,4596
101.1347815990448,4595
101.48065423965454,4594
101.79848575592041,4593
101.86494088172913,4592
104.05392074584961,4591
104.32122778892517,4590
105.13158392906189,4589
105.6209442615509,4588
107.49011468887329,4587
108.84122323989868,4586
114.43723654747009,4585
115.58725953102112,4584
122.5158543586731,4583
122.52135801315308,4582
123.0263102054596,4581
124.69159412384033,4580
124.7578387260437,4579
131.03857350349426,4578
132.835289478302,4577
138.10237574577332,4576
138.3100712299347,4575
140.33006954193115,4574
141.51028299331665,4573
144.90563774108887,4572
149.81067323684692,4571
152.02946209907532,4570
152.5492594242096,4569
157.45322799682617,4568
162.68001627922058,4567
163.17278385162354,4566
164.06253099441528,4565
175.95091891288757,4564
196.41294026374817,4563
225.87592673301697,4562
233.99466919898987,4561
242.33645033836365,4560
259.59758162498474,4559
261.70983028411865,4558
265.6761257648468,4557
276.52385544776917,4556
278.2059545516968,4555
292.0280373096466,4554
367.2348690032959,4553
370.1318635940552,4552
407.2472314834595,4551
422.50935316085815,4550
452.98771119117737,4549
467.7682490348816,4548
541.9585990905762,4547
