10.072926998138428,4858
10.080769062042236,4858
10.442603826522827,4857
11.158995866775513,4856
12.031239032745361,4855
12.087990522384644,4854
12.095030784606934,4853
12.112001180648804,4852
12.69901728630066,4851
12.699255466461182,4850
12.918515920639038,4849
12.92964506149292,4848
13.10278034210205,4847
13.258894920349121,4846
13.795961380004883,4845
13.987305641174316,4844
14.086261749267578,4843
14.362314224243164,4842
14.432491064071655,4841
14.816670894622803,4840
15.040939569473267,4839
15.179062128067017,4838
15.999920845031738,4837
16.072648525238037,4836
16.173011302947998,4835
16.58690333366394,4834
16.90008044242859,4833
16.953056812286377,4832
16.960935354232788,4831
17.47911024093628,4830
17.67053246498108,4829
17.672956466674805,4828
17.82469081878662,4827
17.83300471305847,4826
18.308385848999023,4825
18.377283573150635,4824
18.482308626174927,4823
18.514172077178955,4822
18.609046459197998,4821
18.63843059539795,4820
18.64092206954956,4819
18.642112970352173,4818
18.75476098060608,4817
18.822168588638306,4816
18.83814835548401,4815
19.486541509628296,4814
19.488146781921387,4813
19.595098733901978,4812
19.792166709899902,4811
19.968939781188965,4810
19.977919578552246,4809
20.0515558719635,4808
20.312552452087402,4807
20.576688766479492,4806
20.7135751247406,4805
20.79645538330078,4804
20.938698530197144,4803
20.974926233291626,4802
20.985610961914062,4801
21.043046474456787,4800
21.163013219833374,4799
21.175597429275513,4798
21.870686054229736,4797
22.011221647262573,4796
22.091825485229492,4795
22.215948820114136,4794
22.368727684020996,4793
22.46680784225464,4792
22.620883464813232,4791
22.669466733932495,4790
22.98746371269226,4789
23.00577139854431,4788
23.124992609024048,4787
23.14386773109436,4786
23.17509937286377,4785
23.248920679092407,4784
23.490440607070923,4783
23.632262229919434,4782
23.641879320144653,4781
23.799028396606445,4780
23.80384135246277,4779
23.80417013168335,4778
24.170612812042236,4777
24.178906679153442,4776
24.26416301727295,4775
24.31187391281128,4774
24.331921577453613,4773
24.425626516342163,4772
24.43638849258423,4771
24.5057270526886,4770
24.532375812530518,4769
24.535963535308838,4768
24.537320852279663,4767
24.84262228012085,4766
25.30235528945923,4765
25.348042249679565,4764
25.642413854599,4763
25.927907705307007,4762
26.07340383529663,4761
26.230674743652344,4760
26.906419277191162,4759
27.010642051696777,4758
27.869148015975952,4757
27.876537799835205,4756
28.094966650009155,4755
28.269136428833008,4754
28.58324384689331,4753
28.66703701019287,4752
29.22349262237549,4751
29.36331582069397,4750
29.370914936065674,4749
29.563710927963257,4748
29.56871008872986,4747
29.654096364974976,4746
29.754884719848633,4745
29.842406272888184,4744
29.888386487960815,4743
29.988911628723145,4742
30.005539894104004,4741
30.15894365310669,4740
30.34531044960022,4739
30.512555837631226,4738
30.586499214172363,4737
30.784270524978638,4736
31.034603357315063,4735
31.05335831642151,4734
31.25333547592163,4733
31.846823930740356,4732
31.946129083633423,4731
31.958041191101074,4730
31.96913981437683,4729
31.970040559768677,4728
32.04745554924011,4727
32.301498889923096,4726
32.37882041931152,4725
33.01419138908386,4724
33.283118724823,4723
33.805861949920654,4722
33.898566246032715,4721
33.914389848709106,4720
34.50427722930908,4719
34.74853992462158,4718
34.84842228889465,4717
35.42996668815613,4716
35.43499040603638,4715
35.45143270492554,4714
35.65188384056091,4713
35.880364418029785,4712
35.895646810531616,4711
35.896854877471924,4710
36.11203908920288,4709
36.130472898483276,4708
36.1675226688385,4707
36.510167837142944,4706
36.55971598625183,4705
36.75461483001709,4704
36.821494340896606,4703
37.223334312438965,4702
37.22754883766174,4701
37.65632629394531,4700
37.98616075515747,4699
38.22078061103821,4698
38.56466484069824,4697
38.83317041397095,4696
38.85371136665344,4695
38.87426972389221,4694
39.028841972351074,4693
39.21803665161133,4692
39.409640073776245,4691
39.65455365180969,4690
39.6873733997345,4689
39.97666573524475,4688
39.99929928779602,4687
40.37207317352295,4686
40.47308611869812,4685
41.075568199157715,4684
41.12380599975586,4683
41.66804385185242,4682
41.67438340187073,4681
41.791780948638916,4680
41.948495388031006,4679
42.0748450756073,4678
42.11374068260193,4677
42.17075538635254,4676
42.52404427528381,4675
42.60538721084595,4674
42.94616985321045,4673
43.09298825263977,4672
44.275596380233765,4671
44.615299463272095,4670
44.61970591545105,4669
44.70580172538757,4668
44.71677827835083,4667
44.839760303497314,4666
44.88523244857788,4665
45.03938031196594,4664
45.624197483062744,4663
46.057096004486084,4662
46.609214782714844,4661
46.65972948074341,4660
47.007975578308105,4659
47.27316212654114,4658
47.79308366775513,4657
48.434431076049805,4656
48.836808919906616,4655
49.01028752326965,4654
49.03193640708923,4653
49.15799570083618,4652
49.61541676521301,4651
49.67060327529907,4650
50.12121820449829,4649
50.96328783035278,4648
50.97448992729187,4647
50.97513222694397,4646
51.208698749542236,4645
51.686075925827026,4644
51.773850440979004,4643
52.184279680252075,4642
52.584001302719116,4641
53.206976890563965,4640
53.88857936859131,4639
54.0265953540802,4638
54.26649618148804,4637
54.357224464416504,4636
54.6326425075531,4635
54.749316692352295,4634
54.79834246635437,4633
55.027828216552734,4632
55.54894304275513,4631
56.61119890213013,4630
56.74880361557007,4629
57.41487956047058,4628
57.79355764389038,4627
57.99420738220215,4626
58.04809617996216,4625
58.51882028579712,4624
59.64129114151001,4623
59.70688223838806,4622
59.73047876358032,4621
59.931506872177124,4620
60.849061489105225,4619
61.48303270339966,4618
61.56592345237732,4617
61.88031601905823,4616
62.80360221862793,4615
62.965784311294556,4614
63.88037919998169,4613
64.00979542732239,4612
65.86246871948242,4611
66.08930683135986,4610
66.75276732444763,4609
67.1231005191803,4608
67.84626817703247,4607
68.83253359794617,4606
69.20297956466675,4605
69.33749556541443,4604
69.84982943534851,4603
69.8586163520813,4602
70.1764075756073,4601
72.44458198547363,4600
79.09899687767029,4599
79.70798778533936,4598
81.7224953174591,4597
82.1762626171112,4596
82.58421516418457,4595
83.20683693885803,4594
84.01752257347107,4593
85.29440331459045,4592
85.35292077064514,4591
86.1322500705719,4590
89.07700514793396,4589
93.5400002002716,4588
94.9226701259613,4587
95.1506564617157,4586
99.03334403038025,4585
99.35322618484497,4584
99.89248776435852,4583
100.57696437835693,4582
102.21926927566528,4581
102.64022994041443,4580
102.80051398277283,4579
103.19117331504822,4578
105.09617710113525,4577
107.86172103881836,4576
108.86802744865417,4575
109.11363434791565,4574
109.2544538974762,4573
109.4771637916565,4572
111.84084892272949,4571
114.67175388336182,4570
115.84577751159668,4569
117.49582576751709,4568
118.93842720985413,4567
120.0730390548706,4566
122.90855813026428,4565
131.56879544258118,4564
133.55047369003296,4563
137.48962473869324,4562
143.11918091773987,4561
145.53816533088684,4560
150.18063712120056,4559
156.55066514015198,4558
156.57101964950562,4557
160.5146403312683,4556
194.16461992263794,4555
229.68701219558716,4554
236.90509057044983,4553
277.91286993026733,4552
284.551775932312,4551
328.8354961872101,4550
343.5809700489044,4549
344.019898891449,4548
378.23771929740906,4547
