10.144656658172607,4858
10.152515411376953,4858
10.7434561252594,4857
10.757385015487671,4856
11.46010947227478,4855
11.528119087219238,4854
11.595198392868042,4853
11.666444301605225,4852
11.672566890716553,4851
11.714073181152344,4850
11.994710683822632,4849
12.030471563339233,4848
12.034108638763428,4847
12.062889099121094,4846
12.08573031425476,4845
12.140348434448242,4844
12.532833099365234,4843
12.744455099105835,4842
12.745334386825562,4841
13.180148124694824,4840
13.6270010471344,4839
13.648121356964111,4838
13.863042116165161,4837
14.438484907150269,4836
14.5830078125,4835
14.597385883331299,4834
14.82921290397644,4833
14.849146127700806,4832
15.253145933151245,4831
15.32260537147522,4830
15.324571371078491,4829
15.519268274307251,4828
15.994644165039062,4827
16.01652717590332,4826
16.359796285629272,4825
16.413028717041016,4824
16.703474521636963,4823
16.755876302719116,4822
16.867936372756958,4821
17.032254219055176,4820
17.03258967399597,4819
17.03656005859375,4818
17.037065982818604,4817
17.04854106903076,4816
17.06977343559265,4815
17.10432744026184,4814
17.214229822158813,4813
17.218148946762085,4812
17.471176624298096,4811
17.511491060256958,4810
17.54618239402771,4809
17.638187408447266,4808
17.640824794769287,4807
17.675125122070312,4806
17.844050884246826,4805
18.169299364089966,4804
18.25937843322754,4803
18.425098419189453,4802
18.71922278404236,4801
18.74712038040161,4800
18.752206087112427,4799
19.001065731048584,4798
19.132677793502808,4797
19.146300554275513,4796
19.1686909198761,4795
19.194539785385132,4794
19.20411443710327,4793
19.23314094543457,4792
19.26639151573181,4791
19.400609731674194,4790
19.587899446487427,4789
19.627023458480835,4788
19.66236925125122,4787
19.91153049468994,4786
20.50858211517334,4785
20.684470176696777,4784
20.721567392349243,4783
21.21779155731201,4782
21.636841535568237,4781
21.8418447971344,4780
21.91209387779236,4779
22.10090661048889,4778
22.124287605285645,4777
22.126081228256226,4776
22.204699754714966,4775
22.59709358215332,4774
22.774903297424316,4773
22.879549264907837,4772
22.94679570198059,4771
22.959880113601685,4770
23.28030514717102,4769
23.57485032081604,4768
23.58824133872986,4767
23.594510555267334,4766
23.618148803710938,4765
23.68317747116089,4764
24.01762294769287,4763
24.75649070739746,4762
25.098140239715576,4761
25.559527158737183,4760
25.768619537353516,4759
25.860658168792725,4758
25.91971778869629,4757
26.389999628067017,4756
26.478719234466553,4755
26.738702058792114,4754
26.841655015945435,4753
27.039414882659912,4752
27.04104232788086,4751
27.223064661026,4750
27.23881220817566,4749
28.306155920028687,4748
28.328981637954712,4747
28.473437786102295,4746
28.967016458511353,4745
29.196516513824463,4744
29.43844699859619,4743
29.9111909866333,4742
30.043928146362305,4741
30.21315026283264,4740
30.26299476623535,4739
30.42710852622986,4738
30.439740419387817,4737
30.530322313308716,4736
30.923199892044067,4735
31.080761909484863,4734
31.30469036102295,4733
31.588427782058716,4732
31.837846755981445,4731
32.47479224205017,4730
32.607388734817505,4729
32.699169874191284,4728
33.0116970539093,4727
33.18946623802185,4726
33.205485582351685,4725
33.35015296936035,4724
33.53029131889343,4723
33.69366240501404,4722
34.21977233886719,4721
34.253917932510376,4720
34.255717277526855,4719
34.63410449028015,4718
34.79467463493347,4717
35.27281188964844,4716
35.31686782836914,4715
35.341041803359985,4714
35.39870500564575,4713
35.609368085861206,4712
35.76525282859802,4711
35.93410277366638,4710
36.24135375022888,4709
36.25827765464783,4708
36.44757127761841,4707
37.12370777130127,4706
37.12770223617554,4705
37.27893662452698,4704
37.74466156959534,4703
37.75232434272766,4702
38.09251165390015,4701
38.117780923843384,4700
38.42547082901001,4699
38.61446571350098,4698
38.65783476829529,4697
39.02762508392334,4696
39.057448387145996,4695
39.319164991378784,4694
40.015608072280884,4693
40.13015675544739,4692
40.62222242355347,4691
40.662983417510986,4690
40.9351544380188,4689
40.955668687820435,4688
41.32695174217224,4687
41.755634784698486,4686
42.555241107940674,4685
42.571544885635376,4684
42.768665075302124,4683
43.08503866195679,4682
43.20151925086975,4681
43.27395009994507,4680
43.31097650527954,4679
43.45804405212402,4678
43.48373889923096,4677
43.760092973709106,4676
43.937864780426025,4675
44.364115476608276,4674
45.17481017112732,4673
45.17955160140991,4672
45.31843948364258,4671
45.51616334915161,4670
45.535123109817505,4669
45.58050560951233,4668
46.61367177963257,4667
46.694988489151,4666
46.69531178474426,4665
47.389474868774414,4664
47.888811349868774,4663
48.449042081832886,4662
48.470229148864746,4661
48.933409690856934,4660
49.37095069885254,4659
49.457741498947144,4658
49.54151177406311,4657
49.597503662109375,4656
50.11860632896423,4655
50.54039144515991,4654
50.54810047149658,4653
50.98384380340576,4652
51.01394248008728,4651
51.09435725212097,4650
51.10393309593201,4649
51.38175368309021,4648
51.42003846168518,4647
51.42090940475464,4646
51.4292516708374,4645
51.88702654838562,4644
52.49334192276001,4643
52.62822365760803,4642
53.04666066169739,4641
53.2533073425293,4640
54.353251934051514,4639
54.598795890808105,4638
55.16736602783203,4637
56.011791944503784,4636
56.55604791641235,4635
56.787365436553955,4634
58.356563329696655,4633
58.96087455749512,4632
60.053221225738525,4631
60.19477438926697,4630
60.47781443595886,4629
61.47008419036865,4628
61.99181389808655,4627
62.398494720458984,4626
63.061803340911865,4625
63.473745822906494,4624
63.809653759002686,4623
65.20828485488892,4622
65.72650289535522,4621
66.09915018081665,4620
66.58790946006775,4619
67.44259643554688,4618
67.58001804351807,4617
68.60488533973694,4616
68.63306617736816,4615
68.78995275497437,4614
69.63475751876831,4613
71.06652402877808,4612
71.26236152648926,4611
72.27811121940613,4610
72.63684248924255,4609
73.46157050132751,4608
73.46685099601746,4607
73.75851798057556,4606
74.88073921203613,4605
76.62055897712708,4604
77.99479079246521,4603
78.08954405784607,4602
79.50438332557678,4601
79.76944422721863,4600
81.21731925010681,4599
81.36604714393616,4598
81.46093893051147,4597
81.7138888835907,4596
83.86982202529907,4595
85.05293583869934,4594
86.59796643257141,4593
86.97019004821777,4592
90.55262112617493,4591
91.99208569526672,4590
92.11453700065613,4589
94.13229012489319,4588
96.24370765686035,4587
96.6153073310852,4586
98.89558434486389,4585
101.82664370536804,4584
109.70724821090698,4583
110.45486044883728,4582
110.82134413719177,4581
111.50702738761902,4580
115.03833532333374,4579
115.23641610145569,4578
118.30035495758057,4577
121.52348971366882,4576
121.76446437835693,4575
122.03275418281555,4574
126.22712230682373,4573
127.50729274749756,4572
127.6496148109436,4571
131.00076484680176,4570
136.3170940876007,4569
137.70089173316956,4568
137.84602761268616,4567
138.7496349811554,4566
145.1373188495636,4565
153.2110059261322,4564
157.0134575366974,4563
161.7927303314209,4562
164.32265448570251,4561
186.76845026016235,4560
186.83516120910645,4559
188.20778393745422,4558
197.64859342575073,4557
205.9457859992981,4556
262.90579867362976,4555
274.6710867881775,4554
288.79609990119934,4553
294.7463126182556,4552
309.77219343185425,4551
312.06464767456055,4550
312.5640950202942,4549
320.94978976249695,4548
344.1465308666229,4547
458.85291624069214,4546
472.9427752494812,4545
