10.055076122283936,4858
10.062943696975708,4858
10.504847288131714,4857
11.643778800964355,4856
11.64836311340332,4855
11.720762252807617,4854
11.812642812728882,4853
11.814617395401001,4852
12.045681476593018,4851
12.728964567184448,4850
13.139891386032104,4849
13.30203366279602,4848
13.552403688430786,4847
13.696331024169922,4846
13.725406885147095,4845
13.77056884765625,4844
13.783798217773438,4843
13.83708381652832,4842
14.211730718612671,4841
14.398059129714966,4840
14.415982246398926,4839
14.419846773147583,4838
14.421590089797974,4837
14.471357822418213,4836
14.49828577041626,4835
14.747257709503174,4834
14.899431943893433,4833
15.144411087036133,4832
15.434728384017944,4831
15.665494441986084,4830
15.736042737960815,4829
16.33728313446045,4828
16.358598947525024,4827
16.6112322807312,4826
16.63684320449829,4825
16.677910566329956,4824
16.698527097702026,4823
17.008012294769287,4822
17.01718807220459,4821
17.060579538345337,4820
17.17821478843689,4819
17.498172521591187,4818
17.507195949554443,4817
17.51124882698059,4816
17.694525003433228,4815
17.870332717895508,4814
18.140251398086548,4813
18.158982753753662,4812
18.583857536315918,4811
18.77385950088501,4810
18.788286447525024,4809
18.81249713897705,4808
19.10902190208435,4807
19.134474754333496,4806
19.44502282142639,4805
19.525578260421753,4804
19.55045986175537,4803
19.841322660446167,4802
19.851470470428467,4801
20.14376664161682,4800
20.163600206375122,4799
20.36911940574646,4798
20.46588397026062,4797
20.570011138916016,4796
20.64451837539673,4795
20.820844173431396,4794
20.846564531326294,4793
20.98169708251953,4792
21.1536283493042,4791
21.15600275993347,4790
21.21135425567627,4789
21.30963683128357,4788
21.32459545135498,4787
21.41970419883728,4786
21.438717365264893,4785
21.483586311340332,4784
21.82069230079651,4783
21.824368715286255,4782
21.86670160293579,4781
22.003008365631104,4780
22.084376335144043,4779
22.144198417663574,4778
22.339154720306396,4777
23.76999831199646,4776
23.791722774505615,4775
23.816218614578247,4774
23.82763171195984,4773
23.833482027053833,4772
24.055265188217163,4771
24.055899381637573,4770
24.209586143493652,4769
24.232150316238403,4768
24.728017330169678,4767
24.803731441497803,4766
24.917316198349,4765
25.05555820465088,4764
25.218101501464844,4763
25.30500602722168,4762
25.326956272125244,4761
25.353734493255615,4760
25.462868690490723,4759
25.46748638153076,4758
25.531116247177124,4757
25.540897130966187,4756
25.559322595596313,4755
25.890347242355347,4754
25.894634246826172,4753
25.978614568710327,4752
26.65714120864868,4751
27.268238067626953,4750
27.286009788513184,4749
27.913835525512695,4748
27.944763898849487,4747
28.03797149658203,4746
28.193289041519165,4745
28.308374404907227,4744
28.53861117362976,4743
28.552694082260132,4742
28.782004356384277,4741
28.824084281921387,4740
28.84481644630432,4739
29.93759274482727,4738
29.95031428337097,4737
30.399373054504395,4736
30.424208164215088,4735
30.56165051460266,4734
30.579917669296265,4733
30.97482705116272,4732
31.409751415252686,4731
31.463650226593018,4730
31.50786066055298,4729
31.814727306365967,4728
31.974210262298584,4727
31.974602699279785,4726
32.87604069709778,4725
32.89264702796936,4724
32.92400932312012,4723
32.93749952316284,4722
33.00635385513306,4721
33.07821345329285,4720
33.34467816352844,4719
33.45358967781067,4718
33.49891400337219,4717
33.51161575317383,4716
33.520135164260864,4715
33.601420879364014,4714
33.93088889122009,4713
34.00798058509827,4712
34.07648992538452,4711
34.42814826965332,4710
34.43045401573181,4709
35.085235834121704,4708
35.13663148880005,4707
36.24038314819336,4706
36.5296688079834,4705
37.762571573257446,4704
38.34166169166565,4703
38.786688804626465,4702
38.84136915206909,4701
38.8641095161438,4700
38.8939151763916,4699
39.04675579071045,4698
39.58158302307129,4697
39.69414186477661,4696
40.0276255607605,4695
40.04025363922119,4694
40.255210876464844,4693
40.63277053833008,4692
40.71966361999512,4691
40.87214708328247,4690
41.016804695129395,4689
41.02241373062134,4688
41.474682092666626,4687
41.73808813095093,4686
41.761269330978394,4685
41.968382120132446,4684
42.33767104148865,4683
43.12762212753296,4682
43.4661705493927,4681
43.62978720664978,4680
44.0593318939209,4679
44.09240698814392,4678
44.097830057144165,4677
44.13296723365784,4676
44.43923568725586,4675
44.49406552314758,4674
44.83364248275757,4673
44.85612392425537,4672
44.91707921028137,4671
46.085668087005615,4670
46.682597160339355,4669
46.72109270095825,4668
46.73367524147034,4667
47.3733696937561,4666
47.39591121673584,4665
47.42669701576233,4664
47.807732343673706,4663
47.98212671279907,4662
48.73621869087219,4661
48.8537483215332,4660
49.38688778877258,4659
49.499131202697754,4658
49.81205677986145,4657
49.911720991134644,4656
49.96233510971069,4655
49.99881148338318,4654
50.024561166763306,4653
50.5691442489624,4652
50.79079246520996,4651
50.799076557159424,4650
51.20461845397949,4649
51.25462579727173,4648
51.32698917388916,4647
51.557870864868164,4646
53.56137251853943,4645
54.770118713378906,4644
55.12006449699402,4643
56.15605878829956,4642
57.28706479072571,4641
57.58156180381775,4640
57.58877468109131,4639
58.21351075172424,4638
58.925899505615234,4637
59.536415576934814,4636
60.45352339744568,4635
60.81093740463257,4634
60.811169385910034,4633
61.739201068878174,4632
62.76282811164856,4631
63.390592098236084,4630
63.65851545333862,4629
63.696866512298584,4628
64.38701176643372,4627
64.60669350624084,4626
64.62794423103333,4625
65.16484761238098,4624
65.40693140029907,4623
66.23520994186401,4622
67.0765175819397,4621
67.77700614929199,4620
68.25629782676697,4619
68.42154884338379,4618
68.55129623413086,4617
68.60662317276001,4616
68.98311638832092,4615
69.51299476623535,4614
69.64704442024231,4613
70.5816080570221,4612
73.53862404823303,4611
74.40588569641113,4610
75.77790975570679,4609
75.80028939247131,4608
76.48103642463684,4607
76.62611413002014,4606
76.77384448051453,4605
78.65954613685608,4604
79.53739094734192,4603
83.26276183128357,4602
85.02632689476013,4601
86.07863235473633,4600
87.36987829208374,4599
93.60744142532349,4598
96.83395862579346,4597
97.41315412521362,4596
99.10286283493042,4595
99.9336199760437,4594
100.64418888092041,4593
100.91851902008057,4592
101.93908047676086,4591
105.3133852481842,4590
105.95191168785095,4589
107.67578363418579,4588
108.53822994232178,4587
112.9015064239502,4586
113.40488576889038,4585
113.42167544364929,4584
114.75336503982544,4583
117.44231152534485,4582
117.50005793571472,4581
117.89658880233765,4580
119.6214108467102,4579
126.29412651062012,4578
127.28252148628235,4577
131.82671642303467,4576
141.4622414112091,4575
141.5863127708435,4574
142.7378430366516,4573
150.4683439731598,4572
151.47939729690552,4571
156.43509244918823,4570
158.0887749195099,4569
167.2643277645111,4568
168.41448831558228,4567
172.1753306388855,4566
172.28342032432556,4565
182.4553120136261,4564
183.92033505439758,4563
188.90227937698364,4562
190.6265184879303,4561
193.72571444511414,4560
197.745374917984,4559
207.74352836608887,4558
210.7432177066803,4557
220.1851465702057,4556
232.54642748832703,4555
238.14436650276184,4554
240.9985167980194,4553
327.2293860912323,4552
340.86227440834045,4551
366.78560495376587,4550
386.46102118492126,4549
429.50568675994873,4548
